2022-04-17 12:59:21 [scrapy.utils.log] INFO: Scrapy 2.5.1 started (bot: genericscrapy)
2022-04-17 12:59:21 [scrapy.utils.log] INFO: Versions: lxml 4.7.1.0, libxml2 2.9.12, cssselect 1.1.0, parsel 1.6.0, w3lib 1.22.0, Twisted 22.1.0, Python 3.8.5 (default, Sep  3 2020, 21:29:08) [MSC v.1916 64 bit (AMD64)], pyOpenSSL 22.0.0 (OpenSSL 1.1.1m  14 Dec 2021), cryptography 36.0.1, Platform Windows-10-10.0.18362-SP0
2022-04-17 12:59:21 [scrapy.utils.log] DEBUG: Using reactor: twisted.internet.selectreactor.SelectReactor
2022-04-17 12:59:21 [scrapy.crawler] INFO: Overridden settings:
{'BOT_NAME': 'genericscrapy',
 'DUPEFILTER_CLASS': 'scrapy_splash.SplashAwareDupeFilter',
 'HTTPCACHE_STORAGE': 'scrapy_splash.SplashAwareFSCacheStorage',
 'LOG_FILE': 'logs\\genericscrapy\\table\\658d29febe4411ecbd02d82e38b9d2fe.log',
 'NEWSPIDER_MODULE': 'genericscrapy.spiders',
 'SPIDER_MODULES': ['genericscrapy.spiders'],
 'USER_AGENT': 'Mozilla/5.0 (Windows NT 10.0; Win64; x64) AppleWebKit/537.36 '
               '(KHTML, like Gecko) Chrome/99.0.4844.51 Safari/537.36'}
2022-04-17 12:59:21 [scrapy.extensions.telnet] INFO: Telnet Password: 159061d2eb260988
2022-04-17 12:59:21 [scrapy.middleware] INFO: Enabled extensions:
['scrapy.extensions.corestats.CoreStats',
 'scrapy.extensions.telnet.TelnetConsole',
 'scrapy.extensions.logstats.LogStats']
2022-04-17 12:59:21 [scrapy.middleware] INFO: Enabled downloader middlewares:
['scrapy.downloadermiddlewares.httpauth.HttpAuthMiddleware',
 'scrapy.downloadermiddlewares.downloadtimeout.DownloadTimeoutMiddleware',
 'scrapy.downloadermiddlewares.defaultheaders.DefaultHeadersMiddleware',
 'scrapy.downloadermiddlewares.useragent.UserAgentMiddleware',
 'scrapy.downloadermiddlewares.retry.RetryMiddleware',
 'scrapy.downloadermiddlewares.redirect.MetaRefreshMiddleware',
 'scrapy.downloadermiddlewares.redirect.RedirectMiddleware',
 'scrapy.downloadermiddlewares.cookies.CookiesMiddleware',
 'scrapy_splash.SplashCookiesMiddleware',
 'scrapy_splash.SplashMiddleware',
 'scrapy.downloadermiddlewares.httpproxy.HttpProxyMiddleware',
 'scrapy.downloadermiddlewares.httpcompression.HttpCompressionMiddleware',
 'scrapy.downloadermiddlewares.stats.DownloaderStats']
2022-04-17 12:59:21 [scrapy.middleware] INFO: Enabled spider middlewares:
['scrapy.spidermiddlewares.httperror.HttpErrorMiddleware',
 'scrapy_splash.SplashDeduplicateArgsMiddleware',
 'scrapy.spidermiddlewares.offsite.OffsiteMiddleware',
 'scrapy.spidermiddlewares.referer.RefererMiddleware',
 'scrapy.spidermiddlewares.urllength.UrlLengthMiddleware',
 'scrapy.spidermiddlewares.depth.DepthMiddleware']
2022-04-17 12:59:22 [scrapy.middleware] INFO: Enabled item pipelines:
['genericscrapy.pipelines.TableScraperPipeline']
2022-04-17 12:59:22 [scrapy.core.engine] INFO: Spider opened
2022-04-17 12:59:22 [scrapy.extensions.logstats] INFO: Crawled 0 pages (at 0 pages/min), scraped 0 items (at 0 items/min)
2022-04-17 12:59:22 [scrapy.extensions.telnet] INFO: Telnet console listening on 127.0.0.1:6024
2022-04-17 12:59:23 [pymongo.ocsp_support] DEBUG: Peer did not staple an OCSP response
2022-04-17 12:59:23 [pymongo.ocsp_support] DEBUG: Peer did not staple an OCSP response
2022-04-17 12:59:23 [pymongo.ocsp_support] DEBUG: Requesting OCSP data
2022-04-17 12:59:23 [pymongo.ocsp_support] DEBUG: Requesting OCSP data
2022-04-17 12:59:23 [pymongo.ocsp_support] DEBUG: Peer did not staple an OCSP response
2022-04-17 12:59:23 [pymongo.ocsp_support] DEBUG: Trying http://r3.o.lencr.org
2022-04-17 12:59:23 [pymongo.ocsp_support] DEBUG: Trying http://r3.o.lencr.org
2022-04-17 12:59:23 [pymongo.ocsp_support] DEBUG: Requesting OCSP data
2022-04-17 12:59:23 [pymongo.ocsp_support] DEBUG: Trying http://r3.o.lencr.org
2022-04-17 12:59:23 [urllib3.connectionpool] DEBUG: Starting new HTTP connection (1): r3.o.lencr.org:80
2022-04-17 12:59:23 [urllib3.connectionpool] DEBUG: Starting new HTTP connection (1): r3.o.lencr.org:80
2022-04-17 12:59:23 [urllib3.connectionpool] DEBUG: Starting new HTTP connection (1): r3.o.lencr.org:80
2022-04-17 12:59:23 [scrapy.downloadermiddlewares.redirect] DEBUG: Redirecting (302) to <GET https://www.appeloffres.com/login> from <GET https://www.appeloffres.com/clients/factures>
2022-04-17 12:59:23 [urllib3.connectionpool] DEBUG: http://r3.o.lencr.org:80 "POST / HTTP/1.1" 200 503
2022-04-17 12:59:23 [pymongo.ocsp_support] DEBUG: OCSP response status: <OCSPResponseStatus.SUCCESSFUL: 0>
2022-04-17 12:59:23 [urllib3.connectionpool] DEBUG: http://r3.o.lencr.org:80 "POST / HTTP/1.1" 200 503
2022-04-17 12:59:23 [pymongo.ocsp_support] DEBUG: Verifying response
2022-04-17 12:59:23 [pymongo.ocsp_support] DEBUG: Responder is issuer
2022-04-17 12:59:23 [pymongo.ocsp_support] DEBUG: OCSP response status: <OCSPResponseStatus.SUCCESSFUL: 0>
2022-04-17 12:59:23 [pymongo.ocsp_support] DEBUG: Verifying response
2022-04-17 12:59:23 [pymongo.ocsp_support] DEBUG: Responder is issuer
2022-04-17 12:59:23 [urllib3.connectionpool] DEBUG: http://r3.o.lencr.org:80 "POST / HTTP/1.1" 200 503
2022-04-17 12:59:23 [pymongo.ocsp_support] DEBUG: OCSP response status: <OCSPResponseStatus.SUCCESSFUL: 0>
2022-04-17 12:59:23 [pymongo.ocsp_support] DEBUG: Caching OCSP response.
2022-04-17 12:59:23 [pymongo.ocsp_support] DEBUG: Verifying response
2022-04-17 12:59:23 [pymongo.ocsp_support] DEBUG: Caching OCSP response.
2022-04-17 12:59:23 [pymongo.ocsp_support] DEBUG: OCSP cert status: <OCSPCertStatus.GOOD: 0>
2022-04-17 12:59:23 [pymongo.ocsp_support] DEBUG: Responder is issuer
2022-04-17 12:59:23 [pymongo.ocsp_support] DEBUG: OCSP cert status: <OCSPCertStatus.GOOD: 0>
2022-04-17 12:59:23 [pymongo.ocsp_support] DEBUG: Caching OCSP response.
2022-04-17 12:59:23 [pymongo.ocsp_support] DEBUG: OCSP cert status: <OCSPCertStatus.GOOD: 0>
2022-04-17 12:59:24 [pymongo.ocsp_support] DEBUG: Peer did not staple an OCSP response
2022-04-17 12:59:24 [pymongo.ocsp_support] DEBUG: Requesting OCSP data
2022-04-17 12:59:24 [pymongo.ocsp_support] DEBUG: Trying http://r3.o.lencr.org
2022-04-17 12:59:24 [pymongo.ocsp_support] DEBUG: Using cached OCSP response.
2022-04-17 12:59:24 [pymongo.ocsp_support] DEBUG: OCSP cert status: <OCSPCertStatus.GOOD: 0>
2022-04-17 12:59:24 [pymongo.ocsp_support] DEBUG: Peer did not staple an OCSP response
2022-04-17 12:59:24 [pymongo.ocsp_support] DEBUG: Requesting OCSP data
2022-04-17 12:59:24 [pymongo.ocsp_support] DEBUG: Trying http://r3.o.lencr.org
2022-04-17 12:59:24 [pymongo.ocsp_support] DEBUG: Using cached OCSP response.
2022-04-17 12:59:24 [pymongo.ocsp_support] DEBUG: OCSP cert status: <OCSPCertStatus.GOOD: 0>
2022-04-17 12:59:24 [pymongo.ocsp_support] DEBUG: Peer did not staple an OCSP response
2022-04-17 12:59:24 [pymongo.ocsp_support] DEBUG: Requesting OCSP data
2022-04-17 12:59:24 [pymongo.ocsp_support] DEBUG: Trying http://r3.o.lencr.org
2022-04-17 12:59:24 [pymongo.ocsp_support] DEBUG: Using cached OCSP response.
2022-04-17 12:59:24 [pymongo.ocsp_support] DEBUG: OCSP cert status: <OCSPCertStatus.GOOD: 0>
2022-04-17 12:59:24 [scrapy.core.engine] DEBUG: Crawled (200) <GET https://www.appeloffres.com/login> (referer: None)
2022-04-17 12:59:26 [scrapy.core.scraper] ERROR: Spider error processing <GET https://www.appeloffres.com/login> (referer: None)
Traceback (most recent call last):
  File "c:\users\kalil\scrapy\genericscrapy\venv\lib\site-packages\scrapy\utils\defer.py", line 120, in iter_errback
    yield next(it)
  File "c:\users\kalil\scrapy\genericscrapy\venv\lib\site-packages\scrapy\utils\python.py", line 353, in __next__
    return next(self.data)
  File "c:\users\kalil\scrapy\genericscrapy\venv\lib\site-packages\scrapy\utils\python.py", line 353, in __next__
    return next(self.data)
  File "c:\users\kalil\scrapy\genericscrapy\venv\lib\site-packages\scrapy\core\spidermw.py", line 56, in _evaluate_iterable
    for r in iterable:
  File "c:\users\kalil\scrapy\genericscrapy\venv\lib\site-packages\scrapy_splash\middleware.py", line 162, in process_spider_output
    for el in result:
  File "c:\users\kalil\scrapy\genericscrapy\venv\lib\site-packages\scrapy\core\spidermw.py", line 56, in _evaluate_iterable
    for r in iterable:
  File "c:\users\kalil\scrapy\genericscrapy\venv\lib\site-packages\scrapy\spidermiddlewares\offsite.py", line 29, in process_spider_output
    for x in result:
  File "c:\users\kalil\scrapy\genericscrapy\venv\lib\site-packages\scrapy\core\spidermw.py", line 56, in _evaluate_iterable
    for r in iterable:
  File "c:\users\kalil\scrapy\genericscrapy\venv\lib\site-packages\scrapy\spidermiddlewares\referer.py", line 342, in <genexpr>
    return (_set_referer(r) for r in result or ())
  File "c:\users\kalil\scrapy\genericscrapy\venv\lib\site-packages\scrapy\core\spidermw.py", line 56, in _evaluate_iterable
    for r in iterable:
  File "c:\users\kalil\scrapy\genericscrapy\venv\lib\site-packages\scrapy\spidermiddlewares\urllength.py", line 40, in <genexpr>
    return (r for r in result or () if _filter(r))
  File "c:\users\kalil\scrapy\genericscrapy\venv\lib\site-packages\scrapy\core\spidermw.py", line 56, in _evaluate_iterable
    for r in iterable:
  File "c:\users\kalil\scrapy\genericscrapy\venv\lib\site-packages\scrapy\spidermiddlewares\depth.py", line 58, in <genexpr>
    return (r for r in result or () if _filter(r))
  File "c:\users\kalil\scrapy\genericscrapy\venv\lib\site-packages\scrapy\core\spidermw.py", line 56, in _evaluate_iterable
    for r in iterable:
  File "C:\Users\kalil\scrapy\genericscrapy\genericscrapy\genericscrapy\spiders\TableScraper.py", line 23, in parse
    df = pd.read_html(self.page,match="Description sommaire de l'appel d'offres")
  File "c:\users\kalil\scrapy\genericscrapy\venv\lib\site-packages\pandas\util\_decorators.py", line 311, in wrapper
    return func(*args, **kwargs)
  File "c:\users\kalil\scrapy\genericscrapy\venv\lib\site-packages\pandas\io\html.py", line 1113, in read_html
    return _parse(
  File "c:\users\kalil\scrapy\genericscrapy\venv\lib\site-packages\pandas\io\html.py", line 915, in _parse
    parser = _parser_dispatch(flav)
  File "c:\users\kalil\scrapy\genericscrapy\venv\lib\site-packages\pandas\io\html.py", line 864, in _parser_dispatch
    raise ImportError("html5lib not found, please install it")
ImportError: html5lib not found, please install it
2022-04-17 12:59:26 [scrapy.core.engine] INFO: Closing spider (finished)
2022-04-17 12:59:26 [scrapy.statscollectors] INFO: Dumping Scrapy stats:
{'downloader/request_bytes': 665,
 'downloader/request_count': 2,
 'downloader/request_method_count/GET': 2,
 'downloader/response_bytes': 19446,
 'downloader/response_count': 2,
 'downloader/response_status_count/200': 1,
 'downloader/response_status_count/302': 1,
 'elapsed_time_seconds': 3.555562,
 'finish_reason': 'finished',
 'finish_time': datetime.datetime(2022, 4, 17, 11, 59, 26, 404344),
 'log_count/DEBUG': 47,
 'log_count/ERROR': 1,
 'log_count/INFO': 10,
 'response_received_count': 1,
 'scheduler/dequeued': 2,
 'scheduler/dequeued/memory': 2,
 'scheduler/enqueued': 2,
 'scheduler/enqueued/memory': 2,
 'spider_exceptions/ImportError': 1,
 'start_time': datetime.datetime(2022, 4, 17, 11, 59, 22, 848782)}
2022-04-17 12:59:26 [scrapy.core.engine] INFO: Spider closed (finished)
