2022-06-22 09:19:20 [scrapy.utils.log] INFO: Scrapy 2.5.1 started (bot: genericscrapy)
2022-06-22 09:19:20 [scrapy.utils.log] INFO: Versions: lxml 4.7.1.0, libxml2 2.9.12, cssselect 1.1.0, parsel 1.6.0, w3lib 1.22.0, Twisted 22.1.0, Python 3.8.5 (default, Sep  3 2020, 21:29:08) [MSC v.1916 64 bit (AMD64)], pyOpenSSL 22.0.0 (OpenSSL 1.1.1m  14 Dec 2021), cryptography 36.0.1, Platform Windows-10-10.0.18362-SP0
2022-06-22 09:19:20 [scrapy.utils.log] DEBUG: Using reactor: twisted.internet.asyncioreactor.AsyncioSelectorReactor
2022-06-22 09:19:20 [scrapy.utils.log] DEBUG: Using asyncio event loop: asyncio.windows_events._WindowsSelectorEventLoop
2022-06-22 09:19:20 [scrapy.crawler] INFO: Overridden settings:
{'BOT_NAME': 'genericscrapy',
 'CLOSESPIDER_PAGECOUNT': 1000,
 'DOWNLOAD_DELAY': 10,
 'DUPEFILTER_CLASS': 'scrapy_splash.SplashAwareDupeFilter',
 'HTTPCACHE_STORAGE': 'scrapy_splash.SplashAwareFSCacheStorage',
 'LOG_FILE': 'logs\\genericscrapy\\scraper\\01515e94f20411ec8b1bf7d6393d9529.log',
 'NEWSPIDER_MODULE': 'genericscrapy.spiders',
 'SPIDER_MODULES': ['genericscrapy.spiders'],
 'USER_AGENT': 'Mozilla/5.0 (Windows NT 10.0; Win64; x64) AppleWebKit/537.36 '
               '(KHTML, like Gecko) Chrome/99.0.4844.51 Safari/537.36'}
2022-06-22 09:19:20 [scrapy.extensions.telnet] INFO: Telnet Password: f17963101fea52aa
2022-06-22 09:19:20 [scrapy.middleware] INFO: Enabled extensions:
['scrapy.extensions.corestats.CoreStats',
 'scrapy.extensions.telnet.TelnetConsole',
 'scrapy.extensions.closespider.CloseSpider',
 'scrapy.extensions.logstats.LogStats']
2022-06-22 09:19:20 [scrapy.middleware] INFO: Enabled downloader middlewares:
['scrapy.downloadermiddlewares.httpauth.HttpAuthMiddleware',
 'scrapy.downloadermiddlewares.downloadtimeout.DownloadTimeoutMiddleware',
 'scrapy.downloadermiddlewares.defaultheaders.DefaultHeadersMiddleware',
 'scrapy.downloadermiddlewares.useragent.UserAgentMiddleware',
 'scrapy.downloadermiddlewares.retry.RetryMiddleware',
 'scrapy.downloadermiddlewares.redirect.MetaRefreshMiddleware',
 'scrapy.downloadermiddlewares.redirect.RedirectMiddleware',
 'scrapy.downloadermiddlewares.cookies.CookiesMiddleware',
 'scrapy_splash.SplashCookiesMiddleware',
 'scrapy_splash.SplashMiddleware',
 'scrapy.downloadermiddlewares.httpproxy.HttpProxyMiddleware',
 'scrapy.downloadermiddlewares.httpcompression.HttpCompressionMiddleware',
 'scrapy.downloadermiddlewares.stats.DownloaderStats']
2022-06-22 09:19:20 [scrapy.middleware] INFO: Enabled spider middlewares:
['scrapy.spidermiddlewares.httperror.HttpErrorMiddleware',
 'scrapy_splash.SplashDeduplicateArgsMiddleware',
 'scrapy.spidermiddlewares.offsite.OffsiteMiddleware',
 'scrapy.spidermiddlewares.referer.RefererMiddleware',
 'scrapy.spidermiddlewares.urllength.UrlLengthMiddleware',
 'scrapy.spidermiddlewares.depth.DepthMiddleware']
2022-06-22 09:19:21 [scrapy.middleware] INFO: Enabled item pipelines:
['genericscrapy.pipelines.CardScraperPipeline']
2022-06-22 09:19:21 [scrapy.core.engine] INFO: Spider opened
2022-06-22 09:19:24 [py.warnings] WARNING: c:\users\kalil\scrapy\genericscrapy\venv\lib\site-packages\cryptography\x509\base.py:538: CryptographyDeprecationWarning: Parsed a negative serial number, which is disallowed by RFC 5280.
  return rust_x509.load_der_x509_certificate(data)

2022-06-22 09:19:24 [scrapy.extensions.logstats] INFO: Crawled 0 pages (at 0 pages/min), scraped 0 items (at 0 items/min)
2022-06-22 09:19:24 [scrapy.extensions.telnet] INFO: Telnet console listening on 127.0.0.1:6023
2022-06-22 09:19:24 [py.warnings] WARNING: c:\users\kalil\scrapy\genericscrapy\venv\lib\site-packages\scrapy_splash\request.py:42: ScrapyDeprecationWarning: Call to deprecated function to_native_str. Use to_unicode instead.
  url = to_native_str(url)

2022-06-22 09:19:25 [pymongo.ocsp_support] DEBUG: Peer did not staple an OCSP response
2022-06-22 09:19:25 [pymongo.ocsp_support] DEBUG: Requesting OCSP data
2022-06-22 09:19:25 [pymongo.ocsp_support] DEBUG: Trying http://r3.o.lencr.org
2022-06-22 09:19:25 [pymongo.ocsp_support] DEBUG: Peer did not staple an OCSP response
2022-06-22 09:19:25 [pymongo.ocsp_support] DEBUG: Requesting OCSP data
2022-06-22 09:19:25 [pymongo.ocsp_support] DEBUG: Trying http://r3.o.lencr.org
2022-06-22 09:19:25 [urllib3.connectionpool] DEBUG: Starting new HTTP connection (1): r3.o.lencr.org:80
2022-06-22 09:19:25 [urllib3.connectionpool] DEBUG: Starting new HTTP connection (1): r3.o.lencr.org:80
2022-06-22 09:19:25 [pymongo.ocsp_support] DEBUG: Peer did not staple an OCSP response
2022-06-22 09:19:25 [pymongo.ocsp_support] DEBUG: Requesting OCSP data
2022-06-22 09:19:25 [pymongo.ocsp_support] DEBUG: Trying http://r3.o.lencr.org
2022-06-22 09:19:25 [urllib3.connectionpool] DEBUG: Starting new HTTP connection (1): r3.o.lencr.org:80
2022-06-22 09:19:25 [urllib3.connectionpool] DEBUG: http://r3.o.lencr.org:80 "POST / HTTP/1.1" 200 503
2022-06-22 09:19:25 [urllib3.connectionpool] DEBUG: http://r3.o.lencr.org:80 "POST / HTTP/1.1" 200 503
2022-06-22 09:19:25 [urllib3.connectionpool] DEBUG: http://r3.o.lencr.org:80 "POST / HTTP/1.1" 200 503
2022-06-22 09:19:25 [pymongo.ocsp_support] DEBUG: OCSP response status: <OCSPResponseStatus.SUCCESSFUL: 0>
2022-06-22 09:19:25 [pymongo.ocsp_support] DEBUG: OCSP response status: <OCSPResponseStatus.SUCCESSFUL: 0>
2022-06-22 09:19:25 [pymongo.ocsp_support] DEBUG: OCSP response status: <OCSPResponseStatus.SUCCESSFUL: 0>
2022-06-22 09:19:25 [pymongo.ocsp_support] DEBUG: Verifying response
2022-06-22 09:19:25 [pymongo.ocsp_support] DEBUG: Verifying response
2022-06-22 09:19:25 [pymongo.ocsp_support] DEBUG: Verifying response
2022-06-22 09:19:25 [pymongo.ocsp_support] DEBUG: Responder is issuer
2022-06-22 09:19:25 [pymongo.ocsp_support] DEBUG: Responder is issuer
2022-06-22 09:19:25 [pymongo.ocsp_support] DEBUG: Responder is issuer
2022-06-22 09:19:25 [pymongo.ocsp_support] DEBUG: Caching OCSP response.
2022-06-22 09:19:25 [pymongo.ocsp_support] DEBUG: OCSP cert status: <OCSPCertStatus.GOOD: 0>
2022-06-22 09:19:25 [pymongo.ocsp_support] DEBUG: Caching OCSP response.
2022-06-22 09:19:25 [pymongo.ocsp_support] DEBUG: OCSP cert status: <OCSPCertStatus.GOOD: 0>
2022-06-22 09:19:25 [pymongo.ocsp_support] DEBUG: Caching OCSP response.
2022-06-22 09:19:25 [pymongo.ocsp_support] DEBUG: OCSP cert status: <OCSPCertStatus.GOOD: 0>
2022-06-22 09:19:26 [pymongo.ocsp_support] DEBUG: Peer did not staple an OCSP response
2022-06-22 09:19:26 [pymongo.ocsp_support] DEBUG: Requesting OCSP data
2022-06-22 09:19:26 [pymongo.ocsp_support] DEBUG: Trying http://r3.o.lencr.org
2022-06-22 09:19:26 [pymongo.ocsp_support] DEBUG: Using cached OCSP response.
2022-06-22 09:19:26 [pymongo.ocsp_support] DEBUG: OCSP cert status: <OCSPCertStatus.GOOD: 0>
2022-06-22 09:19:26 [pymongo.ocsp_support] DEBUG: Peer did not staple an OCSP response
2022-06-22 09:19:26 [pymongo.ocsp_support] DEBUG: Peer did not staple an OCSP response
2022-06-22 09:19:26 [pymongo.ocsp_support] DEBUG: Requesting OCSP data
2022-06-22 09:19:26 [pymongo.ocsp_support] DEBUG: Requesting OCSP data
2022-06-22 09:19:26 [pymongo.ocsp_support] DEBUG: Trying http://r3.o.lencr.org
2022-06-22 09:19:26 [pymongo.ocsp_support] DEBUG: Trying http://r3.o.lencr.org
2022-06-22 09:19:26 [pymongo.ocsp_support] DEBUG: Using cached OCSP response.
2022-06-22 09:19:26 [pymongo.ocsp_support] DEBUG: Using cached OCSP response.
2022-06-22 09:19:26 [pymongo.ocsp_support] DEBUG: OCSP cert status: <OCSPCertStatus.GOOD: 0>
2022-06-22 09:19:26 [pymongo.ocsp_support] DEBUG: OCSP cert status: <OCSPCertStatus.GOOD: 0>
2022-06-22 09:19:32 [scrapy.core.engine] DEBUG: Crawled (200) <GET https://www.amazon.science via http://localhost:8050/render.html> (referer: None)
2022-06-22 09:19:36 [scrapy.core.engine] DEBUG: Crawled (200) <GET https://affiliate-program.amazon.com/ via http://localhost:8050/render.html> (referer: None)
2022-06-22 09:19:36 [scrapy.core.engine] DEBUG: Crawled (200) <GET https://www.amazon.com/customer-preferences/edit?ie=UTF8&preferencesReturnUrl=%2F&ref_=topnav_lang_ais via http://localhost:8050/render.html> (referer: None)
2022-06-22 09:19:37 [scrapy.core.engine] DEBUG: Crawled (200) <GET https://services.amazon.com/amazon-business.html?ld=usb2bunifooter&ref_=footer_b2b via http://localhost:8050/render.html> (referer: None)
2022-06-22 09:19:42 [scrapy.core.engine] DEBUG: Crawled (200) <GET https://www.amazon.com/gp/css/order-history?ref_=nav_orders_first via http://localhost:8050/render.html> (referer: None)
2022-06-22 09:19:56 [scrapy.core.engine] DEBUG: Crawled (200) <GET https://www.amazon.com/gp/site-directory?ref_=nav_em_js_disabled via http://localhost:8050/render.html> (referer: None)
2022-06-22 09:20:03 [scrapy.core.engine] DEBUG: Crawled (200) <GET https://advertising.amazon.com/?ref=footer_advtsing_amzn_com via http://localhost:8050/render.html> (referer: None)
2022-06-22 09:20:04 [scrapy.core.engine] DEBUG: Crawled (200) <GET https://www.amazon.com/gp/help/customer/display.html?nodeId=508510&ref_=nav_cs_customerservice via http://localhost:8050/render.html> (referer: None)
2022-06-22 09:20:07 [scrapy.core.engine] DEBUG: Crawled (200) <GET https://www.6pm.com via http://localhost:8050/render.html> (referer: None)
2022-06-22 09:20:07 [scrapy.core.engine] DEBUG: Crawled (200) <GET https://www.acx.com/ via http://localhost:8050/render.html> (referer: None)
2022-06-22 09:20:12 [scrapy.core.engine] DEBUG: Crawled (200) <GET https://sell.amazon.com/?ld=AZUSSOA-footer-aff&ref_=footer_sell via http://localhost:8050/render.html> (referer: None)
2022-06-22 09:20:17 [scrapy.core.engine] DEBUG: Crawled (200) <GET https://www.amazon.com/gift-cards/b/?ie=UTF8&node=2238192011&ref_=nav_cs_gc via http://localhost:8050/render.html> (referer: None)
2022-06-22 09:20:22 [scrapy.core.engine] DEBUG: Crawled (200) <GET https://www.boxofficemojo.com/?ref_=amzn_nav_ftr via http://localhost:8050/render.html> (referer: None)
2022-06-22 09:20:22 [scrapy.core.engine] DEBUG: Crawled (200) <GET https://www.audible.com via http://localhost:8050/render.html> (referer: None)
2022-06-22 09:20:23 [scrapy.core.engine] DEBUG: Crawled (200) <GET https://www.amazon.com/gp/help/customer/accessibility via http://localhost:8050/render.html> (referer: None)
2022-06-22 09:20:24 [scrapy.extensions.logstats] INFO: Crawled 15 pages (at 15 pages/min), scraped 0 items (at 0 items/min)
2022-06-22 09:20:33 [scrapy.core.engine] DEBUG: Crawled (200) <GET https://www.dpreview.com via http://localhost:8050/render.html> (referer: None)
2022-06-22 09:20:34 [scrapy.core.engine] DEBUG: Crawled (200) <GET https://www.goodreads.com via http://localhost:8050/render.html> (referer: None)
2022-06-22 09:20:35 [scrapy.core.engine] DEBUG: Crawled (200) <GET https://pro.imdb.com?ref_=amzn_nav_ftr via http://localhost:8050/render.html> (referer: None)
2022-06-22 09:20:42 [scrapy.core.engine] DEBUG: Crawled (200) <GET https://videodirect.amazon.com/home/landing via http://localhost:8050/render.html> (referer: None)
2022-06-22 09:20:53 [scrapy.core.engine] DEBUG: Crawled (200) <GET https://www.amazon.com/b?node=16225016011&pf_rd_r=N5TD9AJ5M2MFZYTD40G8&pf_rd_p=e5b0c85f-569c-4c90-a58f-0c0a260e45a0&pd_rd_r=c1e8591e-f091-4da5-8604-4635be6844be&pd_rd_w=bM1cA&pd_rd_wg=jgaTh&ref_=pd_gw_unk#nav-top via http://localhost:8050/render.html> (referer: None)
2022-06-22 09:20:58 [pymongo.ocsp_support] DEBUG: Peer did not staple an OCSP response
2022-06-22 09:20:58 [pymongo.ocsp_support] DEBUG: Requesting OCSP data
2022-06-22 09:20:58 [pymongo.ocsp_support] DEBUG: Trying http://r3.o.lencr.org
2022-06-22 09:20:58 [pymongo.ocsp_support] DEBUG: Using cached OCSP response.
2022-06-22 09:20:58 [pymongo.ocsp_support] DEBUG: OCSP cert status: <OCSPCertStatus.GOOD: 0>
2022-06-22 09:21:14 [py.warnings] WARNING: c:\users\kalil\scrapy\genericscrapy\venv\lib\site-packages\sklearn\base.py:329: UserWarning: Trying to unpickle estimator TfidfTransformer from version 1.0.2 when using version 1.1.1. This might lead to breaking code or invalid results. Use at your own risk. For more info please refer to:
https://scikit-learn.org/stable/model_persistence.html#security-maintainability-limitations
  warnings.warn(

2022-06-22 09:21:14 [py.warnings] WARNING: c:\users\kalil\scrapy\genericscrapy\venv\lib\site-packages\sklearn\base.py:329: UserWarning: Trying to unpickle estimator TfidfVectorizer from version 1.0.2 when using version 1.1.1. This might lead to breaking code or invalid results. Use at your own risk. For more info please refer to:
https://scikit-learn.org/stable/model_persistence.html#security-maintainability-limitations
  warnings.warn(

2022-06-22 09:21:15 [py.warnings] WARNING: c:\users\kalil\scrapy\genericscrapy\venv\lib\site-packages\sklearn\base.py:329: UserWarning: Trying to unpickle estimator SVC from version 1.0.2 when using version 1.1.1. This might lead to breaking code or invalid results. Use at your own risk. For more info please refer to:
https://scikit-learn.org/stable/model_persistence.html#security-maintainability-limitations
  warnings.warn(

2022-06-22 09:21:15 [py.warnings] WARNING: c:\users\kalil\scrapy\genericscrapy\venv\lib\site-packages\sklearn\base.py:329: UserWarning: Trying to unpickle estimator Pipeline from version 1.0.2 when using version 1.1.1. This might lead to breaking code or invalid results. Use at your own risk. For more info please refer to:
https://scikit-learn.org/stable/model_persistence.html#security-maintainability-limitations
  warnings.warn(

2022-06-22 09:21:15 [root] DEBUG: Post added to MongoDB
2022-06-22 09:21:15 [scrapy.core.scraper] DEBUG: Scraped from <200 https://www.amazon.com/b?node=16225016011&pf_rd_r=N5TD9AJ5M2MFZYTD40G8&pf_rd_p=e5b0c85f-569c-4c90-a58f-0c0a260e45a0&pd_rd_r=c1e8591e-f091-4da5-8604-4635be6844be&pd_rd_w=bM1cA&pd_rd_wg=jgaTh&ref_=pd_gw_unk#nav-top>
{'title': 'Meta Quest 2 — Advanced All-In-One Virtual Reality Headset — 128 GB', 'classified_as': 'Services'}
2022-06-22 09:21:15 [scrapy.core.engine] DEBUG: Crawled (200) <GET https://www.amazon.com/ir via http://localhost:8050/render.html> (referer: None)
2022-06-22 09:21:15 [scrapy.downloadermiddlewares.retry] DEBUG: Retrying <GET https://www.woot.com/ via http://localhost:8050/render.html> (failed 1 times): 504 Gateway Time-out
2022-06-22 09:21:15 [py.warnings] WARNING: c:\users\kalil\scrapy\genericscrapy\venv\lib\site-packages\scrapy_splash\request.py:42: ScrapyDeprecationWarning: Call to deprecated function to_native_str. Use to_unicode instead.
  url = to_native_str(url)

2022-06-22 09:21:16 [root] DEBUG: Post added to MongoDB
2022-06-22 09:21:16 [scrapy.core.scraper] DEBUG: Scraped from <200 https://www.amazon.com/b?node=16225016011&pf_rd_r=N5TD9AJ5M2MFZYTD40G8&pf_rd_p=e5b0c85f-569c-4c90-a58f-0c0a260e45a0&pd_rd_r=c1e8591e-f091-4da5-8604-4635be6844be&pd_rd_w=bM1cA&pd_rd_wg=jgaTh&ref_=pd_gw_unk#nav-top>
{'title': 'Nintendo Switch with Neon Blue and Neon Red Joy‑Con', 'classified_as': 'Informatique matériels et logiciels'}
2022-06-22 09:21:16 [scrapy.core.engine] DEBUG: Crawled (200) <GET https://ring.com via http://localhost:8050/render.html> (referer: None)
2022-06-22 09:21:16 [root] DEBUG: Post added to MongoDB
2022-06-22 09:21:16 [scrapy.core.scraper] DEBUG: Scraped from <200 https://www.amazon.com/b?node=16225016011&pf_rd_r=N5TD9AJ5M2MFZYTD40G8&pf_rd_p=e5b0c85f-569c-4c90-a58f-0c0a260e45a0&pd_rd_r=c1e8591e-f091-4da5-8604-4635be6844be&pd_rd_w=bM1cA&pd_rd_wg=jgaTh&ref_=pd_gw_unk#nav-top>
{'title': 'Nintendo Switch – OLED Model w/ White Joy-Con', 'classified_as': 'Services'}
2022-06-22 09:21:17 [root] DEBUG: Post added to MongoDB
2022-06-22 09:21:17 [scrapy.core.scraper] DEBUG: Scraped from <200 https://www.amazon.com/b?node=16225016011&pf_rd_r=N5TD9AJ5M2MFZYTD40G8&pf_rd_p=e5b0c85f-569c-4c90-a58f-0c0a260e45a0&pd_rd_r=c1e8591e-f091-4da5-8604-4635be6844be&pd_rd_w=bM1cA&pd_rd_wg=jgaTh&ref_=pd_gw_unk#nav-top>
{'title': 'Xbox Series S', 'classified_as': 'Services'}
2022-06-22 09:21:18 [root] DEBUG: Post added to MongoDB
2022-06-22 09:21:18 [scrapy.core.scraper] DEBUG: Scraped from <200 https://www.amazon.com/b?node=16225016011&pf_rd_r=N5TD9AJ5M2MFZYTD40G8&pf_rd_p=e5b0c85f-569c-4c90-a58f-0c0a260e45a0&pd_rd_r=c1e8591e-f091-4da5-8604-4635be6844be&pd_rd_w=bM1cA&pd_rd_wg=jgaTh&ref_=pd_gw_unk#nav-top>
{'title': 'Meta Quest 2 — Advanced All-In-One Virtual Reality Headset — 256 GB', 'classified_as': 'Services'}
2022-06-22 09:21:18 [root] DEBUG: Post added to MongoDB
2022-06-22 09:21:18 [scrapy.core.scraper] DEBUG: Scraped from <200 https://www.amazon.com/b?node=16225016011&pf_rd_r=N5TD9AJ5M2MFZYTD40G8&pf_rd_p=e5b0c85f-569c-4c90-a58f-0c0a260e45a0&pd_rd_r=c1e8591e-f091-4da5-8604-4635be6844be&pd_rd_w=bM1cA&pd_rd_wg=jgaTh&ref_=pd_gw_unk#nav-top>
{'title': "Teenage Mutant Ninja Turtles: Shredder's Revenge - Nintendo Switch", 'classified_as': 'Informatique matériels et logiciels'}
2022-06-22 09:21:19 [root] DEBUG: Post added to MongoDB
2022-06-22 09:21:19 [scrapy.core.scraper] DEBUG: Scraped from <200 https://www.amazon.com/b?node=16225016011&pf_rd_r=N5TD9AJ5M2MFZYTD40G8&pf_rd_p=e5b0c85f-569c-4c90-a58f-0c0a260e45a0&pd_rd_r=c1e8591e-f091-4da5-8604-4635be6844be&pd_rd_w=bM1cA&pd_rd_wg=jgaTh&ref_=pd_gw_unk#nav-top>
{'title': 'Nintendo Switch Sports - Nintendo Switch', 'classified_as': 'Informatique matériels et logiciels'}
2022-06-22 09:21:20 [root] DEBUG: Post added to MongoDB
2022-06-22 09:21:20 [scrapy.core.scraper] DEBUG: Scraped from <200 https://www.amazon.com/b?node=16225016011&pf_rd_r=N5TD9AJ5M2MFZYTD40G8&pf_rd_p=e5b0c85f-569c-4c90-a58f-0c0a260e45a0&pd_rd_r=c1e8591e-f091-4da5-8604-4635be6844be&pd_rd_w=bM1cA&pd_rd_wg=jgaTh&ref_=pd_gw_unk#nav-top>
{'title': 'Mario Strikers: Battle League - Nintendo Switch', 'classified_as': 'Informatique matériels et logiciels'}
2022-06-22 09:21:20 [scrapy.core.engine] DEBUG: Crawled (200) <GET https://blinkforhome.com/?ref=nav_footer via http://localhost:8050/render.html> (referer: None)
2022-06-22 09:21:21 [root] DEBUG: Post added to MongoDB
2022-06-22 09:21:21 [scrapy.core.scraper] DEBUG: Scraped from <200 https://www.amazon.com/b?node=16225016011&pf_rd_r=N5TD9AJ5M2MFZYTD40G8&pf_rd_p=e5b0c85f-569c-4c90-a58f-0c0a260e45a0&pd_rd_r=c1e8591e-f091-4da5-8604-4635be6844be&pd_rd_w=bM1cA&pd_rd_wg=jgaTh&ref_=pd_gw_unk#nav-top>
{'title': 'PlayStation 5 Console', 'classified_as': 'Fournitures Industrielles'}
2022-06-22 09:21:21 [scrapy.core.engine] ERROR: Error while obtaining start requests
Traceback (most recent call last):
  File "c:\users\kalil\scrapy\genericscrapy\venv\lib\site-packages\scrapy\core\engine.py", line 129, in _next_request
    request = next(slot.start_requests)
  File "c:\users\kalil\scrapy\genericscrapy\venv\lib\site-packages\scrapy_splash\middleware.py", line 173, in process_start_requests
    for req in start_requests:
  File "c:\users\kalil\appdata\local\temp\genericscrapy-1655797307-ykuvvnuq.egg\genericscrapy\spiders\CardScraper.py", line 32, in start_requests
    yield SplashRequest(url=url , callback=self.parse, dont_filter = True )
  File "c:\users\kalil\scrapy\genericscrapy\venv\lib\site-packages\scrapy_splash\request.py", line 76, in __init__
    super(SplashRequest, self).__init__(url, callback, method, meta=meta,
  File "c:\users\kalil\scrapy\genericscrapy\venv\lib\site-packages\scrapy\http\request\__init__.py", line 25, in __init__
    self._set_url(url)
  File "c:\users\kalil\scrapy\genericscrapy\venv\lib\site-packages\scrapy\http\request\__init__.py", line 73, in _set_url
    raise ValueError(f'Missing scheme in request url: {self._url}')
ValueError: Missing scheme in request url: 
2022-06-22 09:21:22 [root] DEBUG: Post added to MongoDB
2022-06-22 09:21:22 [scrapy.core.scraper] DEBUG: Scraped from <200 https://www.amazon.com/b?node=16225016011&pf_rd_r=N5TD9AJ5M2MFZYTD40G8&pf_rd_p=e5b0c85f-569c-4c90-a58f-0c0a260e45a0&pd_rd_r=c1e8591e-f091-4da5-8604-4635be6844be&pd_rd_w=bM1cA&pd_rd_wg=jgaTh&ref_=pd_gw_unk#nav-top>
{'title': 'Razer Orochi V2 Mobile Wireless Gaming Mouse: Ultra Lightweight - 2 Wireless Modes - Up to 950hrs Battery Life - Mechanical Mouse Switches - 5G Advanced 18K DPI Optical Sensor - White', 'classified_as': 'Télécom'}
2022-06-22 09:21:22 [root] DEBUG: Post added to MongoDB
2022-06-22 09:21:22 [scrapy.core.scraper] DEBUG: Scraped from <200 https://www.amazon.com/b?node=16225016011&pf_rd_r=N5TD9AJ5M2MFZYTD40G8&pf_rd_p=e5b0c85f-569c-4c90-a58f-0c0a260e45a0&pd_rd_r=c1e8591e-f091-4da5-8604-4635be6844be&pd_rd_w=bM1cA&pd_rd_wg=jgaTh&ref_=pd_gw_unk#nav-top>
{'title': 'Kirby and the Forgotten Land - Nintendo Switch', 'classified_as': 'Informatique matériels et logiciels'}
2022-06-22 09:21:23 [root] DEBUG: Post added to MongoDB
2022-06-22 09:21:23 [scrapy.core.scraper] DEBUG: Scraped from <200 https://www.amazon.com/b?node=16225016011&pf_rd_r=N5TD9AJ5M2MFZYTD40G8&pf_rd_p=e5b0c85f-569c-4c90-a58f-0c0a260e45a0&pd_rd_r=c1e8591e-f091-4da5-8604-4635be6844be&pd_rd_w=bM1cA&pd_rd_wg=jgaTh&ref_=pd_gw_unk#nav-top>
{'title': 'PlayStation DualSense Wireless Controller – Midnight Black', 'classified_as': 'Services'}
2022-06-22 09:21:23 [scrapy.core.engine] DEBUG: Crawled (200) <GET https://www.amazon.com/gp/seller-account/mm-summary-page.html?ld=AZFooterSelfPublish&topic=200260520&ref_=footer_publishing via http://localhost:8050/render.html> (referer: None)
2022-06-22 09:21:23 [scrapy.core.engine] DEBUG: Crawled (200) <GET https://www.woot.com/ via http://localhost:8050/render.html> (referer: None)
2022-06-22 09:21:24 [scrapy.extensions.logstats] INFO: Crawled 25 pages (at 10 pages/min), scraped 12 items (at 12 items/min)
2022-06-22 09:21:35 [scrapy.core.engine] DEBUG: Crawled (200) <GET https://www.amazon.com/b/?node=18190131011&ld=AZUSSOA-seemore&ref_=footer_seemore via http://localhost:8050/render.html> (referer: None)
2022-06-22 09:21:47 [scrapy.core.engine] DEBUG: Crawled (200) <GET https://www.amazon.com/gp/browse.html?node=16218619011&ref_=footer_swp via http://localhost:8050/render.html> (referer: None)
2022-06-22 09:22:01 [scrapy.core.engine] DEBUG: Crawled (200) <GET https://www.amazon.com/gp/browse.html?node=388305011&ref_=footer_tfx via http://localhost:8050/render.html> (referer: None)
2022-06-22 09:22:12 [scrapy.core.engine] DEBUG: Crawled (200) <GET https://www.amazon.com/gp/css/homepage.html?ref_=footer_ya via http://localhost:8050/render.html> (referer: None)
2022-06-22 09:22:19 [scrapy.core.engine] DEBUG: Crawled (200) <GET https://www.amazon.com/gp/help/customer/display.html?nodeId=468520&ref_=footer_shiprates via http://localhost:8050/render.html> (referer: None)
2022-06-22 09:22:24 [scrapy.extensions.logstats] INFO: Crawled 30 pages (at 5 pages/min), scraped 12 items (at 0 items/min)
2022-06-22 09:22:31 [scrapy.core.engine] DEBUG: Crawled (200) <GET https://www.amazon.com/gp/digital/fiona/manage?ref_=footer_myk via http://localhost:8050/render.html> (referer: None)
2022-06-22 09:22:45 [scrapy.core.engine] DEBUG: Crawled (200) <GET https://www.amazon.com/gp/help/customer/display.html?nodeId=508510&ref_=footer_gw_m_b_he via http://localhost:8050/render.html> (referer: None)
2022-06-22 09:22:55 [scrapy.core.engine] DEBUG: Crawled (200) <GET https://www.amazon.com/customer-preferences/edit?ie=UTF8&preferencesReturnUrl=%2F&ref_=footer_lang via http://localhost:8050/render.html> (referer: None)
2022-06-22 09:23:08 [scrapy.core.engine] DEBUG: Crawled (200) <GET https://www.amazon.com/customer-preferences/country?ie=UTF8&preferencesReturnUrl=%2F&ref_=footer_icp_cp via http://localhost:8050/render.html> (referer: None)
2022-06-22 09:23:24 [scrapy.core.engine] DEBUG: Crawled (200) <GET https://www.amazon.com/gp/browse.html?node=230659011&ref_=footer_amazonglobal via http://localhost:8050/render.html> (referer: None)
2022-06-22 09:23:24 [scrapy.extensions.logstats] INFO: Crawled 35 pages (at 5 pages/min), scraped 12 items (at 0 items/min)
2022-06-22 09:24:04 [scrapy.downloadermiddlewares.retry] DEBUG: Retrying <GET https://www.amazon.com/gp/browse.html?node=14498690011&ref_=amzn_nav_ftr_swa via http://localhost:8050/render.html> (failed 1 times): 504 Gateway Time-out
2022-06-22 09:24:07 [scrapy.core.engine] DEBUG: Crawled (200) <GET https://www.amazon.com/interestbasedads/ref=footer_iba via http://localhost:8050/render.html> (referer: None)
2022-06-22 09:24:07 [scrapy.core.engine] DEBUG: Crawled (200) <GET https://www.amazon.com/gp/help/customer/display.html?nodeId=508088&ref_=footer_cou via http://localhost:8050/render.html> (referer: None)
2022-06-22 09:24:19 [scrapy.core.engine] DEBUG: Crawled (200) <GET https://www.amazon.com/gp/browse.html?node=14498690011&ref_=amzn_nav_ftr_swa via http://localhost:8050/render.html> (referer: None)
2022-06-22 09:24:19 [scrapy.core.engine] INFO: Closing spider (finished)
2022-06-22 09:24:20 [scrapy.statscollectors] INFO: Dumping Scrapy stats:
{'downloader/request_bytes': 27740,
 'downloader/request_count': 40,
 'downloader/request_method_count/POST': 40,
 'downloader/response_bytes': 14781383,
 'downloader/response_count': 40,
 'downloader/response_status_count/200': 38,
 'downloader/response_status_count/504': 2,
 'elapsed_time_seconds': 295.040895,
 'finish_reason': 'finished',
 'finish_time': datetime.datetime(2022, 6, 22, 8, 24, 20, 22257),
 'item_scraped_count': 12,
 'log_count/DEBUG': 114,
 'log_count/ERROR': 1,
 'log_count/INFO': 14,
 'log_count/WARNING': 7,
 'response_received_count': 38,
 'retry/count': 2,
 'retry/reason_count/504 Gateway Time-out': 2,
 'scheduler/dequeued': 78,
 'scheduler/dequeued/memory': 78,
 'scheduler/enqueued': 78,
 'scheduler/enqueued/memory': 78,
 'splash/render.html/request_count': 38,
 'splash/render.html/response_count/200': 38,
 'splash/render.html/response_count/504': 2,
 'start_time': datetime.datetime(2022, 6, 22, 8, 19, 24, 981362)}
2022-06-22 09:24:20 [scrapy.core.engine] INFO: Spider closed (finished)
