2022-06-01 15:37:02 [scrapy.utils.log] INFO: Scrapy 2.5.1 started (bot: genericscrapy)
2022-06-01 15:37:02 [scrapy.utils.log] INFO: Versions: lxml 4.7.1.0, libxml2 2.9.12, cssselect 1.1.0, parsel 1.6.0, w3lib 1.22.0, Twisted 21.7.0, Python 3.8.5 (default, Sep  3 2020, 21:29:08) [MSC v.1916 64 bit (AMD64)], pyOpenSSL 22.0.0 (OpenSSL 1.1.1m  14 Dec 2021), cryptography 36.0.1, Platform Windows-10-10.0.18362-SP0
2022-06-01 15:37:02 [scrapy.utils.log] DEBUG: Using reactor: twisted.internet.asyncioreactor.AsyncioSelectorReactor
2022-06-01 15:37:02 [scrapy.utils.log] DEBUG: Using asyncio event loop: asyncio.windows_events._WindowsSelectorEventLoop
2022-06-01 15:37:02 [scrapy.crawler] INFO: Overridden settings:
{'BOT_NAME': 'genericscrapy',
 'CLOSESPIDER_PAGECOUNT': 1000,
 'DOWNLOAD_DELAY': 10,
 'DUPEFILTER_CLASS': 'scrapy_splash.SplashAwareDupeFilter',
 'HTTPCACHE_STORAGE': 'scrapy_splash.SplashAwareFSCacheStorage',
 'LOG_FILE': 'logs\\genericscrapy\\scraper\\49dc9f6be1b811ecbe35d41e27300ada.log',
 'NEWSPIDER_MODULE': 'genericscrapy.spiders',
 'SPIDER_MODULES': ['genericscrapy.spiders'],
 'USER_AGENT': 'Mozilla/5.0 (Windows NT 10.0; Win64; x64) AppleWebKit/537.36 '
               '(KHTML, like Gecko) Chrome/99.0.4844.51 Safari/537.36'}
2022-06-01 15:37:02 [scrapy.extensions.telnet] INFO: Telnet Password: 54987ba8a2760a3b
2022-06-01 15:37:02 [scrapy.middleware] INFO: Enabled extensions:
['scrapy.extensions.corestats.CoreStats',
 'scrapy.extensions.telnet.TelnetConsole',
 'scrapy.extensions.closespider.CloseSpider',
 'scrapy.extensions.logstats.LogStats']
2022-06-01 15:37:03 [scrapy.middleware] INFO: Enabled downloader middlewares:
['scrapy.downloadermiddlewares.httpauth.HttpAuthMiddleware',
 'scrapy.downloadermiddlewares.downloadtimeout.DownloadTimeoutMiddleware',
 'scrapy.downloadermiddlewares.defaultheaders.DefaultHeadersMiddleware',
 'scrapy.downloadermiddlewares.useragent.UserAgentMiddleware',
 'scrapy.downloadermiddlewares.retry.RetryMiddleware',
 'scrapy.downloadermiddlewares.redirect.MetaRefreshMiddleware',
 'scrapy.downloadermiddlewares.redirect.RedirectMiddleware',
 'scrapy.downloadermiddlewares.cookies.CookiesMiddleware',
 'scrapy_splash.SplashCookiesMiddleware',
 'scrapy_splash.SplashMiddleware',
 'scrapy.downloadermiddlewares.httpproxy.HttpProxyMiddleware',
 'scrapy.downloadermiddlewares.httpcompression.HttpCompressionMiddleware',
 'scrapy.downloadermiddlewares.stats.DownloaderStats']
2022-06-01 15:37:04 [scrapy.middleware] INFO: Enabled spider middlewares:
['scrapy.spidermiddlewares.httperror.HttpErrorMiddleware',
 'scrapy_splash.SplashDeduplicateArgsMiddleware',
 'scrapy.spidermiddlewares.offsite.OffsiteMiddleware',
 'scrapy.spidermiddlewares.referer.RefererMiddleware',
 'scrapy.spidermiddlewares.urllength.UrlLengthMiddleware',
 'scrapy.spidermiddlewares.depth.DepthMiddleware']
2022-06-01 15:37:06 [scrapy.middleware] INFO: Enabled item pipelines:
['genericscrapy.pipelines.CardScraperPipeline']
2022-06-01 15:37:06 [scrapy.core.engine] INFO: Spider opened
2022-06-01 15:37:07 [py.warnings] WARNING: c:\users\kalil\scrapy\venv\lib\site-packages\cryptography\x509\base.py:538: CryptographyDeprecationWarning: Parsed a negative serial number, which is disallowed by RFC 5280.
  return rust_x509.load_der_x509_certificate(data)

2022-06-01 15:37:07 [scrapy.extensions.logstats] INFO: Crawled 0 pages (at 0 pages/min), scraped 0 items (at 0 items/min)
2022-06-01 15:37:07 [scrapy.extensions.telnet] INFO: Telnet console listening on 127.0.0.1:6023
2022-06-01 15:37:07 [py.warnings] WARNING: c:\users\kalil\scrapy\venv\lib\site-packages\scrapy_splash\request.py:42: ScrapyDeprecationWarning: Call to deprecated function to_native_str. Use to_unicode instead.
  url = to_native_str(url)

2022-06-01 15:37:07 [pymongo.ocsp_support] DEBUG: Peer did not staple an OCSP response
2022-06-01 15:37:07 [pymongo.ocsp_support] DEBUG: Requesting OCSP data
2022-06-01 15:37:07 [pymongo.ocsp_support] DEBUG: Trying http://r3.o.lencr.org
2022-06-01 15:37:07 [pymongo.ocsp_support] DEBUG: Peer did not staple an OCSP response
2022-06-01 15:37:07 [pymongo.ocsp_support] DEBUG: Peer did not staple an OCSP response
2022-06-01 15:37:07 [pymongo.ocsp_support] DEBUG: Requesting OCSP data
2022-06-01 15:37:07 [pymongo.ocsp_support] DEBUG: Requesting OCSP data
2022-06-01 15:37:07 [pymongo.ocsp_support] DEBUG: Trying http://r3.o.lencr.org
2022-06-01 15:37:07 [pymongo.ocsp_support] DEBUG: Trying http://r3.o.lencr.org
2022-06-01 15:37:07 [urllib3.connectionpool] DEBUG: Starting new HTTP connection (1): r3.o.lencr.org:80
2022-06-01 15:37:07 [urllib3.connectionpool] DEBUG: Starting new HTTP connection (1): r3.o.lencr.org:80
2022-06-01 15:37:07 [urllib3.connectionpool] DEBUG: Starting new HTTP connection (1): r3.o.lencr.org:80
2022-06-01 15:37:07 [urllib3.connectionpool] DEBUG: http://r3.o.lencr.org:80 "POST / HTTP/1.1" 200 503
2022-06-01 15:37:07 [urllib3.connectionpool] DEBUG: http://r3.o.lencr.org:80 "POST / HTTP/1.1" 200 503
2022-06-01 15:37:07 [pymongo.ocsp_support] DEBUG: OCSP response status: <OCSPResponseStatus.SUCCESSFUL: 0>
2022-06-01 15:37:07 [pymongo.ocsp_support] DEBUG: OCSP response status: <OCSPResponseStatus.SUCCESSFUL: 0>
2022-06-01 15:37:07 [urllib3.connectionpool] DEBUG: http://r3.o.lencr.org:80 "POST / HTTP/1.1" 200 503
2022-06-01 15:37:07 [pymongo.ocsp_support] DEBUG: Verifying response
2022-06-01 15:37:07 [pymongo.ocsp_support] DEBUG: Verifying response
2022-06-01 15:37:07 [pymongo.ocsp_support] DEBUG: Responder is issuer
2022-06-01 15:37:07 [pymongo.ocsp_support] DEBUG: OCSP response status: <OCSPResponseStatus.SUCCESSFUL: 0>
2022-06-01 15:37:07 [pymongo.ocsp_support] DEBUG: Responder is issuer
2022-06-01 15:37:07 [pymongo.ocsp_support] DEBUG: Verifying response
2022-06-01 15:37:07 [pymongo.ocsp_support] DEBUG: Responder is issuer
2022-06-01 15:37:07 [pymongo.ocsp_support] DEBUG: Caching OCSP response.
2022-06-01 15:37:07 [pymongo.ocsp_support] DEBUG: OCSP cert status: <OCSPCertStatus.GOOD: 0>
2022-06-01 15:37:07 [pymongo.ocsp_support] DEBUG: Caching OCSP response.
2022-06-01 15:37:07 [pymongo.ocsp_support] DEBUG: OCSP cert status: <OCSPCertStatus.GOOD: 0>
2022-06-01 15:37:08 [pymongo.ocsp_support] DEBUG: Caching OCSP response.
2022-06-01 15:37:08 [pymongo.ocsp_support] DEBUG: OCSP cert status: <OCSPCertStatus.GOOD: 0>
2022-06-01 15:37:08 [pymongo.ocsp_support] DEBUG: Peer did not staple an OCSP response
2022-06-01 15:37:08 [pymongo.ocsp_support] DEBUG: Requesting OCSP data
2022-06-01 15:37:08 [pymongo.ocsp_support] DEBUG: Trying http://r3.o.lencr.org
2022-06-01 15:37:08 [pymongo.ocsp_support] DEBUG: Using cached OCSP response.
2022-06-01 15:37:08 [pymongo.ocsp_support] DEBUG: OCSP cert status: <OCSPCertStatus.GOOD: 0>
2022-06-01 15:37:08 [pymongo.ocsp_support] DEBUG: Peer did not staple an OCSP response
2022-06-01 15:37:08 [pymongo.ocsp_support] DEBUG: Requesting OCSP data
2022-06-01 15:37:08 [pymongo.ocsp_support] DEBUG: Trying http://r3.o.lencr.org
2022-06-01 15:37:08 [pymongo.ocsp_support] DEBUG: Using cached OCSP response.
2022-06-01 15:37:08 [pymongo.ocsp_support] DEBUG: OCSP cert status: <OCSPCertStatus.GOOD: 0>
2022-06-01 15:37:08 [pymongo.ocsp_support] DEBUG: Peer did not staple an OCSP response
2022-06-01 15:37:08 [pymongo.ocsp_support] DEBUG: Requesting OCSP data
2022-06-01 15:37:08 [pymongo.ocsp_support] DEBUG: Trying http://r3.o.lencr.org
2022-06-01 15:37:08 [pymongo.ocsp_support] DEBUG: Using cached OCSP response.
2022-06-01 15:37:08 [pymongo.ocsp_support] DEBUG: OCSP cert status: <OCSPCertStatus.GOOD: 0>
2022-06-01 15:37:09 [scrapy.core.engine] DEBUG: Crawled (200) <GET https://www.dogdog.com via http://localhost:8050/render.html> (referer: None)
2022-06-01 15:37:23 [scrapy.core.engine] DEBUG: Crawled (200) <GET https://www.amazon.com/b?node=16225016011&pf_rd_r=N5TD9AJ5M2MFZYTD40G8&page=10&pf_rd_p=e5b0c85f-569c-4c90-a58f-0c0a260e45a0&pd_rd_r=c1e8591e-f091-4da5-8604-4635be6844be&pd_rd_w=bM1cA&pd_rd_wg=jgaTh&ref_=pd_gw_unk via http://localhost:8050/render.html> (referer: None)
2022-06-01 15:37:24 [pymongo.ocsp_support] DEBUG: Peer did not staple an OCSP response
2022-06-01 15:37:24 [pymongo.ocsp_support] DEBUG: Requesting OCSP data
2022-06-01 15:37:24 [pymongo.ocsp_support] DEBUG: Trying http://r3.o.lencr.org
2022-06-01 15:37:24 [pymongo.ocsp_support] DEBUG: Using cached OCSP response.
2022-06-01 15:37:24 [pymongo.ocsp_support] DEBUG: OCSP cert status: <OCSPCertStatus.GOOD: 0>
2022-06-01 15:37:24 [root] DEBUG: Post added to MongoDB
2022-06-01 15:37:24 [scrapy.core.scraper] DEBUG: Scraped from <200 https://www.amazon.com/b?node=16225016011&pf_rd_r=N5TD9AJ5M2MFZYTD40G8&page=10&pf_rd_p=e5b0c85f-569c-4c90-a58f-0c0a260e45a0&pd_rd_r=c1e8591e-f091-4da5-8604-4635be6844be&pd_rd_w=bM1cA&pd_rd_wg=jgaTh&ref_=pd_gw_unk>
{'url': 'https://www.amazon.com/b?node=16225016011&pf_rd_r=N5TD9AJ5M2MFZYTD40G8&page=10&pf_rd_p=e5b0c85f-569c-4c90-a58f-0c0a260e45a0&pd_rd_r=c1e8591e-f091-4da5-8604-4635be6844be&pd_rd_w=bM1cA&pd_rd_wg=jgaTh&ref_=pd_gw_unk', 'title': 'Meta Quest 2 — Advanced All-In-One Virtual Reality Headset — 128 GB'}
2022-06-01 15:37:25 [root] DEBUG: Post added to MongoDB
2022-06-01 15:37:25 [scrapy.core.scraper] DEBUG: Scraped from <200 https://www.amazon.com/b?node=16225016011&pf_rd_r=N5TD9AJ5M2MFZYTD40G8&page=10&pf_rd_p=e5b0c85f-569c-4c90-a58f-0c0a260e45a0&pd_rd_r=c1e8591e-f091-4da5-8604-4635be6844be&pd_rd_w=bM1cA&pd_rd_wg=jgaTh&ref_=pd_gw_unk>
{'url': 'https://www.amazon.com/b?node=16225016011&pf_rd_r=N5TD9AJ5M2MFZYTD40G8&page=10&pf_rd_p=e5b0c85f-569c-4c90-a58f-0c0a260e45a0&pd_rd_r=c1e8591e-f091-4da5-8604-4635be6844be&pd_rd_w=bM1cA&pd_rd_wg=jgaTh&ref_=pd_gw_unk', 'title': 'Nintendo Switch with Neon Blue and Neon Red Joy‑Con - HAC-001(-01)'}
2022-06-01 15:37:25 [root] DEBUG: Post added to MongoDB
2022-06-01 15:37:25 [scrapy.core.scraper] DEBUG: Scraped from <200 https://www.amazon.com/b?node=16225016011&pf_rd_r=N5TD9AJ5M2MFZYTD40G8&page=10&pf_rd_p=e5b0c85f-569c-4c90-a58f-0c0a260e45a0&pd_rd_r=c1e8591e-f091-4da5-8604-4635be6844be&pd_rd_w=bM1cA&pd_rd_wg=jgaTh&ref_=pd_gw_unk>
{'url': 'https://www.amazon.com/b?node=16225016011&pf_rd_r=N5TD9AJ5M2MFZYTD40G8&page=10&pf_rd_p=e5b0c85f-569c-4c90-a58f-0c0a260e45a0&pd_rd_r=c1e8591e-f091-4da5-8604-4635be6844be&pd_rd_w=bM1cA&pd_rd_wg=jgaTh&ref_=pd_gw_unk', 'title': 'Meta Quest 2 — Advanced All-In-One Virtual Reality Headset — 256 GB'}
2022-06-01 15:37:26 [root] DEBUG: Post added to MongoDB
2022-06-01 15:37:26 [scrapy.core.scraper] DEBUG: Scraped from <200 https://www.amazon.com/b?node=16225016011&pf_rd_r=N5TD9AJ5M2MFZYTD40G8&page=10&pf_rd_p=e5b0c85f-569c-4c90-a58f-0c0a260e45a0&pd_rd_r=c1e8591e-f091-4da5-8604-4635be6844be&pd_rd_w=bM1cA&pd_rd_wg=jgaTh&ref_=pd_gw_unk>
{'url': 'https://www.amazon.com/b?node=16225016011&pf_rd_r=N5TD9AJ5M2MFZYTD40G8&page=10&pf_rd_p=e5b0c85f-569c-4c90-a58f-0c0a260e45a0&pd_rd_r=c1e8591e-f091-4da5-8604-4635be6844be&pd_rd_w=bM1cA&pd_rd_wg=jgaTh&ref_=pd_gw_unk', 'title': 'Nintendo Switch Sports - Nintendo Switch'}
2022-06-01 15:37:26 [root] DEBUG: Post added to MongoDB
2022-06-01 15:37:26 [scrapy.core.scraper] DEBUG: Scraped from <200 https://www.amazon.com/b?node=16225016011&pf_rd_r=N5TD9AJ5M2MFZYTD40G8&page=10&pf_rd_p=e5b0c85f-569c-4c90-a58f-0c0a260e45a0&pd_rd_r=c1e8591e-f091-4da5-8604-4635be6844be&pd_rd_w=bM1cA&pd_rd_wg=jgaTh&ref_=pd_gw_unk>
{'url': 'https://www.amazon.com/b?node=16225016011&pf_rd_r=N5TD9AJ5M2MFZYTD40G8&page=10&pf_rd_p=e5b0c85f-569c-4c90-a58f-0c0a260e45a0&pd_rd_r=c1e8591e-f091-4da5-8604-4635be6844be&pd_rd_w=bM1cA&pd_rd_wg=jgaTh&ref_=pd_gw_unk', 'title': 'Xbox Series S'}
2022-06-01 15:37:27 [root] DEBUG: Post added to MongoDB
2022-06-01 15:37:27 [scrapy.core.scraper] DEBUG: Scraped from <200 https://www.amazon.com/b?node=16225016011&pf_rd_r=N5TD9AJ5M2MFZYTD40G8&page=10&pf_rd_p=e5b0c85f-569c-4c90-a58f-0c0a260e45a0&pd_rd_r=c1e8591e-f091-4da5-8604-4635be6844be&pd_rd_w=bM1cA&pd_rd_wg=jgaTh&ref_=pd_gw_unk>
{'url': 'https://www.amazon.com/b?node=16225016011&pf_rd_r=N5TD9AJ5M2MFZYTD40G8&page=10&pf_rd_p=e5b0c85f-569c-4c90-a58f-0c0a260e45a0&pd_rd_r=c1e8591e-f091-4da5-8604-4635be6844be&pd_rd_w=bM1cA&pd_rd_wg=jgaTh&ref_=pd_gw_unk', 'title': 'Nintendo Switch Pro Controller'}
2022-06-01 15:37:27 [root] DEBUG: Post added to MongoDB
2022-06-01 15:37:27 [scrapy.core.scraper] DEBUG: Scraped from <200 https://www.amazon.com/b?node=16225016011&pf_rd_r=N5TD9AJ5M2MFZYTD40G8&page=10&pf_rd_p=e5b0c85f-569c-4c90-a58f-0c0a260e45a0&pd_rd_r=c1e8591e-f091-4da5-8604-4635be6844be&pd_rd_w=bM1cA&pd_rd_wg=jgaTh&ref_=pd_gw_unk>
{'url': 'https://www.amazon.com/b?node=16225016011&pf_rd_r=N5TD9AJ5M2MFZYTD40G8&page=10&pf_rd_p=e5b0c85f-569c-4c90-a58f-0c0a260e45a0&pd_rd_r=c1e8591e-f091-4da5-8604-4635be6844be&pd_rd_w=bM1cA&pd_rd_wg=jgaTh&ref_=pd_gw_unk', 'title': 'PlayStation DualSense Wireless Controller – Galactic Purple'}
2022-06-01 15:37:28 [root] DEBUG: Post added to MongoDB
2022-06-01 15:37:28 [scrapy.core.scraper] DEBUG: Scraped from <200 https://www.amazon.com/b?node=16225016011&pf_rd_r=N5TD9AJ5M2MFZYTD40G8&page=10&pf_rd_p=e5b0c85f-569c-4c90-a58f-0c0a260e45a0&pd_rd_r=c1e8591e-f091-4da5-8604-4635be6844be&pd_rd_w=bM1cA&pd_rd_wg=jgaTh&ref_=pd_gw_unk>
{'url': 'https://www.amazon.com/b?node=16225016011&pf_rd_r=N5TD9AJ5M2MFZYTD40G8&page=10&pf_rd_p=e5b0c85f-569c-4c90-a58f-0c0a260e45a0&pd_rd_r=c1e8591e-f091-4da5-8604-4635be6844be&pd_rd_w=bM1cA&pd_rd_wg=jgaTh&ref_=pd_gw_unk', 'title': 'DualShock 4 Wireless Controller for PlayStation 4 - Jet Black'}
2022-06-01 15:37:28 [root] DEBUG: Post added to MongoDB
2022-06-01 15:37:28 [scrapy.core.scraper] DEBUG: Scraped from <200 https://www.amazon.com/b?node=16225016011&pf_rd_r=N5TD9AJ5M2MFZYTD40G8&page=10&pf_rd_p=e5b0c85f-569c-4c90-a58f-0c0a260e45a0&pd_rd_r=c1e8591e-f091-4da5-8604-4635be6844be&pd_rd_w=bM1cA&pd_rd_wg=jgaTh&ref_=pd_gw_unk>
{'url': 'https://www.amazon.com/b?node=16225016011&pf_rd_r=N5TD9AJ5M2MFZYTD40G8&page=10&pf_rd_p=e5b0c85f-569c-4c90-a58f-0c0a260e45a0&pd_rd_r=c1e8591e-f091-4da5-8604-4635be6844be&pd_rd_w=bM1cA&pd_rd_wg=jgaTh&ref_=pd_gw_unk', 'title': 'Pokémon Legends: Arceus - Nintendo Switch'}
2022-06-01 15:37:29 [root] DEBUG: Post added to MongoDB
2022-06-01 15:37:29 [scrapy.core.scraper] DEBUG: Scraped from <200 https://www.amazon.com/b?node=16225016011&pf_rd_r=N5TD9AJ5M2MFZYTD40G8&page=10&pf_rd_p=e5b0c85f-569c-4c90-a58f-0c0a260e45a0&pd_rd_r=c1e8591e-f091-4da5-8604-4635be6844be&pd_rd_w=bM1cA&pd_rd_wg=jgaTh&ref_=pd_gw_unk>
{'url': 'https://www.amazon.com/b?node=16225016011&pf_rd_r=N5TD9AJ5M2MFZYTD40G8&page=10&pf_rd_p=e5b0c85f-569c-4c90-a58f-0c0a260e45a0&pd_rd_r=c1e8591e-f091-4da5-8604-4635be6844be&pd_rd_w=bM1cA&pd_rd_wg=jgaTh&ref_=pd_gw_unk', 'title': 'Logitech G502 HERO High Performance Wired Gaming Mouse, HERO 25K Sensor, 25,600 DPI, RGB, Adjustable Weights, 11 Programmable Buttons, On-Board Memory, PC / Mac'}
2022-06-01 15:37:29 [root] DEBUG: Post added to MongoDB
2022-06-01 15:37:29 [scrapy.core.scraper] DEBUG: Scraped from <200 https://www.amazon.com/b?node=16225016011&pf_rd_r=N5TD9AJ5M2MFZYTD40G8&page=10&pf_rd_p=e5b0c85f-569c-4c90-a58f-0c0a260e45a0&pd_rd_r=c1e8591e-f091-4da5-8604-4635be6844be&pd_rd_w=bM1cA&pd_rd_wg=jgaTh&ref_=pd_gw_unk>
{'url': 'https://www.amazon.com/b?node=16225016011&pf_rd_r=N5TD9AJ5M2MFZYTD40G8&page=10&pf_rd_p=e5b0c85f-569c-4c90-a58f-0c0a260e45a0&pd_rd_r=c1e8591e-f091-4da5-8604-4635be6844be&pd_rd_w=bM1cA&pd_rd_wg=jgaTh&ref_=pd_gw_unk', 'title': 'Logitech G920 Driving Force Racing Wheel and Floor Pedals, Real Force Feedback, Stainless Steel Paddle Shifters, Leather Steering Wheel Cover for Xbox Series X|S, Xbox One, PC, Mac - Black'}
2022-06-01 15:37:30 [root] DEBUG: Post added to MongoDB
2022-06-01 15:37:30 [scrapy.core.scraper] DEBUG: Scraped from <200 https://www.amazon.com/b?node=16225016011&pf_rd_r=N5TD9AJ5M2MFZYTD40G8&page=10&pf_rd_p=e5b0c85f-569c-4c90-a58f-0c0a260e45a0&pd_rd_r=c1e8591e-f091-4da5-8604-4635be6844be&pd_rd_w=bM1cA&pd_rd_wg=jgaTh&ref_=pd_gw_unk>
{'url': 'https://www.amazon.com/b?node=16225016011&pf_rd_r=N5TD9AJ5M2MFZYTD40G8&page=10&pf_rd_p=e5b0c85f-569c-4c90-a58f-0c0a260e45a0&pd_rd_r=c1e8591e-f091-4da5-8604-4635be6844be&pd_rd_w=bM1cA&pd_rd_wg=jgaTh&ref_=pd_gw_unk', 'title': 'BENGOO G9000 Stereo Gaming Headset for PS4 PC Xbox One PS5 Controller, Noise Cancelling Over Ear Headphones with Mic, LED Light, Bass Surround, Soft Memory Earmuffs for Laptop Mac Nintendo NES Games'}
2022-06-01 15:37:30 [scrapy.core.engine] INFO: Closing spider (finished)
2022-06-01 15:37:30 [scrapy.statscollectors] INFO: Dumping Scrapy stats:
{'downloader/request_bytes': 1496,
 'downloader/request_count': 2,
 'downloader/request_method_count/POST': 2,
 'downloader/response_bytes': 379646,
 'downloader/response_count': 2,
 'downloader/response_status_count/200': 2,
 'elapsed_time_seconds': 22.962157,
 'finish_reason': 'finished',
 'finish_time': datetime.datetime(2022, 6, 1, 14, 37, 30, 289245),
 'item_scraped_count': 12,
 'log_count/DEBUG': 76,
 'log_count/INFO': 10,
 'log_count/WARNING': 2,
 'response_received_count': 2,
 'scheduler/dequeued': 4,
 'scheduler/dequeued/memory': 4,
 'scheduler/enqueued': 4,
 'scheduler/enqueued/memory': 4,
 'splash/render.html/request_count': 2,
 'splash/render.html/response_count/200': 2,
 'start_time': datetime.datetime(2022, 6, 1, 14, 37, 7, 327088)}
2022-06-01 15:37:30 [scrapy.core.engine] INFO: Spider closed (finished)
