2022-05-30 09:21:10 [scrapy.utils.log] INFO: Scrapy 2.5.1 started (bot: genericscrapy)
2022-05-30 09:21:10 [scrapy.utils.log] INFO: Versions: lxml 4.7.1.0, libxml2 2.9.12, cssselect 1.1.0, parsel 1.6.0, w3lib 1.22.0, Twisted 21.7.0, Python 3.8.5 (default, Sep  3 2020, 21:29:08) [MSC v.1916 64 bit (AMD64)], pyOpenSSL 22.0.0 (OpenSSL 1.1.1m  14 Dec 2021), cryptography 36.0.1, Platform Windows-10-10.0.18362-SP0
2022-05-30 09:21:10 [scrapy.utils.log] DEBUG: Using reactor: twisted.internet.asyncioreactor.AsyncioSelectorReactor
2022-05-30 09:21:10 [scrapy.utils.log] DEBUG: Using asyncio event loop: asyncio.windows_events._WindowsSelectorEventLoop
2022-05-30 09:21:10 [scrapy.crawler] INFO: Overridden settings:
{'BOT_NAME': 'genericscrapy',
 'CLOSESPIDER_PAGECOUNT': 1000,
 'DUPEFILTER_CLASS': 'scrapy_splash.SplashAwareDupeFilter',
 'HTTPCACHE_STORAGE': 'scrapy_splash.SplashAwareFSCacheStorage',
 'LOG_FILE': 'logs\\genericscrapy\\scraper\\7190481edff111ecbfa6da7cc8e30322.log',
 'NEWSPIDER_MODULE': 'genericscrapy.spiders',
 'SPIDER_MODULES': ['genericscrapy.spiders'],
 'USER_AGENT': 'Mozilla/5.0 (Windows NT 10.0; Win64; x64) AppleWebKit/537.36 '
               '(KHTML, like Gecko) Chrome/99.0.4844.51 Safari/537.36'}
2022-05-30 09:21:10 [scrapy.extensions.telnet] INFO: Telnet Password: cf7b5be555a4d69d
2022-05-30 09:21:10 [scrapy.middleware] INFO: Enabled extensions:
['scrapy.extensions.corestats.CoreStats',
 'scrapy.extensions.telnet.TelnetConsole',
 'scrapy.extensions.closespider.CloseSpider',
 'scrapy.extensions.logstats.LogStats']
2022-05-30 09:21:10 [scrapy.middleware] INFO: Enabled downloader middlewares:
['scrapy.downloadermiddlewares.httpauth.HttpAuthMiddleware',
 'scrapy.downloadermiddlewares.downloadtimeout.DownloadTimeoutMiddleware',
 'scrapy.downloadermiddlewares.defaultheaders.DefaultHeadersMiddleware',
 'scrapy.downloadermiddlewares.useragent.UserAgentMiddleware',
 'scrapy.downloadermiddlewares.retry.RetryMiddleware',
 'scrapy.downloadermiddlewares.redirect.MetaRefreshMiddleware',
 'scrapy.downloadermiddlewares.redirect.RedirectMiddleware',
 'scrapy.downloadermiddlewares.cookies.CookiesMiddleware',
 'scrapy_splash.SplashCookiesMiddleware',
 'scrapy_splash.SplashMiddleware',
 'scrapy.downloadermiddlewares.httpproxy.HttpProxyMiddleware',
 'scrapy.downloadermiddlewares.httpcompression.HttpCompressionMiddleware',
 'scrapy.downloadermiddlewares.stats.DownloaderStats']
2022-05-30 09:21:10 [scrapy.middleware] INFO: Enabled spider middlewares:
['scrapy.spidermiddlewares.httperror.HttpErrorMiddleware',
 'scrapy_splash.SplashDeduplicateArgsMiddleware',
 'scrapy.spidermiddlewares.offsite.OffsiteMiddleware',
 'scrapy.spidermiddlewares.referer.RefererMiddleware',
 'scrapy.spidermiddlewares.urllength.UrlLengthMiddleware',
 'scrapy.spidermiddlewares.depth.DepthMiddleware']
2022-05-30 09:21:10 [scrapy.middleware] INFO: Enabled item pipelines:
['genericscrapy.pipelines.CardScraperPipeline']
2022-05-30 09:21:10 [scrapy.core.engine] INFO: Spider opened
2022-05-30 09:21:11 [py.warnings] WARNING: c:\users\kalil\scrapy\venv\lib\site-packages\cryptography\x509\base.py:538: CryptographyDeprecationWarning: Parsed a negative serial number, which is disallowed by RFC 5280.
  return rust_x509.load_der_x509_certificate(data)

2022-05-30 09:21:11 [scrapy.extensions.logstats] INFO: Crawled 0 pages (at 0 pages/min), scraped 0 items (at 0 items/min)
2022-05-30 09:21:11 [scrapy.extensions.telnet] INFO: Telnet console listening on 127.0.0.1:6023
2022-05-30 09:21:11 [py.warnings] WARNING: c:\users\kalil\scrapy\venv\lib\site-packages\scrapy_splash\request.py:42: ScrapyDeprecationWarning: Call to deprecated function to_native_str. Use to_unicode instead.
  url = to_native_str(url)

2022-05-30 09:21:11 [pymongo.ocsp_support] DEBUG: Peer did not staple an OCSP response
2022-05-30 09:21:11 [pymongo.ocsp_support] DEBUG: Requesting OCSP data
2022-05-30 09:21:11 [pymongo.ocsp_support] DEBUG: Trying http://r3.o.lencr.org
2022-05-30 09:21:11 [urllib3.connectionpool] DEBUG: Starting new HTTP connection (1): r3.o.lencr.org:80
2022-05-30 09:21:11 [pymongo.ocsp_support] DEBUG: Peer did not staple an OCSP response
2022-05-30 09:21:11 [pymongo.ocsp_support] DEBUG: Requesting OCSP data
2022-05-30 09:21:11 [pymongo.ocsp_support] DEBUG: Trying http://r3.o.lencr.org
2022-05-30 09:21:11 [urllib3.connectionpool] DEBUG: Starting new HTTP connection (1): r3.o.lencr.org:80
2022-05-30 09:21:11 [urllib3.connectionpool] DEBUG: http://r3.o.lencr.org:80 "POST / HTTP/1.1" 200 503
2022-05-30 09:21:11 [pymongo.ocsp_support] DEBUG: OCSP response status: <OCSPResponseStatus.SUCCESSFUL: 0>
2022-05-30 09:21:11 [pymongo.ocsp_support] DEBUG: Verifying response
2022-05-30 09:21:11 [pymongo.ocsp_support] DEBUG: Responder is issuer
2022-05-30 09:21:11 [pymongo.ocsp_support] DEBUG: Caching OCSP response.
2022-05-30 09:21:11 [pymongo.ocsp_support] DEBUG: OCSP cert status: <OCSPCertStatus.GOOD: 0>
2022-05-30 09:21:11 [urllib3.connectionpool] DEBUG: http://r3.o.lencr.org:80 "POST / HTTP/1.1" 200 503
2022-05-30 09:21:11 [pymongo.ocsp_support] DEBUG: OCSP response status: <OCSPResponseStatus.SUCCESSFUL: 0>
2022-05-30 09:21:11 [pymongo.ocsp_support] DEBUG: Verifying response
2022-05-30 09:21:11 [pymongo.ocsp_support] DEBUG: Responder is issuer
2022-05-30 09:21:11 [pymongo.ocsp_support] DEBUG: Caching OCSP response.
2022-05-30 09:21:11 [pymongo.ocsp_support] DEBUG: OCSP cert status: <OCSPCertStatus.GOOD: 0>
2022-05-30 09:21:11 [pymongo.ocsp_support] DEBUG: Peer did not staple an OCSP response
2022-05-30 09:21:11 [pymongo.ocsp_support] DEBUG: Requesting OCSP data
2022-05-30 09:21:11 [pymongo.ocsp_support] DEBUG: Trying http://r3.o.lencr.org
2022-05-30 09:21:11 [pymongo.ocsp_support] DEBUG: Using cached OCSP response.
2022-05-30 09:21:11 [pymongo.ocsp_support] DEBUG: OCSP cert status: <OCSPCertStatus.GOOD: 0>
2022-05-30 09:21:11 [pymongo.ocsp_support] DEBUG: Peer did not staple an OCSP response
2022-05-30 09:21:11 [pymongo.ocsp_support] DEBUG: Requesting OCSP data
2022-05-30 09:21:11 [pymongo.ocsp_support] DEBUG: Trying http://r3.o.lencr.org
2022-05-30 09:21:11 [pymongo.ocsp_support] DEBUG: Using cached OCSP response.
2022-05-30 09:21:11 [pymongo.ocsp_support] DEBUG: OCSP cert status: <OCSPCertStatus.GOOD: 0>
2022-05-30 09:21:11 [pymongo.ocsp_support] DEBUG: Peer did not staple an OCSP response
2022-05-30 09:21:11 [pymongo.ocsp_support] DEBUG: Requesting OCSP data
2022-05-30 09:21:11 [pymongo.ocsp_support] DEBUG: Trying http://r3.o.lencr.org
2022-05-30 09:21:11 [pymongo.ocsp_support] DEBUG: Using cached OCSP response.
2022-05-30 09:21:11 [pymongo.ocsp_support] DEBUG: OCSP cert status: <OCSPCertStatus.GOOD: 0>
2022-05-30 09:21:11 [pymongo.ocsp_support] DEBUG: Peer did not staple an OCSP response
2022-05-30 09:21:11 [pymongo.ocsp_support] DEBUG: Requesting OCSP data
2022-05-30 09:21:11 [pymongo.ocsp_support] DEBUG: Trying http://r3.o.lencr.org
2022-05-30 09:21:11 [pymongo.ocsp_support] DEBUG: Using cached OCSP response.
2022-05-30 09:21:11 [pymongo.ocsp_support] DEBUG: OCSP cert status: <OCSPCertStatus.GOOD: 0>
2022-05-30 09:21:12 [scrapy.core.engine] DEBUG: Crawled (200) <GET https://quotes.toscrape.com/js/ https://scrapinghub.com via http://localhost:8050/render.html> (referer: None)
2022-05-30 09:21:12 [scrapy.core.engine] DEBUG: Crawled (200) <GET https://quotes.toscrape.com/js/page/2/ via http://localhost:8050/render.html> (referer: None)
2022-05-30 09:21:12 [scrapy.core.engine] DEBUG: Crawled (200) <GET https://quotes.toscrape.com/js/ via http://localhost:8050/render.html> (referer: None)
2022-05-30 09:21:12 [pymongo.ocsp_support] DEBUG: Peer did not staple an OCSP response
2022-05-30 09:21:12 [pymongo.ocsp_support] DEBUG: Requesting OCSP data
2022-05-30 09:21:12 [pymongo.ocsp_support] DEBUG: Trying http://r3.o.lencr.org
2022-05-30 09:21:12 [pymongo.ocsp_support] DEBUG: Using cached OCSP response.
2022-05-30 09:21:12 [pymongo.ocsp_support] DEBUG: OCSP cert status: <OCSPCertStatus.GOOD: 0>
2022-05-30 09:21:12 [scrapy.core.scraper] DEBUG: Scraped from <200 https://quotes.toscrape.com/js/page/2/>
None
2022-05-30 09:21:13 [root] DEBUG: Post added to MongoDB
2022-05-30 09:21:13 [scrapy.core.scraper] DEBUG: Scraped from <200 https://quotes.toscrape.com/js/>
{'url': 'https://quotes.toscrape.com/js/', 'Nom': '“The world as we have created it is a process of our thinking. It cannot be changed without changing our thinking.”'}
2022-05-30 09:21:13 [root] DEBUG: Post added to MongoDB
2022-05-30 09:21:13 [scrapy.core.scraper] DEBUG: Scraped from <200 https://quotes.toscrape.com/js/page/2/>
{'url': 'https://quotes.toscrape.com/js/page/2/', 'Nom': '“It takes a great deal of bravery to stand up to our enemies, but just as much to stand up to our friends.”'}
2022-05-30 09:21:13 [root] DEBUG: Post added to MongoDB
2022-05-30 09:21:13 [scrapy.core.scraper] DEBUG: Scraped from <200 https://quotes.toscrape.com/js/>
{'url': 'https://quotes.toscrape.com/js/', 'Nom': '“It is our choices, Harry, that show what we truly are, far more than our abilities.”'}
2022-05-30 09:21:13 [root] DEBUG: Post added to MongoDB
2022-05-30 09:21:13 [scrapy.core.scraper] DEBUG: Scraped from <200 https://quotes.toscrape.com/js/page/2/>
{'url': 'https://quotes.toscrape.com/js/page/2/', 'Nom': "“If you can't explain it to a six year old, you don't understand it yourself.”"}
2022-05-30 09:21:14 [root] DEBUG: Post added to MongoDB
2022-05-30 09:21:14 [scrapy.core.scraper] DEBUG: Scraped from <200 https://quotes.toscrape.com/js/>
{'url': 'https://quotes.toscrape.com/js/', 'Nom': '“There are only two ways to live your life. One is as though nothing is a miracle. The other is as though everything is a miracle.”'}
2022-05-30 09:21:14 [root] DEBUG: Post added to MongoDB
2022-05-30 09:21:14 [scrapy.core.scraper] DEBUG: Scraped from <200 https://quotes.toscrape.com/js/page/2/>
{'url': 'https://quotes.toscrape.com/js/page/2/', 'Nom': "“You may not be her first, her last, or her only. She loved before she may love again. But if she loves you now, what else matters? She's not perfect—you aren't either, and the two of you may never be perfect together but if she can make you laugh, cause you to think twice, and admit to being human and making mistakes, hold onto her and give her the most you can. She may not be thinking about you every second of the day, but she will give you a part of her that she knows you can break—her heart. So don't hurt her, don't change her, don't analyze and don't expect more than she can give. Smile when she makes you happy, let her know when she makes you mad, and miss her when she's not there.”"}
2022-05-30 09:21:14 [root] DEBUG: Post added to MongoDB
2022-05-30 09:21:14 [scrapy.core.scraper] DEBUG: Scraped from <200 https://quotes.toscrape.com/js/>
{'url': 'https://quotes.toscrape.com/js/', 'Nom': '“The person, be it gentleman or lady, who has not pleasure in a good novel, must be intolerably stupid.”'}
2022-05-30 09:21:14 [root] DEBUG: Post added to MongoDB
2022-05-30 09:21:14 [scrapy.core.scraper] DEBUG: Scraped from <200 https://quotes.toscrape.com/js/page/2/>
{'url': 'https://quotes.toscrape.com/js/page/2/', 'Nom': '“I like nonsense, it wakes up the brain cells. Fantasy is a necessary ingredient in living.”'}
2022-05-30 09:21:15 [root] DEBUG: Post added to MongoDB
2022-05-30 09:21:15 [scrapy.core.scraper] DEBUG: Scraped from <200 https://quotes.toscrape.com/js/>
{'url': 'https://quotes.toscrape.com/js/', 'Nom': "“Imperfection is beauty, madness is genius and it's better to be absolutely ridiculous than absolutely boring.”"}
2022-05-30 09:21:15 [root] DEBUG: Post added to MongoDB
2022-05-30 09:21:15 [scrapy.core.scraper] DEBUG: Scraped from <200 https://quotes.toscrape.com/js/page/2/>
{'url': 'https://quotes.toscrape.com/js/page/2/', 'Nom': '“I may not have gone where I intended to go, but I think I have ended up where I needed to be.”'}
2022-05-30 09:21:15 [root] DEBUG: Post added to MongoDB
2022-05-30 09:21:15 [scrapy.core.scraper] DEBUG: Scraped from <200 https://quotes.toscrape.com/js/>
{'url': 'https://quotes.toscrape.com/js/', 'Nom': '“Try not to become a man of success. Rather become a man of value.”'}
2022-05-30 09:21:15 [root] DEBUG: Post added to MongoDB
2022-05-30 09:21:15 [scrapy.core.scraper] DEBUG: Scraped from <200 https://quotes.toscrape.com/js/page/2/>
{'url': 'https://quotes.toscrape.com/js/page/2/', 'Nom': "“The opposite of love is not hate, it's indifference. The opposite of art is not ugliness, it's indifference. The opposite of faith is not heresy, it's indifference. And the opposite of life is not death, it's indifference.”"}
2022-05-30 09:21:16 [root] DEBUG: Post added to MongoDB
2022-05-30 09:21:16 [scrapy.core.scraper] DEBUG: Scraped from <200 https://quotes.toscrape.com/js/>
{'url': 'https://quotes.toscrape.com/js/', 'Nom': '“It is better to be hated for what you are than to be loved for what you are not.”'}
2022-05-30 09:21:16 [root] DEBUG: Post added to MongoDB
2022-05-30 09:21:16 [scrapy.core.scraper] DEBUG: Scraped from <200 https://quotes.toscrape.com/js/page/2/>
{'url': 'https://quotes.toscrape.com/js/page/2/', 'Nom': '“It is not a lack of love, but a lack of friendship that makes unhappy marriages.”'}
2022-05-30 09:21:16 [root] DEBUG: Post added to MongoDB
2022-05-30 09:21:16 [scrapy.core.scraper] DEBUG: Scraped from <200 https://quotes.toscrape.com/js/>
{'url': 'https://quotes.toscrape.com/js/', 'Nom': "“I have not failed. I've just found 10,000 ways that won't work.”"}
2022-05-30 09:21:16 [root] DEBUG: Post added to MongoDB
2022-05-30 09:21:16 [scrapy.core.scraper] DEBUG: Scraped from <200 https://quotes.toscrape.com/js/page/2/>
{'url': 'https://quotes.toscrape.com/js/page/2/', 'Nom': '“Good friends, good books, and a sleepy conscience: this is the ideal life.”'}
2022-05-30 09:21:16 [root] DEBUG: Post added to MongoDB
2022-05-30 09:21:16 [scrapy.core.scraper] DEBUG: Scraped from <200 https://quotes.toscrape.com/js/>
{'url': 'https://quotes.toscrape.com/js/', 'Nom': "“A woman is like a tea bag; you never know how strong it is until it's in hot water.”"}
2022-05-30 09:21:17 [root] DEBUG: Post added to MongoDB
2022-05-30 09:21:17 [scrapy.core.scraper] DEBUG: Scraped from <200 https://quotes.toscrape.com/js/page/2/>
{'url': 'https://quotes.toscrape.com/js/page/2/', 'Nom': '“Life is what happens to us while we are making other plans.”'}
2022-05-30 09:21:17 [root] DEBUG: Post added to MongoDB
2022-05-30 09:21:17 [scrapy.core.scraper] DEBUG: Scraped from <200 https://quotes.toscrape.com/js/>
{'url': 'https://quotes.toscrape.com/js/', 'Nom': '“A day without sunshine is like, you know, night.”'}
2022-05-30 09:21:17 [scrapy.core.engine] INFO: Closing spider (finished)
2022-05-30 09:21:17 [scrapy.statscollectors] INFO: Dumping Scrapy stats:
{'downloader/request_bytes': 2017,
 'downloader/request_count': 3,
 'downloader/request_method_count/POST': 3,
 'downloader/response_bytes': 22521,
 'downloader/response_count': 3,
 'downloader/response_status_count/200': 3,
 'elapsed_time_seconds': 6.46099,
 'finish_reason': 'finished',
 'finish_time': datetime.datetime(2022, 5, 30, 8, 21, 17, 555160),
 'item_scraped_count': 20,
 'log_count/DEBUG': 87,
 'log_count/INFO': 10,
 'log_count/WARNING': 2,
 'response_received_count': 3,
 'scheduler/dequeued': 6,
 'scheduler/dequeued/memory': 6,
 'scheduler/enqueued': 6,
 'scheduler/enqueued/memory': 6,
 'splash/render.html/request_count': 3,
 'splash/render.html/response_count/200': 3,
 'start_time': datetime.datetime(2022, 5, 30, 8, 21, 11, 94170)}
2022-05-30 09:21:17 [scrapy.core.engine] INFO: Spider closed (finished)
