2022-06-18 10:03:24 [scrapy.utils.log] INFO: Scrapy 2.5.1 started (bot: genericscrapy)
2022-06-18 10:03:24 [scrapy.utils.log] INFO: Versions: lxml 4.7.1.0, libxml2 2.9.12, cssselect 1.1.0, parsel 1.6.0, w3lib 1.22.0, Twisted 21.7.0, Python 3.8.5 (default, Sep  3 2020, 21:29:08) [MSC v.1916 64 bit (AMD64)], pyOpenSSL 22.0.0 (OpenSSL 1.1.1m  14 Dec 2021), cryptography 36.0.1, Platform Windows-10-10.0.18362-SP0
2022-06-18 10:03:24 [scrapy.utils.log] DEBUG: Using reactor: twisted.internet.asyncioreactor.AsyncioSelectorReactor
2022-06-18 10:03:24 [scrapy.utils.log] DEBUG: Using asyncio event loop: asyncio.windows_events._WindowsSelectorEventLoop
2022-06-18 10:03:24 [scrapy.crawler] INFO: Overridden settings:
{'BOT_NAME': 'genericscrapy',
 'CLOSESPIDER_PAGECOUNT': 1000,
 'DOWNLOAD_DELAY': 10,
 'DUPEFILTER_CLASS': 'scrapy_splash.SplashAwareDupeFilter',
 'HTTPCACHE_STORAGE': 'scrapy_splash.SplashAwareFSCacheStorage',
 'LOG_FILE': 'logs\\genericscrapy\\scraper\\7dda5c57eee511ecaa6485605579f6a4.log',
 'NEWSPIDER_MODULE': 'genericscrapy.spiders',
 'SPIDER_MODULES': ['genericscrapy.spiders'],
 'USER_AGENT': 'Mozilla/5.0 (Windows NT 10.0; Win64; x64) AppleWebKit/537.36 '
               '(KHTML, like Gecko) Chrome/99.0.4844.51 Safari/537.36'}
2022-06-18 10:03:24 [scrapy.extensions.telnet] INFO: Telnet Password: 1974c17ccae84220
2022-06-18 10:03:24 [scrapy.middleware] INFO: Enabled extensions:
['scrapy.extensions.corestats.CoreStats',
 'scrapy.extensions.telnet.TelnetConsole',
 'scrapy.extensions.closespider.CloseSpider',
 'scrapy.extensions.logstats.LogStats']
2022-06-18 10:03:24 [scrapy.middleware] INFO: Enabled downloader middlewares:
['scrapy.downloadermiddlewares.httpauth.HttpAuthMiddleware',
 'scrapy.downloadermiddlewares.downloadtimeout.DownloadTimeoutMiddleware',
 'scrapy.downloadermiddlewares.defaultheaders.DefaultHeadersMiddleware',
 'scrapy.downloadermiddlewares.useragent.UserAgentMiddleware',
 'scrapy.downloadermiddlewares.retry.RetryMiddleware',
 'scrapy.downloadermiddlewares.redirect.MetaRefreshMiddleware',
 'scrapy.downloadermiddlewares.redirect.RedirectMiddleware',
 'scrapy.downloadermiddlewares.cookies.CookiesMiddleware',
 'scrapy_splash.SplashCookiesMiddleware',
 'scrapy_splash.SplashMiddleware',
 'scrapy.downloadermiddlewares.httpproxy.HttpProxyMiddleware',
 'scrapy.downloadermiddlewares.httpcompression.HttpCompressionMiddleware',
 'scrapy.downloadermiddlewares.stats.DownloaderStats']
2022-06-18 10:03:24 [scrapy.middleware] INFO: Enabled spider middlewares:
['scrapy.spidermiddlewares.httperror.HttpErrorMiddleware',
 'scrapy_splash.SplashDeduplicateArgsMiddleware',
 'scrapy.spidermiddlewares.offsite.OffsiteMiddleware',
 'scrapy.spidermiddlewares.referer.RefererMiddleware',
 'scrapy.spidermiddlewares.urllength.UrlLengthMiddleware',
 'scrapy.spidermiddlewares.depth.DepthMiddleware']
2022-06-18 10:03:25 [scrapy.middleware] INFO: Enabled item pipelines:
['genericscrapy.pipelines.CardScraperPipeline']
2022-06-18 10:03:25 [scrapy.core.engine] INFO: Spider opened
2022-06-18 10:03:25 [py.warnings] WARNING: c:\users\kalil\scrapy\venv\lib\site-packages\cryptography\x509\base.py:538: CryptographyDeprecationWarning: Parsed a negative serial number, which is disallowed by RFC 5280.
  return rust_x509.load_der_x509_certificate(data)

2022-06-18 10:03:25 [scrapy.extensions.logstats] INFO: Crawled 0 pages (at 0 pages/min), scraped 0 items (at 0 items/min)
2022-06-18 10:03:25 [scrapy.extensions.telnet] INFO: Telnet console listening on 127.0.0.1:6023
2022-06-18 10:03:25 [py.warnings] WARNING: c:\users\kalil\scrapy\venv\lib\site-packages\scrapy_splash\request.py:42: ScrapyDeprecationWarning: Call to deprecated function to_native_str. Use to_unicode instead.
  url = to_native_str(url)

2022-06-18 10:03:26 [pymongo.ocsp_support] DEBUG: Peer did not staple an OCSP response
2022-06-18 10:03:26 [pymongo.ocsp_support] DEBUG: Requesting OCSP data
2022-06-18 10:03:26 [pymongo.ocsp_support] DEBUG: Trying http://r3.o.lencr.org
2022-06-18 10:03:26 [pymongo.ocsp_support] DEBUG: Peer did not staple an OCSP response
2022-06-18 10:03:26 [pymongo.ocsp_support] DEBUG: Peer did not staple an OCSP response
2022-06-18 10:03:26 [pymongo.ocsp_support] DEBUG: Requesting OCSP data
2022-06-18 10:03:26 [pymongo.ocsp_support] DEBUG: Requesting OCSP data
2022-06-18 10:03:26 [pymongo.ocsp_support] DEBUG: Trying http://r3.o.lencr.org
2022-06-18 10:03:26 [pymongo.ocsp_support] DEBUG: Trying http://r3.o.lencr.org
2022-06-18 10:03:26 [urllib3.connectionpool] DEBUG: Starting new HTTP connection (1): r3.o.lencr.org:80
2022-06-18 10:03:26 [urllib3.connectionpool] DEBUG: Starting new HTTP connection (1): r3.o.lencr.org:80
2022-06-18 10:03:26 [urllib3.connectionpool] DEBUG: Starting new HTTP connection (1): r3.o.lencr.org:80
2022-06-18 10:03:26 [urllib3.connectionpool] DEBUG: http://r3.o.lencr.org:80 "POST / HTTP/1.1" 200 503
2022-06-18 10:03:26 [pymongo.ocsp_support] DEBUG: OCSP response status: <OCSPResponseStatus.SUCCESSFUL: 0>
2022-06-18 10:03:26 [pymongo.ocsp_support] DEBUG: Verifying response
2022-06-18 10:03:26 [pymongo.ocsp_support] DEBUG: Responder is issuer
2022-06-18 10:03:26 [pymongo.ocsp_support] DEBUG: Caching OCSP response.
2022-06-18 10:03:26 [pymongo.ocsp_support] DEBUG: OCSP cert status: <OCSPCertStatus.GOOD: 0>
2022-06-18 10:03:26 [urllib3.connectionpool] DEBUG: http://r3.o.lencr.org:80 "POST / HTTP/1.1" 200 503
2022-06-18 10:03:26 [urllib3.connectionpool] DEBUG: http://r3.o.lencr.org:80 "POST / HTTP/1.1" 200 503
2022-06-18 10:03:26 [pymongo.ocsp_support] DEBUG: OCSP response status: <OCSPResponseStatus.SUCCESSFUL: 0>
2022-06-18 10:03:26 [pymongo.ocsp_support] DEBUG: Verifying response
2022-06-18 10:03:26 [pymongo.ocsp_support] DEBUG: OCSP response status: <OCSPResponseStatus.SUCCESSFUL: 0>
2022-06-18 10:03:26 [pymongo.ocsp_support] DEBUG: Responder is issuer
2022-06-18 10:03:26 [pymongo.ocsp_support] DEBUG: Verifying response
2022-06-18 10:03:26 [pymongo.ocsp_support] DEBUG: Responder is issuer
2022-06-18 10:03:26 [pymongo.ocsp_support] DEBUG: Caching OCSP response.
2022-06-18 10:03:26 [pymongo.ocsp_support] DEBUG: OCSP cert status: <OCSPCertStatus.GOOD: 0>
2022-06-18 10:03:26 [pymongo.ocsp_support] DEBUG: Caching OCSP response.
2022-06-18 10:03:26 [pymongo.ocsp_support] DEBUG: OCSP cert status: <OCSPCertStatus.GOOD: 0>
2022-06-18 10:03:26 [pymongo.ocsp_support] DEBUG: Peer did not staple an OCSP response
2022-06-18 10:03:26 [pymongo.ocsp_support] DEBUG: Requesting OCSP data
2022-06-18 10:03:26 [pymongo.ocsp_support] DEBUG: Trying http://r3.o.lencr.org
2022-06-18 10:03:26 [pymongo.ocsp_support] DEBUG: Using cached OCSP response.
2022-06-18 10:03:26 [pymongo.ocsp_support] DEBUG: OCSP cert status: <OCSPCertStatus.GOOD: 0>
2022-06-18 10:03:26 [pymongo.ocsp_support] DEBUG: Peer did not staple an OCSP response
2022-06-18 10:03:26 [pymongo.ocsp_support] DEBUG: Requesting OCSP data
2022-06-18 10:03:26 [pymongo.ocsp_support] DEBUG: Trying http://r3.o.lencr.org
2022-06-18 10:03:26 [pymongo.ocsp_support] DEBUG: Using cached OCSP response.
2022-06-18 10:03:26 [pymongo.ocsp_support] DEBUG: OCSP cert status: <OCSPCertStatus.GOOD: 0>
2022-06-18 10:03:26 [pymongo.ocsp_support] DEBUG: Peer did not staple an OCSP response
2022-06-18 10:03:26 [pymongo.ocsp_support] DEBUG: Requesting OCSP data
2022-06-18 10:03:26 [pymongo.ocsp_support] DEBUG: Trying http://r3.o.lencr.org
2022-06-18 10:03:26 [pymongo.ocsp_support] DEBUG: Using cached OCSP response.
2022-06-18 10:03:26 [pymongo.ocsp_support] DEBUG: OCSP cert status: <OCSPCertStatus.GOOD: 0>
2022-06-18 10:03:27 [scrapy.core.engine] DEBUG: Crawled (200) <GET https://www.dogdog.com via http://localhost:8050/render.html> (referer: None)
2022-06-18 10:03:29 [scrapy.core.engine] DEBUG: Crawled (200) <GET https://www.amazon.com/b?node=16225016011&pf_rd_r=N5TD9AJ5M2MFZYTD40G8&pf_rd_p=e5b0c85f-569c-4c90-a58f-0c0a260e45a0&pd_rd_r=c1e8591e-f091-4da5-8604-4635be6844be&pd_rd_w=bM1cA&pd_rd_wg=jgaTh&ref_=pd_gw_unk via http://localhost:8050/render.html> (referer: None)
2022-06-18 10:03:30 [pymongo.ocsp_support] DEBUG: Peer did not staple an OCSP response
2022-06-18 10:03:30 [pymongo.ocsp_support] DEBUG: Requesting OCSP data
2022-06-18 10:03:30 [pymongo.ocsp_support] DEBUG: Trying http://r3.o.lencr.org
2022-06-18 10:03:30 [pymongo.ocsp_support] DEBUG: Using cached OCSP response.
2022-06-18 10:03:30 [pymongo.ocsp_support] DEBUG: OCSP cert status: <OCSPCertStatus.GOOD: 0>
2022-06-18 10:03:31 [root] DEBUG: Post added to MongoDB
2022-06-18 10:03:31 [scrapy.core.scraper] DEBUG: Scraped from <200 https://www.amazon.com/b?node=16225016011&pf_rd_r=N5TD9AJ5M2MFZYTD40G8&pf_rd_p=e5b0c85f-569c-4c90-a58f-0c0a260e45a0&pd_rd_r=c1e8591e-f091-4da5-8604-4635be6844be&pd_rd_w=bM1cA&pd_rd_wg=jgaTh&ref_=pd_gw_unk>
{'url': 'https://www.amazon.com/b?node=16225016011&pf_rd_r=N5TD9AJ5M2MFZYTD40G8&pf_rd_p=e5b0c85f-569c-4c90-a58f-0c0a260e45a0&pd_rd_r=c1e8591e-f091-4da5-8604-4635be6844be&pd_rd_w=bM1cA&pd_rd_wg=jgaTh&ref_=pd_gw_unk', 'title': 'Meta Quest 2 — Advanced All-In-One Virtual Reality Headset — 128 GB'}
2022-06-18 10:03:31 [root] DEBUG: Post added to MongoDB
2022-06-18 10:03:31 [scrapy.core.scraper] DEBUG: Scraped from <200 https://www.amazon.com/b?node=16225016011&pf_rd_r=N5TD9AJ5M2MFZYTD40G8&pf_rd_p=e5b0c85f-569c-4c90-a58f-0c0a260e45a0&pd_rd_r=c1e8591e-f091-4da5-8604-4635be6844be&pd_rd_w=bM1cA&pd_rd_wg=jgaTh&ref_=pd_gw_unk>
{'url': 'https://www.amazon.com/b?node=16225016011&pf_rd_r=N5TD9AJ5M2MFZYTD40G8&pf_rd_p=e5b0c85f-569c-4c90-a58f-0c0a260e45a0&pd_rd_r=c1e8591e-f091-4da5-8604-4635be6844be&pd_rd_w=bM1cA&pd_rd_wg=jgaTh&ref_=pd_gw_unk', 'title': 'Nintendo Switch with Neon Blue and Neon Red Joy‑Con'}
2022-06-18 10:03:32 [root] DEBUG: Post added to MongoDB
2022-06-18 10:03:32 [scrapy.core.scraper] DEBUG: Scraped from <200 https://www.amazon.com/b?node=16225016011&pf_rd_r=N5TD9AJ5M2MFZYTD40G8&pf_rd_p=e5b0c85f-569c-4c90-a58f-0c0a260e45a0&pd_rd_r=c1e8591e-f091-4da5-8604-4635be6844be&pd_rd_w=bM1cA&pd_rd_wg=jgaTh&ref_=pd_gw_unk>
{'url': 'https://www.amazon.com/b?node=16225016011&pf_rd_r=N5TD9AJ5M2MFZYTD40G8&pf_rd_p=e5b0c85f-569c-4c90-a58f-0c0a260e45a0&pd_rd_r=c1e8591e-f091-4da5-8604-4635be6844be&pd_rd_w=bM1cA&pd_rd_wg=jgaTh&ref_=pd_gw_unk', 'title': 'PlayStation 5 Console'}
2022-06-18 10:03:33 [root] DEBUG: Post added to MongoDB
2022-06-18 10:03:33 [scrapy.core.scraper] DEBUG: Scraped from <200 https://www.amazon.com/b?node=16225016011&pf_rd_r=N5TD9AJ5M2MFZYTD40G8&pf_rd_p=e5b0c85f-569c-4c90-a58f-0c0a260e45a0&pd_rd_r=c1e8591e-f091-4da5-8604-4635be6844be&pd_rd_w=bM1cA&pd_rd_wg=jgaTh&ref_=pd_gw_unk>
{'url': 'https://www.amazon.com/b?node=16225016011&pf_rd_r=N5TD9AJ5M2MFZYTD40G8&pf_rd_p=e5b0c85f-569c-4c90-a58f-0c0a260e45a0&pd_rd_r=c1e8591e-f091-4da5-8604-4635be6844be&pd_rd_w=bM1cA&pd_rd_wg=jgaTh&ref_=pd_gw_unk', 'title': 'Xbox Series S'}
2022-06-18 10:03:34 [root] DEBUG: Post added to MongoDB
2022-06-18 10:03:34 [scrapy.core.scraper] DEBUG: Scraped from <200 https://www.amazon.com/b?node=16225016011&pf_rd_r=N5TD9AJ5M2MFZYTD40G8&pf_rd_p=e5b0c85f-569c-4c90-a58f-0c0a260e45a0&pd_rd_r=c1e8591e-f091-4da5-8604-4635be6844be&pd_rd_w=bM1cA&pd_rd_wg=jgaTh&ref_=pd_gw_unk>
{'url': 'https://www.amazon.com/b?node=16225016011&pf_rd_r=N5TD9AJ5M2MFZYTD40G8&pf_rd_p=e5b0c85f-569c-4c90-a58f-0c0a260e45a0&pd_rd_r=c1e8591e-f091-4da5-8604-4635be6844be&pd_rd_w=bM1cA&pd_rd_wg=jgaTh&ref_=pd_gw_unk', 'title': 'Meta Quest 2 — Advanced All-In-One Virtual Reality Headset — 256 GB'}
2022-06-18 10:03:34 [root] DEBUG: Post added to MongoDB
2022-06-18 10:03:34 [scrapy.core.scraper] DEBUG: Scraped from <200 https://www.amazon.com/b?node=16225016011&pf_rd_r=N5TD9AJ5M2MFZYTD40G8&pf_rd_p=e5b0c85f-569c-4c90-a58f-0c0a260e45a0&pd_rd_r=c1e8591e-f091-4da5-8604-4635be6844be&pd_rd_w=bM1cA&pd_rd_wg=jgaTh&ref_=pd_gw_unk>
{'url': 'https://www.amazon.com/b?node=16225016011&pf_rd_r=N5TD9AJ5M2MFZYTD40G8&pf_rd_p=e5b0c85f-569c-4c90-a58f-0c0a260e45a0&pd_rd_r=c1e8591e-f091-4da5-8604-4635be6844be&pd_rd_w=bM1cA&pd_rd_wg=jgaTh&ref_=pd_gw_unk', 'title': "Teenage Mutant Ninja Turtles: Shredder's Revenge - Nintendo Switch"}
2022-06-18 10:03:35 [root] DEBUG: Post added to MongoDB
2022-06-18 10:03:35 [scrapy.core.scraper] DEBUG: Scraped from <200 https://www.amazon.com/b?node=16225016011&pf_rd_r=N5TD9AJ5M2MFZYTD40G8&pf_rd_p=e5b0c85f-569c-4c90-a58f-0c0a260e45a0&pd_rd_r=c1e8591e-f091-4da5-8604-4635be6844be&pd_rd_w=bM1cA&pd_rd_wg=jgaTh&ref_=pd_gw_unk>
{'url': 'https://www.amazon.com/b?node=16225016011&pf_rd_r=N5TD9AJ5M2MFZYTD40G8&pf_rd_p=e5b0c85f-569c-4c90-a58f-0c0a260e45a0&pd_rd_r=c1e8591e-f091-4da5-8604-4635be6844be&pd_rd_w=bM1cA&pd_rd_wg=jgaTh&ref_=pd_gw_unk', 'title': 'Nintendo Switch Sports - Nintendo Switch'}
2022-06-18 10:03:36 [root] DEBUG: Post added to MongoDB
2022-06-18 10:03:36 [scrapy.core.scraper] DEBUG: Scraped from <200 https://www.amazon.com/b?node=16225016011&pf_rd_r=N5TD9AJ5M2MFZYTD40G8&pf_rd_p=e5b0c85f-569c-4c90-a58f-0c0a260e45a0&pd_rd_r=c1e8591e-f091-4da5-8604-4635be6844be&pd_rd_w=bM1cA&pd_rd_wg=jgaTh&ref_=pd_gw_unk>
{'url': 'https://www.amazon.com/b?node=16225016011&pf_rd_r=N5TD9AJ5M2MFZYTD40G8&pf_rd_p=e5b0c85f-569c-4c90-a58f-0c0a260e45a0&pd_rd_r=c1e8591e-f091-4da5-8604-4635be6844be&pd_rd_w=bM1cA&pd_rd_wg=jgaTh&ref_=pd_gw_unk', 'title': 'Mario Strikers: Battle League - Nintendo Switch'}
2022-06-18 10:03:37 [root] DEBUG: Post added to MongoDB
2022-06-18 10:03:37 [scrapy.core.scraper] DEBUG: Scraped from <200 https://www.amazon.com/b?node=16225016011&pf_rd_r=N5TD9AJ5M2MFZYTD40G8&pf_rd_p=e5b0c85f-569c-4c90-a58f-0c0a260e45a0&pd_rd_r=c1e8591e-f091-4da5-8604-4635be6844be&pd_rd_w=bM1cA&pd_rd_wg=jgaTh&ref_=pd_gw_unk>
{'url': 'https://www.amazon.com/b?node=16225016011&pf_rd_r=N5TD9AJ5M2MFZYTD40G8&pf_rd_p=e5b0c85f-569c-4c90-a58f-0c0a260e45a0&pd_rd_r=c1e8591e-f091-4da5-8604-4635be6844be&pd_rd_w=bM1cA&pd_rd_wg=jgaTh&ref_=pd_gw_unk', 'title': 'Nintendo Switch – OLED Model w/ White Joy-Con'}
2022-06-18 10:03:37 [root] DEBUG: Post added to MongoDB
2022-06-18 10:03:37 [scrapy.core.scraper] DEBUG: Scraped from <200 https://www.amazon.com/b?node=16225016011&pf_rd_r=N5TD9AJ5M2MFZYTD40G8&pf_rd_p=e5b0c85f-569c-4c90-a58f-0c0a260e45a0&pd_rd_r=c1e8591e-f091-4da5-8604-4635be6844be&pd_rd_w=bM1cA&pd_rd_wg=jgaTh&ref_=pd_gw_unk>
{'url': 'https://www.amazon.com/b?node=16225016011&pf_rd_r=N5TD9AJ5M2MFZYTD40G8&pf_rd_p=e5b0c85f-569c-4c90-a58f-0c0a260e45a0&pd_rd_r=c1e8591e-f091-4da5-8604-4635be6844be&pd_rd_w=bM1cA&pd_rd_wg=jgaTh&ref_=pd_gw_unk', 'title': 'Kirby and the Forgotten Land - Nintendo Switch'}
2022-06-18 10:03:38 [root] DEBUG: Post added to MongoDB
2022-06-18 10:03:38 [scrapy.core.scraper] DEBUG: Scraped from <200 https://www.amazon.com/b?node=16225016011&pf_rd_r=N5TD9AJ5M2MFZYTD40G8&pf_rd_p=e5b0c85f-569c-4c90-a58f-0c0a260e45a0&pd_rd_r=c1e8591e-f091-4da5-8604-4635be6844be&pd_rd_w=bM1cA&pd_rd_wg=jgaTh&ref_=pd_gw_unk>
{'url': 'https://www.amazon.com/b?node=16225016011&pf_rd_r=N5TD9AJ5M2MFZYTD40G8&pf_rd_p=e5b0c85f-569c-4c90-a58f-0c0a260e45a0&pd_rd_r=c1e8591e-f091-4da5-8604-4635be6844be&pd_rd_w=bM1cA&pd_rd_wg=jgaTh&ref_=pd_gw_unk', 'title': 'Pokémon Legends: Arceus - Nintendo Switch'}
2022-06-18 10:03:38 [root] DEBUG: Post added to MongoDB
2022-06-18 10:03:38 [scrapy.core.scraper] DEBUG: Scraped from <200 https://www.amazon.com/b?node=16225016011&pf_rd_r=N5TD9AJ5M2MFZYTD40G8&pf_rd_p=e5b0c85f-569c-4c90-a58f-0c0a260e45a0&pd_rd_r=c1e8591e-f091-4da5-8604-4635be6844be&pd_rd_w=bM1cA&pd_rd_wg=jgaTh&ref_=pd_gw_unk>
{'url': 'https://www.amazon.com/b?node=16225016011&pf_rd_r=N5TD9AJ5M2MFZYTD40G8&pf_rd_p=e5b0c85f-569c-4c90-a58f-0c0a260e45a0&pd_rd_r=c1e8591e-f091-4da5-8604-4635be6844be&pd_rd_w=bM1cA&pd_rd_wg=jgaTh&ref_=pd_gw_unk', 'title': 'PlayStation DualSense Wireless Controller – Galactic Purple'}
2022-06-18 10:03:38 [scrapy.core.engine] INFO: Closing spider (finished)
2022-06-18 10:03:39 [scrapy.statscollectors] INFO: Dumping Scrapy stats:
{'downloader/request_bytes': 1488,
 'downloader/request_count': 2,
 'downloader/request_method_count/POST': 2,
 'downloader/response_bytes': 372131,
 'downloader/response_count': 2,
 'downloader/response_status_count/200': 2,
 'elapsed_time_seconds': 13.189818,
 'finish_reason': 'finished',
 'finish_time': datetime.datetime(2022, 6, 18, 9, 3, 39, 28927),
 'item_scraped_count': 12,
 'log_count/DEBUG': 76,
 'log_count/INFO': 10,
 'log_count/WARNING': 2,
 'response_received_count': 2,
 'scheduler/dequeued': 4,
 'scheduler/dequeued/memory': 4,
 'scheduler/enqueued': 4,
 'scheduler/enqueued/memory': 4,
 'splash/render.html/request_count': 2,
 'splash/render.html/response_count/200': 2,
 'start_time': datetime.datetime(2022, 6, 18, 9, 3, 25, 839109)}
2022-06-18 10:03:39 [scrapy.core.engine] INFO: Spider closed (finished)
