2022-06-02 08:50:04 [scrapy.utils.log] INFO: Scrapy 2.5.1 started (bot: genericscrapy)
2022-06-02 08:50:04 [scrapy.utils.log] INFO: Versions: lxml 4.7.1.0, libxml2 2.9.12, cssselect 1.1.0, parsel 1.6.0, w3lib 1.22.0, Twisted 21.7.0, Python 3.8.5 (default, Sep  3 2020, 21:29:08) [MSC v.1916 64 bit (AMD64)], pyOpenSSL 22.0.0 (OpenSSL 1.1.1m  14 Dec 2021), cryptography 36.0.1, Platform Windows-10-10.0.18362-SP0
2022-06-02 08:50:04 [scrapy.utils.log] DEBUG: Using reactor: twisted.internet.asyncioreactor.AsyncioSelectorReactor
2022-06-02 08:50:04 [scrapy.utils.log] DEBUG: Using asyncio event loop: asyncio.windows_events._WindowsSelectorEventLoop
2022-06-02 08:50:04 [scrapy.crawler] INFO: Overridden settings:
{'BOT_NAME': 'genericscrapy',
 'CLOSESPIDER_PAGECOUNT': 1000,
 'DOWNLOAD_DELAY': 10,
 'DUPEFILTER_CLASS': 'scrapy_splash.SplashAwareDupeFilter',
 'HTTPCACHE_STORAGE': 'scrapy_splash.SplashAwareFSCacheStorage',
 'LOG_FILE': 'logs\\genericscrapy\\scraper\\9826e234e24811ecb13ab016fbc02aad.log',
 'NEWSPIDER_MODULE': 'genericscrapy.spiders',
 'SPIDER_MODULES': ['genericscrapy.spiders'],
 'USER_AGENT': 'Mozilla/5.0 (Windows NT 10.0; Win64; x64) AppleWebKit/537.36 '
               '(KHTML, like Gecko) Chrome/99.0.4844.51 Safari/537.36'}
2022-06-02 08:50:04 [scrapy.extensions.telnet] INFO: Telnet Password: c6980054c58fd277
2022-06-02 08:50:04 [scrapy.middleware] INFO: Enabled extensions:
['scrapy.extensions.corestats.CoreStats',
 'scrapy.extensions.telnet.TelnetConsole',
 'scrapy.extensions.closespider.CloseSpider',
 'scrapy.extensions.logstats.LogStats']
2022-06-02 08:50:04 [scrapy.middleware] INFO: Enabled downloader middlewares:
['scrapy.downloadermiddlewares.httpauth.HttpAuthMiddleware',
 'scrapy.downloadermiddlewares.downloadtimeout.DownloadTimeoutMiddleware',
 'scrapy.downloadermiddlewares.defaultheaders.DefaultHeadersMiddleware',
 'scrapy.downloadermiddlewares.useragent.UserAgentMiddleware',
 'scrapy.downloadermiddlewares.retry.RetryMiddleware',
 'scrapy.downloadermiddlewares.redirect.MetaRefreshMiddleware',
 'scrapy.downloadermiddlewares.redirect.RedirectMiddleware',
 'scrapy.downloadermiddlewares.cookies.CookiesMiddleware',
 'scrapy_splash.SplashCookiesMiddleware',
 'scrapy_splash.SplashMiddleware',
 'scrapy.downloadermiddlewares.httpproxy.HttpProxyMiddleware',
 'scrapy.downloadermiddlewares.httpcompression.HttpCompressionMiddleware',
 'scrapy.downloadermiddlewares.stats.DownloaderStats']
2022-06-02 08:50:04 [scrapy.middleware] INFO: Enabled spider middlewares:
['scrapy.spidermiddlewares.httperror.HttpErrorMiddleware',
 'scrapy_splash.SplashDeduplicateArgsMiddleware',
 'scrapy.spidermiddlewares.offsite.OffsiteMiddleware',
 'scrapy.spidermiddlewares.referer.RefererMiddleware',
 'scrapy.spidermiddlewares.urllength.UrlLengthMiddleware',
 'scrapy.spidermiddlewares.depth.DepthMiddleware']
2022-06-02 08:50:05 [scrapy.middleware] INFO: Enabled item pipelines:
['genericscrapy.pipelines.CardScraperPipeline']
2022-06-02 08:50:05 [scrapy.core.engine] INFO: Spider opened
2022-06-02 08:50:05 [py.warnings] WARNING: c:\users\kalil\scrapy\venv\lib\site-packages\cryptography\x509\base.py:538: CryptographyDeprecationWarning: Parsed a negative serial number, which is disallowed by RFC 5280.
  return rust_x509.load_der_x509_certificate(data)

2022-06-02 08:50:05 [scrapy.extensions.logstats] INFO: Crawled 0 pages (at 0 pages/min), scraped 0 items (at 0 items/min)
2022-06-02 08:50:05 [scrapy.extensions.telnet] INFO: Telnet console listening on 127.0.0.1:6024
2022-06-02 08:50:05 [py.warnings] WARNING: c:\users\kalil\scrapy\venv\lib\site-packages\scrapy_splash\request.py:42: ScrapyDeprecationWarning: Call to deprecated function to_native_str. Use to_unicode instead.
  url = to_native_str(url)

2022-06-02 08:50:06 [pymongo.ocsp_support] DEBUG: Peer did not staple an OCSP response
2022-06-02 08:50:06 [pymongo.ocsp_support] DEBUG: Requesting OCSP data
2022-06-02 08:50:06 [pymongo.ocsp_support] DEBUG: Trying http://r3.o.lencr.org
2022-06-02 08:50:06 [urllib3.connectionpool] DEBUG: Starting new HTTP connection (1): r3.o.lencr.org:80
2022-06-02 08:50:06 [pymongo.ocsp_support] DEBUG: Peer did not staple an OCSP response
2022-06-02 08:50:06 [pymongo.ocsp_support] DEBUG: Requesting OCSP data
2022-06-02 08:50:06 [pymongo.ocsp_support] DEBUG: Trying http://r3.o.lencr.org
2022-06-02 08:50:06 [urllib3.connectionpool] DEBUG: Starting new HTTP connection (1): r3.o.lencr.org:80
2022-06-02 08:50:06 [urllib3.connectionpool] DEBUG: http://r3.o.lencr.org:80 "POST / HTTP/1.1" 200 503
2022-06-02 08:50:06 [urllib3.connectionpool] DEBUG: http://r3.o.lencr.org:80 "POST / HTTP/1.1" 200 503
2022-06-02 08:50:06 [pymongo.ocsp_support] DEBUG: OCSP response status: <OCSPResponseStatus.SUCCESSFUL: 0>
2022-06-02 08:50:06 [pymongo.ocsp_support] DEBUG: OCSP response status: <OCSPResponseStatus.SUCCESSFUL: 0>
2022-06-02 08:50:06 [pymongo.ocsp_support] DEBUG: Verifying response
2022-06-02 08:50:06 [pymongo.ocsp_support] DEBUG: Verifying response
2022-06-02 08:50:06 [pymongo.ocsp_support] DEBUG: Responder is issuer
2022-06-02 08:50:06 [pymongo.ocsp_support] DEBUG: Responder is issuer
2022-06-02 08:50:06 [pymongo.ocsp_support] DEBUG: Caching OCSP response.
2022-06-02 08:50:06 [pymongo.ocsp_support] DEBUG: Caching OCSP response.
2022-06-02 08:50:06 [pymongo.ocsp_support] DEBUG: OCSP cert status: <OCSPCertStatus.GOOD: 0>
2022-06-02 08:50:06 [pymongo.ocsp_support] DEBUG: OCSP cert status: <OCSPCertStatus.GOOD: 0>
2022-06-02 08:50:06 [pymongo.ocsp_support] DEBUG: Peer did not staple an OCSP response
2022-06-02 08:50:06 [pymongo.ocsp_support] DEBUG: Requesting OCSP data
2022-06-02 08:50:06 [pymongo.ocsp_support] DEBUG: Trying http://r3.o.lencr.org
2022-06-02 08:50:06 [pymongo.ocsp_support] DEBUG: Using cached OCSP response.
2022-06-02 08:50:06 [pymongo.ocsp_support] DEBUG: OCSP cert status: <OCSPCertStatus.GOOD: 0>
2022-06-02 08:50:06 [pymongo.ocsp_support] DEBUG: Peer did not staple an OCSP response
2022-06-02 08:50:06 [pymongo.ocsp_support] DEBUG: Requesting OCSP data
2022-06-02 08:50:06 [pymongo.ocsp_support] DEBUG: Trying http://r3.o.lencr.org
2022-06-02 08:50:06 [pymongo.ocsp_support] DEBUG: Using cached OCSP response.
2022-06-02 08:50:06 [pymongo.ocsp_support] DEBUG: OCSP cert status: <OCSPCertStatus.GOOD: 0>
2022-06-02 08:50:06 [pymongo.ocsp_support] DEBUG: Peer did not staple an OCSP response
2022-06-02 08:50:06 [pymongo.ocsp_support] DEBUG: Requesting OCSP data
2022-06-02 08:50:06 [pymongo.ocsp_support] DEBUG: Trying http://r3.o.lencr.org
2022-06-02 08:50:06 [pymongo.ocsp_support] DEBUG: Using cached OCSP response.
2022-06-02 08:50:06 [pymongo.ocsp_support] DEBUG: OCSP cert status: <OCSPCertStatus.GOOD: 0>
2022-06-02 08:50:06 [pymongo.ocsp_support] DEBUG: Peer did not staple an OCSP response
2022-06-02 08:50:06 [pymongo.ocsp_support] DEBUG: Requesting OCSP data
2022-06-02 08:50:06 [pymongo.ocsp_support] DEBUG: Trying http://r3.o.lencr.org
2022-06-02 08:50:06 [pymongo.ocsp_support] DEBUG: Using cached OCSP response.
2022-06-02 08:50:06 [pymongo.ocsp_support] DEBUG: OCSP cert status: <OCSPCertStatus.GOOD: 0>
2022-06-02 08:50:08 [scrapy.downloadermiddlewares.retry] DEBUG: Retrying <GET https://www.dogdog.com via http://localhost:8050/render.html> (failed 1 times): Connection was refused by other side: 10061: Aucune connexion n’a pu être établie car l’ordinateur cible l’a expressément refusée..
2022-06-02 08:50:08 [scrapy.downloadermiddlewares.retry] DEBUG: Retrying <GET https://www.amazon.com/b?node=16225016011&pf_rd_r=N5TD9AJ5M2MFZYTD40G8&page=10&pf_rd_p=e5b0c85f-569c-4c90-a58f-0c0a260e45a0&pd_rd_r=c1e8591e-f091-4da5-8604-4635be6844be&pd_rd_w=bM1cA&pd_rd_wg=jgaTh&ref_=pd_gw_unk via http://localhost:8050/render.html> (failed 1 times): Connection was refused by other side: 10061: Aucune connexion n’a pu être établie car l’ordinateur cible l’a expressément refusée..
2022-06-02 08:50:16 [scrapy.downloadermiddlewares.retry] DEBUG: Retrying <GET https://www.amazon.com/b?node=16225016011&pf_rd_r=N5TD9AJ5M2MFZYTD40G8&page=10&pf_rd_p=e5b0c85f-569c-4c90-a58f-0c0a260e45a0&pd_rd_r=c1e8591e-f091-4da5-8604-4635be6844be&pd_rd_w=bM1cA&pd_rd_wg=jgaTh&ref_=pd_gw_unk via http://localhost:8050/render.html> (failed 2 times): Connection was refused by other side: 10061: Aucune connexion n’a pu être établie car l’ordinateur cible l’a expressément refusée..
2022-06-02 08:50:17 [scrapy.downloadermiddlewares.retry] DEBUG: Retrying <GET https://www.dogdog.com via http://localhost:8050/render.html> (failed 2 times): Connection was refused by other side: 10061: Aucune connexion n’a pu être établie car l’ordinateur cible l’a expressément refusée..
2022-06-02 08:50:26 [scrapy.downloadermiddlewares.retry] ERROR: Gave up retrying <GET https://www.amazon.com/b?node=16225016011&pf_rd_r=N5TD9AJ5M2MFZYTD40G8&page=10&pf_rd_p=e5b0c85f-569c-4c90-a58f-0c0a260e45a0&pd_rd_r=c1e8591e-f091-4da5-8604-4635be6844be&pd_rd_w=bM1cA&pd_rd_wg=jgaTh&ref_=pd_gw_unk via http://localhost:8050/render.html> (failed 3 times): Connection was refused by other side: 10061: Aucune connexion n’a pu être établie car l’ordinateur cible l’a expressément refusée..
2022-06-02 08:50:26 [scrapy.core.scraper] ERROR: Error downloading <GET https://www.amazon.com/b?node=16225016011&pf_rd_r=N5TD9AJ5M2MFZYTD40G8&page=10&pf_rd_p=e5b0c85f-569c-4c90-a58f-0c0a260e45a0&pd_rd_r=c1e8591e-f091-4da5-8604-4635be6844be&pd_rd_w=bM1cA&pd_rd_wg=jgaTh&ref_=pd_gw_unk via http://localhost:8050/render.html>
Traceback (most recent call last):
  File "c:\users\kalil\scrapy\venv\lib\site-packages\scrapy\core\downloader\middleware.py", line 44, in process_request
    return (yield download_func(request=request, spider=spider))
twisted.internet.error.ConnectionRefusedError: Connection was refused by other side: 10061: Aucune connexion n’a pu être établie car l’ordinateur cible l’a expressément refusée..
2022-06-02 08:50:28 [scrapy.downloadermiddlewares.retry] ERROR: Gave up retrying <GET https://www.dogdog.com via http://localhost:8050/render.html> (failed 3 times): Connection was refused by other side: 10061: Aucune connexion n’a pu être établie car l’ordinateur cible l’a expressément refusée..
2022-06-02 08:50:28 [scrapy.core.scraper] ERROR: Error downloading <GET https://www.dogdog.com via http://localhost:8050/render.html>
Traceback (most recent call last):
  File "c:\users\kalil\scrapy\venv\lib\site-packages\scrapy\core\downloader\middleware.py", line 44, in process_request
    return (yield download_func(request=request, spider=spider))
twisted.internet.error.ConnectionRefusedError: Connection was refused by other side: 10061: Aucune connexion n’a pu être établie car l’ordinateur cible l’a expressément refusée..
2022-06-02 08:50:28 [scrapy.core.engine] INFO: Closing spider (finished)
2022-06-02 08:50:28 [scrapy.statscollectors] INFO: Dumping Scrapy stats:
{'downloader/exception_count': 6,
 'downloader/exception_type_count/twisted.internet.error.ConnectionRefusedError': 6,
 'downloader/request_bytes': 4488,
 'downloader/request_count': 6,
 'downloader/request_method_count/POST': 6,
 'elapsed_time_seconds': 22.53591,
 'finish_reason': 'finished',
 'finish_time': datetime.datetime(2022, 6, 2, 7, 50, 28, 238181),
 'log_count/DEBUG': 44,
 'log_count/ERROR': 4,
 'log_count/INFO': 10,
 'log_count/WARNING': 2,
 'retry/count': 4,
 'retry/max_reached': 2,
 'retry/reason_count/twisted.internet.error.ConnectionRefusedError': 4,
 'scheduler/dequeued': 8,
 'scheduler/dequeued/memory': 8,
 'scheduler/enqueued': 8,
 'scheduler/enqueued/memory': 8,
 'splash/render.html/request_count': 2,
 'start_time': datetime.datetime(2022, 6, 2, 7, 50, 5, 702271)}
2022-06-02 08:50:28 [scrapy.core.engine] INFO: Spider closed (finished)
