2022-05-10 07:27:57 [scrapy.utils.log] INFO: Scrapy 2.5.1 started (bot: genericscrapy)
2022-05-10 07:27:57 [scrapy.utils.log] INFO: Versions: lxml 4.7.1.0, libxml2 2.9.12, cssselect 1.1.0, parsel 1.6.0, w3lib 1.22.0, Twisted 22.1.0, Python 3.8.5 (default, Sep  3 2020, 21:29:08) [MSC v.1916 64 bit (AMD64)], pyOpenSSL 22.0.0 (OpenSSL 1.1.1m  14 Dec 2021), cryptography 36.0.1, Platform Windows-10-10.0.18362-SP0
2022-05-10 07:27:57 [scrapy.utils.log] DEBUG: Using reactor: twisted.internet.selectreactor.SelectReactor
2022-05-10 07:27:57 [scrapy.crawler] INFO: Overridden settings:
{'BOT_NAME': 'genericscrapy',
 'DUPEFILTER_CLASS': 'scrapy_splash.SplashAwareDupeFilter',
 'HTTPCACHE_STORAGE': 'scrapy_splash.SplashAwareFSCacheStorage',
 'LOG_FILE': 'logs\\genericscrapy\\scraper\\e1cb58ecd02711ec80c1dc4a92d1f716.log',
 'NEWSPIDER_MODULE': 'genericscrapy.spiders',
 'SPIDER_MODULES': ['genericscrapy.spiders'],
 'USER_AGENT': 'Mozilla/5.0 (Windows NT 10.0; Win64; x64) AppleWebKit/537.36 '
               '(KHTML, like Gecko) Chrome/99.0.4844.51 Safari/537.36'}
2022-05-10 07:27:57 [scrapy.extensions.telnet] INFO: Telnet Password: 515c4974416b2a20
2022-05-10 07:27:57 [scrapy.middleware] INFO: Enabled extensions:
['scrapy.extensions.corestats.CoreStats',
 'scrapy.extensions.telnet.TelnetConsole',
 'scrapy.extensions.logstats.LogStats']
2022-05-10 07:27:57 [scrapy.middleware] INFO: Enabled downloader middlewares:
['scrapy.downloadermiddlewares.httpauth.HttpAuthMiddleware',
 'scrapy.downloadermiddlewares.downloadtimeout.DownloadTimeoutMiddleware',
 'scrapy.downloadermiddlewares.defaultheaders.DefaultHeadersMiddleware',
 'scrapy.downloadermiddlewares.useragent.UserAgentMiddleware',
 'scrapy.downloadermiddlewares.retry.RetryMiddleware',
 'scrapy.downloadermiddlewares.redirect.MetaRefreshMiddleware',
 'scrapy.downloadermiddlewares.redirect.RedirectMiddleware',
 'scrapy.downloadermiddlewares.cookies.CookiesMiddleware',
 'scrapy_splash.SplashCookiesMiddleware',
 'scrapy_splash.SplashMiddleware',
 'scrapy.downloadermiddlewares.httpproxy.HttpProxyMiddleware',
 'scrapy.downloadermiddlewares.httpcompression.HttpCompressionMiddleware',
 'scrapy.downloadermiddlewares.stats.DownloaderStats']
2022-05-10 07:27:57 [scrapy.middleware] INFO: Enabled spider middlewares:
['scrapy.spidermiddlewares.httperror.HttpErrorMiddleware',
 'scrapy_splash.SplashDeduplicateArgsMiddleware',
 'scrapy.spidermiddlewares.offsite.OffsiteMiddleware',
 'scrapy.spidermiddlewares.referer.RefererMiddleware',
 'scrapy.spidermiddlewares.urllength.UrlLengthMiddleware',
 'scrapy.spidermiddlewares.depth.DepthMiddleware']
2022-05-10 07:27:57 [scrapy.middleware] INFO: Enabled item pipelines:
['genericscrapy.pipelines.CardScraperPipeline']
2022-05-10 07:27:57 [scrapy.core.engine] INFO: Spider opened
2022-05-10 07:27:58 [scrapy.extensions.logstats] INFO: Crawled 0 pages (at 0 pages/min), scraped 0 items (at 0 items/min)
2022-05-10 07:27:58 [scrapy.extensions.telnet] INFO: Telnet console listening on 127.0.0.1:6023
2022-05-10 07:27:58 [scraper] INFO: Start url: https://www.woot.com/
2022-05-10 07:27:58 [py.warnings] WARNING: c:\users\kalil\scrapy\genericscrapy\venv\lib\site-packages\scrapy_splash\request.py:42: ScrapyDeprecationWarning: Call to deprecated function to_native_str. Use to_unicode instead.
  url = to_native_str(url)

2022-05-10 07:27:58 [pymongo.ocsp_support] DEBUG: Peer did not staple an OCSP response
2022-05-10 07:27:58 [pymongo.ocsp_support] DEBUG: Requesting OCSP data
2022-05-10 07:27:58 [pymongo.ocsp_support] DEBUG: Trying http://r3.o.lencr.org
2022-05-10 07:27:58 [urllib3.connectionpool] DEBUG: Starting new HTTP connection (1): r3.o.lencr.org:80
2022-05-10 07:27:58 [pymongo.ocsp_support] DEBUG: Peer did not staple an OCSP response
2022-05-10 07:27:58 [pymongo.ocsp_support] DEBUG: Requesting OCSP data
2022-05-10 07:27:58 [pymongo.ocsp_support] DEBUG: Trying http://r3.o.lencr.org
2022-05-10 07:27:58 [urllib3.connectionpool] DEBUG: Starting new HTTP connection (1): r3.o.lencr.org:80
2022-05-10 07:27:58 [pymongo.ocsp_support] DEBUG: Peer did not staple an OCSP response
2022-05-10 07:27:58 [pymongo.ocsp_support] DEBUG: Requesting OCSP data
2022-05-10 07:27:58 [pymongo.ocsp_support] DEBUG: Trying http://r3.o.lencr.org
2022-05-10 07:27:58 [urllib3.connectionpool] DEBUG: Starting new HTTP connection (1): r3.o.lencr.org:80
2022-05-10 07:27:58 [urllib3.connectionpool] DEBUG: http://r3.o.lencr.org:80 "POST / HTTP/1.1" 200 503
2022-05-10 07:27:58 [pymongo.ocsp_support] DEBUG: OCSP response status: <OCSPResponseStatus.SUCCESSFUL: 0>
2022-05-10 07:27:58 [pymongo.ocsp_support] DEBUG: Verifying response
2022-05-10 07:27:58 [pymongo.ocsp_support] DEBUG: Responder is issuer
2022-05-10 07:27:58 [pymongo.ocsp_support] DEBUG: Caching OCSP response.
2022-05-10 07:27:58 [pymongo.ocsp_support] DEBUG: OCSP cert status: <OCSPCertStatus.GOOD: 0>
2022-05-10 07:27:58 [urllib3.connectionpool] DEBUG: http://r3.o.lencr.org:80 "POST / HTTP/1.1" 200 503
2022-05-10 07:27:58 [pymongo.ocsp_support] DEBUG: OCSP response status: <OCSPResponseStatus.SUCCESSFUL: 0>
2022-05-10 07:27:58 [pymongo.ocsp_support] DEBUG: Verifying response
2022-05-10 07:27:58 [pymongo.ocsp_support] DEBUG: Responder is issuer
2022-05-10 07:27:58 [pymongo.ocsp_support] DEBUG: Caching OCSP response.
2022-05-10 07:27:58 [pymongo.ocsp_support] DEBUG: OCSP cert status: <OCSPCertStatus.GOOD: 0>
2022-05-10 07:27:58 [urllib3.connectionpool] DEBUG: http://r3.o.lencr.org:80 "POST / HTTP/1.1" 200 503
2022-05-10 07:27:58 [pymongo.ocsp_support] DEBUG: OCSP response status: <OCSPResponseStatus.SUCCESSFUL: 0>
2022-05-10 07:27:58 [pymongo.ocsp_support] DEBUG: Verifying response
2022-05-10 07:27:58 [pymongo.ocsp_support] DEBUG: Responder is issuer
2022-05-10 07:27:58 [pymongo.ocsp_support] DEBUG: Caching OCSP response.
2022-05-10 07:27:58 [pymongo.ocsp_support] DEBUG: OCSP cert status: <OCSPCertStatus.GOOD: 0>
2022-05-10 07:27:58 [pymongo.ocsp_support] DEBUG: Peer did not staple an OCSP response
2022-05-10 07:27:58 [pymongo.ocsp_support] DEBUG: Requesting OCSP data
2022-05-10 07:27:58 [pymongo.ocsp_support] DEBUG: Peer did not staple an OCSP response
2022-05-10 07:27:58 [pymongo.ocsp_support] DEBUG: Trying http://r3.o.lencr.org
2022-05-10 07:27:58 [pymongo.ocsp_support] DEBUG: Requesting OCSP data
2022-05-10 07:27:58 [pymongo.ocsp_support] DEBUG: Trying http://r3.o.lencr.org
2022-05-10 07:27:58 [pymongo.ocsp_support] DEBUG: Using cached OCSP response.
2022-05-10 07:27:58 [pymongo.ocsp_support] DEBUG: OCSP cert status: <OCSPCertStatus.GOOD: 0>
2022-05-10 07:27:58 [pymongo.ocsp_support] DEBUG: Using cached OCSP response.
2022-05-10 07:27:58 [pymongo.ocsp_support] DEBUG: OCSP cert status: <OCSPCertStatus.GOOD: 0>
2022-05-10 07:27:58 [pymongo.ocsp_support] DEBUG: Peer did not staple an OCSP response
2022-05-10 07:27:58 [pymongo.ocsp_support] DEBUG: Requesting OCSP data
2022-05-10 07:27:58 [pymongo.ocsp_support] DEBUG: Trying http://r3.o.lencr.org
2022-05-10 07:27:58 [pymongo.ocsp_support] DEBUG: Using cached OCSP response.
2022-05-10 07:27:58 [pymongo.ocsp_support] DEBUG: OCSP cert status: <OCSPCertStatus.GOOD: 0>
