2022-06-18 10:47:45 [scrapy.utils.log] INFO: Scrapy 2.5.1 started (bot: genericscrapy)
2022-06-18 10:47:45 [scrapy.utils.log] INFO: Versions: lxml 4.7.1.0, libxml2 2.9.12, cssselect 1.1.0, parsel 1.6.0, w3lib 1.22.0, Twisted 21.7.0, Python 3.8.5 (default, Sep  3 2020, 21:29:08) [MSC v.1916 64 bit (AMD64)], pyOpenSSL 22.0.0 (OpenSSL 1.1.1m  14 Dec 2021), cryptography 36.0.1, Platform Windows-10-10.0.18362-SP0
2022-06-18 10:47:45 [scrapy.utils.log] DEBUG: Using reactor: twisted.internet.asyncioreactor.AsyncioSelectorReactor
2022-06-18 10:47:45 [scrapy.utils.log] DEBUG: Using asyncio event loop: asyncio.windows_events._WindowsSelectorEventLoop
2022-06-18 10:47:45 [scrapy.crawler] INFO: Overridden settings:
{'BOT_NAME': 'genericscrapy',
 'CLOSESPIDER_PAGECOUNT': 1000,
 'DOWNLOAD_DELAY': 10,
 'DUPEFILTER_CLASS': 'scrapy_splash.SplashAwareDupeFilter',
 'HTTPCACHE_STORAGE': 'scrapy_splash.SplashAwareFSCacheStorage',
 'LOG_FILE': 'logs\\genericscrapy\\table\\aef053dbeeeb11ec943f85605579f6a4.log',
 'NEWSPIDER_MODULE': 'genericscrapy.spiders',
 'SPIDER_MODULES': ['genericscrapy.spiders'],
 'USER_AGENT': 'Mozilla/5.0 (Windows NT 10.0; Win64; x64) AppleWebKit/537.36 '
               '(KHTML, like Gecko) Chrome/99.0.4844.51 Safari/537.36'}
2022-06-18 10:47:45 [scrapy.extensions.telnet] INFO: Telnet Password: e9b19ccbb3786016
2022-06-18 10:47:45 [scrapy.middleware] INFO: Enabled extensions:
['scrapy.extensions.corestats.CoreStats',
 'scrapy.extensions.telnet.TelnetConsole',
 'scrapy.extensions.closespider.CloseSpider',
 'scrapy.extensions.logstats.LogStats']
2022-06-18 10:47:45 [scrapy.middleware] INFO: Enabled downloader middlewares:
['scrapy.downloadermiddlewares.httpauth.HttpAuthMiddleware',
 'scrapy.downloadermiddlewares.downloadtimeout.DownloadTimeoutMiddleware',
 'scrapy.downloadermiddlewares.defaultheaders.DefaultHeadersMiddleware',
 'scrapy.downloadermiddlewares.useragent.UserAgentMiddleware',
 'scrapy.downloadermiddlewares.retry.RetryMiddleware',
 'scrapy.downloadermiddlewares.redirect.MetaRefreshMiddleware',
 'scrapy.downloadermiddlewares.redirect.RedirectMiddleware',
 'scrapy.downloadermiddlewares.cookies.CookiesMiddleware',
 'scrapy_splash.SplashCookiesMiddleware',
 'scrapy_splash.SplashMiddleware',
 'scrapy.downloadermiddlewares.httpproxy.HttpProxyMiddleware',
 'scrapy.downloadermiddlewares.httpcompression.HttpCompressionMiddleware',
 'scrapy.downloadermiddlewares.stats.DownloaderStats']
2022-06-18 10:47:45 [scrapy.middleware] INFO: Enabled spider middlewares:
['scrapy.spidermiddlewares.httperror.HttpErrorMiddleware',
 'scrapy_splash.SplashDeduplicateArgsMiddleware',
 'scrapy.spidermiddlewares.offsite.OffsiteMiddleware',
 'scrapy.spidermiddlewares.referer.RefererMiddleware',
 'scrapy.spidermiddlewares.urllength.UrlLengthMiddleware',
 'scrapy.spidermiddlewares.depth.DepthMiddleware']
2022-06-18 10:47:45 [scrapy.middleware] INFO: Enabled item pipelines:
['genericscrapy.pipelines.TableScraperPipeline']
2022-06-18 10:47:45 [scrapy.core.engine] INFO: Spider opened
2022-06-18 10:47:46 [py.warnings] WARNING: c:\users\kalil\scrapy\venv\lib\site-packages\cryptography\x509\base.py:538: CryptographyDeprecationWarning: Parsed a negative serial number, which is disallowed by RFC 5280.
  return rust_x509.load_der_x509_certificate(data)

2022-06-18 10:47:46 [scrapy.extensions.logstats] INFO: Crawled 0 pages (at 0 pages/min), scraped 0 items (at 0 items/min)
2022-06-18 10:47:46 [scrapy.extensions.telnet] INFO: Telnet console listening on 127.0.0.1:6023
2022-06-18 10:47:46 [pymongo.ocsp_support] DEBUG: Peer did not staple an OCSP response
2022-06-18 10:47:46 [pymongo.ocsp_support] DEBUG: Requesting OCSP data
2022-06-18 10:47:46 [pymongo.ocsp_support] DEBUG: Trying http://r3.o.lencr.org
2022-06-18 10:47:46 [urllib3.connectionpool] DEBUG: Starting new HTTP connection (1): r3.o.lencr.org:80
2022-06-18 10:47:46 [pymongo.ocsp_support] DEBUG: Peer did not staple an OCSP response
2022-06-18 10:47:46 [pymongo.ocsp_support] DEBUG: Requesting OCSP data
2022-06-18 10:47:46 [pymongo.ocsp_support] DEBUG: Trying http://r3.o.lencr.org
2022-06-18 10:47:46 [urllib3.connectionpool] DEBUG: Starting new HTTP connection (1): r3.o.lencr.org:80
2022-06-18 10:47:46 [urllib3.connectionpool] DEBUG: http://r3.o.lencr.org:80 "POST / HTTP/1.1" 200 503
2022-06-18 10:47:46 [urllib3.connectionpool] DEBUG: http://r3.o.lencr.org:80 "POST / HTTP/1.1" 200 503
2022-06-18 10:47:46 [pymongo.ocsp_support] DEBUG: OCSP response status: <OCSPResponseStatus.SUCCESSFUL: 0>
2022-06-18 10:47:46 [pymongo.ocsp_support] DEBUG: Verifying response
2022-06-18 10:47:46 [pymongo.ocsp_support] DEBUG: OCSP response status: <OCSPResponseStatus.SUCCESSFUL: 0>
2022-06-18 10:47:46 [pymongo.ocsp_support] DEBUG: Responder is issuer
2022-06-18 10:47:46 [pymongo.ocsp_support] DEBUG: Verifying response
2022-06-18 10:47:46 [pymongo.ocsp_support] DEBUG: Responder is issuer
2022-06-18 10:47:46 [pymongo.ocsp_support] DEBUG: Caching OCSP response.
2022-06-18 10:47:46 [pymongo.ocsp_support] DEBUG: OCSP cert status: <OCSPCertStatus.GOOD: 0>
2022-06-18 10:47:46 [pymongo.ocsp_support] DEBUG: Caching OCSP response.
2022-06-18 10:47:46 [pymongo.ocsp_support] DEBUG: OCSP cert status: <OCSPCertStatus.GOOD: 0>
2022-06-18 10:47:46 [pymongo.ocsp_support] DEBUG: Peer did not staple an OCSP response
2022-06-18 10:47:46 [pymongo.ocsp_support] DEBUG: Requesting OCSP data
2022-06-18 10:47:46 [pymongo.ocsp_support] DEBUG: Trying http://r3.o.lencr.org
2022-06-18 10:47:46 [pymongo.ocsp_support] DEBUG: Using cached OCSP response.
2022-06-18 10:47:46 [pymongo.ocsp_support] DEBUG: OCSP cert status: <OCSPCertStatus.GOOD: 0>
2022-06-18 10:47:46 [pymongo.ocsp_support] DEBUG: Peer did not staple an OCSP response
2022-06-18 10:47:46 [pymongo.ocsp_support] DEBUG: Requesting OCSP data
2022-06-18 10:47:46 [pymongo.ocsp_support] DEBUG: Trying http://r3.o.lencr.org
2022-06-18 10:47:46 [pymongo.ocsp_support] DEBUG: Peer did not staple an OCSP response
2022-06-18 10:47:46 [pymongo.ocsp_support] DEBUG: Requesting OCSP data
2022-06-18 10:47:46 [pymongo.ocsp_support] DEBUG: Using cached OCSP response.
2022-06-18 10:47:46 [pymongo.ocsp_support] DEBUG: Trying http://r3.o.lencr.org
2022-06-18 10:47:46 [pymongo.ocsp_support] DEBUG: OCSP cert status: <OCSPCertStatus.GOOD: 0>
2022-06-18 10:47:46 [pymongo.ocsp_support] DEBUG: Using cached OCSP response.
2022-06-18 10:47:46 [pymongo.ocsp_support] DEBUG: OCSP cert status: <OCSPCertStatus.GOOD: 0>
2022-06-18 10:47:46 [pymongo.ocsp_support] DEBUG: Peer did not staple an OCSP response
2022-06-18 10:47:46 [pymongo.ocsp_support] DEBUG: Requesting OCSP data
2022-06-18 10:47:46 [pymongo.ocsp_support] DEBUG: Trying http://r3.o.lencr.org
2022-06-18 10:47:46 [pymongo.ocsp_support] DEBUG: Using cached OCSP response.
2022-06-18 10:47:46 [pymongo.ocsp_support] DEBUG: OCSP cert status: <OCSPCertStatus.GOOD: 0>
2022-06-18 10:47:47 [scrapy.core.engine] DEBUG: Crawled (404) <GET https://www.amazon.com/b?node=16225016011%26pf_rd_r=N5TD9AJ5M2MFZYTD40G8%26page=10%26pf_rd_p=e5b0c85f-569c-4c90-a58f-0c0a260e45a0%26pd_rd_r=c1e8591e-f091-4da5-8604-4635be6844be%26pd_rd_w=bM1cA%26pd_rd_wg=jgaTh%26ref_=pd_gw_unk> (referer: None)
2022-06-18 10:47:47 [scrapy.spidermiddlewares.httperror] INFO: Ignoring response <404 https://www.amazon.com/b?node=16225016011%26pf_rd_r=N5TD9AJ5M2MFZYTD40G8%26page=10%26pf_rd_p=e5b0c85f-569c-4c90-a58f-0c0a260e45a0%26pd_rd_r=c1e8591e-f091-4da5-8604-4635be6844be%26pd_rd_w=bM1cA%26pd_rd_wg=jgaTh%26ref_=pd_gw_unk>: HTTP status code is not handled or not allowed
2022-06-18 10:47:47 [scrapy.core.engine] DEBUG: Crawled (200) <GET https://www.dogdog.com> (referer: None)
2022-06-18 10:47:48 [scrapy.core.scraper] ERROR: Spider error processing <GET https://www.dogdog.com> (referer: None)
Traceback (most recent call last):
  File "c:\users\kalil\scrapy\venv\lib\site-packages\scrapy\utils\defer.py", line 120, in iter_errback
    yield next(it)
  File "c:\users\kalil\scrapy\venv\lib\site-packages\scrapy\utils\python.py", line 353, in __next__
    return next(self.data)
  File "c:\users\kalil\scrapy\venv\lib\site-packages\scrapy\utils\python.py", line 353, in __next__
    return next(self.data)
  File "c:\users\kalil\scrapy\venv\lib\site-packages\scrapy\core\spidermw.py", line 56, in _evaluate_iterable
    for r in iterable:
  File "c:\users\kalil\scrapy\venv\lib\site-packages\scrapy_splash\middleware.py", line 162, in process_spider_output
    for el in result:
  File "c:\users\kalil\scrapy\venv\lib\site-packages\scrapy\core\spidermw.py", line 56, in _evaluate_iterable
    for r in iterable:
  File "c:\users\kalil\scrapy\venv\lib\site-packages\scrapy\spidermiddlewares\offsite.py", line 29, in process_spider_output
    for x in result:
  File "c:\users\kalil\scrapy\venv\lib\site-packages\scrapy\core\spidermw.py", line 56, in _evaluate_iterable
    for r in iterable:
  File "c:\users\kalil\scrapy\venv\lib\site-packages\scrapy\spidermiddlewares\referer.py", line 342, in <genexpr>
    return (_set_referer(r) for r in result or ())
  File "c:\users\kalil\scrapy\venv\lib\site-packages\scrapy\core\spidermw.py", line 56, in _evaluate_iterable
    for r in iterable:
  File "c:\users\kalil\scrapy\venv\lib\site-packages\scrapy\spidermiddlewares\urllength.py", line 40, in <genexpr>
    return (r for r in result or () if _filter(r))
  File "c:\users\kalil\scrapy\venv\lib\site-packages\scrapy\core\spidermw.py", line 56, in _evaluate_iterable
    for r in iterable:
  File "c:\users\kalil\scrapy\venv\lib\site-packages\scrapy\spidermiddlewares\depth.py", line 58, in <genexpr>
    return (r for r in result or () if _filter(r))
  File "c:\users\kalil\scrapy\venv\lib\site-packages\scrapy\core\spidermw.py", line 56, in _evaluate_iterable
    for r in iterable:
  File "c:\users\kalil\appdata\local\temp\genericscrapy-1655467976-l42ib4od.egg\genericscrapy\spiders\TableScraper.py", line 25, in parse
    df = pd.read_html(response.request.url,match=self.table_match)
  File "c:\users\kalil\scrapy\venv\lib\site-packages\pandas\util\_decorators.py", line 311, in wrapper
    return func(*args, **kwargs)
  File "c:\users\kalil\scrapy\venv\lib\site-packages\pandas\io\html.py", line 1113, in read_html
    return _parse(
  File "c:\users\kalil\scrapy\venv\lib\site-packages\pandas\io\html.py", line 919, in _parse
    tables = p.parse_tables()
  File "c:\users\kalil\scrapy\venv\lib\site-packages\pandas\io\html.py", line 239, in parse_tables
    tables = self._parse_tables(self._build_doc(), self.match, self.attrs)
  File "c:\users\kalil\scrapy\venv\lib\site-packages\pandas\io\html.py", line 758, in _build_doc
    raise e
  File "c:\users\kalil\scrapy\venv\lib\site-packages\pandas\io\html.py", line 739, in _build_doc
    with urlopen(self.io) as f:
  File "c:\users\kalil\scrapy\venv\lib\site-packages\pandas\io\common.py", line 239, in urlopen
    return urllib.request.urlopen(*args, **kwargs)
  File "C:\Users\kalil\anaconda3\lib\urllib\request.py", line 222, in urlopen
    return opener.open(url, data, timeout)
  File "C:\Users\kalil\anaconda3\lib\urllib\request.py", line 531, in open
    response = meth(req, response)
  File "C:\Users\kalil\anaconda3\lib\urllib\request.py", line 640, in http_response
    response = self.parent.error(
  File "C:\Users\kalil\anaconda3\lib\urllib\request.py", line 569, in error
    return self._call_chain(*args)
  File "C:\Users\kalil\anaconda3\lib\urllib\request.py", line 502, in _call_chain
    result = func(*args)
  File "C:\Users\kalil\anaconda3\lib\urllib\request.py", line 649, in http_error_default
    raise HTTPError(req.full_url, code, msg, hdrs, fp)
urllib.error.HTTPError: HTTP Error 403: Forbidden
2022-06-18 10:47:48 [scrapy.core.engine] INFO: Closing spider (finished)
2022-06-18 10:47:48 [scrapy.statscollectors] INFO: Dumping Scrapy stats:
{'downloader/request_bytes': 791,
 'downloader/request_count': 2,
 'downloader/request_method_count/GET': 2,
 'downloader/response_bytes': 11137,
 'downloader/response_count': 2,
 'downloader/response_status_count/200': 1,
 'downloader/response_status_count/404': 1,
 'elapsed_time_seconds': 2.587847,
 'finish_reason': 'finished',
 'finish_time': datetime.datetime(2022, 6, 18, 9, 47, 48, 692967),
 'httpcompression/response_bytes': 32135,
 'httpcompression/response_count': 2,
 'httperror/response_ignored_count': 1,
 'httperror/response_ignored_status_count/404': 1,
 'log_count/DEBUG': 42,
 'log_count/ERROR': 1,
 'log_count/INFO': 11,
 'log_count/WARNING': 1,
 'response_received_count': 2,
 'scheduler/dequeued': 2,
 'scheduler/dequeued/memory': 2,
 'scheduler/enqueued': 2,
 'scheduler/enqueued/memory': 2,
 'spider_exceptions/HTTPError': 1,
 'start_time': datetime.datetime(2022, 6, 18, 9, 47, 46, 105120)}
2022-06-18 10:47:48 [scrapy.core.engine] INFO: Spider closed (finished)
