2022-05-06 15:35:55 [scrapy.utils.log] INFO: Scrapy 2.5.1 started (bot: genericscrapy)
2022-05-06 15:35:55 [scrapy.utils.log] INFO: Versions: lxml 4.7.1.0, libxml2 2.9.12, cssselect 1.1.0, parsel 1.6.0, w3lib 1.22.0, Twisted 22.1.0, Python 3.8.5 (default, Sep  3 2020, 21:29:08) [MSC v.1916 64 bit (AMD64)], pyOpenSSL 22.0.0 (OpenSSL 1.1.1m  14 Dec 2021), cryptography 36.0.1, Platform Windows-10-10.0.18362-SP0
2022-05-06 15:35:55 [scrapy.utils.log] DEBUG: Using reactor: twisted.internet.selectreactor.SelectReactor
2022-05-06 15:35:55 [scrapy.crawler] INFO: Overridden settings:
{'BOT_NAME': 'genericscrapy',
 'DUPEFILTER_CLASS': 'scrapy_splash.SplashAwareDupeFilter',
 'HTTPCACHE_STORAGE': 'scrapy_splash.SplashAwareFSCacheStorage',
 'LOG_FILE': 'logs\\genericscrapy\\table\\b4642b22cd4911ec9697e524b7200b1b.log',
 'NEWSPIDER_MODULE': 'genericscrapy.spiders',
 'SPIDER_MODULES': ['genericscrapy.spiders'],
 'USER_AGENT': 'Mozilla/5.0 (Windows NT 10.0; Win64; x64) AppleWebKit/537.36 '
               '(KHTML, like Gecko) Chrome/99.0.4844.51 Safari/537.36'}
2022-05-06 15:35:55 [scrapy.extensions.telnet] INFO: Telnet Password: c43b1ae98997fcb8
2022-05-06 15:35:55 [scrapy.middleware] INFO: Enabled extensions:
['scrapy.extensions.corestats.CoreStats',
 'scrapy.extensions.telnet.TelnetConsole',
 'scrapy.extensions.logstats.LogStats']
2022-05-06 15:35:55 [scrapy.middleware] INFO: Enabled downloader middlewares:
['scrapy.downloadermiddlewares.httpauth.HttpAuthMiddleware',
 'scrapy.downloadermiddlewares.downloadtimeout.DownloadTimeoutMiddleware',
 'scrapy.downloadermiddlewares.defaultheaders.DefaultHeadersMiddleware',
 'scrapy.downloadermiddlewares.useragent.UserAgentMiddleware',
 'scrapy.downloadermiddlewares.retry.RetryMiddleware',
 'scrapy.downloadermiddlewares.redirect.MetaRefreshMiddleware',
 'scrapy.downloadermiddlewares.redirect.RedirectMiddleware',
 'scrapy.downloadermiddlewares.cookies.CookiesMiddleware',
 'scrapy_splash.SplashCookiesMiddleware',
 'scrapy_splash.SplashMiddleware',
 'scrapy.downloadermiddlewares.httpproxy.HttpProxyMiddleware',
 'scrapy.downloadermiddlewares.httpcompression.HttpCompressionMiddleware',
 'scrapy.downloadermiddlewares.stats.DownloaderStats']
2022-05-06 15:35:55 [scrapy.middleware] INFO: Enabled spider middlewares:
['scrapy.spidermiddlewares.httperror.HttpErrorMiddleware',
 'scrapy_splash.SplashDeduplicateArgsMiddleware',
 'scrapy.spidermiddlewares.offsite.OffsiteMiddleware',
 'scrapy.spidermiddlewares.referer.RefererMiddleware',
 'scrapy.spidermiddlewares.urllength.UrlLengthMiddleware',
 'scrapy.spidermiddlewares.depth.DepthMiddleware']
2022-05-06 15:35:56 [scrapy.middleware] INFO: Enabled item pipelines:
['genericscrapy.pipelines.TableScraperPipeline']
2022-05-06 15:35:56 [scrapy.core.engine] INFO: Spider opened
2022-05-06 15:35:56 [scrapy.extensions.logstats] INFO: Crawled 0 pages (at 0 pages/min), scraped 0 items (at 0 items/min)
2022-05-06 15:35:56 [scrapy.extensions.telnet] INFO: Telnet console listening on 127.0.0.1:6023
2022-05-06 15:35:56 [pymongo.ocsp_support] DEBUG: Peer did not staple an OCSP response
2022-05-06 15:35:56 [pymongo.ocsp_support] DEBUG: Requesting OCSP data
2022-05-06 15:35:56 [pymongo.ocsp_support] DEBUG: Trying http://r3.o.lencr.org
2022-05-06 15:35:56 [urllib3.connectionpool] DEBUG: Starting new HTTP connection (1): r3.o.lencr.org:80
2022-05-06 15:35:56 [pymongo.ocsp_support] DEBUG: Peer did not staple an OCSP response
2022-05-06 15:35:56 [pymongo.ocsp_support] DEBUG: Requesting OCSP data
2022-05-06 15:35:56 [pymongo.ocsp_support] DEBUG: Trying http://r3.o.lencr.org
2022-05-06 15:35:56 [pymongo.ocsp_support] DEBUG: Peer did not staple an OCSP response
2022-05-06 15:35:56 [pymongo.ocsp_support] DEBUG: Requesting OCSP data
2022-05-06 15:35:56 [pymongo.ocsp_support] DEBUG: Trying http://r3.o.lencr.org
2022-05-06 15:35:56 [urllib3.connectionpool] DEBUG: Starting new HTTP connection (1): r3.o.lencr.org:80
2022-05-06 15:35:56 [urllib3.connectionpool] DEBUG: Starting new HTTP connection (1): r3.o.lencr.org:80
2022-05-06 15:35:56 [urllib3.connectionpool] DEBUG: http://r3.o.lencr.org:80 "POST / HTTP/1.1" 200 503
2022-05-06 15:35:56 [urllib3.connectionpool] DEBUG: http://r3.o.lencr.org:80 "POST / HTTP/1.1" 200 503
2022-05-06 15:35:56 [pymongo.ocsp_support] DEBUG: OCSP response status: <OCSPResponseStatus.SUCCESSFUL: 0>
2022-05-06 15:35:56 [pymongo.ocsp_support] DEBUG: OCSP response status: <OCSPResponseStatus.SUCCESSFUL: 0>
2022-05-06 15:35:56 [urllib3.connectionpool] DEBUG: http://r3.o.lencr.org:80 "POST / HTTP/1.1" 200 503
2022-05-06 15:35:56 [pymongo.ocsp_support] DEBUG: Verifying response
2022-05-06 15:35:56 [pymongo.ocsp_support] DEBUG: Verifying response
2022-05-06 15:35:56 [pymongo.ocsp_support] DEBUG: Responder is issuer
2022-05-06 15:35:56 [pymongo.ocsp_support] DEBUG: OCSP response status: <OCSPResponseStatus.SUCCESSFUL: 0>
2022-05-06 15:35:56 [pymongo.ocsp_support] DEBUG: Responder is issuer
2022-05-06 15:35:56 [pymongo.ocsp_support] DEBUG: Verifying response
2022-05-06 15:35:56 [pymongo.ocsp_support] DEBUG: Caching OCSP response.
2022-05-06 15:35:56 [pymongo.ocsp_support] DEBUG: Responder is issuer
2022-05-06 15:35:56 [pymongo.ocsp_support] DEBUG: OCSP cert status: <OCSPCertStatus.GOOD: 0>
2022-05-06 15:35:56 [pymongo.ocsp_support] DEBUG: Caching OCSP response.
2022-05-06 15:35:56 [pymongo.ocsp_support] DEBUG: OCSP cert status: <OCSPCertStatus.GOOD: 0>
2022-05-06 15:35:56 [pymongo.ocsp_support] DEBUG: Caching OCSP response.
2022-05-06 15:35:56 [pymongo.ocsp_support] DEBUG: OCSP cert status: <OCSPCertStatus.GOOD: 0>
2022-05-06 15:35:57 [pymongo.ocsp_support] DEBUG: Peer did not staple an OCSP response
2022-05-06 15:35:57 [pymongo.ocsp_support] DEBUG: Requesting OCSP data
2022-05-06 15:35:57 [pymongo.ocsp_support] DEBUG: Trying http://r3.o.lencr.org
2022-05-06 15:35:57 [pymongo.ocsp_support] DEBUG: Using cached OCSP response.
2022-05-06 15:35:57 [pymongo.ocsp_support] DEBUG: OCSP cert status: <OCSPCertStatus.GOOD: 0>
2022-05-06 15:35:57 [pymongo.ocsp_support] DEBUG: Peer did not staple an OCSP response
2022-05-06 15:35:57 [pymongo.ocsp_support] DEBUG: Requesting OCSP data
2022-05-06 15:35:57 [pymongo.ocsp_support] DEBUG: Trying http://r3.o.lencr.org
2022-05-06 15:35:57 [pymongo.ocsp_support] DEBUG: Using cached OCSP response.
2022-05-06 15:35:57 [pymongo.ocsp_support] DEBUG: OCSP cert status: <OCSPCertStatus.GOOD: 0>
2022-05-06 15:35:57 [pymongo.ocsp_support] DEBUG: Peer did not staple an OCSP response
2022-05-06 15:35:57 [pymongo.ocsp_support] DEBUG: Requesting OCSP data
2022-05-06 15:35:57 [pymongo.ocsp_support] DEBUG: Trying http://r3.o.lencr.org
2022-05-06 15:35:57 [pymongo.ocsp_support] DEBUG: Using cached OCSP response.
2022-05-06 15:35:57 [pymongo.ocsp_support] DEBUG: OCSP cert status: <OCSPCertStatus.GOOD: 0>
2022-05-06 15:35:57 [scrapy.downloadermiddlewares.redirect] DEBUG: Redirecting (302) to <GET https://www.amazon.com/ap/signin?openid.pape.max_auth_age=3600&openid.return_to=https%3A%2F%2Fwww.amazon.com%2Fhz%2Fcontact-us%2Faccessibility&openid.identity=http%3A%2F%2Fspecs.openid.net%2Fauth%2F2.0%2Fidentifier_select&openid.assoc_handle=amzn_contactus_desktop_us&openid.mode=checkid_setup&language=en_US&openid.claimed_id=http%3A%2F%2Fspecs.openid.net%2Fauth%2F2.0%2Fidentifier_select&pageId=login&openid.ns=http%3A%2F%2Fspecs.openid.net%2Fauth%2F2.0> from <GET https://www.amazon.com/gp/help/customer/accessibility>
2022-05-06 15:35:57 [scrapy.core.engine] DEBUG: Crawled (200) <GET https://www.amazon.com/ap/signin?openid.pape.max_auth_age=3600&openid.return_to=https%3A%2F%2Fwww.amazon.com%2Fhz%2Fcontact-us%2Faccessibility&openid.identity=http%3A%2F%2Fspecs.openid.net%2Fauth%2F2.0%2Fidentifier_select&openid.assoc_handle=amzn_contactus_desktop_us&openid.mode=checkid_setup&language=en_US&openid.claimed_id=http%3A%2F%2Fspecs.openid.net%2Fauth%2F2.0%2Fidentifier_select&pageId=login&openid.ns=http%3A%2F%2Fspecs.openid.net%2Fauth%2F2.0> (referer: None)
2022-05-06 15:35:58 [scrapy.core.scraper] ERROR: Spider error processing <GET https://www.amazon.com/ap/signin?openid.pape.max_auth_age=3600&openid.return_to=https%3A%2F%2Fwww.amazon.com%2Fhz%2Fcontact-us%2Faccessibility&openid.identity=http%3A%2F%2Fspecs.openid.net%2Fauth%2F2.0%2Fidentifier_select&openid.assoc_handle=amzn_contactus_desktop_us&openid.mode=checkid_setup&language=en_US&openid.claimed_id=http%3A%2F%2Fspecs.openid.net%2Fauth%2F2.0%2Fidentifier_select&pageId=login&openid.ns=http%3A%2F%2Fspecs.openid.net%2Fauth%2F2.0> (referer: None)
Traceback (most recent call last):
  File "c:\users\kalil\scrapy\genericscrapy\venv\lib\site-packages\scrapy\utils\defer.py", line 120, in iter_errback
    yield next(it)
  File "c:\users\kalil\scrapy\genericscrapy\venv\lib\site-packages\scrapy\utils\python.py", line 353, in __next__
    return next(self.data)
  File "c:\users\kalil\scrapy\genericscrapy\venv\lib\site-packages\scrapy\utils\python.py", line 353, in __next__
    return next(self.data)
  File "c:\users\kalil\scrapy\genericscrapy\venv\lib\site-packages\scrapy\core\spidermw.py", line 56, in _evaluate_iterable
    for r in iterable:
  File "c:\users\kalil\scrapy\genericscrapy\venv\lib\site-packages\scrapy_splash\middleware.py", line 162, in process_spider_output
    for el in result:
  File "c:\users\kalil\scrapy\genericscrapy\venv\lib\site-packages\scrapy\core\spidermw.py", line 56, in _evaluate_iterable
    for r in iterable:
  File "c:\users\kalil\scrapy\genericscrapy\venv\lib\site-packages\scrapy\spidermiddlewares\offsite.py", line 29, in process_spider_output
    for x in result:
  File "c:\users\kalil\scrapy\genericscrapy\venv\lib\site-packages\scrapy\core\spidermw.py", line 56, in _evaluate_iterable
    for r in iterable:
  File "c:\users\kalil\scrapy\genericscrapy\venv\lib\site-packages\scrapy\spidermiddlewares\referer.py", line 342, in <genexpr>
    return (_set_referer(r) for r in result or ())
  File "c:\users\kalil\scrapy\genericscrapy\venv\lib\site-packages\scrapy\core\spidermw.py", line 56, in _evaluate_iterable
    for r in iterable:
  File "c:\users\kalil\scrapy\genericscrapy\venv\lib\site-packages\scrapy\spidermiddlewares\urllength.py", line 40, in <genexpr>
    return (r for r in result or () if _filter(r))
  File "c:\users\kalil\scrapy\genericscrapy\venv\lib\site-packages\scrapy\core\spidermw.py", line 56, in _evaluate_iterable
    for r in iterable:
  File "c:\users\kalil\scrapy\genericscrapy\venv\lib\site-packages\scrapy\spidermiddlewares\depth.py", line 58, in <genexpr>
    return (r for r in result or () if _filter(r))
  File "c:\users\kalil\scrapy\genericscrapy\venv\lib\site-packages\scrapy\core\spidermw.py", line 56, in _evaluate_iterable
    for r in iterable:
  File "c:\users\kalil\appdata\local\temp\genericscrapy-1650278973-mji678j_.egg\genericscrapy\spiders\TableScraper.py", line 23, in parse
    df = pd.read_html(self.page,match="Description sommaire de l'appel d'offres")
  File "c:\users\kalil\scrapy\genericscrapy\venv\lib\site-packages\pandas\util\_decorators.py", line 311, in wrapper
    return func(*args, **kwargs)
  File "c:\users\kalil\scrapy\genericscrapy\venv\lib\site-packages\pandas\io\html.py", line 1113, in read_html
    return _parse(
  File "c:\users\kalil\scrapy\genericscrapy\venv\lib\site-packages\pandas\io\html.py", line 919, in _parse
    tables = p.parse_tables()
  File "c:\users\kalil\scrapy\genericscrapy\venv\lib\site-packages\pandas\io\html.py", line 239, in parse_tables
    tables = self._parse_tables(self._build_doc(), self.match, self.attrs)
  File "c:\users\kalil\scrapy\genericscrapy\venv\lib\site-packages\pandas\io\html.py", line 758, in _build_doc
    raise e
  File "c:\users\kalil\scrapy\genericscrapy\venv\lib\site-packages\pandas\io\html.py", line 739, in _build_doc
    with urlopen(self.io) as f:
  File "c:\users\kalil\scrapy\genericscrapy\venv\lib\site-packages\pandas\io\common.py", line 239, in urlopen
    return urllib.request.urlopen(*args, **kwargs)
  File "C:\Users\kalil\anaconda3\lib\urllib\request.py", line 222, in urlopen
    return opener.open(url, data, timeout)
  File "C:\Users\kalil\anaconda3\lib\urllib\request.py", line 531, in open
    response = meth(req, response)
  File "C:\Users\kalil\anaconda3\lib\urllib\request.py", line 640, in http_response
    response = self.parent.error(
  File "C:\Users\kalil\anaconda3\lib\urllib\request.py", line 569, in error
    return self._call_chain(*args)
  File "C:\Users\kalil\anaconda3\lib\urllib\request.py", line 502, in _call_chain
    result = func(*args)
  File "C:\Users\kalil\anaconda3\lib\urllib\request.py", line 649, in http_error_default
    raise HTTPError(req.full_url, code, msg, hdrs, fp)
urllib.error.HTTPError: HTTP Error 403: Forbidden
2022-05-06 15:35:58 [scrapy.core.engine] INFO: Closing spider (finished)
2022-05-06 15:35:58 [scrapy.statscollectors] INFO: Dumping Scrapy stats:
{'downloader/request_bytes': 1153,
 'downloader/request_count': 2,
 'downloader/request_method_count/GET': 2,
 'downloader/response_bytes': 116870,
 'downloader/response_count': 2,
 'downloader/response_status_count/200': 1,
 'downloader/response_status_count/302': 1,
 'elapsed_time_seconds': 2.240374,
 'finish_reason': 'finished',
 'finish_time': datetime.datetime(2022, 5, 6, 14, 35, 58, 726688),
 'httpcompression/response_bytes': 0,
 'httpcompression/response_count': 1,
 'log_count/DEBUG': 47,
 'log_count/ERROR': 1,
 'log_count/INFO': 10,
 'response_received_count': 1,
 'scheduler/dequeued': 2,
 'scheduler/dequeued/memory': 2,
 'scheduler/enqueued': 2,
 'scheduler/enqueued/memory': 2,
 'spider_exceptions/HTTPError': 1,
 'start_time': datetime.datetime(2022, 5, 6, 14, 35, 56, 486314)}
2022-05-06 15:35:58 [scrapy.core.engine] INFO: Spider closed (finished)
