2022-05-30 10:14:00 [scrapy.utils.log] INFO: Scrapy 2.5.1 started (bot: genericscrapy)
2022-05-30 10:14:00 [scrapy.utils.log] INFO: Versions: lxml 4.7.1.0, libxml2 2.9.12, cssselect 1.1.0, parsel 1.6.0, w3lib 1.22.0, Twisted 21.7.0, Python 3.8.5 (default, Sep  3 2020, 21:29:08) [MSC v.1916 64 bit (AMD64)], pyOpenSSL 22.0.0 (OpenSSL 1.1.1m  14 Dec 2021), cryptography 36.0.1, Platform Windows-10-10.0.18362-SP0
2022-05-30 10:14:00 [scrapy.utils.log] DEBUG: Using reactor: twisted.internet.asyncioreactor.AsyncioSelectorReactor
2022-05-30 10:14:00 [scrapy.utils.log] DEBUG: Using asyncio event loop: asyncio.windows_events._WindowsSelectorEventLoop
2022-05-30 10:14:00 [scrapy.crawler] INFO: Overridden settings:
{'BOT_NAME': 'genericscrapy',
 'CLOSESPIDER_PAGECOUNT': 1000,
 'DOWNLOAD_DELAY': 10,
 'DUPEFILTER_CLASS': 'scrapy_splash.SplashAwareDupeFilter',
 'HTTPCACHE_STORAGE': 'scrapy_splash.SplashAwareFSCacheStorage',
 'LOG_FILE': 'logs\\genericscrapy\\table\\d393f84cdff811ecbe5dda7cc8e30322.log',
 'NEWSPIDER_MODULE': 'genericscrapy.spiders',
 'SPIDER_MODULES': ['genericscrapy.spiders'],
 'USER_AGENT': 'Mozilla/5.0 (Windows NT 10.0; Win64; x64) AppleWebKit/537.36 '
               '(KHTML, like Gecko) Chrome/99.0.4844.51 Safari/537.36'}
2022-05-30 10:14:00 [scrapy.extensions.telnet] INFO: Telnet Password: 53759d625f41fa6e
2022-05-30 10:14:00 [scrapy.middleware] INFO: Enabled extensions:
['scrapy.extensions.corestats.CoreStats',
 'scrapy.extensions.telnet.TelnetConsole',
 'scrapy.extensions.closespider.CloseSpider',
 'scrapy.extensions.logstats.LogStats']
2022-05-30 10:14:00 [scrapy.middleware] INFO: Enabled downloader middlewares:
['scrapy.downloadermiddlewares.httpauth.HttpAuthMiddleware',
 'scrapy.downloadermiddlewares.downloadtimeout.DownloadTimeoutMiddleware',
 'scrapy.downloadermiddlewares.defaultheaders.DefaultHeadersMiddleware',
 'scrapy.downloadermiddlewares.useragent.UserAgentMiddleware',
 'scrapy.downloadermiddlewares.retry.RetryMiddleware',
 'scrapy.downloadermiddlewares.redirect.MetaRefreshMiddleware',
 'scrapy.downloadermiddlewares.redirect.RedirectMiddleware',
 'scrapy.downloadermiddlewares.cookies.CookiesMiddleware',
 'scrapy_splash.SplashCookiesMiddleware',
 'scrapy_splash.SplashMiddleware',
 'scrapy.downloadermiddlewares.httpproxy.HttpProxyMiddleware',
 'scrapy.downloadermiddlewares.httpcompression.HttpCompressionMiddleware',
 'scrapy.downloadermiddlewares.stats.DownloaderStats']
2022-05-30 10:14:00 [scrapy.middleware] INFO: Enabled spider middlewares:
['scrapy.spidermiddlewares.httperror.HttpErrorMiddleware',
 'scrapy_splash.SplashDeduplicateArgsMiddleware',
 'scrapy.spidermiddlewares.offsite.OffsiteMiddleware',
 'scrapy.spidermiddlewares.referer.RefererMiddleware',
 'scrapy.spidermiddlewares.urllength.UrlLengthMiddleware',
 'scrapy.spidermiddlewares.depth.DepthMiddleware']
2022-05-30 10:14:01 [scrapy.middleware] INFO: Enabled item pipelines:
['genericscrapy.pipelines.TableScraperPipeline']
2022-05-30 10:14:01 [scrapy.core.engine] INFO: Spider opened
2022-05-30 10:14:01 [py.warnings] WARNING: c:\users\kalil\scrapy\venv\lib\site-packages\cryptography\x509\base.py:538: CryptographyDeprecationWarning: Parsed a negative serial number, which is disallowed by RFC 5280.
  return rust_x509.load_der_x509_certificate(data)

2022-05-30 10:14:01 [scrapy.extensions.logstats] INFO: Crawled 0 pages (at 0 pages/min), scraped 0 items (at 0 items/min)
2022-05-30 10:14:01 [scrapy.extensions.telnet] INFO: Telnet console listening on 127.0.0.1:6023
2022-05-30 10:14:01 [pymongo.ocsp_support] DEBUG: Peer did not staple an OCSP response
2022-05-30 10:14:01 [pymongo.ocsp_support] DEBUG: Peer did not staple an OCSP response
2022-05-30 10:14:01 [pymongo.ocsp_support] DEBUG: Peer did not staple an OCSP response
2022-05-30 10:14:01 [pymongo.ocsp_support] DEBUG: Requesting OCSP data
2022-05-30 10:14:01 [pymongo.ocsp_support] DEBUG: Requesting OCSP data
2022-05-30 10:14:01 [pymongo.ocsp_support] DEBUG: Requesting OCSP data
2022-05-30 10:14:01 [pymongo.ocsp_support] DEBUG: Trying http://r3.o.lencr.org
2022-05-30 10:14:01 [pymongo.ocsp_support] DEBUG: Trying http://r3.o.lencr.org
2022-05-30 10:14:01 [pymongo.ocsp_support] DEBUG: Trying http://r3.o.lencr.org
2022-05-30 10:14:01 [urllib3.connectionpool] DEBUG: Starting new HTTP connection (1): r3.o.lencr.org:80
2022-05-30 10:14:01 [scrapy.core.scraper] ERROR: Error downloading <GET %20https://www.appeloffres.com/resultat?p=tunisie>
Traceback (most recent call last):
  File "c:\users\kalil\scrapy\venv\lib\site-packages\twisted\internet\defer.py", line 1657, in _inlineCallbacks
    result = current_context.run(
  File "c:\users\kalil\scrapy\venv\lib\site-packages\twisted\python\failure.py", line 500, in throwExceptionIntoGenerator
    return g.throw(self.type, self.value, self.tb)
  File "c:\users\kalil\scrapy\venv\lib\site-packages\scrapy\core\downloader\middleware.py", line 44, in process_request
    return (yield download_func(request=request, spider=spider))
  File "c:\users\kalil\scrapy\venv\lib\site-packages\scrapy\utils\defer.py", line 55, in mustbe_deferred
    result = f(*args, **kw)
  File "c:\users\kalil\scrapy\venv\lib\site-packages\scrapy\core\downloader\handlers\__init__.py", line 74, in download_request
    raise NotSupported(f"Unsupported URL scheme '{scheme}': {self._notconfigured[scheme]}")
scrapy.exceptions.NotSupported: Unsupported URL scheme '': no handler available for that scheme
2022-05-30 10:14:01 [urllib3.connectionpool] DEBUG: Starting new HTTP connection (1): r3.o.lencr.org:80
2022-05-30 10:14:01 [urllib3.connectionpool] DEBUG: Starting new HTTP connection (1): r3.o.lencr.org:80
2022-05-30 10:14:01 [scrapy.core.engine] DEBUG: Crawled (200) <GET https://www.appeloffres.com/> (referer: None)
2022-05-30 10:14:01 [urllib3.connectionpool] DEBUG: http://r3.o.lencr.org:80 "POST / HTTP/1.1" 200 503
2022-05-30 10:14:01 [pymongo.ocsp_support] DEBUG: OCSP response status: <OCSPResponseStatus.SUCCESSFUL: 0>
2022-05-30 10:14:01 [pymongo.ocsp_support] DEBUG: Verifying response
2022-05-30 10:14:01 [pymongo.ocsp_support] DEBUG: Responder is issuer
2022-05-30 10:14:01 [pymongo.ocsp_support] DEBUG: Caching OCSP response.
2022-05-30 10:14:01 [pymongo.ocsp_support] DEBUG: OCSP cert status: <OCSPCertStatus.GOOD: 0>
2022-05-30 10:14:01 [urllib3.connectionpool] DEBUG: http://r3.o.lencr.org:80 "POST / HTTP/1.1" 200 503
2022-05-30 10:14:01 [pymongo.ocsp_support] DEBUG: OCSP response status: <OCSPResponseStatus.SUCCESSFUL: 0>
2022-05-30 10:14:01 [pymongo.ocsp_support] DEBUG: Verifying response
2022-05-30 10:14:01 [pymongo.ocsp_support] DEBUG: Responder is issuer
2022-05-30 10:14:01 [pymongo.ocsp_support] DEBUG: Caching OCSP response.
2022-05-30 10:14:01 [pymongo.ocsp_support] DEBUG: OCSP cert status: <OCSPCertStatus.GOOD: 0>
2022-05-30 10:14:01 [urllib3.connectionpool] DEBUG: http://r3.o.lencr.org:80 "POST / HTTP/1.1" 200 503
2022-05-30 10:14:01 [pymongo.ocsp_support] DEBUG: OCSP response status: <OCSPResponseStatus.SUCCESSFUL: 0>
2022-05-30 10:14:01 [pymongo.ocsp_support] DEBUG: Verifying response
2022-05-30 10:14:01 [pymongo.ocsp_support] DEBUG: Responder is issuer
2022-05-30 10:14:01 [pymongo.ocsp_support] DEBUG: Caching OCSP response.
2022-05-30 10:14:01 [pymongo.ocsp_support] DEBUG: OCSP cert status: <OCSPCertStatus.GOOD: 0>
2022-05-30 10:14:01 [pymongo.ocsp_support] DEBUG: Peer did not staple an OCSP response
2022-05-30 10:14:01 [pymongo.ocsp_support] DEBUG: Requesting OCSP data
2022-05-30 10:14:01 [pymongo.ocsp_support] DEBUG: Trying http://r3.o.lencr.org
2022-05-30 10:14:01 [pymongo.ocsp_support] DEBUG: Using cached OCSP response.
2022-05-30 10:14:01 [pymongo.ocsp_support] DEBUG: OCSP cert status: <OCSPCertStatus.GOOD: 0>
2022-05-30 10:14:01 [pymongo.ocsp_support] DEBUG: Peer did not staple an OCSP response
2022-05-30 10:14:01 [pymongo.ocsp_support] DEBUG: Requesting OCSP data
2022-05-30 10:14:01 [pymongo.ocsp_support] DEBUG: Trying http://r3.o.lencr.org
2022-05-30 10:14:01 [pymongo.ocsp_support] DEBUG: Using cached OCSP response.
2022-05-30 10:14:01 [pymongo.ocsp_support] DEBUG: OCSP cert status: <OCSPCertStatus.GOOD: 0>
2022-05-30 10:14:01 [pymongo.ocsp_support] DEBUG: Peer did not staple an OCSP response
2022-05-30 10:14:01 [pymongo.ocsp_support] DEBUG: Requesting OCSP data
2022-05-30 10:14:01 [pymongo.ocsp_support] DEBUG: Trying http://r3.o.lencr.org
2022-05-30 10:14:01 [pymongo.ocsp_support] DEBUG: Using cached OCSP response.
2022-05-30 10:14:01 [pymongo.ocsp_support] DEBUG: OCSP cert status: <OCSPCertStatus.GOOD: 0>
2022-05-30 10:14:02 [scrapy.core.scraper] ERROR: Spider error processing <GET https://www.appeloffres.com/> (referer: None)
Traceback (most recent call last):
  File "c:\users\kalil\scrapy\venv\lib\site-packages\scrapy\utils\defer.py", line 120, in iter_errback
    yield next(it)
  File "c:\users\kalil\scrapy\venv\lib\site-packages\scrapy\utils\python.py", line 353, in __next__
    return next(self.data)
  File "c:\users\kalil\scrapy\venv\lib\site-packages\scrapy\utils\python.py", line 353, in __next__
    return next(self.data)
  File "c:\users\kalil\scrapy\venv\lib\site-packages\scrapy\core\spidermw.py", line 56, in _evaluate_iterable
    for r in iterable:
  File "c:\users\kalil\scrapy\venv\lib\site-packages\scrapy_splash\middleware.py", line 162, in process_spider_output
    for el in result:
  File "c:\users\kalil\scrapy\venv\lib\site-packages\scrapy\core\spidermw.py", line 56, in _evaluate_iterable
    for r in iterable:
  File "c:\users\kalil\scrapy\venv\lib\site-packages\scrapy\spidermiddlewares\offsite.py", line 29, in process_spider_output
    for x in result:
  File "c:\users\kalil\scrapy\venv\lib\site-packages\scrapy\core\spidermw.py", line 56, in _evaluate_iterable
    for r in iterable:
  File "c:\users\kalil\scrapy\venv\lib\site-packages\scrapy\spidermiddlewares\referer.py", line 342, in <genexpr>
    return (_set_referer(r) for r in result or ())
  File "c:\users\kalil\scrapy\venv\lib\site-packages\scrapy\core\spidermw.py", line 56, in _evaluate_iterable
    for r in iterable:
  File "c:\users\kalil\scrapy\venv\lib\site-packages\scrapy\spidermiddlewares\urllength.py", line 40, in <genexpr>
    return (r for r in result or () if _filter(r))
  File "c:\users\kalil\scrapy\venv\lib\site-packages\scrapy\core\spidermw.py", line 56, in _evaluate_iterable
    for r in iterable:
  File "c:\users\kalil\scrapy\venv\lib\site-packages\scrapy\spidermiddlewares\depth.py", line 58, in <genexpr>
    return (r for r in result or () if _filter(r))
  File "c:\users\kalil\scrapy\venv\lib\site-packages\scrapy\core\spidermw.py", line 56, in _evaluate_iterable
    for r in iterable:
  File "c:\users\kalil\appdata\local\temp\genericscrapy-1653901977-p2l1hvun.egg\genericscrapy\spiders\TableScraper.py", line 22, in parse
    df = pd.read_html(response.request.url,match="Description sommaire de l'appel d'offres")
  File "c:\users\kalil\scrapy\venv\lib\site-packages\pandas\util\_decorators.py", line 311, in wrapper
    return func(*args, **kwargs)
  File "c:\users\kalil\scrapy\venv\lib\site-packages\pandas\io\html.py", line 1113, in read_html
    return _parse(
  File "c:\users\kalil\scrapy\venv\lib\site-packages\pandas\io\html.py", line 915, in _parse
    parser = _parser_dispatch(flav)
  File "c:\users\kalil\scrapy\venv\lib\site-packages\pandas\io\html.py", line 864, in _parser_dispatch
    raise ImportError("html5lib not found, please install it")
ImportError: html5lib not found, please install it
2022-05-30 10:14:08 [scrapy.core.scraper] ERROR: Error downloading <GET %20https://www.appeloffres.com/resultat?p=algerie>
Traceback (most recent call last):
  File "c:\users\kalil\scrapy\venv\lib\site-packages\twisted\internet\defer.py", line 1657, in _inlineCallbacks
    result = current_context.run(
  File "c:\users\kalil\scrapy\venv\lib\site-packages\twisted\python\failure.py", line 500, in throwExceptionIntoGenerator
    return g.throw(self.type, self.value, self.tb)
  File "c:\users\kalil\scrapy\venv\lib\site-packages\scrapy\core\downloader\middleware.py", line 44, in process_request
    return (yield download_func(request=request, spider=spider))
  File "c:\users\kalil\scrapy\venv\lib\site-packages\scrapy\utils\defer.py", line 55, in mustbe_deferred
    result = f(*args, **kw)
  File "c:\users\kalil\scrapy\venv\lib\site-packages\scrapy\core\downloader\handlers\__init__.py", line 74, in download_request
    raise NotSupported(f"Unsupported URL scheme '{scheme}': {self._notconfigured[scheme]}")
scrapy.exceptions.NotSupported: Unsupported URL scheme '': no handler available for that scheme
2022-05-30 10:14:19 [scrapy.core.scraper] ERROR: Error downloading <GET %20https://www.appeloffres.com/resultat?p=maroc>
Traceback (most recent call last):
  File "c:\users\kalil\scrapy\venv\lib\site-packages\twisted\internet\defer.py", line 1657, in _inlineCallbacks
    result = current_context.run(
  File "c:\users\kalil\scrapy\venv\lib\site-packages\twisted\python\failure.py", line 500, in throwExceptionIntoGenerator
    return g.throw(self.type, self.value, self.tb)
  File "c:\users\kalil\scrapy\venv\lib\site-packages\scrapy\core\downloader\middleware.py", line 44, in process_request
    return (yield download_func(request=request, spider=spider))
  File "c:\users\kalil\scrapy\venv\lib\site-packages\scrapy\utils\defer.py", line 55, in mustbe_deferred
    result = f(*args, **kw)
  File "c:\users\kalil\scrapy\venv\lib\site-packages\scrapy\core\downloader\handlers\__init__.py", line 74, in download_request
    raise NotSupported(f"Unsupported URL scheme '{scheme}': {self._notconfigured[scheme]}")
scrapy.exceptions.NotSupported: Unsupported URL scheme '': no handler available for that scheme
2022-05-30 10:14:34 [scrapy.core.scraper] ERROR: Error downloading <GET %20https://www.appeloffres.com/recherche-avancee>
Traceback (most recent call last):
  File "c:\users\kalil\scrapy\venv\lib\site-packages\twisted\internet\defer.py", line 1657, in _inlineCallbacks
    result = current_context.run(
  File "c:\users\kalil\scrapy\venv\lib\site-packages\twisted\python\failure.py", line 500, in throwExceptionIntoGenerator
    return g.throw(self.type, self.value, self.tb)
  File "c:\users\kalil\scrapy\venv\lib\site-packages\scrapy\core\downloader\middleware.py", line 44, in process_request
    return (yield download_func(request=request, spider=spider))
  File "c:\users\kalil\scrapy\venv\lib\site-packages\scrapy\utils\defer.py", line 55, in mustbe_deferred
    result = f(*args, **kw)
  File "c:\users\kalil\scrapy\venv\lib\site-packages\scrapy\core\downloader\handlers\__init__.py", line 74, in download_request
    raise NotSupported(f"Unsupported URL scheme '{scheme}': {self._notconfigured[scheme]}")
scrapy.exceptions.NotSupported: Unsupported URL scheme '': no handler available for that scheme
2022-05-30 10:14:49 [scrapy.core.scraper] ERROR: Error downloading <GET %20https://www.appeloffres.com/appels-offres/cuir-chaussure-et-textile>
Traceback (most recent call last):
  File "c:\users\kalil\scrapy\venv\lib\site-packages\twisted\internet\defer.py", line 1657, in _inlineCallbacks
    result = current_context.run(
  File "c:\users\kalil\scrapy\venv\lib\site-packages\twisted\python\failure.py", line 500, in throwExceptionIntoGenerator
    return g.throw(self.type, self.value, self.tb)
  File "c:\users\kalil\scrapy\venv\lib\site-packages\scrapy\core\downloader\middleware.py", line 44, in process_request
    return (yield download_func(request=request, spider=spider))
  File "c:\users\kalil\scrapy\venv\lib\site-packages\scrapy\utils\defer.py", line 55, in mustbe_deferred
    result = f(*args, **kw)
  File "c:\users\kalil\scrapy\venv\lib\site-packages\scrapy\core\downloader\handlers\__init__.py", line 74, in download_request
    raise NotSupported(f"Unsupported URL scheme '{scheme}': {self._notconfigured[scheme]}")
scrapy.exceptions.NotSupported: Unsupported URL scheme '': no handler available for that scheme
2022-05-30 10:15:01 [scrapy.extensions.logstats] INFO: Crawled 1 pages (at 1 pages/min), scraped 0 items (at 0 items/min)
2022-05-30 10:15:02 [scrapy.core.scraper] ERROR: Error downloading <GET %20https://www.appeloffres.com/appels-offres/telecom>
Traceback (most recent call last):
  File "c:\users\kalil\scrapy\venv\lib\site-packages\twisted\internet\defer.py", line 1657, in _inlineCallbacks
    result = current_context.run(
  File "c:\users\kalil\scrapy\venv\lib\site-packages\twisted\python\failure.py", line 500, in throwExceptionIntoGenerator
    return g.throw(self.type, self.value, self.tb)
  File "c:\users\kalil\scrapy\venv\lib\site-packages\scrapy\core\downloader\middleware.py", line 44, in process_request
    return (yield download_func(request=request, spider=spider))
  File "c:\users\kalil\scrapy\venv\lib\site-packages\scrapy\utils\defer.py", line 55, in mustbe_deferred
    result = f(*args, **kw)
  File "c:\users\kalil\scrapy\venv\lib\site-packages\scrapy\core\downloader\handlers\__init__.py", line 74, in download_request
    raise NotSupported(f"Unsupported URL scheme '{scheme}': {self._notconfigured[scheme]}")
scrapy.exceptions.NotSupported: Unsupported URL scheme '': no handler available for that scheme
2022-05-30 10:15:16 [scrapy.core.scraper] ERROR: Error downloading <GET %20https://www.appeloffres.com/appels-offres/informatique-materiels-et-logiciels>
Traceback (most recent call last):
  File "c:\users\kalil\scrapy\venv\lib\site-packages\twisted\internet\defer.py", line 1657, in _inlineCallbacks
    result = current_context.run(
  File "c:\users\kalil\scrapy\venv\lib\site-packages\twisted\python\failure.py", line 500, in throwExceptionIntoGenerator
    return g.throw(self.type, self.value, self.tb)
  File "c:\users\kalil\scrapy\venv\lib\site-packages\scrapy\core\downloader\middleware.py", line 44, in process_request
    return (yield download_func(request=request, spider=spider))
  File "c:\users\kalil\scrapy\venv\lib\site-packages\scrapy\utils\defer.py", line 55, in mustbe_deferred
    result = f(*args, **kw)
  File "c:\users\kalil\scrapy\venv\lib\site-packages\scrapy\core\downloader\handlers\__init__.py", line 74, in download_request
    raise NotSupported(f"Unsupported URL scheme '{scheme}': {self._notconfigured[scheme]}")
scrapy.exceptions.NotSupported: Unsupported URL scheme '': no handler available for that scheme
2022-05-30 10:15:27 [scrapy.core.scraper] ERROR: Error downloading <GET %20https://www.appeloffres.com/appels-offres/btp-batiment>
Traceback (most recent call last):
  File "c:\users\kalil\scrapy\venv\lib\site-packages\twisted\internet\defer.py", line 1657, in _inlineCallbacks
    result = current_context.run(
  File "c:\users\kalil\scrapy\venv\lib\site-packages\twisted\python\failure.py", line 500, in throwExceptionIntoGenerator
    return g.throw(self.type, self.value, self.tb)
  File "c:\users\kalil\scrapy\venv\lib\site-packages\scrapy\core\downloader\middleware.py", line 44, in process_request
    return (yield download_func(request=request, spider=spider))
  File "c:\users\kalil\scrapy\venv\lib\site-packages\scrapy\utils\defer.py", line 55, in mustbe_deferred
    result = f(*args, **kw)
  File "c:\users\kalil\scrapy\venv\lib\site-packages\scrapy\core\downloader\handlers\__init__.py", line 74, in download_request
    raise NotSupported(f"Unsupported URL scheme '{scheme}': {self._notconfigured[scheme]}")
scrapy.exceptions.NotSupported: Unsupported URL scheme '': no handler available for that scheme
2022-05-30 10:15:38 [scrapy.core.scraper] ERROR: Error downloading <GET %20https://www.appeloffres.com/appels-offres/immobilier>
Traceback (most recent call last):
  File "c:\users\kalil\scrapy\venv\lib\site-packages\twisted\internet\defer.py", line 1657, in _inlineCallbacks
    result = current_context.run(
  File "c:\users\kalil\scrapy\venv\lib\site-packages\twisted\python\failure.py", line 500, in throwExceptionIntoGenerator
    return g.throw(self.type, self.value, self.tb)
  File "c:\users\kalil\scrapy\venv\lib\site-packages\scrapy\core\downloader\middleware.py", line 44, in process_request
    return (yield download_func(request=request, spider=spider))
  File "c:\users\kalil\scrapy\venv\lib\site-packages\scrapy\utils\defer.py", line 55, in mustbe_deferred
    result = f(*args, **kw)
  File "c:\users\kalil\scrapy\venv\lib\site-packages\scrapy\core\downloader\handlers\__init__.py", line 74, in download_request
    raise NotSupported(f"Unsupported URL scheme '{scheme}': {self._notconfigured[scheme]}")
scrapy.exceptions.NotSupported: Unsupported URL scheme '': no handler available for that scheme
2022-05-30 10:15:51 [scrapy.core.engine] ERROR: Error while obtaining start requests
Traceback (most recent call last):
  File "c:\users\kalil\scrapy\venv\lib\site-packages\scrapy\core\engine.py", line 129, in _next_request
    request = next(slot.start_requests)
  File "c:\users\kalil\scrapy\venv\lib\site-packages\scrapy_splash\middleware.py", line 173, in process_start_requests
    for req in start_requests:
  File "c:\users\kalil\appdata\local\temp\genericscrapy-1653901977-p2l1hvun.egg\genericscrapy\spiders\TableScraper.py", line 18, in start_requests
    yield scrapy.Request(url=url, callback=self.parse,dont_filter = True)
  File "c:\users\kalil\scrapy\venv\lib\site-packages\scrapy\http\request\__init__.py", line 25, in __init__
    self._set_url(url)
  File "c:\users\kalil\scrapy\venv\lib\site-packages\scrapy\http\request\__init__.py", line 73, in _set_url
    raise ValueError(f'Missing scheme in request url: {self._url}')
ValueError: Missing scheme in request url: 
2022-05-30 10:15:52 [scrapy.core.scraper] ERROR: Error downloading <GET %20https://www.appeloffres.com/appels-offres/textile>
Traceback (most recent call last):
  File "c:\users\kalil\scrapy\venv\lib\site-packages\twisted\internet\defer.py", line 1657, in _inlineCallbacks
    result = current_context.run(
  File "c:\users\kalil\scrapy\venv\lib\site-packages\twisted\python\failure.py", line 500, in throwExceptionIntoGenerator
    return g.throw(self.type, self.value, self.tb)
  File "c:\users\kalil\scrapy\venv\lib\site-packages\scrapy\core\downloader\middleware.py", line 44, in process_request
    return (yield download_func(request=request, spider=spider))
  File "c:\users\kalil\scrapy\venv\lib\site-packages\scrapy\utils\defer.py", line 55, in mustbe_deferred
    result = f(*args, **kw)
  File "c:\users\kalil\scrapy\venv\lib\site-packages\scrapy\core\downloader\handlers\__init__.py", line 74, in download_request
    raise NotSupported(f"Unsupported URL scheme '{scheme}': {self._notconfigured[scheme]}")
scrapy.exceptions.NotSupported: Unsupported URL scheme '': no handler available for that scheme
2022-05-30 10:16:01 [scrapy.extensions.logstats] INFO: Crawled 1 pages (at 0 pages/min), scraped 0 items (at 0 items/min)
2022-05-30 10:16:05 [scrapy.core.scraper] ERROR: Error downloading <GET %20https://www.appeloffres.com/appels-offres/fournitures-industrielles>
Traceback (most recent call last):
  File "c:\users\kalil\scrapy\venv\lib\site-packages\twisted\internet\defer.py", line 1657, in _inlineCallbacks
    result = current_context.run(
  File "c:\users\kalil\scrapy\venv\lib\site-packages\twisted\python\failure.py", line 500, in throwExceptionIntoGenerator
    return g.throw(self.type, self.value, self.tb)
  File "c:\users\kalil\scrapy\venv\lib\site-packages\scrapy\core\downloader\middleware.py", line 44, in process_request
    return (yield download_func(request=request, spider=spider))
  File "c:\users\kalil\scrapy\venv\lib\site-packages\scrapy\utils\defer.py", line 55, in mustbe_deferred
    result = f(*args, **kw)
  File "c:\users\kalil\scrapy\venv\lib\site-packages\scrapy\core\downloader\handlers\__init__.py", line 74, in download_request
    raise NotSupported(f"Unsupported URL scheme '{scheme}': {self._notconfigured[scheme]}")
scrapy.exceptions.NotSupported: Unsupported URL scheme '': no handler available for that scheme
2022-05-30 10:16:13 [scrapy.core.scraper] ERROR: Error downloading <GET %20https://www.appeloffres.com/appels-offres/fournitures-de-bureaux-et-mobilier>
Traceback (most recent call last):
  File "c:\users\kalil\scrapy\venv\lib\site-packages\twisted\internet\defer.py", line 1657, in _inlineCallbacks
    result = current_context.run(
  File "c:\users\kalil\scrapy\venv\lib\site-packages\twisted\python\failure.py", line 500, in throwExceptionIntoGenerator
    return g.throw(self.type, self.value, self.tb)
  File "c:\users\kalil\scrapy\venv\lib\site-packages\scrapy\core\downloader\middleware.py", line 44, in process_request
    return (yield download_func(request=request, spider=spider))
  File "c:\users\kalil\scrapy\venv\lib\site-packages\scrapy\utils\defer.py", line 55, in mustbe_deferred
    result = f(*args, **kw)
  File "c:\users\kalil\scrapy\venv\lib\site-packages\scrapy\core\downloader\handlers\__init__.py", line 74, in download_request
    raise NotSupported(f"Unsupported URL scheme '{scheme}': {self._notconfigured[scheme]}")
scrapy.exceptions.NotSupported: Unsupported URL scheme '': no handler available for that scheme
2022-05-30 10:16:23 [scrapy.core.scraper] ERROR: Error downloading <GET %20https://www.appeloffres.com/appels-offres/services>
Traceback (most recent call last):
  File "c:\users\kalil\scrapy\venv\lib\site-packages\twisted\internet\defer.py", line 1657, in _inlineCallbacks
    result = current_context.run(
  File "c:\users\kalil\scrapy\venv\lib\site-packages\twisted\python\failure.py", line 500, in throwExceptionIntoGenerator
    return g.throw(self.type, self.value, self.tb)
  File "c:\users\kalil\scrapy\venv\lib\site-packages\scrapy\core\downloader\middleware.py", line 44, in process_request
    return (yield download_func(request=request, spider=spider))
  File "c:\users\kalil\scrapy\venv\lib\site-packages\scrapy\utils\defer.py", line 55, in mustbe_deferred
    result = f(*args, **kw)
  File "c:\users\kalil\scrapy\venv\lib\site-packages\scrapy\core\downloader\handlers\__init__.py", line 74, in download_request
    raise NotSupported(f"Unsupported URL scheme '{scheme}': {self._notconfigured[scheme]}")
scrapy.exceptions.NotSupported: Unsupported URL scheme '': no handler available for that scheme
2022-05-30 10:16:36 [scrapy.core.scraper] ERROR: Error downloading <GET %20https://www.appeloffres.com/appels-offres/voitures-camions-et-engins>
Traceback (most recent call last):
  File "c:\users\kalil\scrapy\venv\lib\site-packages\twisted\internet\defer.py", line 1657, in _inlineCallbacks
    result = current_context.run(
  File "c:\users\kalil\scrapy\venv\lib\site-packages\twisted\python\failure.py", line 500, in throwExceptionIntoGenerator
    return g.throw(self.type, self.value, self.tb)
  File "c:\users\kalil\scrapy\venv\lib\site-packages\scrapy\core\downloader\middleware.py", line 44, in process_request
    return (yield download_func(request=request, spider=spider))
  File "c:\users\kalil\scrapy\venv\lib\site-packages\scrapy\utils\defer.py", line 55, in mustbe_deferred
    result = f(*args, **kw)
  File "c:\users\kalil\scrapy\venv\lib\site-packages\scrapy\core\downloader\handlers\__init__.py", line 74, in download_request
    raise NotSupported(f"Unsupported URL scheme '{scheme}': {self._notconfigured[scheme]}")
scrapy.exceptions.NotSupported: Unsupported URL scheme '': no handler available for that scheme
2022-05-30 10:16:48 [scrapy.core.scraper] ERROR: Error downloading <GET %20https://www.appeloffres.com/appels-offres/etudes-et-consulting>
Traceback (most recent call last):
  File "c:\users\kalil\scrapy\venv\lib\site-packages\twisted\internet\defer.py", line 1657, in _inlineCallbacks
    result = current_context.run(
  File "c:\users\kalil\scrapy\venv\lib\site-packages\twisted\python\failure.py", line 500, in throwExceptionIntoGenerator
    return g.throw(self.type, self.value, self.tb)
  File "c:\users\kalil\scrapy\venv\lib\site-packages\scrapy\core\downloader\middleware.py", line 44, in process_request
    return (yield download_func(request=request, spider=spider))
  File "c:\users\kalil\scrapy\venv\lib\site-packages\scrapy\utils\defer.py", line 55, in mustbe_deferred
    result = f(*args, **kw)
  File "c:\users\kalil\scrapy\venv\lib\site-packages\scrapy\core\downloader\handlers\__init__.py", line 74, in download_request
    raise NotSupported(f"Unsupported URL scheme '{scheme}': {self._notconfigured[scheme]}")
scrapy.exceptions.NotSupported: Unsupported URL scheme '': no handler available for that scheme
2022-05-30 10:17:00 [scrapy.core.scraper] ERROR: Error downloading <GET %20https://www.appeloffres.com/appels-offres/agriculture-et-agroalimentaire>
Traceback (most recent call last):
  File "c:\users\kalil\scrapy\venv\lib\site-packages\twisted\internet\defer.py", line 1657, in _inlineCallbacks
    result = current_context.run(
  File "c:\users\kalil\scrapy\venv\lib\site-packages\twisted\python\failure.py", line 500, in throwExceptionIntoGenerator
    return g.throw(self.type, self.value, self.tb)
  File "c:\users\kalil\scrapy\venv\lib\site-packages\scrapy\core\downloader\middleware.py", line 44, in process_request
    return (yield download_func(request=request, spider=spider))
  File "c:\users\kalil\scrapy\venv\lib\site-packages\scrapy\utils\defer.py", line 55, in mustbe_deferred
    result = f(*args, **kw)
  File "c:\users\kalil\scrapy\venv\lib\site-packages\scrapy\core\downloader\handlers\__init__.py", line 74, in download_request
    raise NotSupported(f"Unsupported URL scheme '{scheme}': {self._notconfigured[scheme]}")
scrapy.exceptions.NotSupported: Unsupported URL scheme '': no handler available for that scheme
2022-05-30 10:17:01 [scrapy.extensions.logstats] INFO: Crawled 1 pages (at 0 pages/min), scraped 0 items (at 0 items/min)
2022-05-30 10:17:12 [scrapy.core.scraper] ERROR: Error downloading <GET %20https://www.appeloffres.com/appels-offres/electricite>
Traceback (most recent call last):
  File "c:\users\kalil\scrapy\venv\lib\site-packages\twisted\internet\defer.py", line 1657, in _inlineCallbacks
    result = current_context.run(
  File "c:\users\kalil\scrapy\venv\lib\site-packages\twisted\python\failure.py", line 500, in throwExceptionIntoGenerator
    return g.throw(self.type, self.value, self.tb)
  File "c:\users\kalil\scrapy\venv\lib\site-packages\scrapy\core\downloader\middleware.py", line 44, in process_request
    return (yield download_func(request=request, spider=spider))
  File "c:\users\kalil\scrapy\venv\lib\site-packages\scrapy\utils\defer.py", line 55, in mustbe_deferred
    result = f(*args, **kw)
  File "c:\users\kalil\scrapy\venv\lib\site-packages\scrapy\core\downloader\handlers\__init__.py", line 74, in download_request
    raise NotSupported(f"Unsupported URL scheme '{scheme}': {self._notconfigured[scheme]}")
scrapy.exceptions.NotSupported: Unsupported URL scheme '': no handler available for that scheme
