2022-05-30 10:57:14 [scrapy.utils.log] INFO: Scrapy 2.5.1 started (bot: genericscrapy)
2022-05-30 10:57:14 [scrapy.utils.log] INFO: Versions: lxml 4.7.1.0, libxml2 2.9.12, cssselect 1.1.0, parsel 1.6.0, w3lib 1.22.0, Twisted 21.7.0, Python 3.8.5 (default, Sep  3 2020, 21:29:08) [MSC v.1916 64 bit (AMD64)], pyOpenSSL 22.0.0 (OpenSSL 1.1.1m  14 Dec 2021), cryptography 36.0.1, Platform Windows-10-10.0.18362-SP0
2022-05-30 10:57:14 [scrapy.utils.log] DEBUG: Using reactor: twisted.internet.asyncioreactor.AsyncioSelectorReactor
2022-05-30 10:57:14 [scrapy.utils.log] DEBUG: Using asyncio event loop: asyncio.windows_events._WindowsSelectorEventLoop
2022-05-30 10:57:14 [scrapy.crawler] INFO: Overridden settings:
{'BOT_NAME': 'genericscrapy',
 'CLOSESPIDER_PAGECOUNT': 1000,
 'DOWNLOAD_DELAY': 10,
 'DUPEFILTER_CLASS': 'scrapy_splash.SplashAwareDupeFilter',
 'HTTPCACHE_STORAGE': 'scrapy_splash.SplashAwareFSCacheStorage',
 'LOG_FILE': 'logs\\genericscrapy\\table\\de673a5edffe11eca3d4da7cc8e30322.log',
 'NEWSPIDER_MODULE': 'genericscrapy.spiders',
 'SPIDER_MODULES': ['genericscrapy.spiders'],
 'USER_AGENT': 'Mozilla/5.0 (Windows NT 10.0; Win64; x64) AppleWebKit/537.36 '
               '(KHTML, like Gecko) Chrome/99.0.4844.51 Safari/537.36'}
2022-05-30 10:57:14 [scrapy.extensions.telnet] INFO: Telnet Password: 630cc3bedd537a2d
2022-05-30 10:57:14 [scrapy.middleware] INFO: Enabled extensions:
['scrapy.extensions.corestats.CoreStats',
 'scrapy.extensions.telnet.TelnetConsole',
 'scrapy.extensions.closespider.CloseSpider',
 'scrapy.extensions.logstats.LogStats']
2022-05-30 10:57:14 [scrapy.middleware] INFO: Enabled downloader middlewares:
['scrapy.downloadermiddlewares.httpauth.HttpAuthMiddleware',
 'scrapy.downloadermiddlewares.downloadtimeout.DownloadTimeoutMiddleware',
 'scrapy.downloadermiddlewares.defaultheaders.DefaultHeadersMiddleware',
 'scrapy.downloadermiddlewares.useragent.UserAgentMiddleware',
 'scrapy.downloadermiddlewares.retry.RetryMiddleware',
 'scrapy.downloadermiddlewares.redirect.MetaRefreshMiddleware',
 'scrapy.downloadermiddlewares.redirect.RedirectMiddleware',
 'scrapy.downloadermiddlewares.cookies.CookiesMiddleware',
 'scrapy_splash.SplashCookiesMiddleware',
 'scrapy_splash.SplashMiddleware',
 'scrapy.downloadermiddlewares.httpproxy.HttpProxyMiddleware',
 'scrapy.downloadermiddlewares.httpcompression.HttpCompressionMiddleware',
 'scrapy.downloadermiddlewares.stats.DownloaderStats']
2022-05-30 10:57:14 [scrapy.middleware] INFO: Enabled spider middlewares:
['scrapy.spidermiddlewares.httperror.HttpErrorMiddleware',
 'scrapy_splash.SplashDeduplicateArgsMiddleware',
 'scrapy.spidermiddlewares.offsite.OffsiteMiddleware',
 'scrapy.spidermiddlewares.referer.RefererMiddleware',
 'scrapy.spidermiddlewares.urllength.UrlLengthMiddleware',
 'scrapy.spidermiddlewares.depth.DepthMiddleware']
2022-05-30 10:57:14 [scrapy.middleware] INFO: Enabled item pipelines:
['genericscrapy.pipelines.TableScraperPipeline']
2022-05-30 10:57:14 [scrapy.core.engine] INFO: Spider opened
2022-05-30 10:57:15 [py.warnings] WARNING: c:\users\kalil\scrapy\venv\lib\site-packages\cryptography\x509\base.py:538: CryptographyDeprecationWarning: Parsed a negative serial number, which is disallowed by RFC 5280.
  return rust_x509.load_der_x509_certificate(data)

2022-05-30 10:57:15 [scrapy.extensions.logstats] INFO: Crawled 0 pages (at 0 pages/min), scraped 0 items (at 0 items/min)
2022-05-30 10:57:15 [scrapy.extensions.telnet] INFO: Telnet console listening on 127.0.0.1:6023
2022-05-30 10:57:15 [scrapy.core.engine] ERROR: Error while obtaining start requests
Traceback (most recent call last):
  File "c:\users\kalil\scrapy\venv\lib\site-packages\scrapy\core\engine.py", line 129, in _next_request
    request = next(slot.start_requests)
  File "c:\users\kalil\scrapy\venv\lib\site-packages\scrapy_splash\middleware.py", line 173, in process_start_requests
    for req in start_requests:
  File "c:\users\kalil\appdata\local\temp\genericscrapy-1653901977-f_mut6v_.egg\genericscrapy\spiders\TableScraper.py", line 18, in start_requests
    yield scrapy.Request(url=url, callback=self.parse,dont_filter = True)
  File "c:\users\kalil\scrapy\venv\lib\site-packages\scrapy\http\request\__init__.py", line 25, in __init__
    self._set_url(url)
  File "c:\users\kalil\scrapy\venv\lib\site-packages\scrapy\http\request\__init__.py", line 73, in _set_url
    raise ValueError(f'Missing scheme in request url: {self._url}')
ValueError: Missing scheme in request url: 
2022-05-30 10:57:15 [scrapy.core.engine] INFO: Closing spider (finished)
2022-05-30 10:57:15 [scrapy.statscollectors] INFO: Dumping Scrapy stats:
{'elapsed_time_seconds': 0.035001,
 'finish_reason': 'finished',
 'finish_time': datetime.datetime(2022, 5, 30, 9, 57, 15, 724841),
 'log_count/ERROR': 1,
 'log_count/INFO': 10,
 'log_count/WARNING': 1,
 'start_time': datetime.datetime(2022, 5, 30, 9, 57, 15, 689840)}
2022-05-30 10:57:15 [scrapy.core.engine] INFO: Spider closed (finished)
2022-05-30 10:57:16 [pymongo.ocsp_support] DEBUG: Peer did not staple an OCSP response
2022-05-30 10:57:16 [pymongo.ocsp_support] DEBUG: Peer did not staple an OCSP response
2022-05-30 10:57:16 [pymongo.ocsp_support] DEBUG: Requesting OCSP data
2022-05-30 10:57:16 [pymongo.ocsp_support] DEBUG: Peer did not staple an OCSP response
2022-05-30 10:57:16 [pymongo.ocsp_support] DEBUG: Requesting OCSP data
2022-05-30 10:57:16 [pymongo.ocsp_support] DEBUG: Trying http://r3.o.lencr.org
2022-05-30 10:57:16 [pymongo.ocsp_support] DEBUG: Requesting OCSP data
2022-05-30 10:57:16 [pymongo.ocsp_support] DEBUG: Trying http://r3.o.lencr.org
2022-05-30 10:57:16 [pymongo.ocsp_support] DEBUG: Trying http://r3.o.lencr.org
2022-05-30 10:57:16 [urllib3.connectionpool] DEBUG: Starting new HTTP connection (1): r3.o.lencr.org:80
2022-05-30 10:57:16 [urllib3.connectionpool] DEBUG: Starting new HTTP connection (1): r3.o.lencr.org:80
2022-05-30 10:57:16 [urllib3.connectionpool] DEBUG: Starting new HTTP connection (1): r3.o.lencr.org:80
