2022-06-22 10:44:35 [scrapy.utils.log] INFO: Scrapy 2.5.1 started (bot: genericscrapy)
2022-06-22 10:44:35 [scrapy.utils.log] INFO: Versions: lxml 4.7.1.0, libxml2 2.9.12, cssselect 1.1.0, parsel 1.6.0, w3lib 1.22.0, Twisted 22.1.0, Python 3.8.5 (default, Sep  3 2020, 21:29:08) [MSC v.1916 64 bit (AMD64)], pyOpenSSL 22.0.0 (OpenSSL 1.1.1m  14 Dec 2021), cryptography 36.0.1, Platform Windows-10-10.0.18362-SP0
2022-06-22 10:44:35 [scrapy.utils.log] DEBUG: Using reactor: twisted.internet.asyncioreactor.AsyncioSelectorReactor
2022-06-22 10:44:35 [scrapy.utils.log] DEBUG: Using asyncio event loop: asyncio.windows_events._WindowsSelectorEventLoop
2022-06-22 10:44:35 [scrapy.crawler] INFO: Overridden settings:
{'BOT_NAME': 'genericscrapy',
 'CLOSESPIDER_PAGECOUNT': 1000,
 'DOWNLOAD_DELAY': 10,
 'DUPEFILTER_CLASS': 'scrapy_splash.SplashAwareDupeFilter',
 'HTTPCACHE_STORAGE': 'scrapy_splash.SplashAwareFSCacheStorage',
 'LOG_FILE': 'logs\\genericscrapy\\url-extractor\\ea387677f20f11ec8e0cf7d6393d9529.log',
 'NEWSPIDER_MODULE': 'genericscrapy.spiders',
 'SPIDER_MODULES': ['genericscrapy.spiders'],
 'USER_AGENT': 'Mozilla/5.0 (Windows NT 10.0; Win64; x64) AppleWebKit/537.36 '
               '(KHTML, like Gecko) Chrome/99.0.4844.51 Safari/537.36'}
2022-06-22 10:44:35 [scrapy.extensions.telnet] INFO: Telnet Password: dd0bde209f31dbac
2022-06-22 10:44:35 [scrapy.middleware] INFO: Enabled extensions:
['scrapy.extensions.corestats.CoreStats',
 'scrapy.extensions.telnet.TelnetConsole',
 'scrapy.extensions.closespider.CloseSpider',
 'scrapy.extensions.logstats.LogStats']
2022-06-22 10:44:35 [url-extractor] INFO: [LE] Source: https://www.amazon.com/b?node=16225016011&pf_rd_r=N5TD9AJ5M2MFZYTD40G8&pf_rd_p=e5b0c85f-569c-4c90-a58f-0c0a260e45a0&pd_rd_r=c1e8591e-f091-4da5-8604-4635be6844be&pd_rd_w=bM1cA&pd_rd_wg=jgaTh&ref_=pd_gw_unk Depth: 0 Kwargs: {'_job': 'ea387677f20f11ec8e0cf7d6393d9529'}
2022-06-22 10:44:35 [scrapy.middleware] INFO: Enabled downloader middlewares:
['scrapy.downloadermiddlewares.httpauth.HttpAuthMiddleware',
 'scrapy.downloadermiddlewares.downloadtimeout.DownloadTimeoutMiddleware',
 'scrapy.downloadermiddlewares.defaultheaders.DefaultHeadersMiddleware',
 'scrapy.downloadermiddlewares.useragent.UserAgentMiddleware',
 'scrapy.downloadermiddlewares.retry.RetryMiddleware',
 'scrapy.downloadermiddlewares.redirect.MetaRefreshMiddleware',
 'scrapy.downloadermiddlewares.redirect.RedirectMiddleware',
 'scrapy.downloadermiddlewares.cookies.CookiesMiddleware',
 'scrapy_splash.SplashCookiesMiddleware',
 'scrapy_splash.SplashMiddleware',
 'scrapy.downloadermiddlewares.httpproxy.HttpProxyMiddleware',
 'scrapy.downloadermiddlewares.httpcompression.HttpCompressionMiddleware',
 'scrapy.downloadermiddlewares.stats.DownloaderStats']
2022-06-22 10:44:35 [scrapy.middleware] INFO: Enabled spider middlewares:
['scrapy.spidermiddlewares.httperror.HttpErrorMiddleware',
 'scrapy_splash.SplashDeduplicateArgsMiddleware',
 'scrapy.spidermiddlewares.offsite.OffsiteMiddleware',
 'scrapy.spidermiddlewares.referer.RefererMiddleware',
 'scrapy.spidermiddlewares.urllength.UrlLengthMiddleware',
 'scrapy.spidermiddlewares.depth.DepthMiddleware']
2022-06-22 10:44:36 [kafka.producer.kafka] DEBUG: Starting the Kafka producer
2022-06-22 10:44:36 [kafka.metrics.metrics] DEBUG: Added sensor with name connections-closed
2022-06-22 10:44:36 [kafka.metrics.metrics] DEBUG: Added sensor with name connections-created
2022-06-22 10:44:36 [kafka.metrics.metrics] DEBUG: Added sensor with name select-time
2022-06-22 10:44:36 [kafka.metrics.metrics] DEBUG: Added sensor with name io-time
2022-06-22 10:44:36 [kafka.client] DEBUG: Initiating connection to node bootstrap-0 at localhost:9092
2022-06-22 10:44:36 [kafka.metrics.metrics] DEBUG: Added sensor with name bytes-sent-received
2022-06-22 10:44:36 [kafka.metrics.metrics] DEBUG: Added sensor with name bytes-sent
2022-06-22 10:44:36 [kafka.metrics.metrics] DEBUG: Added sensor with name bytes-received
2022-06-22 10:44:36 [kafka.metrics.metrics] DEBUG: Added sensor with name request-latency
2022-06-22 10:44:36 [kafka.metrics.metrics] DEBUG: Added sensor with name node-bootstrap-0.bytes-sent
2022-06-22 10:44:36 [kafka.metrics.metrics] DEBUG: Added sensor with name node-bootstrap-0.bytes-received
2022-06-22 10:44:36 [kafka.metrics.metrics] DEBUG: Added sensor with name node-bootstrap-0.latency
2022-06-22 10:44:36 [kafka.conn] DEBUG: <BrokerConnection node_id=bootstrap-0 host=localhost:9092 <disconnected> [unspecified None]>: creating new socket
2022-06-22 10:44:36 [kafka.conn] DEBUG: <BrokerConnection node_id=bootstrap-0 host=localhost:9092 <disconnected> [IPv6 ('::1', 9092, 0, 0)]>: setting socket option (6, 1, 1)
2022-06-22 10:44:36 [kafka.conn] INFO: <BrokerConnection node_id=bootstrap-0 host=localhost:9092 <connecting> [IPv6 ('::1', 9092, 0, 0)]>: connecting to localhost:9092 [('::1', 9092, 0, 0) IPv6]
2022-06-22 10:44:36 [kafka.conn] INFO: Probing node bootstrap-0 broker version
2022-06-22 10:44:36 [kafka.conn] DEBUG: <BrokerConnection node_id=bootstrap-0 host=localhost:9092 <connecting> [IPv6 ('::1', 9092, 0, 0)]>: established TCP connection
2022-06-22 10:44:36 [kafka.conn] INFO: <BrokerConnection node_id=bootstrap-0 host=localhost:9092 <connecting> [IPv6 ('::1', 9092, 0, 0)]>: Connection complete.
2022-06-22 10:44:36 [kafka.client] DEBUG: Node bootstrap-0 connected
2022-06-22 10:44:36 [kafka.protocol.parser] DEBUG: Sending request ApiVersionRequest_v0()
2022-06-22 10:44:36 [kafka.conn] DEBUG: <BrokerConnection node_id=bootstrap-0 host=localhost:9092 <connected> [IPv6 ('::1', 9092, 0, 0)]> Request 1: ApiVersionRequest_v0()
2022-06-22 10:44:36 [kafka.protocol.parser] DEBUG: Sending request MetadataRequest_v0(topics=[])
2022-06-22 10:44:36 [kafka.conn] DEBUG: <BrokerConnection node_id=bootstrap-0 host=localhost:9092 <connected> [IPv6 ('::1', 9092, 0, 0)]> Request 2: MetadataRequest_v0(topics=[])
2022-06-22 10:44:36 [kafka.protocol.parser] DEBUG: Received correlation id: 1
2022-06-22 10:44:36 [kafka.protocol.parser] DEBUG: Processing response ApiVersionResponse_v0
2022-06-22 10:44:36 [kafka.protocol.parser] DEBUG: Received correlation id: 2
2022-06-22 10:44:36 [kafka.protocol.parser] DEBUG: Processing response MetadataResponse_v0
2022-06-22 10:44:36 [kafka.conn] DEBUG: <BrokerConnection node_id=bootstrap-0 host=localhost:9092 <connected> [IPv6 ('::1', 9092, 0, 0)]> Response 1 (108.99734497070312 ms): ApiVersionResponse_v0(error_code=0, api_versions=[(api_key=0, min_version=0, max_version=9), (api_key=1, min_version=0, max_version=13), (api_key=2, min_version=0, max_version=7), (api_key=3, min_version=0, max_version=12), (api_key=4, min_version=0, max_version=5), (api_key=5, min_version=0, max_version=3), (api_key=6, min_version=0, max_version=7), (api_key=7, min_version=0, max_version=3), (api_key=8, min_version=0, max_version=8), (api_key=9, min_version=0, max_version=8), (api_key=10, min_version=0, max_version=4), (api_key=11, min_version=0, max_version=7), (api_key=12, min_version=0, max_version=4), (api_key=13, min_version=0, max_version=4), (api_key=14, min_version=0, max_version=5), (api_key=15, min_version=0, max_version=5), (api_key=16, min_version=0, max_version=4), (api_key=17, min_version=0, max_version=1), (api_key=18, min_version=0, max_version=3), (api_key=19, min_version=0, max_version=7), (api_key=20, min_version=0, max_version=6), (api_key=21, min_version=0, max_version=2), (api_key=22, min_version=0, max_version=4), (api_key=23, min_version=0, max_version=4), (api_key=24, min_version=0, max_version=3), (api_key=25, min_version=0, max_version=3), (api_key=26, min_version=0, max_version=3), (api_key=27, min_version=0, max_version=1), (api_key=28, min_version=0, max_version=3), (api_key=29, min_version=0, max_version=2), (api_key=30, min_version=0, max_version=2), (api_key=31, min_version=0, max_version=2), (api_key=32, min_version=0, max_version=4), (api_key=33, min_version=0, max_version=2), (api_key=34, min_version=0, max_version=2), (api_key=35, min_version=0, max_version=2), (api_key=36, min_version=0, max_version=2), (api_key=37, min_version=0, max_version=3), (api_key=38, min_version=0, max_version=2), (api_key=39, min_version=0, max_version=2), (api_key=40, min_version=0, max_version=2), (api_key=41, min_version=0, max_version=2), (api_key=42, min_version=0, max_version=2), (api_key=43, min_version=0, max_version=2), (api_key=44, min_version=0, max_version=1), (api_key=45, min_version=0, max_version=0), (api_key=46, min_version=0, max_version=0), (api_key=47, min_version=0, max_version=0), (api_key=48, min_version=0, max_version=1), (api_key=49, min_version=0, max_version=1), (api_key=50, min_version=0, max_version=0), (api_key=51, min_version=0, max_version=0), (api_key=56, min_version=0, max_version=0), (api_key=57, min_version=0, max_version=0), (api_key=60, min_version=0, max_version=0), (api_key=61, min_version=0, max_version=0), (api_key=65, min_version=0, max_version=0), (api_key=66, min_version=0, max_version=0), (api_key=67, min_version=0, max_version=0)])
2022-06-22 10:44:36 [kafka.conn] DEBUG: <BrokerConnection node_id=bootstrap-0 host=localhost:9092 <connected> [IPv6 ('::1', 9092, 0, 0)]> Response 2 (8.998632431030273 ms): MetadataResponse_v0(brokers=[(node_id=0, host='DESKTOP-RTIL2HE', port=9092)], topics=[(error_code=0, topic='__consumer_offsets', partitions=[(error_code=0, partition=0, leader=0, replicas=[0], isr=[0]), (error_code=0, partition=10, leader=0, replicas=[0], isr=[0]), (error_code=0, partition=20, leader=0, replicas=[0], isr=[0]), (error_code=0, partition=40, leader=0, replicas=[0], isr=[0]), (error_code=0, partition=30, leader=0, replicas=[0], isr=[0]), (error_code=0, partition=9, leader=0, replicas=[0], isr=[0]), (error_code=0, partition=11, leader=0, replicas=[0], isr=[0]), (error_code=0, partition=31, leader=0, replicas=[0], isr=[0]), (error_code=0, partition=39, leader=0, replicas=[0], isr=[0]), (error_code=0, partition=13, leader=0, replicas=[0], isr=[0]), (error_code=0, partition=18, leader=0, replicas=[0], isr=[0]), (error_code=0, partition=22, leader=0, replicas=[0], isr=[0]), (error_code=0, partition=8, leader=0, replicas=[0], isr=[0]), (error_code=0, partition=32, leader=0, replicas=[0], isr=[0]), (error_code=0, partition=43, leader=0, replicas=[0], isr=[0]), (error_code=0, partition=29, leader=0, replicas=[0], isr=[0]), (error_code=0, partition=34, leader=0, replicas=[0], isr=[0]), (error_code=0, partition=1, leader=0, replicas=[0], isr=[0]), (error_code=0, partition=6, leader=0, replicas=[0], isr=[0]), (error_code=0, partition=41, leader=0, replicas=[0], isr=[0]), (error_code=0, partition=27, leader=0, replicas=[0], isr=[0]), (error_code=0, partition=48, leader=0, replicas=[0], isr=[0]), (error_code=0, partition=5, leader=0, replicas=[0], isr=[0]), (error_code=0, partition=15, leader=0, replicas=[0], isr=[0]), (error_code=0, partition=35, leader=0, replicas=[0], isr=[0]), (error_code=0, partition=25, leader=0, replicas=[0], isr=[0]), (error_code=0, partition=46, leader=0, replicas=[0], isr=[0]), (error_code=0, partition=26, leader=0, replicas=[0], isr=[0]), (error_code=0, partition=36, leader=0, replicas=[0], isr=[0]), (error_code=0, partition=44, leader=0, replicas=[0], isr=[0]), (error_code=0, partition=16, leader=0, replicas=[0], isr=[0]), (error_code=0, partition=37, leader=0, replicas=[0], isr=[0]), (error_code=0, partition=17, leader=0, replicas=[0], isr=[0]), (error_code=0, partition=45, leader=0, replicas=[0], isr=[0]), (error_code=0, partition=3, leader=0, replicas=[0], isr=[0]), (error_code=0, partition=24, leader=0, replicas=[0], isr=[0]), (error_code=0, partition=38, leader=0, replicas=[0], isr=[0]), (error_code=0, partition=33, leader=0, replicas=[0], isr=[0]), (error_code=0, partition=23, leader=0, replicas=[0], isr=[0]), (error_code=0, partition=28, leader=0, replicas=[0], isr=[0]), (error_code=0, partition=2, leader=0, replicas=[0], isr=[0]), (error_code=0, partition=12, leader=0, replicas=[0], isr=[0]), (error_code=0, partition=19, leader=0, replicas=[0], isr=[0]), (error_code=0, partition=14, leader=0, replicas=[0], isr=[0]), (error_code=0, partition=4, leader=0, replicas=[0], isr=[0]), (error_code=0, partition=47, leader=0, replicas=[0], isr=[0]), (error_code=0, partition=49, leader=0, replicas=[0], isr=[0]), (error_code=0, partition=42, leader=0, replicas=[0], isr=[0]), (error_code=0, partition=7, leader=0, replicas=[0], isr=[0]), (error_code=0, partition=21, leader=0, replicas=[0], isr=[0])]), (error_code=0, topic='numtest', partitions=[(error_code=0, partition=0, leader=0, replicas=[0], isr=[0])])])
2022-06-22 10:44:36 [kafka.conn] INFO: Broker version identified as 2.5.0
2022-06-22 10:44:36 [kafka.conn] INFO: Set configuration api_version=(2, 5, 0) to skip auto check_version requests on startup
2022-06-22 10:44:36 [kafka.metrics.metrics] DEBUG: Added sensor with name bufferpool-wait-time
2022-06-22 10:44:36 [kafka.metrics.metrics] DEBUG: Added sensor with name batch-size
2022-06-22 10:44:36 [kafka.metrics.metrics] DEBUG: Added sensor with name compression-rate
2022-06-22 10:44:36 [kafka.metrics.metrics] DEBUG: Added sensor with name queue-time
2022-06-22 10:44:36 [kafka.metrics.metrics] DEBUG: Added sensor with name produce-throttle-time
2022-06-22 10:44:36 [kafka.metrics.metrics] DEBUG: Added sensor with name records-per-request
2022-06-22 10:44:36 [kafka.metrics.metrics] DEBUG: Added sensor with name bytes
2022-06-22 10:44:36 [kafka.metrics.metrics] DEBUG: Added sensor with name record-retries
2022-06-22 10:44:36 [kafka.metrics.metrics] DEBUG: Added sensor with name errors
2022-06-22 10:44:36 [kafka.metrics.metrics] DEBUG: Added sensor with name record-size-max
2022-06-22 10:44:36 [kafka.producer.sender] DEBUG: Starting Kafka producer I/O thread.
2022-06-22 10:44:36 [kafka.producer.kafka] DEBUG: Kafka producer started
2022-06-22 10:44:36 [kafka.client] DEBUG: Sending metadata request MetadataRequest_v1(topics=NULL) to node bootstrap-0
2022-06-22 10:44:36 [scrapy.middleware] INFO: Enabled item pipelines:
['genericscrapy.pipelines.LinkExtratorPipeline']
2022-06-22 10:44:36 [kafka.protocol.parser] DEBUG: Sending request MetadataRequest_v1(topics=NULL)
2022-06-22 10:44:36 [scrapy.core.engine] INFO: Spider opened
2022-06-22 10:44:36 [kafka.conn] DEBUG: <BrokerConnection node_id=bootstrap-0 host=localhost:9092 <connected> [IPv6 ('::1', 9092, 0, 0)]> Request 3: MetadataRequest_v1(topics=NULL)
2022-06-22 10:44:36 [kafka.protocol.parser] DEBUG: Received correlation id: 3
2022-06-22 10:44:36 [kafka.protocol.parser] DEBUG: Processing response MetadataResponse_v1
2022-06-22 10:44:36 [kafka.conn] DEBUG: <BrokerConnection node_id=bootstrap-0 host=localhost:9092 <connected> [IPv6 ('::1', 9092, 0, 0)]> Response 3 (4.002094268798828 ms): MetadataResponse_v1(brokers=[(node_id=0, host='DESKTOP-RTIL2HE', port=9092, rack=None)], controller_id=0, topics=[(error_code=0, topic='__consumer_offsets', is_internal=True, partitions=[(error_code=0, partition=0, leader=0, replicas=[0], isr=[0]), (error_code=0, partition=10, leader=0, replicas=[0], isr=[0]), (error_code=0, partition=20, leader=0, replicas=[0], isr=[0]), (error_code=0, partition=40, leader=0, replicas=[0], isr=[0]), (error_code=0, partition=30, leader=0, replicas=[0], isr=[0]), (error_code=0, partition=9, leader=0, replicas=[0], isr=[0]), (error_code=0, partition=11, leader=0, replicas=[0], isr=[0]), (error_code=0, partition=31, leader=0, replicas=[0], isr=[0]), (error_code=0, partition=39, leader=0, replicas=[0], isr=[0]), (error_code=0, partition=13, leader=0, replicas=[0], isr=[0]), (error_code=0, partition=18, leader=0, replicas=[0], isr=[0]), (error_code=0, partition=22, leader=0, replicas=[0], isr=[0]), (error_code=0, partition=8, leader=0, replicas=[0], isr=[0]), (error_code=0, partition=32, leader=0, replicas=[0], isr=[0]), (error_code=0, partition=43, leader=0, replicas=[0], isr=[0]), (error_code=0, partition=29, leader=0, replicas=[0], isr=[0]), (error_code=0, partition=34, leader=0, replicas=[0], isr=[0]), (error_code=0, partition=1, leader=0, replicas=[0], isr=[0]), (error_code=0, partition=6, leader=0, replicas=[0], isr=[0]), (error_code=0, partition=41, leader=0, replicas=[0], isr=[0]), (error_code=0, partition=27, leader=0, replicas=[0], isr=[0]), (error_code=0, partition=48, leader=0, replicas=[0], isr=[0]), (error_code=0, partition=5, leader=0, replicas=[0], isr=[0]), (error_code=0, partition=15, leader=0, replicas=[0], isr=[0]), (error_code=0, partition=35, leader=0, replicas=[0], isr=[0]), (error_code=0, partition=25, leader=0, replicas=[0], isr=[0]), (error_code=0, partition=46, leader=0, replicas=[0], isr=[0]), (error_code=0, partition=26, leader=0, replicas=[0], isr=[0]), (error_code=0, partition=36, leader=0, replicas=[0], isr=[0]), (error_code=0, partition=44, leader=0, replicas=[0], isr=[0]), (error_code=0, partition=16, leader=0, replicas=[0], isr=[0]), (error_code=0, partition=37, leader=0, replicas=[0], isr=[0]), (error_code=0, partition=17, leader=0, replicas=[0], isr=[0]), (error_code=0, partition=45, leader=0, replicas=[0], isr=[0]), (error_code=0, partition=3, leader=0, replicas=[0], isr=[0]), (error_code=0, partition=24, leader=0, replicas=[0], isr=[0]), (error_code=0, partition=38, leader=0, replicas=[0], isr=[0]), (error_code=0, partition=33, leader=0, replicas=[0], isr=[0]), (error_code=0, partition=23, leader=0, replicas=[0], isr=[0]), (error_code=0, partition=28, leader=0, replicas=[0], isr=[0]), (error_code=0, partition=2, leader=0, replicas=[0], isr=[0]), (error_code=0, partition=12, leader=0, replicas=[0], isr=[0]), (error_code=0, partition=19, leader=0, replicas=[0], isr=[0]), (error_code=0, partition=14, leader=0, replicas=[0], isr=[0]), (error_code=0, partition=4, leader=0, replicas=[0], isr=[0]), (error_code=0, partition=47, leader=0, replicas=[0], isr=[0]), (error_code=0, partition=49, leader=0, replicas=[0], isr=[0]), (error_code=0, partition=42, leader=0, replicas=[0], isr=[0]), (error_code=0, partition=7, leader=0, replicas=[0], isr=[0]), (error_code=0, partition=21, leader=0, replicas=[0], isr=[0])]), (error_code=0, topic='numtest', is_internal=False, partitions=[(error_code=0, partition=0, leader=0, replicas=[0], isr=[0])])])
2022-06-22 10:44:36 [kafka.cluster] DEBUG: Updated cluster metadata to ClusterMetadata(brokers: 1, topics: 2, groups: 0)
2022-06-22 10:44:36 [scrapy.extensions.logstats] INFO: Crawled 0 pages (at 0 pages/min), scraped 0 items (at 0 items/min)
2022-06-22 10:44:36 [scrapy.extensions.telnet] INFO: Telnet console listening on 127.0.0.1:6023
2022-06-22 10:44:36 [scrapy.core.engine] DEBUG: Crawled (200) <GET https://www.amazon.com/b?node=16225016011&pf_rd_r=N5TD9AJ5M2MFZYTD40G8&pf_rd_p=e5b0c85f-569c-4c90-a58f-0c0a260e45a0&pd_rd_r=c1e8591e-f091-4da5-8604-4635be6844be&pd_rd_w=bM1cA&pd_rd_wg=jgaTh&ref_=pd_gw_unk> (referer: None)
2022-06-22 10:44:37 [scrapy.spidermiddlewares.offsite] DEBUG: Filtered offsite request to 'www.amazon.com': <GET https://www.amazon.com/customer-preferences/edit?ie=UTF8&preferencesReturnUrl=%2F&ref_=topnav_lang_ais>
2022-06-22 10:44:37 [scrapy.spidermiddlewares.offsite] DEBUG: Filtered offsite request to 'www.amazon.science': <GET https://www.amazon.science>
2022-06-22 10:44:37 [scrapy.spidermiddlewares.offsite] DEBUG: Filtered offsite request to 'services.amazon.com': <GET https://services.amazon.com/amazon-business.html?ld=usb2bunifooter&ref_=footer_b2b>
2022-06-22 10:44:37 [scrapy.spidermiddlewares.offsite] DEBUG: Filtered offsite request to 'affiliate-program.amazon.com': <GET https://affiliate-program.amazon.com/>
2022-06-22 10:44:37 [scrapy.spidermiddlewares.offsite] DEBUG: Filtered offsite request to 'advertising.amazon.com': <GET https://advertising.amazon.com/?ref=footer_advtsing_amzn_com>
2022-06-22 10:44:37 [scrapy.spidermiddlewares.offsite] DEBUG: Filtered offsite request to 'www.6pm.com': <GET https://www.6pm.com>
2022-06-22 10:44:37 [scrapy.spidermiddlewares.offsite] DEBUG: Filtered offsite request to 'www.acx.com': <GET https://www.acx.com/>
2022-06-22 10:44:37 [scrapy.spidermiddlewares.offsite] DEBUG: Filtered offsite request to 'sell.amazon.com': <GET https://sell.amazon.com/?ld=AZUSSOA-footer-aff&ref_=footer_sell>
2022-06-22 10:44:37 [scrapy.spidermiddlewares.offsite] DEBUG: Filtered offsite request to 'www.audible.com': <GET https://www.audible.com>
2022-06-22 10:44:37 [scrapy.spidermiddlewares.offsite] DEBUG: Filtered offsite request to 'www.boxofficemojo.com': <GET https://www.boxofficemojo.com/?ref_=amzn_nav_ftr>
2022-06-22 10:44:37 [scrapy.spidermiddlewares.offsite] DEBUG: Filtered offsite request to 'www.dpreview.com': <GET https://www.dpreview.com>
2022-06-22 10:44:37 [scrapy.spidermiddlewares.offsite] DEBUG: Filtered offsite request to 'www.goodreads.com': <GET https://www.goodreads.com>
2022-06-22 10:44:37 [scrapy.spidermiddlewares.offsite] DEBUG: Filtered offsite request to 'pro.imdb.com': <GET https://pro.imdb.com?ref_=amzn_nav_ftr>
2022-06-22 10:44:37 [scrapy.spidermiddlewares.offsite] DEBUG: Filtered offsite request to 'videodirect.amazon.com': <GET https://videodirect.amazon.com/home/landing>
2022-06-22 10:44:37 [scrapy.spidermiddlewares.offsite] DEBUG: Filtered offsite request to 'www.woot.com': <GET https://www.woot.com/>
2022-06-22 10:44:37 [scrapy.spidermiddlewares.offsite] DEBUG: Filtered offsite request to 'ring.com': <GET https://ring.com>
2022-06-22 10:44:37 [scrapy.spidermiddlewares.offsite] DEBUG: Filtered offsite request to 'blinkforhome.com': <GET https://blinkforhome.com/?ref=nav_footer>
2022-06-22 10:44:37 [kafka.producer.kafka] DEBUG: Sending (key=None value={'link': 'https://www.amazon.com/customer-preferences/edit?ie=UTF8&preferencesReturnUrl=%2F&ref_=topnav_lang_ais', 'meta': {'source': 'https://www.amazon.com/b?node=16225016011&pf_rd_r=N5TD9AJ5M2MFZYTD40G8&pf_rd_p=e5b0c85f-569c-4c90-a58f-0c0a260e45a0&pd_rd_r=c1e8591e-f091-4da5-8604-4635be6844be&pd_rd_w=bM1cA&pd_rd_wg=jgaTh&ref_=pd_gw_unk', 'depth': 0}, 'spider': 'url-extractor'} headers=[]) to TopicPartition(topic='numtest', partition=0)
2022-06-22 10:44:37 [kafka.client] DEBUG: Initializing connection to node 0 for metadata request
2022-06-22 10:44:37 [kafka.producer.record_accumulator] DEBUG: Allocating a new 16384 byte message buffer for TopicPartition(topic='numtest', partition=0)
2022-06-22 10:44:37 [kafka.producer.kafka] DEBUG: Waking up the sender since TopicPartition(topic='numtest', partition=0) is either full or getting a new batch
2022-06-22 10:44:37 [kafka.producer.sender] DEBUG: Node 0 not ready; delaying produce of accumulated batch
2022-06-22 10:44:37 [scrapy.core.scraper] DEBUG: Scraped from <200 https://www.amazon.com/b?node=16225016011&pf_rd_r=N5TD9AJ5M2MFZYTD40G8&pf_rd_p=e5b0c85f-569c-4c90-a58f-0c0a260e45a0&pd_rd_r=c1e8591e-f091-4da5-8604-4635be6844be&pd_rd_w=bM1cA&pd_rd_wg=jgaTh&ref_=pd_gw_unk>
None
2022-06-22 10:44:37 [kafka.client] DEBUG: Initiating connection to node 0 at DESKTOP-RTIL2HE:9092
2022-06-22 10:44:37 [kafka.producer.kafka] DEBUG: Sending (key=None value={'link': 'https://www.amazon.com/gp/css/order-history?ref_=nav_orders_first', 'meta': {'source': 'https://www.amazon.com/b?node=16225016011&pf_rd_r=N5TD9AJ5M2MFZYTD40G8&pf_rd_p=e5b0c85f-569c-4c90-a58f-0c0a260e45a0&pd_rd_r=c1e8591e-f091-4da5-8604-4635be6844be&pd_rd_w=bM1cA&pd_rd_wg=jgaTh&ref_=pd_gw_unk', 'depth': 0}, 'spider': 'url-extractor'} headers=[]) to TopicPartition(topic='numtest', partition=0)
2022-06-22 10:44:37 [kafka.metrics.metrics] DEBUG: Added sensor with name node-0.bytes-sent
2022-06-22 10:44:37 [scrapy.core.scraper] DEBUG: Scraped from <200 https://www.amazon.com/b?node=16225016011&pf_rd_r=N5TD9AJ5M2MFZYTD40G8&pf_rd_p=e5b0c85f-569c-4c90-a58f-0c0a260e45a0&pd_rd_r=c1e8591e-f091-4da5-8604-4635be6844be&pd_rd_w=bM1cA&pd_rd_wg=jgaTh&ref_=pd_gw_unk>
None
2022-06-22 10:44:37 [kafka.metrics.metrics] DEBUG: Added sensor with name node-0.bytes-received
2022-06-22 10:44:37 [kafka.producer.kafka] DEBUG: Sending (key=None value={'link': 'https://www.amazon.com/gp/site-directory?ref_=nav_em_js_disabled', 'meta': {'source': 'https://www.amazon.com/b?node=16225016011&pf_rd_r=N5TD9AJ5M2MFZYTD40G8&pf_rd_p=e5b0c85f-569c-4c90-a58f-0c0a260e45a0&pd_rd_r=c1e8591e-f091-4da5-8604-4635be6844be&pd_rd_w=bM1cA&pd_rd_wg=jgaTh&ref_=pd_gw_unk', 'depth': 0}, 'spider': 'url-extractor'} headers=[]) to TopicPartition(topic='numtest', partition=0)
2022-06-22 10:44:37 [kafka.metrics.metrics] DEBUG: Added sensor with name node-0.latency
2022-06-22 10:44:37 [scrapy.core.scraper] DEBUG: Scraped from <200 https://www.amazon.com/b?node=16225016011&pf_rd_r=N5TD9AJ5M2MFZYTD40G8&pf_rd_p=e5b0c85f-569c-4c90-a58f-0c0a260e45a0&pd_rd_r=c1e8591e-f091-4da5-8604-4635be6844be&pd_rd_w=bM1cA&pd_rd_wg=jgaTh&ref_=pd_gw_unk>
None
2022-06-22 10:44:37 [kafka.producer.kafka] DEBUG: Sending (key=None value={'link': 'https://www.amazon.com/gp/help/customer/display.html?nodeId=508510&ref_=nav_cs_customerservice', 'meta': {'source': 'https://www.amazon.com/b?node=16225016011&pf_rd_r=N5TD9AJ5M2MFZYTD40G8&pf_rd_p=e5b0c85f-569c-4c90-a58f-0c0a260e45a0&pd_rd_r=c1e8591e-f091-4da5-8604-4635be6844be&pd_rd_w=bM1cA&pd_rd_wg=jgaTh&ref_=pd_gw_unk', 'depth': 0}, 'spider': 'url-extractor'} headers=[]) to TopicPartition(topic='numtest', partition=0)
2022-06-22 10:44:37 [scrapy.core.scraper] DEBUG: Scraped from <200 https://www.amazon.com/b?node=16225016011&pf_rd_r=N5TD9AJ5M2MFZYTD40G8&pf_rd_p=e5b0c85f-569c-4c90-a58f-0c0a260e45a0&pd_rd_r=c1e8591e-f091-4da5-8604-4635be6844be&pd_rd_w=bM1cA&pd_rd_wg=jgaTh&ref_=pd_gw_unk>
None
2022-06-22 10:44:37 [kafka.producer.kafka] DEBUG: Sending (key=None value={'link': 'https://www.amazon.com/gift-cards/b/?ie=UTF8&node=2238192011&ref_=nav_cs_gc', 'meta': {'source': 'https://www.amazon.com/b?node=16225016011&pf_rd_r=N5TD9AJ5M2MFZYTD40G8&pf_rd_p=e5b0c85f-569c-4c90-a58f-0c0a260e45a0&pd_rd_r=c1e8591e-f091-4da5-8604-4635be6844be&pd_rd_w=bM1cA&pd_rd_wg=jgaTh&ref_=pd_gw_unk', 'depth': 0}, 'spider': 'url-extractor'} headers=[]) to TopicPartition(topic='numtest', partition=0)
2022-06-22 10:44:37 [scrapy.core.scraper] DEBUG: Scraped from <200 https://www.amazon.com/b?node=16225016011&pf_rd_r=N5TD9AJ5M2MFZYTD40G8&pf_rd_p=e5b0c85f-569c-4c90-a58f-0c0a260e45a0&pd_rd_r=c1e8591e-f091-4da5-8604-4635be6844be&pd_rd_w=bM1cA&pd_rd_wg=jgaTh&ref_=pd_gw_unk>
None
2022-06-22 10:44:37 [kafka.producer.kafka] DEBUG: Sending (key=None value={'link': 'https://www.amazon.com/gp/help/customer/accessibility', 'meta': {'source': 'https://www.amazon.com/b?node=16225016011&pf_rd_r=N5TD9AJ5M2MFZYTD40G8&pf_rd_p=e5b0c85f-569c-4c90-a58f-0c0a260e45a0&pd_rd_r=c1e8591e-f091-4da5-8604-4635be6844be&pd_rd_w=bM1cA&pd_rd_wg=jgaTh&ref_=pd_gw_unk', 'depth': 0}, 'spider': 'url-extractor'} headers=[]) to TopicPartition(topic='numtest', partition=0)
2022-06-22 10:44:37 [kafka.conn] DEBUG: <BrokerConnection node_id=0 host=DESKTOP-RTIL2HE:9092 <disconnected> [unspecified None]>: creating new socket
2022-06-22 10:44:37 [scrapy.core.scraper] DEBUG: Scraped from <200 https://www.amazon.com/b?node=16225016011&pf_rd_r=N5TD9AJ5M2MFZYTD40G8&pf_rd_p=e5b0c85f-569c-4c90-a58f-0c0a260e45a0&pd_rd_r=c1e8591e-f091-4da5-8604-4635be6844be&pd_rd_w=bM1cA&pd_rd_wg=jgaTh&ref_=pd_gw_unk>
None
2022-06-22 10:44:37 [kafka.conn] DEBUG: <BrokerConnection node_id=0 host=DESKTOP-RTIL2HE:9092 <disconnected> [IPv6 ('fe80::1116:61b1:3d63:1dce', 9092, 0, 47)]>: setting socket option (6, 1, 1)
2022-06-22 10:44:37 [kafka.producer.kafka] DEBUG: Sending (key=None value={'link': 'https://www.amazon.com/b?node=16225016011&pf_rd_r=N5TD9AJ5M2MFZYTD40G8&pf_rd_p=e5b0c85f-569c-4c90-a58f-0c0a260e45a0&pd_rd_r=c1e8591e-f091-4da5-8604-4635be6844be&pd_rd_w=bM1cA&pd_rd_wg=jgaTh&ref_=pd_gw_unk#nav-top', 'meta': {'source': 'https://www.amazon.com/b?node=16225016011&pf_rd_r=N5TD9AJ5M2MFZYTD40G8&pf_rd_p=e5b0c85f-569c-4c90-a58f-0c0a260e45a0&pd_rd_r=c1e8591e-f091-4da5-8604-4635be6844be&pd_rd_w=bM1cA&pd_rd_wg=jgaTh&ref_=pd_gw_unk', 'depth': 0}, 'spider': 'url-extractor'} headers=[]) to TopicPartition(topic='numtest', partition=0)
2022-06-22 10:44:37 [kafka.conn] INFO: <BrokerConnection node_id=0 host=DESKTOP-RTIL2HE:9092 <connecting> [IPv6 ('fe80::1116:61b1:3d63:1dce', 9092, 0, 47)]>: connecting to DESKTOP-RTIL2HE:9092 [('fe80::1116:61b1:3d63:1dce', 9092, 0, 47) IPv6]
2022-06-22 10:44:37 [scrapy.core.scraper] DEBUG: Scraped from <200 https://www.amazon.com/b?node=16225016011&pf_rd_r=N5TD9AJ5M2MFZYTD40G8&pf_rd_p=e5b0c85f-569c-4c90-a58f-0c0a260e45a0&pd_rd_r=c1e8591e-f091-4da5-8604-4635be6844be&pd_rd_w=bM1cA&pd_rd_wg=jgaTh&ref_=pd_gw_unk>
None
2022-06-22 10:44:37 [kafka.producer.kafka] DEBUG: Sending (key=None value={'link': 'https://www.amazon.com/ir', 'meta': {'source': 'https://www.amazon.com/b?node=16225016011&pf_rd_r=N5TD9AJ5M2MFZYTD40G8&pf_rd_p=e5b0c85f-569c-4c90-a58f-0c0a260e45a0&pd_rd_r=c1e8591e-f091-4da5-8604-4635be6844be&pd_rd_w=bM1cA&pd_rd_wg=jgaTh&ref_=pd_gw_unk', 'depth': 0}, 'spider': 'url-extractor'} headers=[]) to TopicPartition(topic='numtest', partition=0)
2022-06-22 10:44:37 [scrapy.core.scraper] DEBUG: Scraped from <200 https://www.amazon.com/b?node=16225016011&pf_rd_r=N5TD9AJ5M2MFZYTD40G8&pf_rd_p=e5b0c85f-569c-4c90-a58f-0c0a260e45a0&pd_rd_r=c1e8591e-f091-4da5-8604-4635be6844be&pd_rd_w=bM1cA&pd_rd_wg=jgaTh&ref_=pd_gw_unk>
None
2022-06-22 10:44:37 [kafka.conn] DEBUG: <BrokerConnection node_id=0 host=DESKTOP-RTIL2HE:9092 <connecting> [IPv6 ('fe80::1116:61b1:3d63:1dce', 9092, 0, 47)]>: established TCP connection
2022-06-22 10:44:37 [kafka.producer.kafka] DEBUG: Sending (key=None value={'link': 'https://www.amazon.science', 'meta': {'source': 'https://www.amazon.com/b?node=16225016011&pf_rd_r=N5TD9AJ5M2MFZYTD40G8&pf_rd_p=e5b0c85f-569c-4c90-a58f-0c0a260e45a0&pd_rd_r=c1e8591e-f091-4da5-8604-4635be6844be&pd_rd_w=bM1cA&pd_rd_wg=jgaTh&ref_=pd_gw_unk', 'depth': 0}, 'spider': 'url-extractor'} headers=[]) to TopicPartition(topic='numtest', partition=0)
2022-06-22 10:44:37 [kafka.conn] INFO: <BrokerConnection node_id=0 host=DESKTOP-RTIL2HE:9092 <connecting> [IPv6 ('fe80::1116:61b1:3d63:1dce', 9092, 0, 47)]>: Connection complete.
2022-06-22 10:44:37 [scrapy.core.scraper] DEBUG: Scraped from <200 https://www.amazon.com/b?node=16225016011&pf_rd_r=N5TD9AJ5M2MFZYTD40G8&pf_rd_p=e5b0c85f-569c-4c90-a58f-0c0a260e45a0&pd_rd_r=c1e8591e-f091-4da5-8604-4635be6844be&pd_rd_w=bM1cA&pd_rd_wg=jgaTh&ref_=pd_gw_unk>
None
2022-06-22 10:44:37 [kafka.client] DEBUG: Node 0 connected
2022-06-22 10:44:37 [kafka.producer.kafka] DEBUG: Sending (key=None value={'link': 'https://services.amazon.com/amazon-business.html?ld=usb2bunifooter&ref_=footer_b2b', 'meta': {'source': 'https://www.amazon.com/b?node=16225016011&pf_rd_r=N5TD9AJ5M2MFZYTD40G8&pf_rd_p=e5b0c85f-569c-4c90-a58f-0c0a260e45a0&pd_rd_r=c1e8591e-f091-4da5-8604-4635be6844be&pd_rd_w=bM1cA&pd_rd_wg=jgaTh&ref_=pd_gw_unk', 'depth': 0}, 'spider': 'url-extractor'} headers=[]) to TopicPartition(topic='numtest', partition=0)
2022-06-22 10:44:37 [kafka.conn] INFO: <BrokerConnection node_id=bootstrap-0 host=localhost:9092 <connected> [IPv6 ('::1', 9092, 0, 0)]>: Closing connection. 
2022-06-22 10:44:37 [scrapy.core.scraper] DEBUG: Scraped from <200 https://www.amazon.com/b?node=16225016011&pf_rd_r=N5TD9AJ5M2MFZYTD40G8&pf_rd_p=e5b0c85f-569c-4c90-a58f-0c0a260e45a0&pd_rd_r=c1e8591e-f091-4da5-8604-4635be6844be&pd_rd_w=bM1cA&pd_rd_wg=jgaTh&ref_=pd_gw_unk>
None
2022-06-22 10:44:37 [kafka.producer.sender] DEBUG: Node 0 not ready; delaying produce of accumulated batch
2022-06-22 10:44:37 [kafka.producer.kafka] DEBUG: Sending (key=None value={'link': 'https://affiliate-program.amazon.com/', 'meta': {'source': 'https://www.amazon.com/b?node=16225016011&pf_rd_r=N5TD9AJ5M2MFZYTD40G8&pf_rd_p=e5b0c85f-569c-4c90-a58f-0c0a260e45a0&pd_rd_r=c1e8591e-f091-4da5-8604-4635be6844be&pd_rd_w=bM1cA&pd_rd_wg=jgaTh&ref_=pd_gw_unk', 'depth': 0}, 'spider': 'url-extractor'} headers=[]) to TopicPartition(topic='numtest', partition=0)
2022-06-22 10:44:37 [kafka.client] DEBUG: Sending metadata request MetadataRequest_v1(topics=['numtest']) to node 0
2022-06-22 10:44:37 [scrapy.core.scraper] DEBUG: Scraped from <200 https://www.amazon.com/b?node=16225016011&pf_rd_r=N5TD9AJ5M2MFZYTD40G8&pf_rd_p=e5b0c85f-569c-4c90-a58f-0c0a260e45a0&pd_rd_r=c1e8591e-f091-4da5-8604-4635be6844be&pd_rd_w=bM1cA&pd_rd_wg=jgaTh&ref_=pd_gw_unk>
None
2022-06-22 10:44:37 [kafka.protocol.parser] DEBUG: Sending request MetadataRequest_v1(topics=['numtest'])
2022-06-22 10:44:37 [kafka.producer.kafka] DEBUG: Sending (key=None value={'link': 'https://www.amazon.com/gp/seller-account/mm-summary-page.html?ld=AZFooterSelfPublish&topic=200260520&ref_=footer_publishing', 'meta': {'source': 'https://www.amazon.com/b?node=16225016011&pf_rd_r=N5TD9AJ5M2MFZYTD40G8&pf_rd_p=e5b0c85f-569c-4c90-a58f-0c0a260e45a0&pd_rd_r=c1e8591e-f091-4da5-8604-4635be6844be&pd_rd_w=bM1cA&pd_rd_wg=jgaTh&ref_=pd_gw_unk', 'depth': 0}, 'spider': 'url-extractor'} headers=[]) to TopicPartition(topic='numtest', partition=0)
2022-06-22 10:44:37 [kafka.conn] DEBUG: <BrokerConnection node_id=0 host=DESKTOP-RTIL2HE:9092 <connected> [IPv6 ('fe80::1116:61b1:3d63:1dce', 9092, 0, 47)]> Request 1: MetadataRequest_v1(topics=['numtest'])
2022-06-22 10:44:37 [scrapy.core.scraper] DEBUG: Scraped from <200 https://www.amazon.com/b?node=16225016011&pf_rd_r=N5TD9AJ5M2MFZYTD40G8&pf_rd_p=e5b0c85f-569c-4c90-a58f-0c0a260e45a0&pd_rd_r=c1e8591e-f091-4da5-8604-4635be6844be&pd_rd_w=bM1cA&pd_rd_wg=jgaTh&ref_=pd_gw_unk>
None
2022-06-22 10:44:37 [kafka.producer.sender] DEBUG: Node 0 not ready; delaying produce of accumulated batch
2022-06-22 10:44:37 [kafka.producer.kafka] DEBUG: Sending (key=None value={'link': 'https://www.amazon.com/b/?node=18190131011&ld=AZUSSOA-seemore&ref_=footer_seemore', 'meta': {'source': 'https://www.amazon.com/b?node=16225016011&pf_rd_r=N5TD9AJ5M2MFZYTD40G8&pf_rd_p=e5b0c85f-569c-4c90-a58f-0c0a260e45a0&pd_rd_r=c1e8591e-f091-4da5-8604-4635be6844be&pd_rd_w=bM1cA&pd_rd_wg=jgaTh&ref_=pd_gw_unk', 'depth': 0}, 'spider': 'url-extractor'} headers=[]) to TopicPartition(topic='numtest', partition=0)
2022-06-22 10:44:37 [scrapy.core.scraper] DEBUG: Scraped from <200 https://www.amazon.com/b?node=16225016011&pf_rd_r=N5TD9AJ5M2MFZYTD40G8&pf_rd_p=e5b0c85f-569c-4c90-a58f-0c0a260e45a0&pd_rd_r=c1e8591e-f091-4da5-8604-4635be6844be&pd_rd_w=bM1cA&pd_rd_wg=jgaTh&ref_=pd_gw_unk>
None
2022-06-22 10:44:37 [kafka.protocol.parser] DEBUG: Received correlation id: 1
2022-06-22 10:44:37 [kafka.protocol.parser] DEBUG: Processing response MetadataResponse_v1
2022-06-22 10:44:37 [kafka.conn] DEBUG: <BrokerConnection node_id=0 host=DESKTOP-RTIL2HE:9092 <connected> [IPv6 ('fe80::1116:61b1:3d63:1dce', 9092, 0, 47)]> Response 1 (3.983736038208008 ms): MetadataResponse_v1(brokers=[(node_id=0, host='DESKTOP-RTIL2HE', port=9092, rack=None)], controller_id=0, topics=[(error_code=0, topic='numtest', is_internal=False, partitions=[(error_code=0, partition=0, leader=0, replicas=[0], isr=[0])])])
2022-06-22 10:44:37 [kafka.cluster] DEBUG: Updated cluster metadata to ClusterMetadata(brokers: 1, topics: 1, groups: 0)
2022-06-22 10:44:37 [kafka.metrics.metrics] DEBUG: Added sensor with name topic.numtest.records-per-batch
2022-06-22 10:44:37 [kafka.metrics.metrics] DEBUG: Added sensor with name topic.numtest.bytes
2022-06-22 10:44:37 [kafka.metrics.metrics] DEBUG: Added sensor with name topic.numtest.compression-rate
2022-06-22 10:44:37 [kafka.metrics.metrics] DEBUG: Added sensor with name topic.numtest.record-retries
2022-06-22 10:44:37 [kafka.metrics.metrics] DEBUG: Added sensor with name topic.numtest.record-errors
2022-06-22 10:44:37 [kafka.producer.sender] DEBUG: Nodes with data ready to send: {0}
2022-06-22 10:44:37 [kafka.producer.sender] DEBUG: Created 1 produce requests: {0: ProduceRequest_v7(transactional_id=None, required_acks=1, timeout=30000, topics=[(topic='numtest', partitions=[(partition=0, messages=b'\x00\x00\x00\x00\x00\x00\x00\x00\x00\x00\x12\xe0\x00\x00\x00\x00\x02\xfb\xf2 k\x00\x00\x00\x00\x00\x0c\x00\x00\x01\x81\x8a\xcc\xa8(\x00\x00\x01\x81\x8a\xcc\xa88\xff\xff\xff\xff\xff\xff\xff\xff\xff\xff\xff\xff\xff\xff\x00\x00\x00\r\x88\x06\x00\x00\x00\x01\xfa\x05{"link": "https://www.amazon.co...')])])}
2022-06-22 10:44:37 [kafka.producer.sender] DEBUG: Sending Produce Request: ProduceRequest_v7(transactional_id=None, required_acks=1, timeout=30000, topics=[(topic='numtest', partitions=[(partition=0, messages=b'\x00\x00\x00\x00\x00\x00\x00\x00\x00\x00\x12\xe0\x00\x00\x00\x00\x02\xfb\xf2 k\x00\x00\x00\x00\x00\x0c\x00\x00\x01\x81\x8a\xcc\xa8(\x00\x00\x01\x81\x8a\xcc\xa88\xff\xff\xff\xff\xff\xff\xff\xff\xff\xff\xff\xff\xff\xff\x00\x00\x00\r\x88\x06\x00\x00\x00\x01\xfa\x05{"link": "https://www.amazon.co...')])])
2022-06-22 10:44:37 [kafka.protocol.parser] DEBUG: Sending request ProduceRequest_v7(transactional_id=None, required_acks=1, timeout=30000, topics=[(topic='numtest', partitions=[(partition=0, messages=b'\x00\x00\x00\x00\x00\x00\x00\x00\x00\x00\x12\xe0\x00\x00\x00\x00\x02\xfb\xf2 k\x00\x00\x00\x00\x00\x0c\x00\x00\x01\x81\x8a\xcc\xa8(\x00\x00\x01\x81\x8a\xcc\xa88\xff\xff\xff\xff\xff\xff\xff\xff\xff\xff\xff\xff\xff\xff\x00\x00\x00\r\x88\x06\x00\x00\x00\x01\xfa\x05{"link": "https://www.amazon.co...')])])
2022-06-22 10:44:37 [kafka.conn] DEBUG: <BrokerConnection node_id=0 host=DESKTOP-RTIL2HE:9092 <connected> [IPv6 ('fe80::1116:61b1:3d63:1dce', 9092, 0, 47)]> Request 2: ProduceRequest_v7(transactional_id=None, required_acks=1, timeout=30000, topics=[(topic='numtest', partitions=[(partition=0, messages=b'\x00\x00\x00\x00\x00\x00\x00\x00\x00\x00\x12\xe0\x00\x00\x00\x00\x02\xfb\xf2 k\x00\x00\x00\x00\x00\x0c\x00\x00\x01\x81\x8a\xcc\xa8(\x00\x00\x01\x81\x8a\xcc\xa88\xff\xff\xff\xff\xff\xff\xff\xff\xff\xff\xff\xff\xff\xff\x00\x00\x00\r\x88\x06\x00\x00\x00\x01\xfa\x05{"link": "https://www.amazon.co...')])])
2022-06-22 10:44:37 [kafka.producer.kafka] DEBUG: Sending (key=None value={'link': 'https://www.amazon.com/gp/browse.html?node=16218619011&ref_=footer_swp', 'meta': {'source': 'https://www.amazon.com/b?node=16225016011&pf_rd_r=N5TD9AJ5M2MFZYTD40G8&pf_rd_p=e5b0c85f-569c-4c90-a58f-0c0a260e45a0&pd_rd_r=c1e8591e-f091-4da5-8604-4635be6844be&pd_rd_w=bM1cA&pd_rd_wg=jgaTh&ref_=pd_gw_unk', 'depth': 0}, 'spider': 'url-extractor'} headers=[]) to TopicPartition(topic='numtest', partition=0)
2022-06-22 10:44:37 [kafka.producer.record_accumulator] DEBUG: Allocating a new 16384 byte message buffer for TopicPartition(topic='numtest', partition=0)
2022-06-22 10:44:37 [kafka.producer.kafka] DEBUG: Waking up the sender since TopicPartition(topic='numtest', partition=0) is either full or getting a new batch
2022-06-22 10:44:37 [kafka.producer.sender] DEBUG: Nodes with data ready to send: {0}
2022-06-22 10:44:37 [scrapy.core.scraper] DEBUG: Scraped from <200 https://www.amazon.com/b?node=16225016011&pf_rd_r=N5TD9AJ5M2MFZYTD40G8&pf_rd_p=e5b0c85f-569c-4c90-a58f-0c0a260e45a0&pd_rd_r=c1e8591e-f091-4da5-8604-4635be6844be&pd_rd_w=bM1cA&pd_rd_wg=jgaTh&ref_=pd_gw_unk>
None
2022-06-22 10:44:37 [kafka.producer.sender] DEBUG: Created 1 produce requests: {0: ProduceRequest_v7(transactional_id=None, required_acks=1, timeout=30000, topics=[(topic='numtest', partitions=[(partition=0, messages=b'\x00\x00\x00\x00\x00\x00\x00\x00\x00\x00\x01\x97\x00\x00\x00\x00\x02 \x03\x99;\x00\x00\x00\x00\x00\x00\x00\x00\x01\x81\x8a\xcc\xa8N\x00\x00\x01\x81\x8a\xcc\xa8N\xff\xff\xff\xff\xff\xff\xff\xff\xff\xff\xff\xff\xff\xff\x00\x00\x00\x01\xc8\x05\x00\x00\x00\x01\xba\x05{"link": "https://www.amazon.co...')])])}
2022-06-22 10:44:37 [kafka.producer.kafka] DEBUG: Sending (key=None value={'link': 'https://www.amazon.com/gp/browse.html?node=388305011&ref_=footer_tfx', 'meta': {'source': 'https://www.amazon.com/b?node=16225016011&pf_rd_r=N5TD9AJ5M2MFZYTD40G8&pf_rd_p=e5b0c85f-569c-4c90-a58f-0c0a260e45a0&pd_rd_r=c1e8591e-f091-4da5-8604-4635be6844be&pd_rd_w=bM1cA&pd_rd_wg=jgaTh&ref_=pd_gw_unk', 'depth': 0}, 'spider': 'url-extractor'} headers=[]) to TopicPartition(topic='numtest', partition=0)
2022-06-22 10:44:37 [kafka.producer.sender] DEBUG: Sending Produce Request: ProduceRequest_v7(transactional_id=None, required_acks=1, timeout=30000, topics=[(topic='numtest', partitions=[(partition=0, messages=b'\x00\x00\x00\x00\x00\x00\x00\x00\x00\x00\x01\x97\x00\x00\x00\x00\x02 \x03\x99;\x00\x00\x00\x00\x00\x00\x00\x00\x01\x81\x8a\xcc\xa8N\x00\x00\x01\x81\x8a\xcc\xa8N\xff\xff\xff\xff\xff\xff\xff\xff\xff\xff\xff\xff\xff\xff\x00\x00\x00\x01\xc8\x05\x00\x00\x00\x01\xba\x05{"link": "https://www.amazon.co...')])])
2022-06-22 10:44:37 [kafka.producer.record_accumulator] DEBUG: Allocating a new 16384 byte message buffer for TopicPartition(topic='numtest', partition=0)
2022-06-22 10:44:37 [kafka.protocol.parser] DEBUG: Sending request ProduceRequest_v7(transactional_id=None, required_acks=1, timeout=30000, topics=[(topic='numtest', partitions=[(partition=0, messages=b'\x00\x00\x00\x00\x00\x00\x00\x00\x00\x00\x01\x97\x00\x00\x00\x00\x02 \x03\x99;\x00\x00\x00\x00\x00\x00\x00\x00\x01\x81\x8a\xcc\xa8N\x00\x00\x01\x81\x8a\xcc\xa8N\xff\xff\xff\xff\xff\xff\xff\xff\xff\xff\xff\xff\xff\xff\x00\x00\x00\x01\xc8\x05\x00\x00\x00\x01\xba\x05{"link": "https://www.amazon.co...')])])
2022-06-22 10:44:37 [kafka.producer.kafka] DEBUG: Waking up the sender since TopicPartition(topic='numtest', partition=0) is either full or getting a new batch
2022-06-22 10:44:37 [kafka.conn] DEBUG: <BrokerConnection node_id=0 host=DESKTOP-RTIL2HE:9092 <connected> [IPv6 ('fe80::1116:61b1:3d63:1dce', 9092, 0, 47)]> Request 3: ProduceRequest_v7(transactional_id=None, required_acks=1, timeout=30000, topics=[(topic='numtest', partitions=[(partition=0, messages=b'\x00\x00\x00\x00\x00\x00\x00\x00\x00\x00\x01\x97\x00\x00\x00\x00\x02 \x03\x99;\x00\x00\x00\x00\x00\x00\x00\x00\x01\x81\x8a\xcc\xa8N\x00\x00\x01\x81\x8a\xcc\xa8N\xff\xff\xff\xff\xff\xff\xff\xff\xff\xff\xff\xff\xff\xff\x00\x00\x00\x01\xc8\x05\x00\x00\x00\x01\xba\x05{"link": "https://www.amazon.co...')])])
2022-06-22 10:44:37 [scrapy.core.scraper] DEBUG: Scraped from <200 https://www.amazon.com/b?node=16225016011&pf_rd_r=N5TD9AJ5M2MFZYTD40G8&pf_rd_p=e5b0c85f-569c-4c90-a58f-0c0a260e45a0&pd_rd_r=c1e8591e-f091-4da5-8604-4635be6844be&pd_rd_w=bM1cA&pd_rd_wg=jgaTh&ref_=pd_gw_unk>
None
2022-06-22 10:44:37 [kafka.producer.kafka] DEBUG: Sending (key=None value={'link': 'https://www.amazon.com/gp/css/homepage.html?ref_=footer_ya', 'meta': {'source': 'https://www.amazon.com/b?node=16225016011&pf_rd_r=N5TD9AJ5M2MFZYTD40G8&pf_rd_p=e5b0c85f-569c-4c90-a58f-0c0a260e45a0&pd_rd_r=c1e8591e-f091-4da5-8604-4635be6844be&pd_rd_w=bM1cA&pd_rd_wg=jgaTh&ref_=pd_gw_unk', 'depth': 0}, 'spider': 'url-extractor'} headers=[]) to TopicPartition(topic='numtest', partition=0)
2022-06-22 10:44:37 [scrapy.core.scraper] DEBUG: Scraped from <200 https://www.amazon.com/b?node=16225016011&pf_rd_r=N5TD9AJ5M2MFZYTD40G8&pf_rd_p=e5b0c85f-569c-4c90-a58f-0c0a260e45a0&pd_rd_r=c1e8591e-f091-4da5-8604-4635be6844be&pd_rd_w=bM1cA&pd_rd_wg=jgaTh&ref_=pd_gw_unk>
None
2022-06-22 10:44:37 [kafka.producer.sender] DEBUG: Nodes with data ready to send: {0}
2022-06-22 10:44:37 [kafka.producer.kafka] DEBUG: Sending (key=None value={'link': 'https://www.amazon.com/gp/help/customer/display.html?nodeId=468520&ref_=footer_shiprates', 'meta': {'source': 'https://www.amazon.com/b?node=16225016011&pf_rd_r=N5TD9AJ5M2MFZYTD40G8&pf_rd_p=e5b0c85f-569c-4c90-a58f-0c0a260e45a0&pd_rd_r=c1e8591e-f091-4da5-8604-4635be6844be&pd_rd_w=bM1cA&pd_rd_wg=jgaTh&ref_=pd_gw_unk', 'depth': 0}, 'spider': 'url-extractor'} headers=[]) to TopicPartition(topic='numtest', partition=0)
2022-06-22 10:44:37 [kafka.producer.sender] DEBUG: Created 1 produce requests: {0: ProduceRequest_v7(transactional_id=None, required_acks=1, timeout=30000, topics=[(topic='numtest', partitions=[(partition=0, messages=b'\x00\x00\x00\x00\x00\x00\x00\x00\x00\x00\x02\xef\x00\x00\x00\x00\x02!\xcc\xd6d\x00\x00\x00\x00\x00\x01\x00\x00\x01\x81\x8a\xcc\xa8R\x00\x00\x01\x81\x8a\xcc\xa8U\xff\xff\xff\xff\xff\xff\xff\xff\xff\xff\xff\xff\xff\xff\x00\x00\x00\x02\xc4\x05\x00\x00\x00\x01\xb6\x05{"link": "https://www.amazon.co...')])])}
2022-06-22 10:44:37 [kafka.producer.record_accumulator] DEBUG: Allocating a new 16384 byte message buffer for TopicPartition(topic='numtest', partition=0)
2022-06-22 10:44:37 [kafka.producer.sender] DEBUG: Sending Produce Request: ProduceRequest_v7(transactional_id=None, required_acks=1, timeout=30000, topics=[(topic='numtest', partitions=[(partition=0, messages=b'\x00\x00\x00\x00\x00\x00\x00\x00\x00\x00\x02\xef\x00\x00\x00\x00\x02!\xcc\xd6d\x00\x00\x00\x00\x00\x01\x00\x00\x01\x81\x8a\xcc\xa8R\x00\x00\x01\x81\x8a\xcc\xa8U\xff\xff\xff\xff\xff\xff\xff\xff\xff\xff\xff\xff\xff\xff\x00\x00\x00\x02\xc4\x05\x00\x00\x00\x01\xb6\x05{"link": "https://www.amazon.co...')])])
2022-06-22 10:44:37 [kafka.producer.kafka] DEBUG: Waking up the sender since TopicPartition(topic='numtest', partition=0) is either full or getting a new batch
2022-06-22 10:44:37 [kafka.protocol.parser] DEBUG: Sending request ProduceRequest_v7(transactional_id=None, required_acks=1, timeout=30000, topics=[(topic='numtest', partitions=[(partition=0, messages=b'\x00\x00\x00\x00\x00\x00\x00\x00\x00\x00\x02\xef\x00\x00\x00\x00\x02!\xcc\xd6d\x00\x00\x00\x00\x00\x01\x00\x00\x01\x81\x8a\xcc\xa8R\x00\x00\x01\x81\x8a\xcc\xa8U\xff\xff\xff\xff\xff\xff\xff\xff\xff\xff\xff\xff\xff\xff\x00\x00\x00\x02\xc4\x05\x00\x00\x00\x01\xb6\x05{"link": "https://www.amazon.co...')])])
2022-06-22 10:44:37 [kafka.conn] DEBUG: <BrokerConnection node_id=0 host=DESKTOP-RTIL2HE:9092 <connected> [IPv6 ('fe80::1116:61b1:3d63:1dce', 9092, 0, 47)]> Request 4: ProduceRequest_v7(transactional_id=None, required_acks=1, timeout=30000, topics=[(topic='numtest', partitions=[(partition=0, messages=b'\x00\x00\x00\x00\x00\x00\x00\x00\x00\x00\x02\xef\x00\x00\x00\x00\x02!\xcc\xd6d\x00\x00\x00\x00\x00\x01\x00\x00\x01\x81\x8a\xcc\xa8R\x00\x00\x01\x81\x8a\xcc\xa8U\xff\xff\xff\xff\xff\xff\xff\xff\xff\xff\xff\xff\xff\xff\x00\x00\x00\x02\xc4\x05\x00\x00\x00\x01\xb6\x05{"link": "https://www.amazon.co...')])])
2022-06-22 10:44:37 [scrapy.core.scraper] DEBUG: Scraped from <200 https://www.amazon.com/b?node=16225016011&pf_rd_r=N5TD9AJ5M2MFZYTD40G8&pf_rd_p=e5b0c85f-569c-4c90-a58f-0c0a260e45a0&pd_rd_r=c1e8591e-f091-4da5-8604-4635be6844be&pd_rd_w=bM1cA&pd_rd_wg=jgaTh&ref_=pd_gw_unk>
None
2022-06-22 10:44:37 [kafka.producer.kafka] DEBUG: Sending (key=None value={'link': 'https://www.amazon.com/gp/digital/fiona/manage?ref_=footer_myk', 'meta': {'source': 'https://www.amazon.com/b?node=16225016011&pf_rd_r=N5TD9AJ5M2MFZYTD40G8&pf_rd_p=e5b0c85f-569c-4c90-a58f-0c0a260e45a0&pd_rd_r=c1e8591e-f091-4da5-8604-4635be6844be&pd_rd_w=bM1cA&pd_rd_wg=jgaTh&ref_=pd_gw_unk', 'depth': 0}, 'spider': 'url-extractor'} headers=[]) to TopicPartition(topic='numtest', partition=0)
2022-06-22 10:44:37 [scrapy.core.scraper] DEBUG: Scraped from <200 https://www.amazon.com/b?node=16225016011&pf_rd_r=N5TD9AJ5M2MFZYTD40G8&pf_rd_p=e5b0c85f-569c-4c90-a58f-0c0a260e45a0&pd_rd_r=c1e8591e-f091-4da5-8604-4635be6844be&pd_rd_w=bM1cA&pd_rd_wg=jgaTh&ref_=pd_gw_unk>
None
2022-06-22 10:44:37 [kafka.producer.sender] DEBUG: Nodes with data ready to send: {0}
2022-06-22 10:44:37 [kafka.producer.kafka] DEBUG: Sending (key=None value={'link': 'https://www.amazon.com/gp/help/customer/display.html?nodeId=508510&ref_=footer_gw_m_b_he', 'meta': {'source': 'https://www.amazon.com/b?node=16225016011&pf_rd_r=N5TD9AJ5M2MFZYTD40G8&pf_rd_p=e5b0c85f-569c-4c90-a58f-0c0a260e45a0&pd_rd_r=c1e8591e-f091-4da5-8604-4635be6844be&pd_rd_w=bM1cA&pd_rd_wg=jgaTh&ref_=pd_gw_unk', 'depth': 0}, 'spider': 'url-extractor'} headers=[]) to TopicPartition(topic='numtest', partition=0)
2022-06-22 10:44:37 [kafka.producer.sender] DEBUG: Created 1 produce requests: {0: ProduceRequest_v7(transactional_id=None, required_acks=1, timeout=30000, topics=[(topic='numtest', partitions=[(partition=0, messages=b'\x00\x00\x00\x00\x00\x00\x00\x00\x00\x00\x03\x07\x00\x00\x00\x00\x02]#=t\x00\x00\x00\x00\x00\x01\x00\x00\x01\x81\x8a\xcc\xa8X\x00\x00\x01\x81\x8a\xcc\xa8[\xff\xff\xff\xff\xff\xff\xff\xff\xff\xff\xff\xff\xff\xff\x00\x00\x00\x02\xec\x05\x00\x00\x00\x01\xde\x05{"link": "https://www.amazon.co...')])])}
2022-06-22 10:44:37 [kafka.producer.record_accumulator] DEBUG: Allocating a new 16384 byte message buffer for TopicPartition(topic='numtest', partition=0)
2022-06-22 10:44:37 [kafka.producer.sender] DEBUG: Sending Produce Request: ProduceRequest_v7(transactional_id=None, required_acks=1, timeout=30000, topics=[(topic='numtest', partitions=[(partition=0, messages=b'\x00\x00\x00\x00\x00\x00\x00\x00\x00\x00\x03\x07\x00\x00\x00\x00\x02]#=t\x00\x00\x00\x00\x00\x01\x00\x00\x01\x81\x8a\xcc\xa8X\x00\x00\x01\x81\x8a\xcc\xa8[\xff\xff\xff\xff\xff\xff\xff\xff\xff\xff\xff\xff\xff\xff\x00\x00\x00\x02\xec\x05\x00\x00\x00\x01\xde\x05{"link": "https://www.amazon.co...')])])
2022-06-22 10:44:37 [kafka.producer.kafka] DEBUG: Waking up the sender since TopicPartition(topic='numtest', partition=0) is either full or getting a new batch
2022-06-22 10:44:37 [kafka.protocol.parser] DEBUG: Sending request ProduceRequest_v7(transactional_id=None, required_acks=1, timeout=30000, topics=[(topic='numtest', partitions=[(partition=0, messages=b'\x00\x00\x00\x00\x00\x00\x00\x00\x00\x00\x03\x07\x00\x00\x00\x00\x02]#=t\x00\x00\x00\x00\x00\x01\x00\x00\x01\x81\x8a\xcc\xa8X\x00\x00\x01\x81\x8a\xcc\xa8[\xff\xff\xff\xff\xff\xff\xff\xff\xff\xff\xff\xff\xff\xff\x00\x00\x00\x02\xec\x05\x00\x00\x00\x01\xde\x05{"link": "https://www.amazon.co...')])])
2022-06-22 10:44:37 [kafka.conn] DEBUG: <BrokerConnection node_id=0 host=DESKTOP-RTIL2HE:9092 <connected> [IPv6 ('fe80::1116:61b1:3d63:1dce', 9092, 0, 47)]> Request 5: ProduceRequest_v7(transactional_id=None, required_acks=1, timeout=30000, topics=[(topic='numtest', partitions=[(partition=0, messages=b'\x00\x00\x00\x00\x00\x00\x00\x00\x00\x00\x03\x07\x00\x00\x00\x00\x02]#=t\x00\x00\x00\x00\x00\x01\x00\x00\x01\x81\x8a\xcc\xa8X\x00\x00\x01\x81\x8a\xcc\xa8[\xff\xff\xff\xff\xff\xff\xff\xff\xff\xff\xff\xff\xff\xff\x00\x00\x00\x02\xec\x05\x00\x00\x00\x01\xde\x05{"link": "https://www.amazon.co...')])])
2022-06-22 10:44:37 [scrapy.core.scraper] DEBUG: Scraped from <200 https://www.amazon.com/b?node=16225016011&pf_rd_r=N5TD9AJ5M2MFZYTD40G8&pf_rd_p=e5b0c85f-569c-4c90-a58f-0c0a260e45a0&pd_rd_r=c1e8591e-f091-4da5-8604-4635be6844be&pd_rd_w=bM1cA&pd_rd_wg=jgaTh&ref_=pd_gw_unk>
None
2022-06-22 10:44:37 [kafka.producer.kafka] DEBUG: Sending (key=None value={'link': 'https://www.amazon.com/customer-preferences/edit?ie=UTF8&preferencesReturnUrl=%2F&ref_=footer_lang', 'meta': {'source': 'https://www.amazon.com/b?node=16225016011&pf_rd_r=N5TD9AJ5M2MFZYTD40G8&pf_rd_p=e5b0c85f-569c-4c90-a58f-0c0a260e45a0&pd_rd_r=c1e8591e-f091-4da5-8604-4635be6844be&pd_rd_w=bM1cA&pd_rd_wg=jgaTh&ref_=pd_gw_unk', 'depth': 0}, 'spider': 'url-extractor'} headers=[]) to TopicPartition(topic='numtest', partition=0)
2022-06-22 10:44:37 [scrapy.core.scraper] DEBUG: Scraped from <200 https://www.amazon.com/b?node=16225016011&pf_rd_r=N5TD9AJ5M2MFZYTD40G8&pf_rd_p=e5b0c85f-569c-4c90-a58f-0c0a260e45a0&pd_rd_r=c1e8591e-f091-4da5-8604-4635be6844be&pd_rd_w=bM1cA&pd_rd_wg=jgaTh&ref_=pd_gw_unk>
None
2022-06-22 10:44:37 [kafka.producer.sender] DEBUG: Nodes with data ready to send: {0}
2022-06-22 10:44:37 [kafka.producer.kafka] DEBUG: Sending (key=None value={'link': 'https://www.amazon.com/customer-preferences/country?ie=UTF8&preferencesReturnUrl=%2F&ref_=footer_icp_cp', 'meta': {'source': 'https://www.amazon.com/b?node=16225016011&pf_rd_r=N5TD9AJ5M2MFZYTD40G8&pf_rd_p=e5b0c85f-569c-4c90-a58f-0c0a260e45a0&pd_rd_r=c1e8591e-f091-4da5-8604-4635be6844be&pd_rd_w=bM1cA&pd_rd_wg=jgaTh&ref_=pd_gw_unk', 'depth': 0}, 'spider': 'url-extractor'} headers=[]) to TopicPartition(topic='numtest', partition=0)
2022-06-22 10:44:37 [kafka.producer.sender] DEBUG: Created 1 produce requests: {0: ProduceRequest_v7(transactional_id=None, required_acks=1, timeout=30000, topics=[(topic='numtest', partitions=[(partition=0, messages=b'\x00\x00\x00\x00\x00\x00\x00\x00\x00\x00\x03+\x00\x00\x00\x00\x02\x1d\xaa\xb6\xd8\x00\x00\x00\x00\x00\x01\x00\x00\x01\x81\x8a\xcc\xa8_\x00\x00\x01\x81\x8a\xcc\xa8b\xff\xff\xff\xff\xff\xff\xff\xff\xff\xff\xff\xff\xff\xff\x00\x00\x00\x02\xec\x05\x00\x00\x00\x01\xde\x05{"link": "https://www.amazon.co...')])])}
2022-06-22 10:44:37 [kafka.producer.record_accumulator] DEBUG: Allocating a new 16384 byte message buffer for TopicPartition(topic='numtest', partition=0)
2022-06-22 10:44:37 [kafka.producer.sender] DEBUG: Sending Produce Request: ProduceRequest_v7(transactional_id=None, required_acks=1, timeout=30000, topics=[(topic='numtest', partitions=[(partition=0, messages=b'\x00\x00\x00\x00\x00\x00\x00\x00\x00\x00\x03+\x00\x00\x00\x00\x02\x1d\xaa\xb6\xd8\x00\x00\x00\x00\x00\x01\x00\x00\x01\x81\x8a\xcc\xa8_\x00\x00\x01\x81\x8a\xcc\xa8b\xff\xff\xff\xff\xff\xff\xff\xff\xff\xff\xff\xff\xff\xff\x00\x00\x00\x02\xec\x05\x00\x00\x00\x01\xde\x05{"link": "https://www.amazon.co...')])])
2022-06-22 10:44:37 [kafka.producer.kafka] DEBUG: Waking up the sender since TopicPartition(topic='numtest', partition=0) is either full or getting a new batch
2022-06-22 10:44:37 [kafka.protocol.parser] DEBUG: Sending request ProduceRequest_v7(transactional_id=None, required_acks=1, timeout=30000, topics=[(topic='numtest', partitions=[(partition=0, messages=b'\x00\x00\x00\x00\x00\x00\x00\x00\x00\x00\x03+\x00\x00\x00\x00\x02\x1d\xaa\xb6\xd8\x00\x00\x00\x00\x00\x01\x00\x00\x01\x81\x8a\xcc\xa8_\x00\x00\x01\x81\x8a\xcc\xa8b\xff\xff\xff\xff\xff\xff\xff\xff\xff\xff\xff\xff\xff\xff\x00\x00\x00\x02\xec\x05\x00\x00\x00\x01\xde\x05{"link": "https://www.amazon.co...')])])
2022-06-22 10:44:37 [kafka.conn] DEBUG: <BrokerConnection node_id=0 host=DESKTOP-RTIL2HE:9092 <connected> [IPv6 ('fe80::1116:61b1:3d63:1dce', 9092, 0, 47)]> Request 6: ProduceRequest_v7(transactional_id=None, required_acks=1, timeout=30000, topics=[(topic='numtest', partitions=[(partition=0, messages=b'\x00\x00\x00\x00\x00\x00\x00\x00\x00\x00\x03+\x00\x00\x00\x00\x02\x1d\xaa\xb6\xd8\x00\x00\x00\x00\x00\x01\x00\x00\x01\x81\x8a\xcc\xa8_\x00\x00\x01\x81\x8a\xcc\xa8b\xff\xff\xff\xff\xff\xff\xff\xff\xff\xff\xff\xff\xff\xff\x00\x00\x00\x02\xec\x05\x00\x00\x00\x01\xde\x05{"link": "https://www.amazon.co...')])])
2022-06-22 10:44:37 [scrapy.core.scraper] DEBUG: Scraped from <200 https://www.amazon.com/b?node=16225016011&pf_rd_r=N5TD9AJ5M2MFZYTD40G8&pf_rd_p=e5b0c85f-569c-4c90-a58f-0c0a260e45a0&pd_rd_r=c1e8591e-f091-4da5-8604-4635be6844be&pd_rd_w=bM1cA&pd_rd_wg=jgaTh&ref_=pd_gw_unk>
None
2022-06-22 10:44:37 [kafka.producer.kafka] DEBUG: Sending (key=None value={'link': 'https://advertising.amazon.com/?ref=footer_advtsing_amzn_com', 'meta': {'source': 'https://www.amazon.com/b?node=16225016011&pf_rd_r=N5TD9AJ5M2MFZYTD40G8&pf_rd_p=e5b0c85f-569c-4c90-a58f-0c0a260e45a0&pd_rd_r=c1e8591e-f091-4da5-8604-4635be6844be&pd_rd_w=bM1cA&pd_rd_wg=jgaTh&ref_=pd_gw_unk', 'depth': 0}, 'spider': 'url-extractor'} headers=[]) to TopicPartition(topic='numtest', partition=0)
2022-06-22 10:44:37 [scrapy.core.scraper] DEBUG: Scraped from <200 https://www.amazon.com/b?node=16225016011&pf_rd_r=N5TD9AJ5M2MFZYTD40G8&pf_rd_p=e5b0c85f-569c-4c90-a58f-0c0a260e45a0&pd_rd_r=c1e8591e-f091-4da5-8604-4635be6844be&pd_rd_w=bM1cA&pd_rd_wg=jgaTh&ref_=pd_gw_unk>
None
2022-06-22 10:44:37 [kafka.producer.sender] DEBUG: Node 0 not ready; delaying produce of accumulated batch
2022-06-22 10:44:37 [kafka.producer.kafka] DEBUG: Sending (key=None value={'link': 'https://www.6pm.com', 'meta': {'source': 'https://www.amazon.com/b?node=16225016011&pf_rd_r=N5TD9AJ5M2MFZYTD40G8&pf_rd_p=e5b0c85f-569c-4c90-a58f-0c0a260e45a0&pd_rd_r=c1e8591e-f091-4da5-8604-4635be6844be&pd_rd_w=bM1cA&pd_rd_wg=jgaTh&ref_=pd_gw_unk', 'depth': 0}, 'spider': 'url-extractor'} headers=[]) to TopicPartition(topic='numtest', partition=0)
2022-06-22 10:44:37 [scrapy.core.scraper] DEBUG: Scraped from <200 https://www.amazon.com/b?node=16225016011&pf_rd_r=N5TD9AJ5M2MFZYTD40G8&pf_rd_p=e5b0c85f-569c-4c90-a58f-0c0a260e45a0&pd_rd_r=c1e8591e-f091-4da5-8604-4635be6844be&pd_rd_w=bM1cA&pd_rd_wg=jgaTh&ref_=pd_gw_unk>
None
2022-06-22 10:44:37 [kafka.producer.kafka] DEBUG: Sending (key=None value={'link': 'https://www.acx.com/', 'meta': {'source': 'https://www.amazon.com/b?node=16225016011&pf_rd_r=N5TD9AJ5M2MFZYTD40G8&pf_rd_p=e5b0c85f-569c-4c90-a58f-0c0a260e45a0&pd_rd_r=c1e8591e-f091-4da5-8604-4635be6844be&pd_rd_w=bM1cA&pd_rd_wg=jgaTh&ref_=pd_gw_unk', 'depth': 0}, 'spider': 'url-extractor'} headers=[]) to TopicPartition(topic='numtest', partition=0)
2022-06-22 10:44:37 [scrapy.core.scraper] DEBUG: Scraped from <200 https://www.amazon.com/b?node=16225016011&pf_rd_r=N5TD9AJ5M2MFZYTD40G8&pf_rd_p=e5b0c85f-569c-4c90-a58f-0c0a260e45a0&pd_rd_r=c1e8591e-f091-4da5-8604-4635be6844be&pd_rd_w=bM1cA&pd_rd_wg=jgaTh&ref_=pd_gw_unk>
None
2022-06-22 10:44:37 [kafka.producer.kafka] DEBUG: Sending (key=None value={'link': 'https://sell.amazon.com/?ld=AZUSSOA-footer-aff&ref_=footer_sell', 'meta': {'source': 'https://www.amazon.com/b?node=16225016011&pf_rd_r=N5TD9AJ5M2MFZYTD40G8&pf_rd_p=e5b0c85f-569c-4c90-a58f-0c0a260e45a0&pd_rd_r=c1e8591e-f091-4da5-8604-4635be6844be&pd_rd_w=bM1cA&pd_rd_wg=jgaTh&ref_=pd_gw_unk', 'depth': 0}, 'spider': 'url-extractor'} headers=[]) to TopicPartition(topic='numtest', partition=0)
2022-06-22 10:44:37 [scrapy.core.scraper] DEBUG: Scraped from <200 https://www.amazon.com/b?node=16225016011&pf_rd_r=N5TD9AJ5M2MFZYTD40G8&pf_rd_p=e5b0c85f-569c-4c90-a58f-0c0a260e45a0&pd_rd_r=c1e8591e-f091-4da5-8604-4635be6844be&pd_rd_w=bM1cA&pd_rd_wg=jgaTh&ref_=pd_gw_unk>
None
2022-06-22 10:44:37 [kafka.producer.kafka] DEBUG: Sending (key=None value={'link': 'https://www.amazon.com/gp/browse.html?node=230659011&ref_=footer_amazonglobal', 'meta': {'source': 'https://www.amazon.com/b?node=16225016011&pf_rd_r=N5TD9AJ5M2MFZYTD40G8&pf_rd_p=e5b0c85f-569c-4c90-a58f-0c0a260e45a0&pd_rd_r=c1e8591e-f091-4da5-8604-4635be6844be&pd_rd_w=bM1cA&pd_rd_wg=jgaTh&ref_=pd_gw_unk', 'depth': 0}, 'spider': 'url-extractor'} headers=[]) to TopicPartition(topic='numtest', partition=0)
2022-06-22 10:44:37 [scrapy.core.scraper] DEBUG: Scraped from <200 https://www.amazon.com/b?node=16225016011&pf_rd_r=N5TD9AJ5M2MFZYTD40G8&pf_rd_p=e5b0c85f-569c-4c90-a58f-0c0a260e45a0&pd_rd_r=c1e8591e-f091-4da5-8604-4635be6844be&pd_rd_w=bM1cA&pd_rd_wg=jgaTh&ref_=pd_gw_unk>
None
2022-06-22 10:44:37 [kafka.producer.kafka] DEBUG: Sending (key=None value={'link': 'https://www.audible.com', 'meta': {'source': 'https://www.amazon.com/b?node=16225016011&pf_rd_r=N5TD9AJ5M2MFZYTD40G8&pf_rd_p=e5b0c85f-569c-4c90-a58f-0c0a260e45a0&pd_rd_r=c1e8591e-f091-4da5-8604-4635be6844be&pd_rd_w=bM1cA&pd_rd_wg=jgaTh&ref_=pd_gw_unk', 'depth': 0}, 'spider': 'url-extractor'} headers=[]) to TopicPartition(topic='numtest', partition=0)
2022-06-22 10:44:37 [scrapy.core.scraper] DEBUG: Scraped from <200 https://www.amazon.com/b?node=16225016011&pf_rd_r=N5TD9AJ5M2MFZYTD40G8&pf_rd_p=e5b0c85f-569c-4c90-a58f-0c0a260e45a0&pd_rd_r=c1e8591e-f091-4da5-8604-4635be6844be&pd_rd_w=bM1cA&pd_rd_wg=jgaTh&ref_=pd_gw_unk>
None
2022-06-22 10:44:37 [kafka.producer.kafka] DEBUG: Sending (key=None value={'link': 'https://www.boxofficemojo.com/?ref_=amzn_nav_ftr', 'meta': {'source': 'https://www.amazon.com/b?node=16225016011&pf_rd_r=N5TD9AJ5M2MFZYTD40G8&pf_rd_p=e5b0c85f-569c-4c90-a58f-0c0a260e45a0&pd_rd_r=c1e8591e-f091-4da5-8604-4635be6844be&pd_rd_w=bM1cA&pd_rd_wg=jgaTh&ref_=pd_gw_unk', 'depth': 0}, 'spider': 'url-extractor'} headers=[]) to TopicPartition(topic='numtest', partition=0)
2022-06-22 10:44:37 [scrapy.core.scraper] DEBUG: Scraped from <200 https://www.amazon.com/b?node=16225016011&pf_rd_r=N5TD9AJ5M2MFZYTD40G8&pf_rd_p=e5b0c85f-569c-4c90-a58f-0c0a260e45a0&pd_rd_r=c1e8591e-f091-4da5-8604-4635be6844be&pd_rd_w=bM1cA&pd_rd_wg=jgaTh&ref_=pd_gw_unk>
None
2022-06-22 10:44:37 [kafka.producer.kafka] DEBUG: Sending (key=None value={'link': 'https://www.dpreview.com', 'meta': {'source': 'https://www.amazon.com/b?node=16225016011&pf_rd_r=N5TD9AJ5M2MFZYTD40G8&pf_rd_p=e5b0c85f-569c-4c90-a58f-0c0a260e45a0&pd_rd_r=c1e8591e-f091-4da5-8604-4635be6844be&pd_rd_w=bM1cA&pd_rd_wg=jgaTh&ref_=pd_gw_unk', 'depth': 0}, 'spider': 'url-extractor'} headers=[]) to TopicPartition(topic='numtest', partition=0)
2022-06-22 10:44:37 [scrapy.core.scraper] DEBUG: Scraped from <200 https://www.amazon.com/b?node=16225016011&pf_rd_r=N5TD9AJ5M2MFZYTD40G8&pf_rd_p=e5b0c85f-569c-4c90-a58f-0c0a260e45a0&pd_rd_r=c1e8591e-f091-4da5-8604-4635be6844be&pd_rd_w=bM1cA&pd_rd_wg=jgaTh&ref_=pd_gw_unk>
None
2022-06-22 10:44:37 [kafka.producer.kafka] DEBUG: Sending (key=None value={'link': 'https://www.goodreads.com', 'meta': {'source': 'https://www.amazon.com/b?node=16225016011&pf_rd_r=N5TD9AJ5M2MFZYTD40G8&pf_rd_p=e5b0c85f-569c-4c90-a58f-0c0a260e45a0&pd_rd_r=c1e8591e-f091-4da5-8604-4635be6844be&pd_rd_w=bM1cA&pd_rd_wg=jgaTh&ref_=pd_gw_unk', 'depth': 0}, 'spider': 'url-extractor'} headers=[]) to TopicPartition(topic='numtest', partition=0)
2022-06-22 10:44:37 [scrapy.core.scraper] DEBUG: Scraped from <200 https://www.amazon.com/b?node=16225016011&pf_rd_r=N5TD9AJ5M2MFZYTD40G8&pf_rd_p=e5b0c85f-569c-4c90-a58f-0c0a260e45a0&pd_rd_r=c1e8591e-f091-4da5-8604-4635be6844be&pd_rd_w=bM1cA&pd_rd_wg=jgaTh&ref_=pd_gw_unk>
None
2022-06-22 10:44:37 [kafka.producer.kafka] DEBUG: Sending (key=None value={'link': 'https://pro.imdb.com?ref_=amzn_nav_ftr', 'meta': {'source': 'https://www.amazon.com/b?node=16225016011&pf_rd_r=N5TD9AJ5M2MFZYTD40G8&pf_rd_p=e5b0c85f-569c-4c90-a58f-0c0a260e45a0&pd_rd_r=c1e8591e-f091-4da5-8604-4635be6844be&pd_rd_w=bM1cA&pd_rd_wg=jgaTh&ref_=pd_gw_unk', 'depth': 0}, 'spider': 'url-extractor'} headers=[]) to TopicPartition(topic='numtest', partition=0)
2022-06-22 10:44:37 [scrapy.core.scraper] DEBUG: Scraped from <200 https://www.amazon.com/b?node=16225016011&pf_rd_r=N5TD9AJ5M2MFZYTD40G8&pf_rd_p=e5b0c85f-569c-4c90-a58f-0c0a260e45a0&pd_rd_r=c1e8591e-f091-4da5-8604-4635be6844be&pd_rd_w=bM1cA&pd_rd_wg=jgaTh&ref_=pd_gw_unk>
None
2022-06-22 10:44:37 [kafka.producer.kafka] DEBUG: Sending (key=None value={'link': 'https://videodirect.amazon.com/home/landing', 'meta': {'source': 'https://www.amazon.com/b?node=16225016011&pf_rd_r=N5TD9AJ5M2MFZYTD40G8&pf_rd_p=e5b0c85f-569c-4c90-a58f-0c0a260e45a0&pd_rd_r=c1e8591e-f091-4da5-8604-4635be6844be&pd_rd_w=bM1cA&pd_rd_wg=jgaTh&ref_=pd_gw_unk', 'depth': 0}, 'spider': 'url-extractor'} headers=[]) to TopicPartition(topic='numtest', partition=0)
2022-06-22 10:44:37 [scrapy.core.scraper] DEBUG: Scraped from <200 https://www.amazon.com/b?node=16225016011&pf_rd_r=N5TD9AJ5M2MFZYTD40G8&pf_rd_p=e5b0c85f-569c-4c90-a58f-0c0a260e45a0&pd_rd_r=c1e8591e-f091-4da5-8604-4635be6844be&pd_rd_w=bM1cA&pd_rd_wg=jgaTh&ref_=pd_gw_unk>
None
2022-06-22 10:44:37 [kafka.producer.kafka] DEBUG: Sending (key=None value={'link': 'https://www.woot.com/', 'meta': {'source': 'https://www.amazon.com/b?node=16225016011&pf_rd_r=N5TD9AJ5M2MFZYTD40G8&pf_rd_p=e5b0c85f-569c-4c90-a58f-0c0a260e45a0&pd_rd_r=c1e8591e-f091-4da5-8604-4635be6844be&pd_rd_w=bM1cA&pd_rd_wg=jgaTh&ref_=pd_gw_unk', 'depth': 0}, 'spider': 'url-extractor'} headers=[]) to TopicPartition(topic='numtest', partition=0)
2022-06-22 10:44:37 [scrapy.core.scraper] DEBUG: Scraped from <200 https://www.amazon.com/b?node=16225016011&pf_rd_r=N5TD9AJ5M2MFZYTD40G8&pf_rd_p=e5b0c85f-569c-4c90-a58f-0c0a260e45a0&pd_rd_r=c1e8591e-f091-4da5-8604-4635be6844be&pd_rd_w=bM1cA&pd_rd_wg=jgaTh&ref_=pd_gw_unk>
None
2022-06-22 10:44:37 [kafka.producer.kafka] DEBUG: Sending (key=None value={'link': 'https://ring.com', 'meta': {'source': 'https://www.amazon.com/b?node=16225016011&pf_rd_r=N5TD9AJ5M2MFZYTD40G8&pf_rd_p=e5b0c85f-569c-4c90-a58f-0c0a260e45a0&pd_rd_r=c1e8591e-f091-4da5-8604-4635be6844be&pd_rd_w=bM1cA&pd_rd_wg=jgaTh&ref_=pd_gw_unk', 'depth': 0}, 'spider': 'url-extractor'} headers=[]) to TopicPartition(topic='numtest', partition=0)
2022-06-22 10:44:37 [scrapy.core.scraper] DEBUG: Scraped from <200 https://www.amazon.com/b?node=16225016011&pf_rd_r=N5TD9AJ5M2MFZYTD40G8&pf_rd_p=e5b0c85f-569c-4c90-a58f-0c0a260e45a0&pd_rd_r=c1e8591e-f091-4da5-8604-4635be6844be&pd_rd_w=bM1cA&pd_rd_wg=jgaTh&ref_=pd_gw_unk>
None
2022-06-22 10:44:37 [kafka.producer.kafka] DEBUG: Sending (key=None value={'link': 'https://blinkforhome.com/?ref=nav_footer', 'meta': {'source': 'https://www.amazon.com/b?node=16225016011&pf_rd_r=N5TD9AJ5M2MFZYTD40G8&pf_rd_p=e5b0c85f-569c-4c90-a58f-0c0a260e45a0&pd_rd_r=c1e8591e-f091-4da5-8604-4635be6844be&pd_rd_w=bM1cA&pd_rd_wg=jgaTh&ref_=pd_gw_unk', 'depth': 0}, 'spider': 'url-extractor'} headers=[]) to TopicPartition(topic='numtest', partition=0)
2022-06-22 10:44:37 [scrapy.core.scraper] DEBUG: Scraped from <200 https://www.amazon.com/b?node=16225016011&pf_rd_r=N5TD9AJ5M2MFZYTD40G8&pf_rd_p=e5b0c85f-569c-4c90-a58f-0c0a260e45a0&pd_rd_r=c1e8591e-f091-4da5-8604-4635be6844be&pd_rd_w=bM1cA&pd_rd_wg=jgaTh&ref_=pd_gw_unk>
None
2022-06-22 10:44:37 [kafka.producer.kafka] DEBUG: Sending (key=None value={'link': 'https://www.amazon.com/gp/browse.html?node=14498690011&ref_=amzn_nav_ftr_swa', 'meta': {'source': 'https://www.amazon.com/b?node=16225016011&pf_rd_r=N5TD9AJ5M2MFZYTD40G8&pf_rd_p=e5b0c85f-569c-4c90-a58f-0c0a260e45a0&pd_rd_r=c1e8591e-f091-4da5-8604-4635be6844be&pd_rd_w=bM1cA&pd_rd_wg=jgaTh&ref_=pd_gw_unk', 'depth': 0}, 'spider': 'url-extractor'} headers=[]) to TopicPartition(topic='numtest', partition=0)
2022-06-22 10:44:37 [scrapy.core.scraper] DEBUG: Scraped from <200 https://www.amazon.com/b?node=16225016011&pf_rd_r=N5TD9AJ5M2MFZYTD40G8&pf_rd_p=e5b0c85f-569c-4c90-a58f-0c0a260e45a0&pd_rd_r=c1e8591e-f091-4da5-8604-4635be6844be&pd_rd_w=bM1cA&pd_rd_wg=jgaTh&ref_=pd_gw_unk>
None
2022-06-22 10:44:37 [kafka.producer.kafka] DEBUG: Sending (key=None value={'link': 'https://www.amazon.com/gp/help/customer/display.html?nodeId=508088&ref_=footer_cou', 'meta': {'source': 'https://www.amazon.com/b?node=16225016011&pf_rd_r=N5TD9AJ5M2MFZYTD40G8&pf_rd_p=e5b0c85f-569c-4c90-a58f-0c0a260e45a0&pd_rd_r=c1e8591e-f091-4da5-8604-4635be6844be&pd_rd_w=bM1cA&pd_rd_wg=jgaTh&ref_=pd_gw_unk', 'depth': 0}, 'spider': 'url-extractor'} headers=[]) to TopicPartition(topic='numtest', partition=0)
2022-06-22 10:44:37 [scrapy.core.scraper] DEBUG: Scraped from <200 https://www.amazon.com/b?node=16225016011&pf_rd_r=N5TD9AJ5M2MFZYTD40G8&pf_rd_p=e5b0c85f-569c-4c90-a58f-0c0a260e45a0&pd_rd_r=c1e8591e-f091-4da5-8604-4635be6844be&pd_rd_w=bM1cA&pd_rd_wg=jgaTh&ref_=pd_gw_unk>
None
2022-06-22 10:44:37 [kafka.producer.kafka] DEBUG: Sending (key=None value={'link': 'https://www.amazon.com/interestbasedads/ref=footer_iba', 'meta': {'source': 'https://www.amazon.com/b?node=16225016011&pf_rd_r=N5TD9AJ5M2MFZYTD40G8&pf_rd_p=e5b0c85f-569c-4c90-a58f-0c0a260e45a0&pd_rd_r=c1e8591e-f091-4da5-8604-4635be6844be&pd_rd_w=bM1cA&pd_rd_wg=jgaTh&ref_=pd_gw_unk', 'depth': 0}, 'spider': 'url-extractor'} headers=[]) to TopicPartition(topic='numtest', partition=0)
2022-06-22 10:44:37 [scrapy.core.scraper] DEBUG: Scraped from <200 https://www.amazon.com/b?node=16225016011&pf_rd_r=N5TD9AJ5M2MFZYTD40G8&pf_rd_p=e5b0c85f-569c-4c90-a58f-0c0a260e45a0&pd_rd_r=c1e8591e-f091-4da5-8604-4635be6844be&pd_rd_w=bM1cA&pd_rd_wg=jgaTh&ref_=pd_gw_unk>
None
2022-06-22 10:44:37 [scrapy.core.engine] INFO: Closing spider (finished)
2022-06-22 10:44:37 [kafka.producer.kafka] INFO: Closing the Kafka producer with 4294967.0 secs timeout.
2022-06-22 10:44:37 [kafka.producer.sender] DEBUG: Beginning shutdown of Kafka producer I/O thread, sending remaining records.
2022-06-22 10:44:37 [kafka.producer.sender] DEBUG: Node 0 not ready; delaying produce of accumulated batch
2022-06-22 10:44:37 [kafka.protocol.parser] DEBUG: Received correlation id: 2
2022-06-22 10:44:37 [kafka.protocol.parser] DEBUG: Processing response ProduceResponse_v7
2022-06-22 10:44:37 [kafka.conn] DEBUG: <BrokerConnection node_id=0 host=DESKTOP-RTIL2HE:9092 <connected> [IPv6 ('fe80::1116:61b1:3d63:1dce', 9092, 0, 47)]> Response 2 (123.98505210876465 ms): ProduceResponse_v7(topics=[(topic='numtest', partitions=[(partition=0, error_code=0, offset=424, timestamp=-1, log_start_offset=0)])], throttle_time_ms=0)
2022-06-22 10:44:37 [kafka.producer.sender] DEBUG: Parsing produce response: ProduceResponse_v7(topics=[(topic='numtest', partitions=[(partition=0, error_code=0, offset=424, timestamp=-1, log_start_offset=0)])], throttle_time_ms=0)
2022-06-22 10:44:37 [kafka.producer.record_accumulator] DEBUG: Produced messages to topic-partition TopicPartition(topic='numtest', partition=0) with base offset 424 log start offset 0 and error None.
2022-06-22 10:44:37 [kafka.producer.sender] DEBUG: Nodes with data ready to send: {0}
2022-06-22 10:44:37 [kafka.producer.sender] DEBUG: Created 1 produce requests: {0: ProduceRequest_v7(transactional_id=None, required_acks=1, timeout=30000, topics=[(topic='numtest', partitions=[(partition=0, messages=b'\x00\x00\x00\x00\x00\x00\x00\x00\x00\x00\x17\xb1\x00\x00\x00\x00\x02\x0fLi"\x00\x00\x00\x00\x00\x11\x00\x00\x01\x81\x8a\xcc\xa8e\x00\x00\x01\x81\x8a\xcc\xa8\x95\xff\xff\xff\xff\xff\xff\xff\xff\xff\xff\xff\xff\xff\xff\x00\x00\x00\x12\x8a\x06\x00\x00\x00\x01\xfc\x05{"link": "https://www.amazon.co...')])])}
2022-06-22 10:44:37 [kafka.producer.sender] DEBUG: Sending Produce Request: ProduceRequest_v7(transactional_id=None, required_acks=1, timeout=30000, topics=[(topic='numtest', partitions=[(partition=0, messages=b'\x00\x00\x00\x00\x00\x00\x00\x00\x00\x00\x17\xb1\x00\x00\x00\x00\x02\x0fLi"\x00\x00\x00\x00\x00\x11\x00\x00\x01\x81\x8a\xcc\xa8e\x00\x00\x01\x81\x8a\xcc\xa8\x95\xff\xff\xff\xff\xff\xff\xff\xff\xff\xff\xff\xff\xff\xff\x00\x00\x00\x12\x8a\x06\x00\x00\x00\x01\xfc\x05{"link": "https://www.amazon.co...')])])
2022-06-22 10:44:37 [kafka.protocol.parser] DEBUG: Sending request ProduceRequest_v7(transactional_id=None, required_acks=1, timeout=30000, topics=[(topic='numtest', partitions=[(partition=0, messages=b'\x00\x00\x00\x00\x00\x00\x00\x00\x00\x00\x17\xb1\x00\x00\x00\x00\x02\x0fLi"\x00\x00\x00\x00\x00\x11\x00\x00\x01\x81\x8a\xcc\xa8e\x00\x00\x01\x81\x8a\xcc\xa8\x95\xff\xff\xff\xff\xff\xff\xff\xff\xff\xff\xff\xff\xff\xff\x00\x00\x00\x12\x8a\x06\x00\x00\x00\x01\xfc\x05{"link": "https://www.amazon.co...')])])
2022-06-22 10:44:37 [kafka.conn] DEBUG: <BrokerConnection node_id=0 host=DESKTOP-RTIL2HE:9092 <connected> [IPv6 ('fe80::1116:61b1:3d63:1dce', 9092, 0, 47)]> Request 7: ProduceRequest_v7(transactional_id=None, required_acks=1, timeout=30000, topics=[(topic='numtest', partitions=[(partition=0, messages=b'\x00\x00\x00\x00\x00\x00\x00\x00\x00\x00\x17\xb1\x00\x00\x00\x00\x02\x0fLi"\x00\x00\x00\x00\x00\x11\x00\x00\x01\x81\x8a\xcc\xa8e\x00\x00\x01\x81\x8a\xcc\xa8\x95\xff\xff\xff\xff\xff\xff\xff\xff\xff\xff\xff\xff\xff\xff\x00\x00\x00\x12\x8a\x06\x00\x00\x00\x01\xfc\x05{"link": "https://www.amazon.co...')])])
2022-06-22 10:44:37 [kafka.protocol.parser] DEBUG: Received correlation id: 3
2022-06-22 10:44:37 [kafka.protocol.parser] DEBUG: Processing response ProduceResponse_v7
2022-06-22 10:44:37 [kafka.protocol.parser] DEBUG: Received correlation id: 4
2022-06-22 10:44:37 [kafka.protocol.parser] DEBUG: Processing response ProduceResponse_v7
2022-06-22 10:44:37 [kafka.conn] DEBUG: <BrokerConnection node_id=0 host=DESKTOP-RTIL2HE:9092 <connected> [IPv6 ('fe80::1116:61b1:3d63:1dce', 9092, 0, 47)]> Response 3 (116.00661277770996 ms): ProduceResponse_v7(topics=[(topic='numtest', partitions=[(partition=0, error_code=0, offset=437, timestamp=-1, log_start_offset=0)])], throttle_time_ms=0)
2022-06-22 10:44:37 [kafka.conn] DEBUG: <BrokerConnection node_id=0 host=DESKTOP-RTIL2HE:9092 <connected> [IPv6 ('fe80::1116:61b1:3d63:1dce', 9092, 0, 47)]> Response 4 (109.00068283081055 ms): ProduceResponse_v7(topics=[(topic='numtest', partitions=[(partition=0, error_code=0, offset=438, timestamp=-1, log_start_offset=0)])], throttle_time_ms=0)
2022-06-22 10:44:37 [kafka.producer.sender] DEBUG: Parsing produce response: ProduceResponse_v7(topics=[(topic='numtest', partitions=[(partition=0, error_code=0, offset=437, timestamp=-1, log_start_offset=0)])], throttle_time_ms=0)
2022-06-22 10:44:37 [kafka.producer.record_accumulator] DEBUG: Produced messages to topic-partition TopicPartition(topic='numtest', partition=0) with base offset 437 log start offset 0 and error None.
2022-06-22 10:44:37 [kafka.producer.sender] DEBUG: Parsing produce response: ProduceResponse_v7(topics=[(topic='numtest', partitions=[(partition=0, error_code=0, offset=438, timestamp=-1, log_start_offset=0)])], throttle_time_ms=0)
2022-06-22 10:44:37 [kafka.producer.record_accumulator] DEBUG: Produced messages to topic-partition TopicPartition(topic='numtest', partition=0) with base offset 438 log start offset 0 and error None.
2022-06-22 10:44:37 [kafka.protocol.parser] DEBUG: Received correlation id: 5
2022-06-22 10:44:37 [kafka.protocol.parser] DEBUG: Processing response ProduceResponse_v7
2022-06-22 10:44:37 [kafka.conn] DEBUG: <BrokerConnection node_id=0 host=DESKTOP-RTIL2HE:9092 <connected> [IPv6 ('fe80::1116:61b1:3d63:1dce', 9092, 0, 47)]> Response 5 (137.00318336486816 ms): ProduceResponse_v7(topics=[(topic='numtest', partitions=[(partition=0, error_code=0, offset=440, timestamp=-1, log_start_offset=0)])], throttle_time_ms=0)
2022-06-22 10:44:37 [kafka.producer.sender] DEBUG: Parsing produce response: ProduceResponse_v7(topics=[(topic='numtest', partitions=[(partition=0, error_code=0, offset=440, timestamp=-1, log_start_offset=0)])], throttle_time_ms=0)
2022-06-22 10:44:37 [kafka.producer.record_accumulator] DEBUG: Produced messages to topic-partition TopicPartition(topic='numtest', partition=0) with base offset 440 log start offset 0 and error None.
2022-06-22 10:44:37 [kafka.protocol.parser] DEBUG: Received correlation id: 6
2022-06-22 10:44:37 [kafka.protocol.parser] DEBUG: Processing response ProduceResponse_v7
2022-06-22 10:44:37 [kafka.conn] DEBUG: <BrokerConnection node_id=0 host=DESKTOP-RTIL2HE:9092 <connected> [IPv6 ('fe80::1116:61b1:3d63:1dce', 9092, 0, 47)]> Response 6 (136.0020637512207 ms): ProduceResponse_v7(topics=[(topic='numtest', partitions=[(partition=0, error_code=0, offset=442, timestamp=-1, log_start_offset=0)])], throttle_time_ms=0)
2022-06-22 10:44:37 [kafka.producer.sender] DEBUG: Parsing produce response: ProduceResponse_v7(topics=[(topic='numtest', partitions=[(partition=0, error_code=0, offset=442, timestamp=-1, log_start_offset=0)])], throttle_time_ms=0)
2022-06-22 10:44:37 [kafka.producer.record_accumulator] DEBUG: Produced messages to topic-partition TopicPartition(topic='numtest', partition=0) with base offset 442 log start offset 0 and error None.
2022-06-22 10:44:37 [kafka.protocol.parser] DEBUG: Received correlation id: 7
2022-06-22 10:44:37 [kafka.protocol.parser] DEBUG: Processing response ProduceResponse_v7
2022-06-22 10:44:37 [kafka.conn] DEBUG: <BrokerConnection node_id=0 host=DESKTOP-RTIL2HE:9092 <connected> [IPv6 ('fe80::1116:61b1:3d63:1dce', 9092, 0, 47)]> Response 7 (44.99197006225586 ms): ProduceResponse_v7(topics=[(topic='numtest', partitions=[(partition=0, error_code=0, offset=444, timestamp=-1, log_start_offset=0)])], throttle_time_ms=0)
2022-06-22 10:44:37 [kafka.producer.sender] DEBUG: Parsing produce response: ProduceResponse_v7(topics=[(topic='numtest', partitions=[(partition=0, error_code=0, offset=444, timestamp=-1, log_start_offset=0)])], throttle_time_ms=0)
2022-06-22 10:44:37 [kafka.producer.record_accumulator] DEBUG: Produced messages to topic-partition TopicPartition(topic='numtest', partition=0) with base offset 444 log start offset 0 and error None.
2022-06-22 10:44:37 [kafka.conn] INFO: <BrokerConnection node_id=0 host=DESKTOP-RTIL2HE:9092 <connected> [IPv6 ('fe80::1116:61b1:3d63:1dce', 9092, 0, 47)]>: Closing connection. 
2022-06-22 10:44:37 [kafka.producer.sender] DEBUG: Shutdown of Kafka producer I/O thread has completed.
2022-06-22 10:44:37 [kafka.producer.kafka] DEBUG: The Kafka producer has closed.
2022-06-22 10:44:37 [scrapy.statscollectors] INFO: Dumping Scrapy stats:
{'downloader/request_bytes': 475,
 'downloader/request_count': 1,
 'downloader/request_method_count/GET': 1,
 'downloader/response_bytes': 67532,
 'downloader/response_count': 1,
 'downloader/response_status_count/200': 1,
 'elapsed_time_seconds': 1.079117,
 'finish_reason': 'finished',
 'finish_time': datetime.datetime(2022, 6, 22, 9, 44, 37, 367441),
 'httpcompression/response_bytes': 196383,
 'httpcompression/response_count': 1,
 'item_scraped_count': 38,
 'log_count/DEBUG': 241,
 'log_count/INFO': 21,
 'offsite/domains': 17,
 'offsite/filtered': 38,
 'request_depth_max': 1,
 'response_received_count': 1,
 'scheduler/dequeued': 1,
 'scheduler/dequeued/memory': 1,
 'scheduler/enqueued': 1,
 'scheduler/enqueued/memory': 1,
 'start_time': datetime.datetime(2022, 6, 22, 9, 44, 36, 288324)}
2022-06-22 10:44:37 [scrapy.core.engine] INFO: Spider closed (finished)
