2022-04-17 12:49:02 [scrapy.utils.log] INFO: Scrapy 2.5.1 started (bot: genericscrapy)
2022-04-17 12:49:02 [scrapy.utils.log] INFO: Versions: lxml 4.7.1.0, libxml2 2.9.12, cssselect 1.1.0, parsel 1.6.0, w3lib 1.22.0, Twisted 22.1.0, Python 3.8.5 (default, Sep  3 2020, 21:29:08) [MSC v.1916 64 bit (AMD64)], pyOpenSSL 22.0.0 (OpenSSL 1.1.1m  14 Dec 2021), cryptography 36.0.1, Platform Windows-10-10.0.18362-SP0
2022-04-17 12:49:02 [scrapy.utils.log] DEBUG: Using reactor: twisted.internet.selectreactor.SelectReactor
2022-04-17 12:49:02 [scrapy.crawler] INFO: Overridden settings:
{'BOT_NAME': 'genericscrapy',
 'DUPEFILTER_CLASS': 'scrapy_splash.SplashAwareDupeFilter',
 'HTTPCACHE_STORAGE': 'scrapy_splash.SplashAwareFSCacheStorage',
 'LOG_FILE': 'logs\\genericscrapy\\url-extractor\\5d9f2942be4411ec8e8dd82e38b9d2fe.log',
 'NEWSPIDER_MODULE': 'genericscrapy.spiders',
 'SPIDER_MODULES': ['genericscrapy.spiders'],
 'USER_AGENT': 'Mozilla/5.0 (Windows NT 10.0; Win64; x64) AppleWebKit/537.36 '
               '(KHTML, like Gecko) Chrome/99.0.4844.51 Safari/537.36'}
2022-04-17 12:49:02 [scrapy.extensions.telnet] INFO: Telnet Password: c1f6ff2572094bc6
2022-04-17 12:49:02 [scrapy.middleware] INFO: Enabled extensions:
['scrapy.extensions.corestats.CoreStats',
 'scrapy.extensions.telnet.TelnetConsole',
 'scrapy.extensions.logstats.LogStats']
2022-04-17 12:49:02 [url-extractor] INFO: [LE] Source: https://www.appeloffres.com/ Depth: 0 Kwargs: {'_job': '5d9f2942be4411ec8e8dd82e38b9d2fe'}
2022-04-17 12:49:02 [scrapy.middleware] INFO: Enabled downloader middlewares:
['scrapy.downloadermiddlewares.httpauth.HttpAuthMiddleware',
 'scrapy.downloadermiddlewares.downloadtimeout.DownloadTimeoutMiddleware',
 'scrapy.downloadermiddlewares.defaultheaders.DefaultHeadersMiddleware',
 'scrapy.downloadermiddlewares.useragent.UserAgentMiddleware',
 'scrapy.downloadermiddlewares.retry.RetryMiddleware',
 'scrapy.downloadermiddlewares.redirect.MetaRefreshMiddleware',
 'scrapy.downloadermiddlewares.redirect.RedirectMiddleware',
 'scrapy.downloadermiddlewares.cookies.CookiesMiddleware',
 'scrapy_splash.SplashCookiesMiddleware',
 'scrapy_splash.SplashMiddleware',
 'scrapy.downloadermiddlewares.httpproxy.HttpProxyMiddleware',
 'scrapy.downloadermiddlewares.httpcompression.HttpCompressionMiddleware',
 'scrapy.downloadermiddlewares.stats.DownloaderStats']
2022-04-17 12:49:02 [scrapy.middleware] INFO: Enabled spider middlewares:
['scrapy.spidermiddlewares.httperror.HttpErrorMiddleware',
 'scrapy_splash.SplashDeduplicateArgsMiddleware',
 'scrapy.spidermiddlewares.offsite.OffsiteMiddleware',
 'scrapy.spidermiddlewares.referer.RefererMiddleware',
 'scrapy.spidermiddlewares.urllength.UrlLengthMiddleware',
 'scrapy.spidermiddlewares.depth.DepthMiddleware']
2022-04-17 12:49:02 [kafka.producer.kafka] DEBUG: Starting the Kafka producer
2022-04-17 12:49:02 [kafka.metrics.metrics] DEBUG: Added sensor with name connections-closed
2022-04-17 12:49:02 [kafka.metrics.metrics] DEBUG: Added sensor with name connections-created
2022-04-17 12:49:02 [kafka.metrics.metrics] DEBUG: Added sensor with name select-time
2022-04-17 12:49:02 [kafka.metrics.metrics] DEBUG: Added sensor with name io-time
2022-04-17 12:49:02 [kafka.client] DEBUG: Initiating connection to node bootstrap-0 at localhost:9092
2022-04-17 12:49:02 [kafka.metrics.metrics] DEBUG: Added sensor with name bytes-sent-received
2022-04-17 12:49:02 [kafka.metrics.metrics] DEBUG: Added sensor with name bytes-sent
2022-04-17 12:49:02 [kafka.metrics.metrics] DEBUG: Added sensor with name bytes-received
2022-04-17 12:49:02 [kafka.metrics.metrics] DEBUG: Added sensor with name request-latency
2022-04-17 12:49:02 [kafka.metrics.metrics] DEBUG: Added sensor with name node-bootstrap-0.bytes-sent
2022-04-17 12:49:02 [kafka.metrics.metrics] DEBUG: Added sensor with name node-bootstrap-0.bytes-received
2022-04-17 12:49:02 [kafka.metrics.metrics] DEBUG: Added sensor with name node-bootstrap-0.latency
2022-04-17 12:49:02 [kafka.conn] DEBUG: <BrokerConnection node_id=bootstrap-0 host=localhost:9092 <disconnected> [unspecified None]>: creating new socket
2022-04-17 12:49:02 [kafka.conn] DEBUG: <BrokerConnection node_id=bootstrap-0 host=localhost:9092 <disconnected> [IPv6 ('::1', 9092, 0, 0)]>: setting socket option (6, 1, 1)
2022-04-17 12:49:02 [kafka.conn] INFO: <BrokerConnection node_id=bootstrap-0 host=localhost:9092 <connecting> [IPv6 ('::1', 9092, 0, 0)]>: connecting to localhost:9092 [('::1', 9092, 0, 0) IPv6]
2022-04-17 12:49:02 [kafka.conn] INFO: Probing node bootstrap-0 broker version
2022-04-17 12:49:02 [kafka.conn] DEBUG: <BrokerConnection node_id=bootstrap-0 host=localhost:9092 <connecting> [IPv6 ('::1', 9092, 0, 0)]>: established TCP connection
2022-04-17 12:49:02 [kafka.conn] INFO: <BrokerConnection node_id=bootstrap-0 host=localhost:9092 <connecting> [IPv6 ('::1', 9092, 0, 0)]>: Connection complete.
2022-04-17 12:49:02 [kafka.client] DEBUG: Node bootstrap-0 connected
2022-04-17 12:49:02 [kafka.protocol.parser] DEBUG: Sending request ApiVersionRequest_v0()
2022-04-17 12:49:02 [kafka.conn] DEBUG: <BrokerConnection node_id=bootstrap-0 host=localhost:9092 <connected> [IPv6 ('::1', 9092, 0, 0)]> Request 1: ApiVersionRequest_v0()
2022-04-17 12:49:02 [kafka.protocol.parser] DEBUG: Sending request MetadataRequest_v0(topics=[])
2022-04-17 12:49:02 [kafka.conn] DEBUG: <BrokerConnection node_id=bootstrap-0 host=localhost:9092 <connected> [IPv6 ('::1', 9092, 0, 0)]> Request 2: MetadataRequest_v0(topics=[])
2022-04-17 12:49:02 [kafka.protocol.parser] DEBUG: Received correlation id: 1
2022-04-17 12:49:02 [kafka.protocol.parser] DEBUG: Processing response ApiVersionResponse_v0
2022-04-17 12:49:02 [kafka.conn] DEBUG: <BrokerConnection node_id=bootstrap-0 host=localhost:9092 <connected> [IPv6 ('::1', 9092, 0, 0)]> Response 1 (101.03178024291992 ms): ApiVersionResponse_v0(error_code=0, api_versions=[(api_key=0, min_version=0, max_version=9), (api_key=1, min_version=0, max_version=13), (api_key=2, min_version=0, max_version=7), (api_key=3, min_version=0, max_version=12), (api_key=4, min_version=0, max_version=5), (api_key=5, min_version=0, max_version=3), (api_key=6, min_version=0, max_version=7), (api_key=7, min_version=0, max_version=3), (api_key=8, min_version=0, max_version=8), (api_key=9, min_version=0, max_version=8), (api_key=10, min_version=0, max_version=4), (api_key=11, min_version=0, max_version=7), (api_key=12, min_version=0, max_version=4), (api_key=13, min_version=0, max_version=4), (api_key=14, min_version=0, max_version=5), (api_key=15, min_version=0, max_version=5), (api_key=16, min_version=0, max_version=4), (api_key=17, min_version=0, max_version=1), (api_key=18, min_version=0, max_version=3), (api_key=19, min_version=0, max_version=7), (api_key=20, min_version=0, max_version=6), (api_key=21, min_version=0, max_version=2), (api_key=22, min_version=0, max_version=4), (api_key=23, min_version=0, max_version=4), (api_key=24, min_version=0, max_version=3), (api_key=25, min_version=0, max_version=3), (api_key=26, min_version=0, max_version=3), (api_key=27, min_version=0, max_version=1), (api_key=28, min_version=0, max_version=3), (api_key=29, min_version=0, max_version=2), (api_key=30, min_version=0, max_version=2), (api_key=31, min_version=0, max_version=2), (api_key=32, min_version=0, max_version=4), (api_key=33, min_version=0, max_version=2), (api_key=34, min_version=0, max_version=2), (api_key=35, min_version=0, max_version=2), (api_key=36, min_version=0, max_version=2), (api_key=37, min_version=0, max_version=3), (api_key=38, min_version=0, max_version=2), (api_key=39, min_version=0, max_version=2), (api_key=40, min_version=0, max_version=2), (api_key=41, min_version=0, max_version=2), (api_key=42, min_version=0, max_version=2), (api_key=43, min_version=0, max_version=2), (api_key=44, min_version=0, max_version=1), (api_key=45, min_version=0, max_version=0), (api_key=46, min_version=0, max_version=0), (api_key=47, min_version=0, max_version=0), (api_key=48, min_version=0, max_version=1), (api_key=49, min_version=0, max_version=1), (api_key=50, min_version=0, max_version=0), (api_key=51, min_version=0, max_version=0), (api_key=56, min_version=0, max_version=0), (api_key=57, min_version=0, max_version=0), (api_key=60, min_version=0, max_version=0), (api_key=61, min_version=0, max_version=0), (api_key=65, min_version=0, max_version=0), (api_key=66, min_version=0, max_version=0), (api_key=67, min_version=0, max_version=0)])
2022-04-17 12:49:02 [kafka.protocol.parser] DEBUG: Received correlation id: 2
2022-04-17 12:49:02 [kafka.protocol.parser] DEBUG: Processing response MetadataResponse_v0
2022-04-17 12:49:02 [kafka.conn] DEBUG: <BrokerConnection node_id=bootstrap-0 host=localhost:9092 <connected> [IPv6 ('::1', 9092, 0, 0)]> Response 2 (5.022764205932617 ms): MetadataResponse_v0(brokers=[(node_id=0, host='DESKTOP-RTIL2HE', port=9092)], topics=[(error_code=0, topic='__consumer_offsets', partitions=[(error_code=0, partition=0, leader=0, replicas=[0], isr=[0]), (error_code=0, partition=10, leader=0, replicas=[0], isr=[0]), (error_code=0, partition=20, leader=0, replicas=[0], isr=[0]), (error_code=0, partition=40, leader=0, replicas=[0], isr=[0]), (error_code=0, partition=30, leader=0, replicas=[0], isr=[0]), (error_code=0, partition=9, leader=0, replicas=[0], isr=[0]), (error_code=0, partition=11, leader=0, replicas=[0], isr=[0]), (error_code=0, partition=31, leader=0, replicas=[0], isr=[0]), (error_code=0, partition=39, leader=0, replicas=[0], isr=[0]), (error_code=0, partition=13, leader=0, replicas=[0], isr=[0]), (error_code=0, partition=18, leader=0, replicas=[0], isr=[0]), (error_code=0, partition=22, leader=0, replicas=[0], isr=[0]), (error_code=0, partition=8, leader=0, replicas=[0], isr=[0]), (error_code=0, partition=32, leader=0, replicas=[0], isr=[0]), (error_code=0, partition=43, leader=0, replicas=[0], isr=[0]), (error_code=0, partition=29, leader=0, replicas=[0], isr=[0]), (error_code=0, partition=34, leader=0, replicas=[0], isr=[0]), (error_code=0, partition=1, leader=0, replicas=[0], isr=[0]), (error_code=0, partition=6, leader=0, replicas=[0], isr=[0]), (error_code=0, partition=41, leader=0, replicas=[0], isr=[0]), (error_code=0, partition=27, leader=0, replicas=[0], isr=[0]), (error_code=0, partition=48, leader=0, replicas=[0], isr=[0]), (error_code=0, partition=5, leader=0, replicas=[0], isr=[0]), (error_code=0, partition=15, leader=0, replicas=[0], isr=[0]), (error_code=0, partition=35, leader=0, replicas=[0], isr=[0]), (error_code=0, partition=25, leader=0, replicas=[0], isr=[0]), (error_code=0, partition=46, leader=0, replicas=[0], isr=[0]), (error_code=0, partition=26, leader=0, replicas=[0], isr=[0]), (error_code=0, partition=36, leader=0, replicas=[0], isr=[0]), (error_code=0, partition=44, leader=0, replicas=[0], isr=[0]), (error_code=0, partition=16, leader=0, replicas=[0], isr=[0]), (error_code=0, partition=37, leader=0, replicas=[0], isr=[0]), (error_code=0, partition=17, leader=0, replicas=[0], isr=[0]), (error_code=0, partition=45, leader=0, replicas=[0], isr=[0]), (error_code=0, partition=3, leader=0, replicas=[0], isr=[0]), (error_code=0, partition=24, leader=0, replicas=[0], isr=[0]), (error_code=0, partition=38, leader=0, replicas=[0], isr=[0]), (error_code=0, partition=33, leader=0, replicas=[0], isr=[0]), (error_code=0, partition=23, leader=0, replicas=[0], isr=[0]), (error_code=0, partition=28, leader=0, replicas=[0], isr=[0]), (error_code=0, partition=2, leader=0, replicas=[0], isr=[0]), (error_code=0, partition=12, leader=0, replicas=[0], isr=[0]), (error_code=0, partition=19, leader=0, replicas=[0], isr=[0]), (error_code=0, partition=14, leader=0, replicas=[0], isr=[0]), (error_code=0, partition=4, leader=0, replicas=[0], isr=[0]), (error_code=0, partition=47, leader=0, replicas=[0], isr=[0]), (error_code=0, partition=49, leader=0, replicas=[0], isr=[0]), (error_code=0, partition=42, leader=0, replicas=[0], isr=[0]), (error_code=0, partition=7, leader=0, replicas=[0], isr=[0]), (error_code=0, partition=21, leader=0, replicas=[0], isr=[0])]), (error_code=0, topic='numtest', partitions=[(error_code=0, partition=0, leader=0, replicas=[0], isr=[0])])])
2022-04-17 12:49:02 [kafka.conn] INFO: Broker version identified as 2.5.0
2022-04-17 12:49:02 [kafka.conn] INFO: Set configuration api_version=(2, 5, 0) to skip auto check_version requests on startup
2022-04-17 12:49:02 [kafka.metrics.metrics] DEBUG: Added sensor with name bufferpool-wait-time
2022-04-17 12:49:02 [kafka.metrics.metrics] DEBUG: Added sensor with name batch-size
2022-04-17 12:49:02 [kafka.metrics.metrics] DEBUG: Added sensor with name compression-rate
2022-04-17 12:49:02 [kafka.metrics.metrics] DEBUG: Added sensor with name queue-time
2022-04-17 12:49:02 [kafka.metrics.metrics] DEBUG: Added sensor with name produce-throttle-time
2022-04-17 12:49:02 [kafka.metrics.metrics] DEBUG: Added sensor with name records-per-request
2022-04-17 12:49:02 [kafka.metrics.metrics] DEBUG: Added sensor with name bytes
2022-04-17 12:49:02 [kafka.metrics.metrics] DEBUG: Added sensor with name record-retries
2022-04-17 12:49:02 [kafka.metrics.metrics] DEBUG: Added sensor with name errors
2022-04-17 12:49:02 [kafka.metrics.metrics] DEBUG: Added sensor with name record-size-max
2022-04-17 12:49:02 [kafka.producer.sender] DEBUG: Starting Kafka producer I/O thread.
2022-04-17 12:49:02 [kafka.producer.kafka] DEBUG: Kafka producer started
2022-04-17 12:49:02 [kafka.client] DEBUG: Sending metadata request MetadataRequest_v1(topics=NULL) to node bootstrap-0
2022-04-17 12:49:02 [scrapy.middleware] INFO: Enabled item pipelines:
['genericscrapy.pipelines.LinkExtratorPipeline']
2022-04-17 12:49:02 [kafka.protocol.parser] DEBUG: Sending request MetadataRequest_v1(topics=NULL)
2022-04-17 12:49:02 [scrapy.core.engine] INFO: Spider opened
2022-04-17 12:49:02 [kafka.conn] DEBUG: <BrokerConnection node_id=bootstrap-0 host=localhost:9092 <connected> [IPv6 ('::1', 9092, 0, 0)]> Request 3: MetadataRequest_v1(topics=NULL)
2022-04-17 12:49:02 [kafka.protocol.parser] DEBUG: Received correlation id: 3
2022-04-17 12:49:02 [kafka.protocol.parser] DEBUG: Processing response MetadataResponse_v1
2022-04-17 12:49:02 [kafka.conn] DEBUG: <BrokerConnection node_id=bootstrap-0 host=localhost:9092 <connected> [IPv6 ('::1', 9092, 0, 0)]> Response 3 (5.002737045288086 ms): MetadataResponse_v1(brokers=[(node_id=0, host='DESKTOP-RTIL2HE', port=9092, rack=None)], controller_id=0, topics=[(error_code=0, topic='__consumer_offsets', is_internal=True, partitions=[(error_code=0, partition=0, leader=0, replicas=[0], isr=[0]), (error_code=0, partition=10, leader=0, replicas=[0], isr=[0]), (error_code=0, partition=20, leader=0, replicas=[0], isr=[0]), (error_code=0, partition=40, leader=0, replicas=[0], isr=[0]), (error_code=0, partition=30, leader=0, replicas=[0], isr=[0]), (error_code=0, partition=9, leader=0, replicas=[0], isr=[0]), (error_code=0, partition=11, leader=0, replicas=[0], isr=[0]), (error_code=0, partition=31, leader=0, replicas=[0], isr=[0]), (error_code=0, partition=39, leader=0, replicas=[0], isr=[0]), (error_code=0, partition=13, leader=0, replicas=[0], isr=[0]), (error_code=0, partition=18, leader=0, replicas=[0], isr=[0]), (error_code=0, partition=22, leader=0, replicas=[0], isr=[0]), (error_code=0, partition=8, leader=0, replicas=[0], isr=[0]), (error_code=0, partition=32, leader=0, replicas=[0], isr=[0]), (error_code=0, partition=43, leader=0, replicas=[0], isr=[0]), (error_code=0, partition=29, leader=0, replicas=[0], isr=[0]), (error_code=0, partition=34, leader=0, replicas=[0], isr=[0]), (error_code=0, partition=1, leader=0, replicas=[0], isr=[0]), (error_code=0, partition=6, leader=0, replicas=[0], isr=[0]), (error_code=0, partition=41, leader=0, replicas=[0], isr=[0]), (error_code=0, partition=27, leader=0, replicas=[0], isr=[0]), (error_code=0, partition=48, leader=0, replicas=[0], isr=[0]), (error_code=0, partition=5, leader=0, replicas=[0], isr=[0]), (error_code=0, partition=15, leader=0, replicas=[0], isr=[0]), (error_code=0, partition=35, leader=0, replicas=[0], isr=[0]), (error_code=0, partition=25, leader=0, replicas=[0], isr=[0]), (error_code=0, partition=46, leader=0, replicas=[0], isr=[0]), (error_code=0, partition=26, leader=0, replicas=[0], isr=[0]), (error_code=0, partition=36, leader=0, replicas=[0], isr=[0]), (error_code=0, partition=44, leader=0, replicas=[0], isr=[0]), (error_code=0, partition=16, leader=0, replicas=[0], isr=[0]), (error_code=0, partition=37, leader=0, replicas=[0], isr=[0]), (error_code=0, partition=17, leader=0, replicas=[0], isr=[0]), (error_code=0, partition=45, leader=0, replicas=[0], isr=[0]), (error_code=0, partition=3, leader=0, replicas=[0], isr=[0]), (error_code=0, partition=24, leader=0, replicas=[0], isr=[0]), (error_code=0, partition=38, leader=0, replicas=[0], isr=[0]), (error_code=0, partition=33, leader=0, replicas=[0], isr=[0]), (error_code=0, partition=23, leader=0, replicas=[0], isr=[0]), (error_code=0, partition=28, leader=0, replicas=[0], isr=[0]), (error_code=0, partition=2, leader=0, replicas=[0], isr=[0]), (error_code=0, partition=12, leader=0, replicas=[0], isr=[0]), (error_code=0, partition=19, leader=0, replicas=[0], isr=[0]), (error_code=0, partition=14, leader=0, replicas=[0], isr=[0]), (error_code=0, partition=4, leader=0, replicas=[0], isr=[0]), (error_code=0, partition=47, leader=0, replicas=[0], isr=[0]), (error_code=0, partition=49, leader=0, replicas=[0], isr=[0]), (error_code=0, partition=42, leader=0, replicas=[0], isr=[0]), (error_code=0, partition=7, leader=0, replicas=[0], isr=[0]), (error_code=0, partition=21, leader=0, replicas=[0], isr=[0])]), (error_code=0, topic='numtest', is_internal=False, partitions=[(error_code=0, partition=0, leader=0, replicas=[0], isr=[0])])])
2022-04-17 12:49:02 [kafka.cluster] DEBUG: Updated cluster metadata to ClusterMetadata(brokers: 1, topics: 2, groups: 0)
2022-04-17 12:49:02 [scrapy.extensions.logstats] INFO: Crawled 0 pages (at 0 pages/min), scraped 0 items (at 0 items/min)
2022-04-17 12:49:02 [scrapy.extensions.telnet] INFO: Telnet console listening on 127.0.0.1:6023
2022-04-17 12:49:03 [scrapy.core.engine] DEBUG: Crawled (200) <GET https://www.appeloffres.com/> (referer: None)
2022-04-17 12:49:03 [scrapy.spidermiddlewares.offsite] DEBUG: Filtered offsite request to 'www.appeloffres.com': <GET https://www.appeloffres.com/login>
2022-04-17 12:49:03 [scrapy.spidermiddlewares.offsite] DEBUG: Filtered offsite request to 'www.tunisiebateaux.com': <GET http://www.tunisiebateaux.com>
2022-04-17 12:49:03 [scrapy.spidermiddlewares.offsite] DEBUG: Filtered offsite request to 'www.africa-company.net': <GET http://www.africa-company.net>
2022-04-17 12:49:03 [scrapy.spidermiddlewares.offsite] DEBUG: Filtered offsite request to 'www.apavetunisie.com': <GET http://www.apavetunisie.com/>
2022-04-17 12:49:03 [scrapy.spidermiddlewares.offsite] DEBUG: Filtered offsite request to 'www.revolon.com': <GET http://www.revolon.com>
2022-04-17 12:49:03 [scrapy.spidermiddlewares.offsite] DEBUG: Filtered offsite request to 'www.cnctunisie.com': <GET http://www.cnctunisie.com>
2022-04-17 12:49:03 [kafka.producer.kafka] DEBUG: Sending (key=None value={'link': 'https://www.appeloffres.com/login', 'meta': {'source': 'https://www.appeloffres.com/', 'depth': 0}, 'spider': 'url-extractor'} headers=[]) to TopicPartition(topic='numtest', partition=0)
2022-04-17 12:49:03 [kafka.client] DEBUG: Initializing connection to node 0 for metadata request
2022-04-17 12:49:03 [kafka.producer.record_accumulator] DEBUG: Allocating a new 16384 byte message buffer for TopicPartition(topic='numtest', partition=0)
2022-04-17 12:49:03 [kafka.producer.kafka] DEBUG: Waking up the sender since TopicPartition(topic='numtest', partition=0) is either full or getting a new batch
2022-04-17 12:49:03 [scrapy.core.scraper] DEBUG: Scraped from <200 https://www.appeloffres.com/>
None
2022-04-17 12:49:03 [kafka.producer.sender] DEBUG: Node 0 not ready; delaying produce of accumulated batch
2022-04-17 12:49:03 [kafka.producer.kafka] DEBUG: Sending (key=None value={'link': 'https://www.appeloffres.com/abonnement', 'meta': {'source': 'https://www.appeloffres.com/', 'depth': 0}, 'spider': 'url-extractor'} headers=[]) to TopicPartition(topic='numtest', partition=0)
2022-04-17 12:49:03 [kafka.client] DEBUG: Initiating connection to node 0 at DESKTOP-RTIL2HE:9092
2022-04-17 12:49:03 [scrapy.core.scraper] DEBUG: Scraped from <200 https://www.appeloffres.com/>
None
2022-04-17 12:49:03 [kafka.metrics.metrics] DEBUG: Added sensor with name node-0.bytes-sent
2022-04-17 12:49:03 [kafka.producer.kafka] DEBUG: Sending (key=None value={'link': 'https://www.appeloffres.com/', 'meta': {'source': 'https://www.appeloffres.com/', 'depth': 0}, 'spider': 'url-extractor'} headers=[]) to TopicPartition(topic='numtest', partition=0)
2022-04-17 12:49:03 [kafka.metrics.metrics] DEBUG: Added sensor with name node-0.bytes-received
2022-04-17 12:49:03 [scrapy.core.scraper] DEBUG: Scraped from <200 https://www.appeloffres.com/>
None
2022-04-17 12:49:03 [kafka.metrics.metrics] DEBUG: Added sensor with name node-0.latency
2022-04-17 12:49:03 [kafka.producer.kafka] DEBUG: Sending (key=None value={'link': 'https://www.appeloffres.com/resultat?p=tunisie', 'meta': {'source': 'https://www.appeloffres.com/', 'depth': 0}, 'spider': 'url-extractor'} headers=[]) to TopicPartition(topic='numtest', partition=0)
2022-04-17 12:49:03 [scrapy.core.scraper] DEBUG: Scraped from <200 https://www.appeloffres.com/>
None
2022-04-17 12:49:03 [kafka.producer.kafka] DEBUG: Sending (key=None value={'link': 'https://www.appeloffres.com/resultat?p=algerie', 'meta': {'source': 'https://www.appeloffres.com/', 'depth': 0}, 'spider': 'url-extractor'} headers=[]) to TopicPartition(topic='numtest', partition=0)
2022-04-17 12:49:03 [scrapy.core.scraper] DEBUG: Scraped from <200 https://www.appeloffres.com/>
None
2022-04-17 12:49:03 [kafka.producer.kafka] DEBUG: Sending (key=None value={'link': 'https://www.appeloffres.com/resultat?p=maroc', 'meta': {'source': 'https://www.appeloffres.com/', 'depth': 0}, 'spider': 'url-extractor'} headers=[]) to TopicPartition(topic='numtest', partition=0)
2022-04-17 12:49:03 [kafka.conn] DEBUG: <BrokerConnection node_id=0 host=DESKTOP-RTIL2HE:9092 <disconnected> [unspecified None]>: creating new socket
2022-04-17 12:49:03 [scrapy.core.scraper] DEBUG: Scraped from <200 https://www.appeloffres.com/>
None
2022-04-17 12:49:03 [kafka.conn] DEBUG: <BrokerConnection node_id=0 host=DESKTOP-RTIL2HE:9092 <disconnected> [IPv6 ('fe80::1116:61b1:3d63:1dce', 9092, 0, 47)]>: setting socket option (6, 1, 1)
2022-04-17 12:49:03 [kafka.producer.kafka] DEBUG: Sending (key=None value={'link': 'https://www.appeloffres.com/forgotten-password', 'meta': {'source': 'https://www.appeloffres.com/', 'depth': 0}, 'spider': 'url-extractor'} headers=[]) to TopicPartition(topic='numtest', partition=0)
2022-04-17 12:49:03 [kafka.conn] INFO: <BrokerConnection node_id=0 host=DESKTOP-RTIL2HE:9092 <connecting> [IPv6 ('fe80::1116:61b1:3d63:1dce', 9092, 0, 47)]>: connecting to DESKTOP-RTIL2HE:9092 [('fe80::1116:61b1:3d63:1dce', 9092, 0, 47) IPv6]
2022-04-17 12:49:03 [scrapy.core.scraper] DEBUG: Scraped from <200 https://www.appeloffres.com/>
None
2022-04-17 12:49:03 [kafka.producer.kafka] DEBUG: Sending (key=None value={'link': 'https://www.appeloffres.com/recherche-avancee', 'meta': {'source': 'https://www.appeloffres.com/', 'depth': 0}, 'spider': 'url-extractor'} headers=[]) to TopicPartition(topic='numtest', partition=0)
2022-04-17 12:49:03 [scrapy.core.scraper] DEBUG: Scraped from <200 https://www.appeloffres.com/>
None
2022-04-17 12:49:03 [kafka.conn] DEBUG: <BrokerConnection node_id=0 host=DESKTOP-RTIL2HE:9092 <connecting> [IPv6 ('fe80::1116:61b1:3d63:1dce', 9092, 0, 47)]>: established TCP connection
2022-04-17 12:49:03 [kafka.producer.kafka] DEBUG: Sending (key=None value={'link': 'https://www.appeloffres.com/appels-offres/cuir-chaussure-et-textile', 'meta': {'source': 'https://www.appeloffres.com/', 'depth': 0}, 'spider': 'url-extractor'} headers=[]) to TopicPartition(topic='numtest', partition=0)
2022-04-17 12:49:03 [kafka.conn] INFO: <BrokerConnection node_id=0 host=DESKTOP-RTIL2HE:9092 <connecting> [IPv6 ('fe80::1116:61b1:3d63:1dce', 9092, 0, 47)]>: Connection complete.
2022-04-17 12:49:03 [scrapy.core.scraper] DEBUG: Scraped from <200 https://www.appeloffres.com/>
None
2022-04-17 12:49:03 [kafka.client] DEBUG: Node 0 connected
2022-04-17 12:49:03 [kafka.producer.kafka] DEBUG: Sending (key=None value={'link': 'https://www.appeloffres.com/appels-offres/telecom', 'meta': {'source': 'https://www.appeloffres.com/', 'depth': 0}, 'spider': 'url-extractor'} headers=[]) to TopicPartition(topic='numtest', partition=0)
2022-04-17 12:49:03 [kafka.conn] INFO: <BrokerConnection node_id=bootstrap-0 host=localhost:9092 <connected> [IPv6 ('::1', 9092, 0, 0)]>: Closing connection. 
2022-04-17 12:49:03 [scrapy.core.scraper] DEBUG: Scraped from <200 https://www.appeloffres.com/>
None
2022-04-17 12:49:03 [kafka.producer.sender] DEBUG: Node 0 not ready; delaying produce of accumulated batch
2022-04-17 12:49:03 [kafka.producer.kafka] DEBUG: Sending (key=None value={'link': 'https://www.appeloffres.com/appels-offres/informatique-materiels-et-logiciels', 'meta': {'source': 'https://www.appeloffres.com/', 'depth': 0}, 'spider': 'url-extractor'} headers=[]) to TopicPartition(topic='numtest', partition=0)
2022-04-17 12:49:03 [kafka.client] DEBUG: Sending metadata request MetadataRequest_v1(topics=['numtest']) to node 0
2022-04-17 12:49:03 [scrapy.core.scraper] DEBUG: Scraped from <200 https://www.appeloffres.com/>
None
2022-04-17 12:49:03 [kafka.protocol.parser] DEBUG: Sending request MetadataRequest_v1(topics=['numtest'])
2022-04-17 12:49:03 [kafka.producer.kafka] DEBUG: Sending (key=None value={'link': 'https://www.appeloffres.com/appels-offres/btp-batiment', 'meta': {'source': 'https://www.appeloffres.com/', 'depth': 0}, 'spider': 'url-extractor'} headers=[]) to TopicPartition(topic='numtest', partition=0)
2022-04-17 12:49:03 [kafka.conn] DEBUG: <BrokerConnection node_id=0 host=DESKTOP-RTIL2HE:9092 <connected> [IPv6 ('fe80::1116:61b1:3d63:1dce', 9092, 0, 47)]> Request 1: MetadataRequest_v1(topics=['numtest'])
2022-04-17 12:49:03 [scrapy.core.scraper] DEBUG: Scraped from <200 https://www.appeloffres.com/>
None
2022-04-17 12:49:03 [kafka.producer.kafka] DEBUG: Sending (key=None value={'link': 'https://www.appeloffres.com/appels-offres/immobilier', 'meta': {'source': 'https://www.appeloffres.com/', 'depth': 0}, 'spider': 'url-extractor'} headers=[]) to TopicPartition(topic='numtest', partition=0)
2022-04-17 12:49:03 [kafka.producer.sender] DEBUG: Node 0 not ready; delaying produce of accumulated batch
2022-04-17 12:49:03 [scrapy.core.scraper] DEBUG: Scraped from <200 https://www.appeloffres.com/>
None
2022-04-17 12:49:03 [kafka.producer.kafka] DEBUG: Sending (key=None value={'link': 'https://www.appeloffres.com/appels-offres/textile', 'meta': {'source': 'https://www.appeloffres.com/', 'depth': 0}, 'spider': 'url-extractor'} headers=[]) to TopicPartition(topic='numtest', partition=0)
2022-04-17 12:49:03 [scrapy.core.scraper] DEBUG: Scraped from <200 https://www.appeloffres.com/>
None
2022-04-17 12:49:03 [kafka.protocol.parser] DEBUG: Received correlation id: 1
2022-04-17 12:49:03 [kafka.producer.kafka] DEBUG: Sending (key=None value={'link': 'https://www.appeloffres.com/appels-offres/fournitures-industrielles', 'meta': {'source': 'https://www.appeloffres.com/', 'depth': 0}, 'spider': 'url-extractor'} headers=[]) to TopicPartition(topic='numtest', partition=0)
2022-04-17 12:49:03 [kafka.protocol.parser] DEBUG: Processing response MetadataResponse_v1
2022-04-17 12:49:03 [scrapy.core.scraper] DEBUG: Scraped from <200 https://www.appeloffres.com/>
None
2022-04-17 12:49:03 [kafka.conn] DEBUG: <BrokerConnection node_id=0 host=DESKTOP-RTIL2HE:9092 <connected> [IPv6 ('fe80::1116:61b1:3d63:1dce', 9092, 0, 47)]> Response 1 (5.011558532714844 ms): MetadataResponse_v1(brokers=[(node_id=0, host='DESKTOP-RTIL2HE', port=9092, rack=None)], controller_id=0, topics=[(error_code=0, topic='numtest', is_internal=False, partitions=[(error_code=0, partition=0, leader=0, replicas=[0], isr=[0])])])
2022-04-17 12:49:03 [kafka.producer.kafka] DEBUG: Sending (key=None value={'link': 'https://www.appeloffres.com/appels-offres/fournitures-de-bureaux-et-mobilier', 'meta': {'source': 'https://www.appeloffres.com/', 'depth': 0}, 'spider': 'url-extractor'} headers=[]) to TopicPartition(topic='numtest', partition=0)
2022-04-17 12:49:03 [kafka.cluster] DEBUG: Updated cluster metadata to ClusterMetadata(brokers: 1, topics: 1, groups: 0)
2022-04-17 12:49:03 [scrapy.core.scraper] DEBUG: Scraped from <200 https://www.appeloffres.com/>
None
2022-04-17 12:49:03 [kafka.metrics.metrics] DEBUG: Added sensor with name topic.numtest.records-per-batch
2022-04-17 12:49:03 [kafka.producer.kafka] DEBUG: Sending (key=None value={'link': 'https://www.appeloffres.com/appels-offres/services', 'meta': {'source': 'https://www.appeloffres.com/', 'depth': 0}, 'spider': 'url-extractor'} headers=[]) to TopicPartition(topic='numtest', partition=0)
2022-04-17 12:49:03 [kafka.metrics.metrics] DEBUG: Added sensor with name topic.numtest.bytes
2022-04-17 12:49:03 [kafka.producer.record_accumulator] DEBUG: Allocating a new 16384 byte message buffer for TopicPartition(topic='numtest', partition=0)
2022-04-17 12:49:03 [kafka.metrics.metrics] DEBUG: Added sensor with name topic.numtest.compression-rate
2022-04-17 12:49:03 [kafka.producer.kafka] DEBUG: Waking up the sender since TopicPartition(topic='numtest', partition=0) is either full or getting a new batch
2022-04-17 12:49:03 [kafka.metrics.metrics] DEBUG: Added sensor with name topic.numtest.record-retries
2022-04-17 12:49:03 [kafka.metrics.metrics] DEBUG: Added sensor with name topic.numtest.record-errors
2022-04-17 12:49:03 [kafka.producer.sender] DEBUG: Nodes with data ready to send: {0}
2022-04-17 12:49:03 [kafka.producer.sender] DEBUG: Created 1 produce requests: {0: ProduceRequest_v7(transactional_id=None, required_acks=1, timeout=30000, topics=[(topic='numtest', partitions=[(partition=0, messages=b'\x00\x00\x00\x00\x00\x00\x00\x00\x00\x00\nb\x00\x00\x00\x00\x02B[\x8c\x88\x00\x00\x00\x00\x00\x0f\x00\x00\x01\x807Z\xddH\x00\x00\x01\x807Z\xdd^\xff\xff\xff\xff\xff\xff\xff\xff\xff\xff\xff\xff\xff\xff\x00\x00\x00\x10\x9e\x02\x00\x00\x00\x01\x90\x02{"link": "https://www.appeloffr...')])])}
2022-04-17 12:49:03 [kafka.producer.sender] DEBUG: Sending Produce Request: ProduceRequest_v7(transactional_id=None, required_acks=1, timeout=30000, topics=[(topic='numtest', partitions=[(partition=0, messages=b'\x00\x00\x00\x00\x00\x00\x00\x00\x00\x00\nb\x00\x00\x00\x00\x02B[\x8c\x88\x00\x00\x00\x00\x00\x0f\x00\x00\x01\x807Z\xddH\x00\x00\x01\x807Z\xdd^\xff\xff\xff\xff\xff\xff\xff\xff\xff\xff\xff\xff\xff\xff\x00\x00\x00\x10\x9e\x02\x00\x00\x00\x01\x90\x02{"link": "https://www.appeloffr...')])])
2022-04-17 12:49:03 [kafka.protocol.parser] DEBUG: Sending request ProduceRequest_v7(transactional_id=None, required_acks=1, timeout=30000, topics=[(topic='numtest', partitions=[(partition=0, messages=b'\x00\x00\x00\x00\x00\x00\x00\x00\x00\x00\nb\x00\x00\x00\x00\x02B[\x8c\x88\x00\x00\x00\x00\x00\x0f\x00\x00\x01\x807Z\xddH\x00\x00\x01\x807Z\xdd^\xff\xff\xff\xff\xff\xff\xff\xff\xff\xff\xff\xff\xff\xff\x00\x00\x00\x10\x9e\x02\x00\x00\x00\x01\x90\x02{"link": "https://www.appeloffr...')])])
2022-04-17 12:49:03 [kafka.conn] DEBUG: <BrokerConnection node_id=0 host=DESKTOP-RTIL2HE:9092 <connected> [IPv6 ('fe80::1116:61b1:3d63:1dce', 9092, 0, 47)]> Request 2: ProduceRequest_v7(transactional_id=None, required_acks=1, timeout=30000, topics=[(topic='numtest', partitions=[(partition=0, messages=b'\x00\x00\x00\x00\x00\x00\x00\x00\x00\x00\nb\x00\x00\x00\x00\x02B[\x8c\x88\x00\x00\x00\x00\x00\x0f\x00\x00\x01\x807Z\xddH\x00\x00\x01\x807Z\xdd^\xff\xff\xff\xff\xff\xff\xff\xff\xff\xff\xff\xff\xff\xff\x00\x00\x00\x10\x9e\x02\x00\x00\x00\x01\x90\x02{"link": "https://www.appeloffr...')])])
2022-04-17 12:49:03 [scrapy.core.scraper] DEBUG: Scraped from <200 https://www.appeloffres.com/>
None
2022-04-17 12:49:03 [kafka.producer.kafka] DEBUG: Sending (key=None value={'link': 'https://www.appeloffres.com/appels-offres/voitures-camions-et-engins', 'meta': {'source': 'https://www.appeloffres.com/', 'depth': 0}, 'spider': 'url-extractor'} headers=[]) to TopicPartition(topic='numtest', partition=0)
2022-04-17 12:49:03 [kafka.producer.sender] DEBUG: Nodes with data ready to send: {0}
2022-04-17 12:49:03 [kafka.producer.record_accumulator] DEBUG: Allocating a new 16384 byte message buffer for TopicPartition(topic='numtest', partition=0)
2022-04-17 12:49:03 [kafka.producer.sender] DEBUG: Created 1 produce requests: {0: ProduceRequest_v7(transactional_id=None, required_acks=1, timeout=30000, topics=[(topic='numtest', partitions=[(partition=0, messages=b'\x00\x00\x00\x00\x00\x00\x00\x00\x00\x00\x00\xd3\x00\x00\x00\x00\x02F\x91\xaf\xd1\x00\x00\x00\x00\x00\x00\x00\x00\x01\x807Z\xddb\x00\x00\x01\x807Z\xddb\xff\xff\xff\xff\xff\xff\xff\xff\xff\xff\xff\xff\xff\xff\x00\x00\x00\x01\xc0\x02\x00\x00\x00\x01\xb2\x02{"link": "https://www.appeloffr...')])])}
2022-04-17 12:49:03 [kafka.producer.kafka] DEBUG: Waking up the sender since TopicPartition(topic='numtest', partition=0) is either full or getting a new batch
2022-04-17 12:49:03 [kafka.producer.sender] DEBUG: Sending Produce Request: ProduceRequest_v7(transactional_id=None, required_acks=1, timeout=30000, topics=[(topic='numtest', partitions=[(partition=0, messages=b'\x00\x00\x00\x00\x00\x00\x00\x00\x00\x00\x00\xd3\x00\x00\x00\x00\x02F\x91\xaf\xd1\x00\x00\x00\x00\x00\x00\x00\x00\x01\x807Z\xddb\x00\x00\x01\x807Z\xddb\xff\xff\xff\xff\xff\xff\xff\xff\xff\xff\xff\xff\xff\xff\x00\x00\x00\x01\xc0\x02\x00\x00\x00\x01\xb2\x02{"link": "https://www.appeloffr...')])])
2022-04-17 12:49:03 [kafka.protocol.parser] DEBUG: Sending request ProduceRequest_v7(transactional_id=None, required_acks=1, timeout=30000, topics=[(topic='numtest', partitions=[(partition=0, messages=b'\x00\x00\x00\x00\x00\x00\x00\x00\x00\x00\x00\xd3\x00\x00\x00\x00\x02F\x91\xaf\xd1\x00\x00\x00\x00\x00\x00\x00\x00\x01\x807Z\xddb\x00\x00\x01\x807Z\xddb\xff\xff\xff\xff\xff\xff\xff\xff\xff\xff\xff\xff\xff\xff\x00\x00\x00\x01\xc0\x02\x00\x00\x00\x01\xb2\x02{"link": "https://www.appeloffr...')])])
2022-04-17 12:49:03 [kafka.conn] DEBUG: <BrokerConnection node_id=0 host=DESKTOP-RTIL2HE:9092 <connected> [IPv6 ('fe80::1116:61b1:3d63:1dce', 9092, 0, 47)]> Request 3: ProduceRequest_v7(transactional_id=None, required_acks=1, timeout=30000, topics=[(topic='numtest', partitions=[(partition=0, messages=b'\x00\x00\x00\x00\x00\x00\x00\x00\x00\x00\x00\xd3\x00\x00\x00\x00\x02F\x91\xaf\xd1\x00\x00\x00\x00\x00\x00\x00\x00\x01\x807Z\xddb\x00\x00\x01\x807Z\xddb\xff\xff\xff\xff\xff\xff\xff\xff\xff\xff\xff\xff\xff\xff\x00\x00\x00\x01\xc0\x02\x00\x00\x00\x01\xb2\x02{"link": "https://www.appeloffr...')])])
2022-04-17 12:49:03 [scrapy.core.scraper] DEBUG: Scraped from <200 https://www.appeloffres.com/>
None
2022-04-17 12:49:03 [kafka.producer.kafka] DEBUG: Sending (key=None value={'link': 'https://www.appeloffres.com/appels-offres/etudes-et-consulting', 'meta': {'source': 'https://www.appeloffres.com/', 'depth': 0}, 'spider': 'url-extractor'} headers=[]) to TopicPartition(topic='numtest', partition=0)
2022-04-17 12:49:03 [kafka.protocol.parser] DEBUG: Received correlation id: 2
2022-04-17 12:49:03 [scrapy.core.scraper] DEBUG: Scraped from <200 https://www.appeloffres.com/>
None
2022-04-17 12:49:03 [kafka.protocol.parser] DEBUG: Processing response ProduceResponse_v7
2022-04-17 12:49:03 [kafka.producer.kafka] DEBUG: Sending (key=None value={'link': 'https://www.appeloffres.com/appels-offres/agriculture-et-agroalimentaire', 'meta': {'source': 'https://www.appeloffres.com/', 'depth': 0}, 'spider': 'url-extractor'} headers=[]) to TopicPartition(topic='numtest', partition=0)
2022-04-17 12:49:03 [kafka.conn] DEBUG: <BrokerConnection node_id=0 host=DESKTOP-RTIL2HE:9092 <connected> [IPv6 ('fe80::1116:61b1:3d63:1dce', 9092, 0, 47)]> Response 2 (7.979869842529297 ms): ProduceResponse_v7(topics=[(topic='numtest', partitions=[(partition=0, error_code=0, offset=2640, timestamp=-1, log_start_offset=0)])], throttle_time_ms=0)
2022-04-17 12:49:03 [scrapy.core.scraper] DEBUG: Scraped from <200 https://www.appeloffres.com/>
None
2022-04-17 12:49:03 [kafka.producer.sender] DEBUG: Parsing produce response: ProduceResponse_v7(topics=[(topic='numtest', partitions=[(partition=0, error_code=0, offset=2640, timestamp=-1, log_start_offset=0)])], throttle_time_ms=0)
2022-04-17 12:49:03 [kafka.producer.record_accumulator] DEBUG: Produced messages to topic-partition TopicPartition(topic='numtest', partition=0) with base offset 2640 log start offset 0 and error None.
2022-04-17 12:49:03 [kafka.producer.sender] DEBUG: Nodes with data ready to send: {0}
2022-04-17 12:49:03 [kafka.producer.sender] DEBUG: Created 1 produce requests: {0: ProduceRequest_v7(transactional_id=None, required_acks=1, timeout=30000, topics=[(topic='numtest', partitions=[(partition=0, messages=b'\x00\x00\x00\x00\x00\x00\x00\x00\x00\x00\x02K\x00\x00\x00\x00\x02\xd6C\xa6\x85\x00\x00\x00\x00\x00\x02\x00\x00\x01\x807Z\xddf\x00\x00\x01\x807Z\xddk\xff\xff\xff\xff\xff\xff\xff\xff\xff\xff\xff\xff\xff\xff\x00\x00\x00\x03\xe4\x02\x00\x00\x00\x01\xd6\x02{"link": "https://www.appeloffr...')])])}
2022-04-17 12:49:03 [kafka.producer.sender] DEBUG: Sending Produce Request: ProduceRequest_v7(transactional_id=None, required_acks=1, timeout=30000, topics=[(topic='numtest', partitions=[(partition=0, messages=b'\x00\x00\x00\x00\x00\x00\x00\x00\x00\x00\x02K\x00\x00\x00\x00\x02\xd6C\xa6\x85\x00\x00\x00\x00\x00\x02\x00\x00\x01\x807Z\xddf\x00\x00\x01\x807Z\xddk\xff\xff\xff\xff\xff\xff\xff\xff\xff\xff\xff\xff\xff\xff\x00\x00\x00\x03\xe4\x02\x00\x00\x00\x01\xd6\x02{"link": "https://www.appeloffr...')])])
2022-04-17 12:49:03 [kafka.protocol.parser] DEBUG: Sending request ProduceRequest_v7(transactional_id=None, required_acks=1, timeout=30000, topics=[(topic='numtest', partitions=[(partition=0, messages=b'\x00\x00\x00\x00\x00\x00\x00\x00\x00\x00\x02K\x00\x00\x00\x00\x02\xd6C\xa6\x85\x00\x00\x00\x00\x00\x02\x00\x00\x01\x807Z\xddf\x00\x00\x01\x807Z\xddk\xff\xff\xff\xff\xff\xff\xff\xff\xff\xff\xff\xff\xff\xff\x00\x00\x00\x03\xe4\x02\x00\x00\x00\x01\xd6\x02{"link": "https://www.appeloffr...')])])
2022-04-17 12:49:03 [kafka.conn] DEBUG: <BrokerConnection node_id=0 host=DESKTOP-RTIL2HE:9092 <connected> [IPv6 ('fe80::1116:61b1:3d63:1dce', 9092, 0, 47)]> Request 4: ProduceRequest_v7(transactional_id=None, required_acks=1, timeout=30000, topics=[(topic='numtest', partitions=[(partition=0, messages=b'\x00\x00\x00\x00\x00\x00\x00\x00\x00\x00\x02K\x00\x00\x00\x00\x02\xd6C\xa6\x85\x00\x00\x00\x00\x00\x02\x00\x00\x01\x807Z\xddf\x00\x00\x01\x807Z\xddk\xff\xff\xff\xff\xff\xff\xff\xff\xff\xff\xff\xff\xff\xff\x00\x00\x00\x03\xe4\x02\x00\x00\x00\x01\xd6\x02{"link": "https://www.appeloffr...')])])
2022-04-17 12:49:03 [kafka.protocol.parser] DEBUG: Received correlation id: 3
2022-04-17 12:49:03 [kafka.protocol.parser] DEBUG: Processing response ProduceResponse_v7
2022-04-17 12:49:03 [kafka.conn] DEBUG: <BrokerConnection node_id=0 host=DESKTOP-RTIL2HE:9092 <connected> [IPv6 ('fe80::1116:61b1:3d63:1dce', 9092, 0, 47)]> Response 3 (11.083841323852539 ms): ProduceResponse_v7(topics=[(topic='numtest', partitions=[(partition=0, error_code=0, offset=2656, timestamp=-1, log_start_offset=0)])], throttle_time_ms=0)
2022-04-17 12:49:03 [kafka.producer.sender] DEBUG: Parsing produce response: ProduceResponse_v7(topics=[(topic='numtest', partitions=[(partition=0, error_code=0, offset=2656, timestamp=-1, log_start_offset=0)])], throttle_time_ms=0)
2022-04-17 12:49:03 [kafka.producer.record_accumulator] DEBUG: Produced messages to topic-partition TopicPartition(topic='numtest', partition=0) with base offset 2656 log start offset 0 and error None.
2022-04-17 12:49:03 [kafka.producer.kafka] DEBUG: Sending (key=None value={'link': 'https://www.appeloffres.com/appels-offres/electricite', 'meta': {'source': 'https://www.appeloffres.com/', 'depth': 0}, 'spider': 'url-extractor'} headers=[]) to TopicPartition(topic='numtest', partition=0)
2022-04-17 12:49:03 [kafka.producer.record_accumulator] DEBUG: Allocating a new 16384 byte message buffer for TopicPartition(topic='numtest', partition=0)
2022-04-17 12:49:03 [kafka.producer.kafka] DEBUG: Waking up the sender since TopicPartition(topic='numtest', partition=0) is either full or getting a new batch
2022-04-17 12:49:03 [kafka.protocol.parser] DEBUG: Received correlation id: 4
2022-04-17 12:49:03 [kafka.protocol.parser] DEBUG: Processing response ProduceResponse_v7
2022-04-17 12:49:03 [kafka.conn] DEBUG: <BrokerConnection node_id=0 host=DESKTOP-RTIL2HE:9092 <connected> [IPv6 ('fe80::1116:61b1:3d63:1dce', 9092, 0, 47)]> Response 4 (5.004167556762695 ms): ProduceResponse_v7(topics=[(topic='numtest', partitions=[(partition=0, error_code=0, offset=2657, timestamp=-1, log_start_offset=0)])], throttle_time_ms=0)
2022-04-17 12:49:03 [scrapy.core.scraper] DEBUG: Scraped from <200 https://www.appeloffres.com/>
None
2022-04-17 12:49:03 [kafka.producer.sender] DEBUG: Parsing produce response: ProduceResponse_v7(topics=[(topic='numtest', partitions=[(partition=0, error_code=0, offset=2657, timestamp=-1, log_start_offset=0)])], throttle_time_ms=0)
2022-04-17 12:49:03 [kafka.producer.kafka] DEBUG: Sending (key=None value={'link': 'https://www.appeloffres.com/appels-offres/produits-chimiques', 'meta': {'source': 'https://www.appeloffres.com/', 'depth': 0}, 'spider': 'url-extractor'} headers=[]) to TopicPartition(topic='numtest', partition=0)
2022-04-17 12:49:03 [kafka.producer.record_accumulator] DEBUG: Produced messages to topic-partition TopicPartition(topic='numtest', partition=0) with base offset 2657 log start offset 0 and error None.
2022-04-17 12:49:03 [scrapy.core.scraper] DEBUG: Scraped from <200 https://www.appeloffres.com/>
None
2022-04-17 12:49:03 [kafka.producer.sender] DEBUG: Nodes with data ready to send: {0}
2022-04-17 12:49:03 [kafka.producer.kafka] DEBUG: Sending (key=None value={'link': 'https://www.appeloffres.com/appels-offres/sante', 'meta': {'source': 'https://www.appeloffres.com/', 'depth': 0}, 'spider': 'url-extractor'} headers=[]) to TopicPartition(topic='numtest', partition=0)
2022-04-17 12:49:03 [kafka.producer.sender] DEBUG: Created 1 produce requests: {0: ProduceRequest_v7(transactional_id=None, required_acks=1, timeout=30000, topics=[(topic='numtest', partitions=[(partition=0, messages=b'\x00\x00\x00\x00\x00\x00\x00\x00\x00\x00\x01\x82\x00\x00\x00\x00\x02\xbbz\xff\x83\x00\x00\x00\x00\x00\x01\x00\x00\x01\x807Z\xddu\x00\x00\x01\x807Z\xddx\xff\xff\xff\xff\xff\xff\xff\xff\xff\xff\xff\xff\xff\xff\x00\x00\x00\x02\xc6\x02\x00\x00\x00\x01\xb8\x02{"link": "https://www.appeloffr...')])])}
2022-04-17 12:49:03 [kafka.producer.record_accumulator] DEBUG: Allocating a new 16384 byte message buffer for TopicPartition(topic='numtest', partition=0)
2022-04-17 12:49:03 [kafka.producer.sender] DEBUG: Sending Produce Request: ProduceRequest_v7(transactional_id=None, required_acks=1, timeout=30000, topics=[(topic='numtest', partitions=[(partition=0, messages=b'\x00\x00\x00\x00\x00\x00\x00\x00\x00\x00\x01\x82\x00\x00\x00\x00\x02\xbbz\xff\x83\x00\x00\x00\x00\x00\x01\x00\x00\x01\x807Z\xddu\x00\x00\x01\x807Z\xddx\xff\xff\xff\xff\xff\xff\xff\xff\xff\xff\xff\xff\xff\xff\x00\x00\x00\x02\xc6\x02\x00\x00\x00\x01\xb8\x02{"link": "https://www.appeloffr...')])])
2022-04-17 12:49:03 [kafka.producer.kafka] DEBUG: Waking up the sender since TopicPartition(topic='numtest', partition=0) is either full or getting a new batch
2022-04-17 12:49:03 [kafka.protocol.parser] DEBUG: Sending request ProduceRequest_v7(transactional_id=None, required_acks=1, timeout=30000, topics=[(topic='numtest', partitions=[(partition=0, messages=b'\x00\x00\x00\x00\x00\x00\x00\x00\x00\x00\x01\x82\x00\x00\x00\x00\x02\xbbz\xff\x83\x00\x00\x00\x00\x00\x01\x00\x00\x01\x807Z\xddu\x00\x00\x01\x807Z\xddx\xff\xff\xff\xff\xff\xff\xff\xff\xff\xff\xff\xff\xff\xff\x00\x00\x00\x02\xc6\x02\x00\x00\x00\x01\xb8\x02{"link": "https://www.appeloffr...')])])
2022-04-17 12:49:03 [kafka.conn] DEBUG: <BrokerConnection node_id=0 host=DESKTOP-RTIL2HE:9092 <connected> [IPv6 ('fe80::1116:61b1:3d63:1dce', 9092, 0, 47)]> Request 5: ProduceRequest_v7(transactional_id=None, required_acks=1, timeout=30000, topics=[(topic='numtest', partitions=[(partition=0, messages=b'\x00\x00\x00\x00\x00\x00\x00\x00\x00\x00\x01\x82\x00\x00\x00\x00\x02\xbbz\xff\x83\x00\x00\x00\x00\x00\x01\x00\x00\x01\x807Z\xddu\x00\x00\x01\x807Z\xddx\xff\xff\xff\xff\xff\xff\xff\xff\xff\xff\xff\xff\xff\xff\x00\x00\x00\x02\xc6\x02\x00\x00\x00\x01\xb8\x02{"link": "https://www.appeloffr...')])])
2022-04-17 12:49:03 [kafka.producer.sender] DEBUG: Nodes with data ready to send: {0}
2022-04-17 12:49:03 [kafka.producer.sender] DEBUG: Created 1 produce requests: {0: ProduceRequest_v7(transactional_id=None, required_acks=1, timeout=30000, topics=[(topic='numtest', partitions=[(partition=0, messages=b'\x00\x00\x00\x00\x00\x00\x00\x00\x00\x00\x00\xd0\x00\x00\x00\x00\x02G\x9b\xe8M\x00\x00\x00\x00\x00\x00\x00\x00\x01\x807Z\xdd{\x00\x00\x01\x807Z\xdd{\xff\xff\xff\xff\xff\xff\xff\xff\xff\xff\xff\xff\xff\xff\x00\x00\x00\x01\xba\x02\x00\x00\x00\x01\xac\x02{"link": "https://www.appeloffr...')])])}
2022-04-17 12:49:03 [kafka.producer.sender] DEBUG: Sending Produce Request: ProduceRequest_v7(transactional_id=None, required_acks=1, timeout=30000, topics=[(topic='numtest', partitions=[(partition=0, messages=b'\x00\x00\x00\x00\x00\x00\x00\x00\x00\x00\x00\xd0\x00\x00\x00\x00\x02G\x9b\xe8M\x00\x00\x00\x00\x00\x00\x00\x00\x01\x807Z\xdd{\x00\x00\x01\x807Z\xdd{\xff\xff\xff\xff\xff\xff\xff\xff\xff\xff\xff\xff\xff\xff\x00\x00\x00\x01\xba\x02\x00\x00\x00\x01\xac\x02{"link": "https://www.appeloffr...')])])
2022-04-17 12:49:03 [kafka.protocol.parser] DEBUG: Sending request ProduceRequest_v7(transactional_id=None, required_acks=1, timeout=30000, topics=[(topic='numtest', partitions=[(partition=0, messages=b'\x00\x00\x00\x00\x00\x00\x00\x00\x00\x00\x00\xd0\x00\x00\x00\x00\x02G\x9b\xe8M\x00\x00\x00\x00\x00\x00\x00\x00\x01\x807Z\xdd{\x00\x00\x01\x807Z\xdd{\xff\xff\xff\xff\xff\xff\xff\xff\xff\xff\xff\xff\xff\xff\x00\x00\x00\x01\xba\x02\x00\x00\x00\x01\xac\x02{"link": "https://www.appeloffr...')])])
2022-04-17 12:49:03 [kafka.conn] DEBUG: <BrokerConnection node_id=0 host=DESKTOP-RTIL2HE:9092 <connected> [IPv6 ('fe80::1116:61b1:3d63:1dce', 9092, 0, 47)]> Request 6: ProduceRequest_v7(transactional_id=None, required_acks=1, timeout=30000, topics=[(topic='numtest', partitions=[(partition=0, messages=b'\x00\x00\x00\x00\x00\x00\x00\x00\x00\x00\x00\xd0\x00\x00\x00\x00\x02G\x9b\xe8M\x00\x00\x00\x00\x00\x00\x00\x00\x01\x807Z\xdd{\x00\x00\x01\x807Z\xdd{\xff\xff\xff\xff\xff\xff\xff\xff\xff\xff\xff\xff\xff\xff\x00\x00\x00\x01\xba\x02\x00\x00\x00\x01\xac\x02{"link": "https://www.appeloffr...')])])
2022-04-17 12:49:03 [scrapy.core.scraper] DEBUG: Scraped from <200 https://www.appeloffres.com/>
None
2022-04-17 12:49:03 [kafka.protocol.parser] DEBUG: Received correlation id: 5
2022-04-17 12:49:03 [kafka.protocol.parser] DEBUG: Processing response ProduceResponse_v7
2022-04-17 12:49:03 [kafka.conn] DEBUG: <BrokerConnection node_id=0 host=DESKTOP-RTIL2HE:9092 <connected> [IPv6 ('fe80::1116:61b1:3d63:1dce', 9092, 0, 47)]> Response 5 (15.008211135864258 ms): ProduceResponse_v7(topics=[(topic='numtest', partitions=[(partition=0, error_code=0, offset=2660, timestamp=-1, log_start_offset=0)])], throttle_time_ms=0)
2022-04-17 12:49:03 [kafka.producer.sender] DEBUG: Parsing produce response: ProduceResponse_v7(topics=[(topic='numtest', partitions=[(partition=0, error_code=0, offset=2660, timestamp=-1, log_start_offset=0)])], throttle_time_ms=0)
2022-04-17 12:49:03 [kafka.producer.record_accumulator] DEBUG: Produced messages to topic-partition TopicPartition(topic='numtest', partition=0) with base offset 2660 log start offset 0 and error None.
2022-04-17 12:49:03 [kafka.producer.kafka] DEBUG: Sending (key=None value={'link': 'https://www.appeloffres.com/appels-offres/btp-tp', 'meta': {'source': 'https://www.appeloffres.com/', 'depth': 0}, 'spider': 'url-extractor'} headers=[]) to TopicPartition(topic='numtest', partition=0)
2022-04-17 12:49:03 [kafka.producer.record_accumulator] DEBUG: Allocating a new 16384 byte message buffer for TopicPartition(topic='numtest', partition=0)
2022-04-17 12:49:03 [kafka.producer.kafka] DEBUG: Waking up the sender since TopicPartition(topic='numtest', partition=0) is either full or getting a new batch
2022-04-17 12:49:03 [kafka.producer.sender] DEBUG: Nodes with data ready to send: {0}
2022-04-17 12:49:03 [kafka.producer.sender] DEBUG: Created 1 produce requests: {0: ProduceRequest_v7(transactional_id=None, required_acks=1, timeout=30000, topics=[(topic='numtest', partitions=[(partition=0, messages=b'\x00\x00\x00\x00\x00\x00\x00\x00\x00\x00\x00\xd1\x00\x00\x00\x00\x02#joI\x00\x00\x00\x00\x00\x00\x00\x00\x01\x807Z\xdd\x90\x00\x00\x01\x807Z\xdd\x90\xff\xff\xff\xff\xff\xff\xff\xff\xff\xff\xff\xff\xff\xff\x00\x00\x00\x01\xbc\x02\x00\x00\x00\x01\xae\x02{"link": "https://www.appeloffr...')])])}
2022-04-17 12:49:03 [kafka.producer.sender] DEBUG: Sending Produce Request: ProduceRequest_v7(transactional_id=None, required_acks=1, timeout=30000, topics=[(topic='numtest', partitions=[(partition=0, messages=b'\x00\x00\x00\x00\x00\x00\x00\x00\x00\x00\x00\xd1\x00\x00\x00\x00\x02#joI\x00\x00\x00\x00\x00\x00\x00\x00\x01\x807Z\xdd\x90\x00\x00\x01\x807Z\xdd\x90\xff\xff\xff\xff\xff\xff\xff\xff\xff\xff\xff\xff\xff\xff\x00\x00\x00\x01\xbc\x02\x00\x00\x00\x01\xae\x02{"link": "https://www.appeloffr...')])])
2022-04-17 12:49:03 [kafka.protocol.parser] DEBUG: Sending request ProduceRequest_v7(transactional_id=None, required_acks=1, timeout=30000, topics=[(topic='numtest', partitions=[(partition=0, messages=b'\x00\x00\x00\x00\x00\x00\x00\x00\x00\x00\x00\xd1\x00\x00\x00\x00\x02#joI\x00\x00\x00\x00\x00\x00\x00\x00\x01\x807Z\xdd\x90\x00\x00\x01\x807Z\xdd\x90\xff\xff\xff\xff\xff\xff\xff\xff\xff\xff\xff\xff\xff\xff\x00\x00\x00\x01\xbc\x02\x00\x00\x00\x01\xae\x02{"link": "https://www.appeloffr...')])])
2022-04-17 12:49:03 [kafka.conn] DEBUG: <BrokerConnection node_id=0 host=DESKTOP-RTIL2HE:9092 <connected> [IPv6 ('fe80::1116:61b1:3d63:1dce', 9092, 0, 47)]> Request 7: ProduceRequest_v7(transactional_id=None, required_acks=1, timeout=30000, topics=[(topic='numtest', partitions=[(partition=0, messages=b'\x00\x00\x00\x00\x00\x00\x00\x00\x00\x00\x00\xd1\x00\x00\x00\x00\x02#joI\x00\x00\x00\x00\x00\x00\x00\x00\x01\x807Z\xdd\x90\x00\x00\x01\x807Z\xdd\x90\xff\xff\xff\xff\xff\xff\xff\xff\xff\xff\xff\xff\xff\xff\x00\x00\x00\x01\xbc\x02\x00\x00\x00\x01\xae\x02{"link": "https://www.appeloffr...')])])
2022-04-17 12:49:03 [kafka.protocol.parser] DEBUG: Received correlation id: 6
2022-04-17 12:49:03 [kafka.protocol.parser] DEBUG: Processing response ProduceResponse_v7
2022-04-17 12:49:03 [kafka.conn] DEBUG: <BrokerConnection node_id=0 host=DESKTOP-RTIL2HE:9092 <connected> [IPv6 ('fe80::1116:61b1:3d63:1dce', 9092, 0, 47)]> Response 6 (16.002893447875977 ms): ProduceResponse_v7(topics=[(topic='numtest', partitions=[(partition=0, error_code=0, offset=2662, timestamp=-1, log_start_offset=0)])], throttle_time_ms=0)
2022-04-17 12:49:03 [kafka.producer.sender] DEBUG: Parsing produce response: ProduceResponse_v7(topics=[(topic='numtest', partitions=[(partition=0, error_code=0, offset=2662, timestamp=-1, log_start_offset=0)])], throttle_time_ms=0)
2022-04-17 12:49:03 [kafka.producer.record_accumulator] DEBUG: Produced messages to topic-partition TopicPartition(topic='numtest', partition=0) with base offset 2662 log start offset 0 and error None.
2022-04-17 12:49:03 [kafka.protocol.parser] DEBUG: Received correlation id: 7
2022-04-17 12:49:03 [kafka.protocol.parser] DEBUG: Processing response ProduceResponse_v7
2022-04-17 12:49:03 [kafka.conn] DEBUG: <BrokerConnection node_id=0 host=DESKTOP-RTIL2HE:9092 <connected> [IPv6 ('fe80::1116:61b1:3d63:1dce', 9092, 0, 47)]> Response 7 (8.003711700439453 ms): ProduceResponse_v7(topics=[(topic='numtest', partitions=[(partition=0, error_code=0, offset=2663, timestamp=-1, log_start_offset=0)])], throttle_time_ms=0)
2022-04-17 12:49:03 [kafka.producer.sender] DEBUG: Parsing produce response: ProduceResponse_v7(topics=[(topic='numtest', partitions=[(partition=0, error_code=0, offset=2663, timestamp=-1, log_start_offset=0)])], throttle_time_ms=0)
2022-04-17 12:49:03 [kafka.producer.record_accumulator] DEBUG: Produced messages to topic-partition TopicPartition(topic='numtest', partition=0) with base offset 2663 log start offset 0 and error None.
2022-04-17 12:49:03 [scrapy.core.scraper] DEBUG: Scraped from <200 https://www.appeloffres.com/>
None
2022-04-17 12:49:03 [kafka.producer.kafka] DEBUG: Sending (key=None value={'link': 'https://www.appeloffres.com/appels-offres/entretien-et-peinture', 'meta': {'source': 'https://www.appeloffres.com/', 'depth': 0}, 'spider': 'url-extractor'} headers=[]) to TopicPartition(topic='numtest', partition=0)
2022-04-17 12:49:03 [kafka.producer.record_accumulator] DEBUG: Allocating a new 16384 byte message buffer for TopicPartition(topic='numtest', partition=0)
2022-04-17 12:49:03 [kafka.producer.kafka] DEBUG: Waking up the sender since TopicPartition(topic='numtest', partition=0) is either full or getting a new batch
2022-04-17 12:49:03 [kafka.producer.sender] DEBUG: Nodes with data ready to send: {0}
2022-04-17 12:49:03 [kafka.producer.sender] DEBUG: Created 1 produce requests: {0: ProduceRequest_v7(transactional_id=None, required_acks=1, timeout=30000, topics=[(topic='numtest', partitions=[(partition=0, messages=b'\x00\x00\x00\x00\x00\x00\x00\x00\x00\x00\x00\xe0\x00\x00\x00\x00\x02\xf1\xe5$=\x00\x00\x00\x00\x00\x00\x00\x00\x01\x807Z\xdd\xa0\x00\x00\x01\x807Z\xdd\xa0\xff\xff\xff\xff\xff\xff\xff\xff\xff\xff\xff\xff\xff\xff\x00\x00\x00\x01\xda\x02\x00\x00\x00\x01\xcc\x02{"link": "https://www.appeloffr...')])])}
2022-04-17 12:49:03 [kafka.producer.sender] DEBUG: Sending Produce Request: ProduceRequest_v7(transactional_id=None, required_acks=1, timeout=30000, topics=[(topic='numtest', partitions=[(partition=0, messages=b'\x00\x00\x00\x00\x00\x00\x00\x00\x00\x00\x00\xe0\x00\x00\x00\x00\x02\xf1\xe5$=\x00\x00\x00\x00\x00\x00\x00\x00\x01\x807Z\xdd\xa0\x00\x00\x01\x807Z\xdd\xa0\xff\xff\xff\xff\xff\xff\xff\xff\xff\xff\xff\xff\xff\xff\x00\x00\x00\x01\xda\x02\x00\x00\x00\x01\xcc\x02{"link": "https://www.appeloffr...')])])
2022-04-17 12:49:03 [kafka.protocol.parser] DEBUG: Sending request ProduceRequest_v7(transactional_id=None, required_acks=1, timeout=30000, topics=[(topic='numtest', partitions=[(partition=0, messages=b'\x00\x00\x00\x00\x00\x00\x00\x00\x00\x00\x00\xe0\x00\x00\x00\x00\x02\xf1\xe5$=\x00\x00\x00\x00\x00\x00\x00\x00\x01\x807Z\xdd\xa0\x00\x00\x01\x807Z\xdd\xa0\xff\xff\xff\xff\xff\xff\xff\xff\xff\xff\xff\xff\xff\xff\x00\x00\x00\x01\xda\x02\x00\x00\x00\x01\xcc\x02{"link": "https://www.appeloffr...')])])
2022-04-17 12:49:03 [kafka.conn] DEBUG: <BrokerConnection node_id=0 host=DESKTOP-RTIL2HE:9092 <connected> [IPv6 ('fe80::1116:61b1:3d63:1dce', 9092, 0, 47)]> Request 8: ProduceRequest_v7(transactional_id=None, required_acks=1, timeout=30000, topics=[(topic='numtest', partitions=[(partition=0, messages=b'\x00\x00\x00\x00\x00\x00\x00\x00\x00\x00\x00\xe0\x00\x00\x00\x00\x02\xf1\xe5$=\x00\x00\x00\x00\x00\x00\x00\x00\x01\x807Z\xdd\xa0\x00\x00\x01\x807Z\xdd\xa0\xff\xff\xff\xff\xff\xff\xff\xff\xff\xff\xff\xff\xff\xff\x00\x00\x00\x01\xda\x02\x00\x00\x00\x01\xcc\x02{"link": "https://www.appeloffr...')])])
2022-04-17 12:49:03 [scrapy.core.scraper] DEBUG: Scraped from <200 https://www.appeloffres.com/>
None
2022-04-17 12:49:03 [kafka.producer.kafka] DEBUG: Sending (key=None value={'link': 'https://www.appeloffres.com/newsletter', 'meta': {'source': 'https://www.appeloffres.com/', 'depth': 0}, 'spider': 'url-extractor'} headers=[]) to TopicPartition(topic='numtest', partition=0)
2022-04-17 12:49:03 [kafka.producer.record_accumulator] DEBUG: Allocating a new 16384 byte message buffer for TopicPartition(topic='numtest', partition=0)
2022-04-17 12:49:03 [kafka.protocol.parser] DEBUG: Received correlation id: 8
2022-04-17 12:49:03 [kafka.protocol.parser] DEBUG: Processing response ProduceResponse_v7
2022-04-17 12:49:03 [kafka.conn] DEBUG: <BrokerConnection node_id=0 host=DESKTOP-RTIL2HE:9092 <connected> [IPv6 ('fe80::1116:61b1:3d63:1dce', 9092, 0, 47)]> Response 8 (6.99615478515625 ms): ProduceResponse_v7(topics=[(topic='numtest', partitions=[(partition=0, error_code=0, offset=2664, timestamp=-1, log_start_offset=0)])], throttle_time_ms=0)
2022-04-17 12:49:03 [kafka.producer.sender] DEBUG: Parsing produce response: ProduceResponse_v7(topics=[(topic='numtest', partitions=[(partition=0, error_code=0, offset=2664, timestamp=-1, log_start_offset=0)])], throttle_time_ms=0)
2022-04-17 12:49:03 [kafka.producer.record_accumulator] DEBUG: Produced messages to topic-partition TopicPartition(topic='numtest', partition=0) with base offset 2664 log start offset 0 and error None.
2022-04-17 12:49:03 [kafka.producer.sender] DEBUG: Nodes with data ready to send: {0}
2022-04-17 12:49:03 [kafka.producer.sender] DEBUG: Created 1 produce requests: {0: ProduceRequest_v7(transactional_id=None, required_acks=1, timeout=30000, topics=[(topic='numtest', partitions=[(partition=0, messages=b'\x00\x00\x00\x00\x00\x00\x00\x00\x00\x00\x00\xc7\x00\x00\x00\x00\x02\x0eC\x83s\x00\x00\x00\x00\x00\x00\x00\x00\x01\x807Z\xdd\xa9\x00\x00\x01\x807Z\xdd\xa9\xff\xff\xff\xff\xff\xff\xff\xff\xff\xff\xff\xff\xff\xff\x00\x00\x00\x01\xa8\x02\x00\x00\x00\x01\x9a\x02{"link": "https://www.appeloffr...')])])}
2022-04-17 12:49:03 [kafka.producer.sender] DEBUG: Sending Produce Request: ProduceRequest_v7(transactional_id=None, required_acks=1, timeout=30000, topics=[(topic='numtest', partitions=[(partition=0, messages=b'\x00\x00\x00\x00\x00\x00\x00\x00\x00\x00\x00\xc7\x00\x00\x00\x00\x02\x0eC\x83s\x00\x00\x00\x00\x00\x00\x00\x00\x01\x807Z\xdd\xa9\x00\x00\x01\x807Z\xdd\xa9\xff\xff\xff\xff\xff\xff\xff\xff\xff\xff\xff\xff\xff\xff\x00\x00\x00\x01\xa8\x02\x00\x00\x00\x01\x9a\x02{"link": "https://www.appeloffr...')])])
2022-04-17 12:49:03 [kafka.protocol.parser] DEBUG: Sending request ProduceRequest_v7(transactional_id=None, required_acks=1, timeout=30000, topics=[(topic='numtest', partitions=[(partition=0, messages=b'\x00\x00\x00\x00\x00\x00\x00\x00\x00\x00\x00\xc7\x00\x00\x00\x00\x02\x0eC\x83s\x00\x00\x00\x00\x00\x00\x00\x00\x01\x807Z\xdd\xa9\x00\x00\x01\x807Z\xdd\xa9\xff\xff\xff\xff\xff\xff\xff\xff\xff\xff\xff\xff\xff\xff\x00\x00\x00\x01\xa8\x02\x00\x00\x00\x01\x9a\x02{"link": "https://www.appeloffr...')])])
2022-04-17 12:49:03 [kafka.conn] DEBUG: <BrokerConnection node_id=0 host=DESKTOP-RTIL2HE:9092 <connected> [IPv6 ('fe80::1116:61b1:3d63:1dce', 9092, 0, 47)]> Request 9: ProduceRequest_v7(transactional_id=None, required_acks=1, timeout=30000, topics=[(topic='numtest', partitions=[(partition=0, messages=b'\x00\x00\x00\x00\x00\x00\x00\x00\x00\x00\x00\xc7\x00\x00\x00\x00\x02\x0eC\x83s\x00\x00\x00\x00\x00\x00\x00\x00\x01\x807Z\xdd\xa9\x00\x00\x01\x807Z\xdd\xa9\xff\xff\xff\xff\xff\xff\xff\xff\xff\xff\xff\xff\xff\xff\x00\x00\x00\x01\xa8\x02\x00\x00\x00\x01\x9a\x02{"link": "https://www.appeloffr...')])])
2022-04-17 12:49:03 [kafka.producer.kafka] DEBUG: Waking up the sender since TopicPartition(topic='numtest', partition=0) is either full or getting a new batch
2022-04-17 12:49:03 [scrapy.core.scraper] DEBUG: Scraped from <200 https://www.appeloffres.com/>
None
2022-04-17 12:49:03 [kafka.producer.kafka] DEBUG: Sending (key=None value={'link': 'https://www.appeloffres.com/clients/profil', 'meta': {'source': 'https://www.appeloffres.com/', 'depth': 0}, 'spider': 'url-extractor'} headers=[]) to TopicPartition(topic='numtest', partition=0)
2022-04-17 12:49:03 [kafka.producer.record_accumulator] DEBUG: Allocating a new 16384 byte message buffer for TopicPartition(topic='numtest', partition=0)
2022-04-17 12:49:03 [kafka.producer.kafka] DEBUG: Waking up the sender since TopicPartition(topic='numtest', partition=0) is either full or getting a new batch
2022-04-17 12:49:03 [kafka.producer.sender] DEBUG: Nodes with data ready to send: {0}
2022-04-17 12:49:03 [kafka.producer.sender] DEBUG: Created 1 produce requests: {0: ProduceRequest_v7(transactional_id=None, required_acks=1, timeout=30000, topics=[(topic='numtest', partitions=[(partition=0, messages=b'\x00\x00\x00\x00\x00\x00\x00\x00\x00\x00\x00\xcb\x00\x00\x00\x00\x02O%\x11\xc2\x00\x00\x00\x00\x00\x00\x00\x00\x01\x807Z\xdd\xb0\x00\x00\x01\x807Z\xdd\xb0\xff\xff\xff\xff\xff\xff\xff\xff\xff\xff\xff\xff\xff\xff\x00\x00\x00\x01\xb0\x02\x00\x00\x00\x01\xa2\x02{"link": "https://www.appeloffr...')])])}
2022-04-17 12:49:03 [kafka.producer.sender] DEBUG: Sending Produce Request: ProduceRequest_v7(transactional_id=None, required_acks=1, timeout=30000, topics=[(topic='numtest', partitions=[(partition=0, messages=b'\x00\x00\x00\x00\x00\x00\x00\x00\x00\x00\x00\xcb\x00\x00\x00\x00\x02O%\x11\xc2\x00\x00\x00\x00\x00\x00\x00\x00\x01\x807Z\xdd\xb0\x00\x00\x01\x807Z\xdd\xb0\xff\xff\xff\xff\xff\xff\xff\xff\xff\xff\xff\xff\xff\xff\x00\x00\x00\x01\xb0\x02\x00\x00\x00\x01\xa2\x02{"link": "https://www.appeloffr...')])])
2022-04-17 12:49:03 [kafka.protocol.parser] DEBUG: Sending request ProduceRequest_v7(transactional_id=None, required_acks=1, timeout=30000, topics=[(topic='numtest', partitions=[(partition=0, messages=b'\x00\x00\x00\x00\x00\x00\x00\x00\x00\x00\x00\xcb\x00\x00\x00\x00\x02O%\x11\xc2\x00\x00\x00\x00\x00\x00\x00\x00\x01\x807Z\xdd\xb0\x00\x00\x01\x807Z\xdd\xb0\xff\xff\xff\xff\xff\xff\xff\xff\xff\xff\xff\xff\xff\xff\x00\x00\x00\x01\xb0\x02\x00\x00\x00\x01\xa2\x02{"link": "https://www.appeloffr...')])])
2022-04-17 12:49:03 [kafka.conn] DEBUG: <BrokerConnection node_id=0 host=DESKTOP-RTIL2HE:9092 <connected> [IPv6 ('fe80::1116:61b1:3d63:1dce', 9092, 0, 47)]> Request 10: ProduceRequest_v7(transactional_id=None, required_acks=1, timeout=30000, topics=[(topic='numtest', partitions=[(partition=0, messages=b'\x00\x00\x00\x00\x00\x00\x00\x00\x00\x00\x00\xcb\x00\x00\x00\x00\x02O%\x11\xc2\x00\x00\x00\x00\x00\x00\x00\x00\x01\x807Z\xdd\xb0\x00\x00\x01\x807Z\xdd\xb0\xff\xff\xff\xff\xff\xff\xff\xff\xff\xff\xff\xff\xff\xff\x00\x00\x00\x01\xb0\x02\x00\x00\x00\x01\xa2\x02{"link": "https://www.appeloffr...')])])
2022-04-17 12:49:03 [scrapy.core.scraper] DEBUG: Scraped from <200 https://www.appeloffres.com/>
None
2022-04-17 12:49:03 [kafka.protocol.parser] DEBUG: Received correlation id: 9
2022-04-17 12:49:03 [kafka.producer.kafka] DEBUG: Sending (key=None value={'link': 'https://www.appeloffres.com/devis', 'meta': {'source': 'https://www.appeloffres.com/', 'depth': 0}, 'spider': 'url-extractor'} headers=[]) to TopicPartition(topic='numtest', partition=0)
2022-04-17 12:49:03 [kafka.protocol.parser] DEBUG: Processing response ProduceResponse_v7
2022-04-17 12:49:03 [kafka.producer.record_accumulator] DEBUG: Allocating a new 16384 byte message buffer for TopicPartition(topic='numtest', partition=0)
2022-04-17 12:49:03 [kafka.conn] DEBUG: <BrokerConnection node_id=0 host=DESKTOP-RTIL2HE:9092 <connected> [IPv6 ('fe80::1116:61b1:3d63:1dce', 9092, 0, 47)]> Response 9 (10.004520416259766 ms): ProduceResponse_v7(topics=[(topic='numtest', partitions=[(partition=0, error_code=0, offset=2665, timestamp=-1, log_start_offset=0)])], throttle_time_ms=0)
2022-04-17 12:49:03 [kafka.producer.kafka] DEBUG: Waking up the sender since TopicPartition(topic='numtest', partition=0) is either full or getting a new batch
2022-04-17 12:49:03 [kafka.producer.sender] DEBUG: Parsing produce response: ProduceResponse_v7(topics=[(topic='numtest', partitions=[(partition=0, error_code=0, offset=2665, timestamp=-1, log_start_offset=0)])], throttle_time_ms=0)
2022-04-17 12:49:03 [kafka.producer.record_accumulator] DEBUG: Produced messages to topic-partition TopicPartition(topic='numtest', partition=0) with base offset 2665 log start offset 0 and error None.
2022-04-17 12:49:03 [scrapy.core.scraper] DEBUG: Scraped from <200 https://www.appeloffres.com/>
None
2022-04-17 12:49:03 [kafka.producer.sender] DEBUG: Nodes with data ready to send: {0}
2022-04-17 12:49:03 [kafka.producer.kafka] DEBUG: Sending (key=None value={'link': 'https://www.appeloffres.com/conditions', 'meta': {'source': 'https://www.appeloffres.com/', 'depth': 0}, 'spider': 'url-extractor'} headers=[]) to TopicPartition(topic='numtest', partition=0)
2022-04-17 12:49:03 [kafka.producer.sender] DEBUG: Created 1 produce requests: {0: ProduceRequest_v7(transactional_id=None, required_acks=1, timeout=30000, topics=[(topic='numtest', partitions=[(partition=0, messages=b'\x00\x00\x00\x00\x00\x00\x00\x00\x00\x00\x00\xc2\x00\x00\x00\x00\x02\x07\x87&\xc4\x00\x00\x00\x00\x00\x00\x00\x00\x01\x807Z\xdd\xb7\x00\x00\x01\x807Z\xdd\xb7\xff\xff\xff\xff\xff\xff\xff\xff\xff\xff\xff\xff\xff\xff\x00\x00\x00\x01\x9e\x02\x00\x00\x00\x01\x90\x02{"link": "https://www.appeloffr...')])])}
2022-04-17 12:49:03 [kafka.producer.record_accumulator] DEBUG: Allocating a new 16384 byte message buffer for TopicPartition(topic='numtest', partition=0)
2022-04-17 12:49:03 [kafka.producer.sender] DEBUG: Sending Produce Request: ProduceRequest_v7(transactional_id=None, required_acks=1, timeout=30000, topics=[(topic='numtest', partitions=[(partition=0, messages=b'\x00\x00\x00\x00\x00\x00\x00\x00\x00\x00\x00\xc2\x00\x00\x00\x00\x02\x07\x87&\xc4\x00\x00\x00\x00\x00\x00\x00\x00\x01\x807Z\xdd\xb7\x00\x00\x01\x807Z\xdd\xb7\xff\xff\xff\xff\xff\xff\xff\xff\xff\xff\xff\xff\xff\xff\x00\x00\x00\x01\x9e\x02\x00\x00\x00\x01\x90\x02{"link": "https://www.appeloffr...')])])
2022-04-17 12:49:03 [kafka.producer.kafka] DEBUG: Waking up the sender since TopicPartition(topic='numtest', partition=0) is either full or getting a new batch
2022-04-17 12:49:03 [kafka.protocol.parser] DEBUG: Sending request ProduceRequest_v7(transactional_id=None, required_acks=1, timeout=30000, topics=[(topic='numtest', partitions=[(partition=0, messages=b'\x00\x00\x00\x00\x00\x00\x00\x00\x00\x00\x00\xc2\x00\x00\x00\x00\x02\x07\x87&\xc4\x00\x00\x00\x00\x00\x00\x00\x00\x01\x807Z\xdd\xb7\x00\x00\x01\x807Z\xdd\xb7\xff\xff\xff\xff\xff\xff\xff\xff\xff\xff\xff\xff\xff\xff\x00\x00\x00\x01\x9e\x02\x00\x00\x00\x01\x90\x02{"link": "https://www.appeloffr...')])])
2022-04-17 12:49:03 [kafka.conn] DEBUG: <BrokerConnection node_id=0 host=DESKTOP-RTIL2HE:9092 <connected> [IPv6 ('fe80::1116:61b1:3d63:1dce', 9092, 0, 47)]> Request 11: ProduceRequest_v7(transactional_id=None, required_acks=1, timeout=30000, topics=[(topic='numtest', partitions=[(partition=0, messages=b'\x00\x00\x00\x00\x00\x00\x00\x00\x00\x00\x00\xc2\x00\x00\x00\x00\x02\x07\x87&\xc4\x00\x00\x00\x00\x00\x00\x00\x00\x01\x807Z\xdd\xb7\x00\x00\x01\x807Z\xdd\xb7\xff\xff\xff\xff\xff\xff\xff\xff\xff\xff\xff\xff\xff\xff\x00\x00\x00\x01\x9e\x02\x00\x00\x00\x01\x90\x02{"link": "https://www.appeloffr...')])])
2022-04-17 12:49:03 [scrapy.core.scraper] DEBUG: Scraped from <200 https://www.appeloffres.com/>
None
2022-04-17 12:49:03 [kafka.producer.kafka] DEBUG: Sending (key=None value={'link': 'https://www.appeloffres.com/contact', 'meta': {'source': 'https://www.appeloffres.com/', 'depth': 0}, 'spider': 'url-extractor'} headers=[]) to TopicPartition(topic='numtest', partition=0)
2022-04-17 12:49:03 [scrapy.core.scraper] DEBUG: Scraped from <200 https://www.appeloffres.com/>
None
2022-04-17 12:49:03 [kafka.protocol.parser] DEBUG: Received correlation id: 10
2022-04-17 12:49:03 [kafka.producer.kafka] DEBUG: Sending (key=None value={'link': 'https://www.appeloffres.com/services', 'meta': {'source': 'https://www.appeloffres.com/', 'depth': 0}, 'spider': 'url-extractor'} headers=[]) to TopicPartition(topic='numtest', partition=0)
2022-04-17 12:49:03 [kafka.protocol.parser] DEBUG: Processing response ProduceResponse_v7
2022-04-17 12:49:03 [scrapy.core.scraper] DEBUG: Scraped from <200 https://www.appeloffres.com/>
None
2022-04-17 12:49:03 [kafka.conn] DEBUG: <BrokerConnection node_id=0 host=DESKTOP-RTIL2HE:9092 <connected> [IPv6 ('fe80::1116:61b1:3d63:1dce', 9092, 0, 47)]> Response 10 (12.00246810913086 ms): ProduceResponse_v7(topics=[(topic='numtest', partitions=[(partition=0, error_code=0, offset=2666, timestamp=-1, log_start_offset=0)])], throttle_time_ms=0)
2022-04-17 12:49:03 [kafka.producer.kafka] DEBUG: Sending (key=None value={'link': 'http://www.appeloffres.com/resultat', 'meta': {'source': 'https://www.appeloffres.com/', 'depth': 0}, 'spider': 'url-extractor'} headers=[]) to TopicPartition(topic='numtest', partition=0)
2022-04-17 12:49:03 [kafka.producer.sender] DEBUG: Parsing produce response: ProduceResponse_v7(topics=[(topic='numtest', partitions=[(partition=0, error_code=0, offset=2666, timestamp=-1, log_start_offset=0)])], throttle_time_ms=0)
2022-04-17 12:49:03 [scrapy.core.scraper] DEBUG: Scraped from <200 https://www.appeloffres.com/>
None
2022-04-17 12:49:03 [kafka.producer.record_accumulator] DEBUG: Produced messages to topic-partition TopicPartition(topic='numtest', partition=0) with base offset 2666 log start offset 0 and error None.
2022-04-17 12:49:03 [kafka.producer.kafka] DEBUG: Sending (key=None value={'link': 'http://www.appeloffres.com/abonnement', 'meta': {'source': 'https://www.appeloffres.com/', 'depth': 0}, 'spider': 'url-extractor'} headers=[]) to TopicPartition(topic='numtest', partition=0)
2022-04-17 12:49:03 [kafka.producer.sender] DEBUG: Nodes with data ready to send: {0}
2022-04-17 12:49:03 [kafka.producer.record_accumulator] DEBUG: Allocating a new 16384 byte message buffer for TopicPartition(topic='numtest', partition=0)
2022-04-17 12:49:03 [kafka.producer.sender] DEBUG: Created 1 produce requests: {0: ProduceRequest_v7(transactional_id=None, required_acks=1, timeout=30000, topics=[(topic='numtest', partitions=[(partition=0, messages=b'\x00\x00\x00\x00\x00\x00\x00\x00\x00\x00\x02\x81\x00\x00\x00\x00\x02\xc6\xa6\xa2\xaa\x00\x00\x00\x00\x00\x03\x00\x00\x01\x807Z\xdd\xba\x00\x00\x01\x807Z\xdd\xc1\xff\xff\xff\xff\xff\xff\xff\xff\xff\xff\xff\xff\xff\xff\x00\x00\x00\x04\xa8\x02\x00\x00\x00\x01\x9a\x02{"link": "https://www.appeloffr...')])])}
2022-04-17 12:49:03 [kafka.producer.kafka] DEBUG: Waking up the sender since TopicPartition(topic='numtest', partition=0) is either full or getting a new batch
2022-04-17 12:49:03 [kafka.producer.sender] DEBUG: Sending Produce Request: ProduceRequest_v7(transactional_id=None, required_acks=1, timeout=30000, topics=[(topic='numtest', partitions=[(partition=0, messages=b'\x00\x00\x00\x00\x00\x00\x00\x00\x00\x00\x02\x81\x00\x00\x00\x00\x02\xc6\xa6\xa2\xaa\x00\x00\x00\x00\x00\x03\x00\x00\x01\x807Z\xdd\xba\x00\x00\x01\x807Z\xdd\xc1\xff\xff\xff\xff\xff\xff\xff\xff\xff\xff\xff\xff\xff\xff\x00\x00\x00\x04\xa8\x02\x00\x00\x00\x01\x9a\x02{"link": "https://www.appeloffr...')])])
2022-04-17 12:49:03 [kafka.protocol.parser] DEBUG: Sending request ProduceRequest_v7(transactional_id=None, required_acks=1, timeout=30000, topics=[(topic='numtest', partitions=[(partition=0, messages=b'\x00\x00\x00\x00\x00\x00\x00\x00\x00\x00\x02\x81\x00\x00\x00\x00\x02\xc6\xa6\xa2\xaa\x00\x00\x00\x00\x00\x03\x00\x00\x01\x807Z\xdd\xba\x00\x00\x01\x807Z\xdd\xc1\xff\xff\xff\xff\xff\xff\xff\xff\xff\xff\xff\xff\xff\xff\x00\x00\x00\x04\xa8\x02\x00\x00\x00\x01\x9a\x02{"link": "https://www.appeloffr...')])])
2022-04-17 12:49:03 [scrapy.core.scraper] DEBUG: Scraped from <200 https://www.appeloffres.com/>
None
2022-04-17 12:49:03 [kafka.conn] DEBUG: <BrokerConnection node_id=0 host=DESKTOP-RTIL2HE:9092 <connected> [IPv6 ('fe80::1116:61b1:3d63:1dce', 9092, 0, 47)]> Request 12: ProduceRequest_v7(transactional_id=None, required_acks=1, timeout=30000, topics=[(topic='numtest', partitions=[(partition=0, messages=b'\x00\x00\x00\x00\x00\x00\x00\x00\x00\x00\x02\x81\x00\x00\x00\x00\x02\xc6\xa6\xa2\xaa\x00\x00\x00\x00\x00\x03\x00\x00\x01\x807Z\xdd\xba\x00\x00\x01\x807Z\xdd\xc1\xff\xff\xff\xff\xff\xff\xff\xff\xff\xff\xff\xff\xff\xff\x00\x00\x00\x04\xa8\x02\x00\x00\x00\x01\x9a\x02{"link": "https://www.appeloffr...')])])
2022-04-17 12:49:03 [kafka.producer.kafka] DEBUG: Sending (key=None value={'link': 'http://www.appeloffres.com/newsletter', 'meta': {'source': 'https://www.appeloffres.com/', 'depth': 0}, 'spider': 'url-extractor'} headers=[]) to TopicPartition(topic='numtest', partition=0)
2022-04-17 12:49:03 [scrapy.core.scraper] DEBUG: Scraped from <200 https://www.appeloffres.com/>
None
2022-04-17 12:49:03 [kafka.producer.kafka] DEBUG: Sending (key=None value={'link': 'http://www.appeloffres.com/contact', 'meta': {'source': 'https://www.appeloffres.com/', 'depth': 0}, 'spider': 'url-extractor'} headers=[]) to TopicPartition(topic='numtest', partition=0)
2022-04-17 12:49:03 [kafka.protocol.parser] DEBUG: Received correlation id: 11
2022-04-17 12:49:03 [scrapy.core.scraper] DEBUG: Scraped from <200 https://www.appeloffres.com/>
None
2022-04-17 12:49:03 [kafka.protocol.parser] DEBUG: Processing response ProduceResponse_v7
2022-04-17 12:49:03 [kafka.producer.kafka] DEBUG: Sending (key=None value={'link': 'http://www.tunisiebateaux.com', 'meta': {'source': 'https://www.appeloffres.com/', 'depth': 0}, 'spider': 'url-extractor'} headers=[]) to TopicPartition(topic='numtest', partition=0)
2022-04-17 12:49:03 [kafka.conn] DEBUG: <BrokerConnection node_id=0 host=DESKTOP-RTIL2HE:9092 <connected> [IPv6 ('fe80::1116:61b1:3d63:1dce', 9092, 0, 47)]> Response 11 (14.002084732055664 ms): ProduceResponse_v7(topics=[(topic='numtest', partitions=[(partition=0, error_code=0, offset=2667, timestamp=-1, log_start_offset=0)])], throttle_time_ms=0)
2022-04-17 12:49:03 [scrapy.core.scraper] DEBUG: Scraped from <200 https://www.appeloffres.com/>
None
2022-04-17 12:49:03 [kafka.producer.sender] DEBUG: Parsing produce response: ProduceResponse_v7(topics=[(topic='numtest', partitions=[(partition=0, error_code=0, offset=2667, timestamp=-1, log_start_offset=0)])], throttle_time_ms=0)
2022-04-17 12:49:03 [kafka.producer.kafka] DEBUG: Sending (key=None value={'link': 'http://www.africa-company.net', 'meta': {'source': 'https://www.appeloffres.com/', 'depth': 0}, 'spider': 'url-extractor'} headers=[]) to TopicPartition(topic='numtest', partition=0)
2022-04-17 12:49:03 [kafka.producer.record_accumulator] DEBUG: Produced messages to topic-partition TopicPartition(topic='numtest', partition=0) with base offset 2667 log start offset 0 and error None.
2022-04-17 12:49:03 [scrapy.core.scraper] DEBUG: Scraped from <200 https://www.appeloffres.com/>
None
2022-04-17 12:49:03 [kafka.producer.sender] DEBUG: Nodes with data ready to send: {0}
2022-04-17 12:49:03 [kafka.producer.kafka] DEBUG: Sending (key=None value={'link': 'http://www.apavetunisie.com/', 'meta': {'source': 'https://www.appeloffres.com/', 'depth': 0}, 'spider': 'url-extractor'} headers=[]) to TopicPartition(topic='numtest', partition=0)
2022-04-17 12:49:03 [kafka.producer.sender] DEBUG: Created 1 produce requests: {0: ProduceRequest_v7(transactional_id=None, required_acks=1, timeout=30000, topics=[(topic='numtest', partitions=[(partition=0, messages=b'\x00\x00\x00\x00\x00\x00\x00\x00\x00\x00\x03\x07\x00\x00\x00\x00\x02\x9dM\x18\xa8\x00\x00\x00\x00\x00\x04\x00\x00\x01\x807Z\xdd\xc5\x00\x00\x01\x807Z\xdd\xcb\xff\xff\xff\xff\xff\xff\xff\xff\xff\xff\xff\xff\xff\xff\x00\x00\x00\x05\xa6\x02\x00\x00\x00\x01\x98\x02{"link": "http://www.appeloffre...')])])}
2022-04-17 12:49:03 [kafka.producer.record_accumulator] DEBUG: Allocating a new 16384 byte message buffer for TopicPartition(topic='numtest', partition=0)
2022-04-17 12:49:03 [kafka.producer.sender] DEBUG: Sending Produce Request: ProduceRequest_v7(transactional_id=None, required_acks=1, timeout=30000, topics=[(topic='numtest', partitions=[(partition=0, messages=b'\x00\x00\x00\x00\x00\x00\x00\x00\x00\x00\x03\x07\x00\x00\x00\x00\x02\x9dM\x18\xa8\x00\x00\x00\x00\x00\x04\x00\x00\x01\x807Z\xdd\xc5\x00\x00\x01\x807Z\xdd\xcb\xff\xff\xff\xff\xff\xff\xff\xff\xff\xff\xff\xff\xff\xff\x00\x00\x00\x05\xa6\x02\x00\x00\x00\x01\x98\x02{"link": "http://www.appeloffre...')])])
2022-04-17 12:49:03 [kafka.producer.kafka] DEBUG: Waking up the sender since TopicPartition(topic='numtest', partition=0) is either full or getting a new batch
2022-04-17 12:49:03 [kafka.protocol.parser] DEBUG: Sending request ProduceRequest_v7(transactional_id=None, required_acks=1, timeout=30000, topics=[(topic='numtest', partitions=[(partition=0, messages=b'\x00\x00\x00\x00\x00\x00\x00\x00\x00\x00\x03\x07\x00\x00\x00\x00\x02\x9dM\x18\xa8\x00\x00\x00\x00\x00\x04\x00\x00\x01\x807Z\xdd\xc5\x00\x00\x01\x807Z\xdd\xcb\xff\xff\xff\xff\xff\xff\xff\xff\xff\xff\xff\xff\xff\xff\x00\x00\x00\x05\xa6\x02\x00\x00\x00\x01\x98\x02{"link": "http://www.appeloffre...')])])
2022-04-17 12:49:03 [kafka.conn] DEBUG: <BrokerConnection node_id=0 host=DESKTOP-RTIL2HE:9092 <connected> [IPv6 ('fe80::1116:61b1:3d63:1dce', 9092, 0, 47)]> Request 13: ProduceRequest_v7(transactional_id=None, required_acks=1, timeout=30000, topics=[(topic='numtest', partitions=[(partition=0, messages=b'\x00\x00\x00\x00\x00\x00\x00\x00\x00\x00\x03\x07\x00\x00\x00\x00\x02\x9dM\x18\xa8\x00\x00\x00\x00\x00\x04\x00\x00\x01\x807Z\xdd\xc5\x00\x00\x01\x807Z\xdd\xcb\xff\xff\xff\xff\xff\xff\xff\xff\xff\xff\xff\xff\xff\xff\x00\x00\x00\x05\xa6\x02\x00\x00\x00\x01\x98\x02{"link": "http://www.appeloffre...')])])
2022-04-17 12:49:03 [scrapy.core.scraper] DEBUG: Scraped from <200 https://www.appeloffres.com/>
None
2022-04-17 12:49:03 [kafka.protocol.parser] DEBUG: Received correlation id: 12
2022-04-17 12:49:03 [kafka.producer.kafka] DEBUG: Sending (key=None value={'link': 'http://www.revolon.com', 'meta': {'source': 'https://www.appeloffres.com/', 'depth': 0}, 'spider': 'url-extractor'} headers=[]) to TopicPartition(topic='numtest', partition=0)
2022-04-17 12:49:03 [kafka.protocol.parser] DEBUG: Processing response ProduceResponse_v7
2022-04-17 12:49:03 [scrapy.core.scraper] DEBUG: Scraped from <200 https://www.appeloffres.com/>
None
2022-04-17 12:49:03 [kafka.conn] DEBUG: <BrokerConnection node_id=0 host=DESKTOP-RTIL2HE:9092 <connected> [IPv6 ('fe80::1116:61b1:3d63:1dce', 9092, 0, 47)]> Response 12 (10.004520416259766 ms): ProduceResponse_v7(topics=[(topic='numtest', partitions=[(partition=0, error_code=0, offset=2668, timestamp=-1, log_start_offset=0)])], throttle_time_ms=0)
2022-04-17 12:49:03 [kafka.producer.kafka] DEBUG: Sending (key=None value={'link': 'http://www.cnctunisie.com', 'meta': {'source': 'https://www.appeloffres.com/', 'depth': 0}, 'spider': 'url-extractor'} headers=[]) to TopicPartition(topic='numtest', partition=0)
2022-04-17 12:49:03 [kafka.producer.sender] DEBUG: Parsing produce response: ProduceResponse_v7(topics=[(topic='numtest', partitions=[(partition=0, error_code=0, offset=2668, timestamp=-1, log_start_offset=0)])], throttle_time_ms=0)
2022-04-17 12:49:03 [scrapy.core.scraper] DEBUG: Scraped from <200 https://www.appeloffres.com/>
None
2022-04-17 12:49:03 [kafka.producer.record_accumulator] DEBUG: Produced messages to topic-partition TopicPartition(topic='numtest', partition=0) with base offset 2668 log start offset 0 and error None.
2022-04-17 12:49:03 [kafka.producer.kafka] DEBUG: Sending (key=None value={'link': 'https://www.appeloffres.com/clients/alerte', 'meta': {'source': 'https://www.appeloffres.com/', 'depth': 0}, 'spider': 'url-extractor'} headers=[]) to TopicPartition(topic='numtest', partition=0)
2022-04-17 12:49:03 [kafka.producer.sender] DEBUG: Nodes with data ready to send: {0}
2022-04-17 12:49:03 [kafka.producer.record_accumulator] DEBUG: Allocating a new 16384 byte message buffer for TopicPartition(topic='numtest', partition=0)
2022-04-17 12:49:03 [kafka.producer.sender] DEBUG: Created 1 produce requests: {0: ProduceRequest_v7(transactional_id=None, required_acks=1, timeout=30000, topics=[(topic='numtest', partitions=[(partition=0, messages=b'\x00\x00\x00\x00\x00\x00\x00\x00\x00\x00\x01\xcc\x00\x00\x00\x00\x02\xc9L\xe5\x12\x00\x00\x00\x00\x00\x02\x00\x00\x01\x807Z\xdd\xcd\x00\x00\x01\x807Z\xdd\xd2\xff\xff\xff\xff\xff\xff\xff\xff\xff\xff\xff\xff\xff\xff\x00\x00\x00\x03\x94\x02\x00\x00\x00\x01\x86\x02{"link": "http://www.apavetunis...')])])}
2022-04-17 12:49:03 [kafka.producer.kafka] DEBUG: Waking up the sender since TopicPartition(topic='numtest', partition=0) is either full or getting a new batch
2022-04-17 12:49:03 [kafka.producer.sender] DEBUG: Sending Produce Request: ProduceRequest_v7(transactional_id=None, required_acks=1, timeout=30000, topics=[(topic='numtest', partitions=[(partition=0, messages=b'\x00\x00\x00\x00\x00\x00\x00\x00\x00\x00\x01\xcc\x00\x00\x00\x00\x02\xc9L\xe5\x12\x00\x00\x00\x00\x00\x02\x00\x00\x01\x807Z\xdd\xcd\x00\x00\x01\x807Z\xdd\xd2\xff\xff\xff\xff\xff\xff\xff\xff\xff\xff\xff\xff\xff\xff\x00\x00\x00\x03\x94\x02\x00\x00\x00\x01\x86\x02{"link": "http://www.apavetunis...')])])
2022-04-17 12:49:03 [kafka.protocol.parser] DEBUG: Sending request ProduceRequest_v7(transactional_id=None, required_acks=1, timeout=30000, topics=[(topic='numtest', partitions=[(partition=0, messages=b'\x00\x00\x00\x00\x00\x00\x00\x00\x00\x00\x01\xcc\x00\x00\x00\x00\x02\xc9L\xe5\x12\x00\x00\x00\x00\x00\x02\x00\x00\x01\x807Z\xdd\xcd\x00\x00\x01\x807Z\xdd\xd2\xff\xff\xff\xff\xff\xff\xff\xff\xff\xff\xff\xff\xff\xff\x00\x00\x00\x03\x94\x02\x00\x00\x00\x01\x86\x02{"link": "http://www.apavetunis...')])])
2022-04-17 12:49:03 [kafka.conn] DEBUG: <BrokerConnection node_id=0 host=DESKTOP-RTIL2HE:9092 <connected> [IPv6 ('fe80::1116:61b1:3d63:1dce', 9092, 0, 47)]> Request 14: ProduceRequest_v7(transactional_id=None, required_acks=1, timeout=30000, topics=[(topic='numtest', partitions=[(partition=0, messages=b'\x00\x00\x00\x00\x00\x00\x00\x00\x00\x00\x01\xcc\x00\x00\x00\x00\x02\xc9L\xe5\x12\x00\x00\x00\x00\x00\x02\x00\x00\x01\x807Z\xdd\xcd\x00\x00\x01\x807Z\xdd\xd2\xff\xff\xff\xff\xff\xff\xff\xff\xff\xff\xff\xff\xff\xff\x00\x00\x00\x03\x94\x02\x00\x00\x00\x01\x86\x02{"link": "http://www.apavetunis...')])])
2022-04-17 12:49:03 [kafka.protocol.parser] DEBUG: Received correlation id: 13
2022-04-17 12:49:03 [scrapy.core.scraper] DEBUG: Scraped from <200 https://www.appeloffres.com/>
None
2022-04-17 12:49:03 [kafka.protocol.parser] DEBUG: Processing response ProduceResponse_v7
2022-04-17 12:49:03 [kafka.producer.kafka] DEBUG: Sending (key=None value={'link': 'https://www.appeloffres.com/client/commandes', 'meta': {'source': 'https://www.appeloffres.com/', 'depth': 0}, 'spider': 'url-extractor'} headers=[]) to TopicPartition(topic='numtest', partition=0)
2022-04-17 12:49:03 [kafka.conn] DEBUG: <BrokerConnection node_id=0 host=DESKTOP-RTIL2HE:9092 <connected> [IPv6 ('fe80::1116:61b1:3d63:1dce', 9092, 0, 47)]> Response 13 (8.99648666381836 ms): ProduceResponse_v7(topics=[(topic='numtest', partitions=[(partition=0, error_code=0, offset=2672, timestamp=-1, log_start_offset=0)])], throttle_time_ms=0)
2022-04-17 12:49:03 [scrapy.core.scraper] DEBUG: Scraped from <200 https://www.appeloffres.com/>
None
2022-04-17 12:49:03 [kafka.producer.sender] DEBUG: Parsing produce response: ProduceResponse_v7(topics=[(topic='numtest', partitions=[(partition=0, error_code=0, offset=2672, timestamp=-1, log_start_offset=0)])], throttle_time_ms=0)
2022-04-17 12:49:03 [kafka.producer.kafka] DEBUG: Sending (key=None value={'link': 'https://www.appeloffres.com/reabonnement', 'meta': {'source': 'https://www.appeloffres.com/', 'depth': 0}, 'spider': 'url-extractor'} headers=[]) to TopicPartition(topic='numtest', partition=0)
2022-04-17 12:49:03 [kafka.producer.record_accumulator] DEBUG: Produced messages to topic-partition TopicPartition(topic='numtest', partition=0) with base offset 2672 log start offset 0 and error None.
2022-04-17 12:49:03 [scrapy.core.scraper] DEBUG: Scraped from <200 https://www.appeloffres.com/>
None
2022-04-17 12:49:03 [kafka.producer.sender] DEBUG: Nodes with data ready to send: {0}
2022-04-17 12:49:03 [kafka.producer.kafka] DEBUG: Sending (key=None value={'link': 'https://www.appeloffres.com/clients/factures', 'meta': {'source': 'https://www.appeloffres.com/', 'depth': 0}, 'spider': 'url-extractor'} headers=[]) to TopicPartition(topic='numtest', partition=0)
2022-04-17 12:49:03 [kafka.producer.sender] DEBUG: Created 1 produce requests: {0: ProduceRequest_v7(transactional_id=None, required_acks=1, timeout=30000, topics=[(topic='numtest', partitions=[(partition=0, messages=b'\x00\x00\x00\x00\x00\x00\x00\x00\x00\x00\x01\xff\x00\x00\x00\x00\x02\xc3\xfe\xd8\xf3\x00\x00\x00\x00\x00\x02\x00\x00\x01\x807Z\xdd\xd4\x00\x00\x01\x807Z\xdd\xd9\xff\xff\xff\xff\xff\xff\xff\xff\xff\xff\xff\xff\xff\xff\x00\x00\x00\x03\xb0\x02\x00\x00\x00\x01\xa2\x02{"link": "https://www.appeloffr...')])])}
2022-04-17 12:49:03 [kafka.producer.record_accumulator] DEBUG: Allocating a new 16384 byte message buffer for TopicPartition(topic='numtest', partition=0)
2022-04-17 12:49:03 [kafka.producer.sender] DEBUG: Sending Produce Request: ProduceRequest_v7(transactional_id=None, required_acks=1, timeout=30000, topics=[(topic='numtest', partitions=[(partition=0, messages=b'\x00\x00\x00\x00\x00\x00\x00\x00\x00\x00\x01\xff\x00\x00\x00\x00\x02\xc3\xfe\xd8\xf3\x00\x00\x00\x00\x00\x02\x00\x00\x01\x807Z\xdd\xd4\x00\x00\x01\x807Z\xdd\xd9\xff\xff\xff\xff\xff\xff\xff\xff\xff\xff\xff\xff\xff\xff\x00\x00\x00\x03\xb0\x02\x00\x00\x00\x01\xa2\x02{"link": "https://www.appeloffr...')])])
2022-04-17 12:49:03 [kafka.producer.kafka] DEBUG: Waking up the sender since TopicPartition(topic='numtest', partition=0) is either full or getting a new batch
2022-04-17 12:49:03 [kafka.protocol.parser] DEBUG: Sending request ProduceRequest_v7(transactional_id=None, required_acks=1, timeout=30000, topics=[(topic='numtest', partitions=[(partition=0, messages=b'\x00\x00\x00\x00\x00\x00\x00\x00\x00\x00\x01\xff\x00\x00\x00\x00\x02\xc3\xfe\xd8\xf3\x00\x00\x00\x00\x00\x02\x00\x00\x01\x807Z\xdd\xd4\x00\x00\x01\x807Z\xdd\xd9\xff\xff\xff\xff\xff\xff\xff\xff\xff\xff\xff\xff\xff\xff\x00\x00\x00\x03\xb0\x02\x00\x00\x00\x01\xa2\x02{"link": "https://www.appeloffr...')])])
2022-04-17 12:49:03 [scrapy.core.scraper] DEBUG: Scraped from <200 https://www.appeloffres.com/>
None
2022-04-17 12:49:03 [kafka.conn] DEBUG: <BrokerConnection node_id=0 host=DESKTOP-RTIL2HE:9092 <connected> [IPv6 ('fe80::1116:61b1:3d63:1dce', 9092, 0, 47)]> Request 15: ProduceRequest_v7(transactional_id=None, required_acks=1, timeout=30000, topics=[(topic='numtest', partitions=[(partition=0, messages=b'\x00\x00\x00\x00\x00\x00\x00\x00\x00\x00\x01\xff\x00\x00\x00\x00\x02\xc3\xfe\xd8\xf3\x00\x00\x00\x00\x00\x02\x00\x00\x01\x807Z\xdd\xd4\x00\x00\x01\x807Z\xdd\xd9\xff\xff\xff\xff\xff\xff\xff\xff\xff\xff\xff\xff\xff\xff\x00\x00\x00\x03\xb0\x02\x00\x00\x00\x01\xa2\x02{"link": "https://www.appeloffr...')])])
2022-04-17 12:49:03 [kafka.producer.kafka] DEBUG: Sending (key=None value={'link': 'https://www.appeloffres.com/client/support', 'meta': {'source': 'https://www.appeloffres.com/', 'depth': 0}, 'spider': 'url-extractor'} headers=[]) to TopicPartition(topic='numtest', partition=0)
2022-04-17 12:49:03 [scrapy.core.scraper] DEBUG: Scraped from <200 https://www.appeloffres.com/>
None
2022-04-17 12:49:03 [kafka.protocol.parser] DEBUG: Received correlation id: 14
2022-04-17 12:49:03 [kafka.protocol.parser] DEBUG: Processing response ProduceResponse_v7
2022-04-17 12:49:03 [kafka.conn] DEBUG: <BrokerConnection node_id=0 host=DESKTOP-RTIL2HE:9092 <connected> [IPv6 ('fe80::1116:61b1:3d63:1dce', 9092, 0, 47)]> Response 14 (11.899471282958984 ms): ProduceResponse_v7(topics=[(topic='numtest', partitions=[(partition=0, error_code=0, offset=2677, timestamp=-1, log_start_offset=0)])], throttle_time_ms=0)
2022-04-17 12:49:03 [kafka.producer.sender] DEBUG: Parsing produce response: ProduceResponse_v7(topics=[(topic='numtest', partitions=[(partition=0, error_code=0, offset=2677, timestamp=-1, log_start_offset=0)])], throttle_time_ms=0)
2022-04-17 12:49:03 [scrapy.core.engine] INFO: Closing spider (finished)
2022-04-17 12:49:03 [kafka.producer.record_accumulator] DEBUG: Produced messages to topic-partition TopicPartition(topic='numtest', partition=0) with base offset 2677 log start offset 0 and error None.
2022-04-17 12:49:03 [kafka.producer.kafka] INFO: Closing the Kafka producer with 4294967.0 secs timeout.
2022-04-17 12:49:03 [kafka.producer.sender] DEBUG: Nodes with data ready to send: {0}
2022-04-17 12:49:03 [kafka.producer.sender] DEBUG: Created 1 produce requests: {0: ProduceRequest_v7(transactional_id=None, required_acks=1, timeout=30000, topics=[(topic='numtest', partitions=[(partition=0, messages=b'\x00\x00\x00\x00\x00\x00\x00\x00\x00\x00\x01g\x00\x00\x00\x00\x02\xad\xa6\x943\x00\x00\x00\x00\x00\x01\x00\x00\x01\x807Z\xdd\xda\x00\x00\x01\x807Z\xdd\xdc\xff\xff\xff\xff\xff\xff\xff\xff\xff\xff\xff\xff\xff\xff\x00\x00\x00\x02\xb4\x02\x00\x00\x00\x01\xa6\x02{"link": "https://www.appeloffr...')])])}
2022-04-17 12:49:03 [kafka.producer.sender] DEBUG: Sending Produce Request: ProduceRequest_v7(transactional_id=None, required_acks=1, timeout=30000, topics=[(topic='numtest', partitions=[(partition=0, messages=b'\x00\x00\x00\x00\x00\x00\x00\x00\x00\x00\x01g\x00\x00\x00\x00\x02\xad\xa6\x943\x00\x00\x00\x00\x00\x01\x00\x00\x01\x807Z\xdd\xda\x00\x00\x01\x807Z\xdd\xdc\xff\xff\xff\xff\xff\xff\xff\xff\xff\xff\xff\xff\xff\xff\x00\x00\x00\x02\xb4\x02\x00\x00\x00\x01\xa6\x02{"link": "https://www.appeloffr...')])])
2022-04-17 12:49:03 [kafka.protocol.parser] DEBUG: Sending request ProduceRequest_v7(transactional_id=None, required_acks=1, timeout=30000, topics=[(topic='numtest', partitions=[(partition=0, messages=b'\x00\x00\x00\x00\x00\x00\x00\x00\x00\x00\x01g\x00\x00\x00\x00\x02\xad\xa6\x943\x00\x00\x00\x00\x00\x01\x00\x00\x01\x807Z\xdd\xda\x00\x00\x01\x807Z\xdd\xdc\xff\xff\xff\xff\xff\xff\xff\xff\xff\xff\xff\xff\xff\xff\x00\x00\x00\x02\xb4\x02\x00\x00\x00\x01\xa6\x02{"link": "https://www.appeloffr...')])])
2022-04-17 12:49:03 [kafka.conn] DEBUG: <BrokerConnection node_id=0 host=DESKTOP-RTIL2HE:9092 <connected> [IPv6 ('fe80::1116:61b1:3d63:1dce', 9092, 0, 47)]> Request 16: ProduceRequest_v7(transactional_id=None, required_acks=1, timeout=30000, topics=[(topic='numtest', partitions=[(partition=0, messages=b'\x00\x00\x00\x00\x00\x00\x00\x00\x00\x00\x01g\x00\x00\x00\x00\x02\xad\xa6\x943\x00\x00\x00\x00\x00\x01\x00\x00\x01\x807Z\xdd\xda\x00\x00\x01\x807Z\xdd\xdc\xff\xff\xff\xff\xff\xff\xff\xff\xff\xff\xff\xff\xff\xff\x00\x00\x00\x02\xb4\x02\x00\x00\x00\x01\xa6\x02{"link": "https://www.appeloffr...')])])
2022-04-17 12:49:03 [kafka.protocol.parser] DEBUG: Received correlation id: 15
2022-04-17 12:49:03 [kafka.protocol.parser] DEBUG: Processing response ProduceResponse_v7
2022-04-17 12:49:03 [kafka.conn] DEBUG: <BrokerConnection node_id=0 host=DESKTOP-RTIL2HE:9092 <connected> [IPv6 ('fe80::1116:61b1:3d63:1dce', 9092, 0, 47)]> Response 15 (10.909080505371094 ms): ProduceResponse_v7(topics=[(topic='numtest', partitions=[(partition=0, error_code=0, offset=2680, timestamp=-1, log_start_offset=0)])], throttle_time_ms=0)
2022-04-17 12:49:03 [kafka.producer.sender] DEBUG: Parsing produce response: ProduceResponse_v7(topics=[(topic='numtest', partitions=[(partition=0, error_code=0, offset=2680, timestamp=-1, log_start_offset=0)])], throttle_time_ms=0)
2022-04-17 12:49:03 [kafka.producer.record_accumulator] DEBUG: Produced messages to topic-partition TopicPartition(topic='numtest', partition=0) with base offset 2680 log start offset 0 and error None.
2022-04-17 12:49:03 [kafka.producer.sender] DEBUG: Beginning shutdown of Kafka producer I/O thread, sending remaining records.
2022-04-17 12:49:03 [kafka.protocol.parser] DEBUG: Received correlation id: 16
2022-04-17 12:49:03 [kafka.protocol.parser] DEBUG: Processing response ProduceResponse_v7
2022-04-17 12:49:03 [kafka.conn] DEBUG: <BrokerConnection node_id=0 host=DESKTOP-RTIL2HE:9092 <connected> [IPv6 ('fe80::1116:61b1:3d63:1dce', 9092, 0, 47)]> Response 16 (3.0024051666259766 ms): ProduceResponse_v7(topics=[(topic='numtest', partitions=[(partition=0, error_code=0, offset=2683, timestamp=-1, log_start_offset=0)])], throttle_time_ms=0)
2022-04-17 12:49:03 [kafka.producer.sender] DEBUG: Parsing produce response: ProduceResponse_v7(topics=[(topic='numtest', partitions=[(partition=0, error_code=0, offset=2683, timestamp=-1, log_start_offset=0)])], throttle_time_ms=0)
2022-04-17 12:49:03 [kafka.producer.record_accumulator] DEBUG: Produced messages to topic-partition TopicPartition(topic='numtest', partition=0) with base offset 2683 log start offset 0 and error None.
2022-04-17 12:49:03 [kafka.conn] INFO: <BrokerConnection node_id=0 host=DESKTOP-RTIL2HE:9092 <connected> [IPv6 ('fe80::1116:61b1:3d63:1dce', 9092, 0, 47)]>: Closing connection. 
2022-04-17 12:49:03 [kafka.producer.sender] DEBUG: Shutdown of Kafka producer I/O thread has completed.
2022-04-17 12:49:03 [kafka.producer.kafka] DEBUG: The Kafka producer has closed.
2022-04-17 12:49:03 [scrapy.statscollectors] INFO: Dumping Scrapy stats:
{'downloader/request_bytes': 299,
 'downloader/request_count': 1,
 'downloader/request_method_count/GET': 1,
 'downloader/response_bytes': 30901,
 'downloader/response_count': 1,
 'downloader/response_status_count/200': 1,
 'elapsed_time_seconds': 0.669889,
 'finish_reason': 'finished',
 'finish_time': datetime.datetime(2022, 4, 17, 11, 49, 3, 596432),
 'item_scraped_count': 45,
 'log_count/DEBUG': 350,
 'log_count/INFO': 21,
 'offsite/domains': 6,
 'offsite/filtered': 45,
 'request_depth_max': 1,
 'response_received_count': 1,
 'scheduler/dequeued': 1,
 'scheduler/dequeued/memory': 1,
 'scheduler/enqueued': 1,
 'scheduler/enqueued/memory': 1,
 'start_time': datetime.datetime(2022, 4, 17, 11, 49, 2, 926543)}
2022-04-17 12:49:03 [scrapy.core.engine] INFO: Spider closed (finished)
